[rospy.client][INFO] 2017-10-09 14:51:48,523: init_node, name[/rosbridge_websocket], pid[22077]
[xmlrpc][INFO] 2017-10-09 14:51:48,523: XML-RPC server binding to 0.0.0.0:0
[xmlrpc][INFO] 2017-10-09 14:51:48,527: Started XML-RPC server [http://ip-172-31-19-100:42123/]
[rospy.init][INFO] 2017-10-09 14:51:48,527: ROS Slave URI: [http://ip-172-31-19-100:42123/]
[rospy.impl.masterslave][INFO] 2017-10-09 14:51:48,531: _ready: http://ip-172-31-19-100:42123/
[xmlrpc][INFO] 2017-10-09 14:51:48,538: xml rpc node: starting XML-RPC server
[rospy.registration][INFO] 2017-10-09 14:51:48,538: Registering with master node http://localhost:43460
[rospy.init][INFO] 2017-10-09 14:51:48,634: registered with master
[rospy.rosout][INFO] 2017-10-09 14:51:48,638: initializing /rosout core topic
[rospy.rosout][INFO] 2017-10-09 14:51:48,647: connected to core topic /rosout
[rospy.simtime][INFO] 2017-10-09 14:51:48,652: /use_sim_time is not set, will not subscribe to simulated time [/clock] topic
[rosout][INFO] 2017-10-09 14:51:48,680: Rosbridge WebSocket server started on port 44252
[rospy.internal][INFO] 2017-10-09 14:51:48,755: topic[/rosout] adding connection to [/rosout], count 0
[rosout][INFO] 2017-10-09 14:51:55,483: Client connected.  1 clients total.
[rosout][INFO] 2017-10-09 14:51:55,829: [Client 0] Subscribed to /tf2_web_republisher/feedback
[rosout][INFO] 2017-10-09 14:51:55,842: [Client 0] Subscribed to /visualization_marker
[rospy.internal][INFO] 2017-10-09 14:51:55,859: topic[/visualization_marker] adding connection to [http://ip-172-31-19-100:60727/], count 0
[rospy.internal][INFO] 2017-10-09 14:51:55,859: topic[/tf2_web_republisher/feedback] adding connection to [http://ip-172-31-19-100:58977/], count 0
[rospy.internal][INFO] 2017-10-09 14:51:55,983: topic[/tf2_web_republisher/goal] adding connection to [/tf2_web_republisher], count 0
[rospy.internal][INFO] 2017-10-09 14:51:56,084: topic[/tf2_web_republisher/cancel] adding connection to [/tf2_web_republisher], count 0
[rospy.internal][INFO] 2017-10-09 14:52:59,684: topic impl's ref count is zero, deleting topic /tf2_web_republisher/cancel...
[rospy.internal][INFO] 2017-10-09 14:52:59,685: topic[/tf2_web_republisher/cancel] removing connection to /tf2_web_republisher
[rospy.internal][INFO] 2017-10-09 14:52:59,694: topic impl's ref count is zero, deleting topic /tf2_web_republisher/goal...
[rospy.internal][INFO] 2017-10-09 14:52:59,701: topic[/tf2_web_republisher/goal] removing connection to /tf2_web_republisher
[rospy.internal][INFO] 2017-10-09 14:52:59,725: topic impl's ref count is zero, deleting topic /tf2_web_republisher/feedback...
[rospy.internal][INFO] 2017-10-09 14:52:59,728: topic[/tf2_web_republisher/feedback] removing connection to http://ip-172-31-19-100:58977/
[rospy.internal][INFO] 2017-10-09 14:52:59,736: topic impl's ref count is zero, deleting topic /visualization_marker...
[rospy.internal][INFO] 2017-10-09 14:52:59,740: topic[/visualization_marker] removing connection to http://ip-172-31-19-100:60727/
[rosout][INFO] 2017-10-09 14:52:59,748: Client disconnected. 0 clients total.
