[roslaunch][INFO] 2017-10-09 14:51:47,632: Checking log directory for disk usage. This may take awhile.
Press Ctrl-C to interrupt
[roslaunch][INFO] 2017-10-09 14:51:47,717: Done checking log file disk usage. Usage is <1GB.
[roslaunch][INFO] 2017-10-09 14:51:47,717: roslaunch starting with args ['/opt/ros/indigo/bin/roslaunch', 'rosbridge_server', 'rosbridge_websocket.launch', 'port:=44252']
[roslaunch][INFO] 2017-10-09 14:51:47,721: roslaunch env is {'ROS_DISTRO': 'indigo', 'ASNLIB': '/home/ccc_v1_s80115__49396/asn17210_Project_2_/asn17211_Project_2/asnlib.0', 'LIB': '/home/ccc_v1_s80115__49396/lib', 'PKG_CONFIG_PATH': '/opt/ros/indigo/lib/pkgconfig:/opt/ros/indigo/lib/x86_64-linux-gnu/pkgconfig', 'SSH_CLIENT': '172.31.43.31 52450 22', 'CPATH': '/opt/ros/indigo/include', 'LOGNAME': 'ccc_v1_w_NDU1M_86698', 'USER': 'ccc_v1_w_NDU1M_86698', 'ROS_NODE_PORT': '43460', 'HOME': '/home/ccc_v1_w_NDU1M_86698/asn17210_Project_2_/asn17211_Project_2/work', 'PATH': '/opt/ros/indigo/bin:/usr/local/sbin:/usr/local/bin:/usr/sbin:/usr/bin:/sbin:/bin:/usr/games:/usr/local/games:/home/local/bin:/home/ccc_v1_s80115__49396/lib:/home/ccc_v1_s80115__49396/asn17210_Project_2_/asn17211_Project_2/asnlib.0:/home/vlibs:.', 'CMAKE_PREFIX_PATH': '/opt/ros/indigo', 'LD_LIBRARY_PATH': '/opt/ros/indigo/lib:/opt/ros/indigo/lib/x86_64-linux-gnu:/home/ccc_v1_s80115__49396/lib:/home/ccc_v1_s80115__49396/asn17210_Project_2_/asn17211_Project_2/asnlib.0:/home/vlibs', 'LANG': 'en_US.UTF-8', 'TERM': 'xterm-256color', 'SHELL': '/bin/bash', 'HISTFILE': '/home/ccc_v1_w_NDU1M_86698/.bash_history', 'SHLVL': '2', 'VOC_WORKAREA': '/home/ccc_v1_w_NDU1M_86698/asn17210_Project_2_/asn17211_Project_2/work', 'ROS_LOG_FILENAME': '/home/ccc_v1_w_NDU1M_86698/asn17210_Project_2_/asn17211_Project_2/work/.ros/log/0b1b6df8-ad3c-11e7-b585-06f360e4abc1/roslaunch-ip-172-31-19-100-22005.log', 'PART1': '/home/ccc_v1_s80115__49396/asn17210_Project_2_/asn17211_Project_2', 'ROS_ETC_DIR': '/opt/ros/indigo/etc/ros', 'XDG_RUNTIME_DIR': '/run/user/86698', 'PYTHONPATH': '/opt/ros/indigo/lib/python2.7/dist-packages:/home/vlibs/python', 'VOC_PROXY_WRAPPER_PORT': '5100', 'VOC_XFER_TOKEN': '393942194298812988117211059dbef6627d542.75334496', 'ROS_ROOT': '/opt/ros/indigo/share/ros', 'OLD_HOME': '/home/ccc_v1_w_NDU1M_86698', 'VOC_PROXY_TOKEN': '2971800602988129881172110159dbef662d7c43.53838897', 'ROS_PACKAGE_PATH': '/opt/ros/indigo/share:/opt/ros/indigo/stacks', 'XDG_SESSION_ID': '127574', '_': '/usr/bin/stdbuf', 'LD_PRELOAD': '/usr/lib/coreutils/libstdbuf.so', '_STDBUF_O': 'L', 'SSH_TTY': '/dev/pts/0', 'OLDPWD': '/home/ccc_v1_w_NDU1M_86698', 'ROSLISP_PACKAGE_DIRECTORIES': '', 'VLIB': '/home/vlibs', 'PWD': '/home/ccc_v1_w_NDU1M_86698/asn17210_Project_2_/asn17211_Project_2/work', 'VOC_PROXY_ID': '29881_29881_17211_0_1', 'ROS_MASTER_URI': 'http://localhost:43460', 'MAIL': '/var/mail/ccc_v1_w_NDU1M_86698', 'SSH_CONNECTION': '172.31.43.31 52450 172.31.19.100 22'}
[roslaunch][INFO] 2017-10-09 14:51:47,724: starting in server mode
[roslaunch.parent][INFO] 2017-10-09 14:51:47,728: starting roslaunch parent run
[roslaunch][INFO] 2017-10-09 14:51:47,738: loading roscore config file /opt/ros/indigo/etc/ros/roscore.xml
[roslaunch][INFO] 2017-10-09 14:51:47,851: Added core node of type [rosout/rosout] in namespace [/]
[roslaunch.config][INFO] 2017-10-09 14:51:47,851: loading config file /opt/ros/indigo/share/rosbridge_server/launch/rosbridge_websocket.launch
[roslaunch][INFO] 2017-10-09 14:51:47,858: Added node of type [rosbridge_server/rosbridge_websocket] in namespace [/]
[roslaunch][INFO] 2017-10-09 14:51:47,862: Added node of type [rosapi/rosapi_node] in namespace [/]
[roslaunch][INFO] 2017-10-09 14:51:47,865: ... selected machine [] for node of type [rosbridge_server/rosbridge_websocket]
[roslaunch][INFO] 2017-10-09 14:51:47,869: ... selected machine [] for node of type [rosapi/rosapi_node]
[roslaunch.pmon][INFO] 2017-10-09 14:51:47,873: start_process_monitor: creating ProcessMonitor
[roslaunch.pmon][INFO] 2017-10-09 14:51:47,877: created process monitor <ProcessMonitor(ProcessMonitor-1, initial daemon)>
[roslaunch.pmon][INFO] 2017-10-09 14:51:47,881: start_process_monitor: ProcessMonitor started
[roslaunch.parent][INFO] 2017-10-09 14:51:47,884: starting parent XML-RPC server
[roslaunch.server][INFO] 2017-10-09 14:51:47,893: starting roslaunch XML-RPC server
[roslaunch.server][INFO] 2017-10-09 14:51:47,897: waiting for roslaunch XML-RPC server to initialize
[xmlrpc][INFO] 2017-10-09 14:51:47,897: XML-RPC server binding to 0.0.0.0:0
[xmlrpc][INFO] 2017-10-09 14:51:47,904: Started XML-RPC server [http://ip-172-31-19-100:56984/]
[xmlrpc][INFO] 2017-10-09 14:51:47,907: xml rpc node: starting XML-RPC server
[roslaunch][INFO] 2017-10-09 14:51:47,915: started roslaunch server http://ip-172-31-19-100:56984/
[roslaunch.parent][INFO] 2017-10-09 14:51:47,925: ... parent XML-RPC server started
[roslaunch][INFO] 2017-10-09 14:51:47,929: master.is_running[http://localhost:43460]
[roslaunch][INFO] 2017-10-09 14:51:47,934: master.is_running[http://localhost:43460]
[roslaunch][INFO] 2017-10-09 14:51:47,938: ROS_MASTER_URI=http://localhost:43460
[roslaunch][INFO] 2017-10-09 14:51:47,944: setting /roslaunch/uris/host_ip_172_31_19_100__56984' to http://ip-172-31-19-100:56984/
[roslaunch][INFO] 2017-10-09 14:51:47,950: load_parameters starting ...
[roslaunch][INFO] 2017-10-09 14:51:48,023: ... load_parameters complete
[roslaunch][INFO] 2017-10-09 14:51:48,027: launch_nodes: launching local nodes ...
[roslaunch][INFO] 2017-10-09 14:51:48,030: ... preparing to launch node of type [rosbridge_server/rosbridge_websocket]
[roslaunch][INFO] 2017-10-09 14:51:48,035: create_node_process: package[rosbridge_server] type[rosbridge_websocket] machine[Machine(name[] env_loader[None] address[localhost] ssh_port[22] user[None] assignable[True] timeout[10.0])] master_uri[http://localhost:43460]
[roslaunch][INFO] 2017-10-09 14:51:48,038: process[rosbridge_websocket-1]: env[{'ROS_DISTRO': 'indigo', 'ASNLIB': '/home/ccc_v1_s80115__49396/asn17210_Project_2_/asn17211_Project_2/asnlib.0', 'LIB': '/home/ccc_v1_s80115__49396/lib', 'VOC_PROXY_TOKEN': '2971800602988129881172110159dbef662d7c43.53838897', 'SSH_CLIENT': '172.31.43.31 52450 22', 'CPATH': '/opt/ros/indigo/include', 'LOGNAME': 'ccc_v1_w_NDU1M_86698', 'USER': 'ccc_v1_w_NDU1M_86698', 'ROS_NODE_PORT': '43460', 'HOME': '/home/ccc_v1_w_NDU1M_86698/asn17210_Project_2_/asn17211_Project_2/work', 'PATH': '/opt/ros/indigo/bin:/usr/local/sbin:/usr/local/bin:/usr/sbin:/usr/bin:/sbin:/bin:/usr/games:/usr/local/games:/home/local/bin:/home/ccc_v1_s80115__49396/lib:/home/ccc_v1_s80115__49396/asn17210_Project_2_/asn17211_Project_2/asnlib.0:/home/vlibs:.', 'CMAKE_PREFIX_PATH': '/opt/ros/indigo', 'ROS_LOG_FILENAME': '/home/ccc_v1_w_NDU1M_86698/asn17210_Project_2_/asn17211_Project_2/work/.ros/log/0b1b6df8-ad3c-11e7-b585-06f360e4abc1/roslaunch-ip-172-31-19-100-22005.log', 'LANG': 'en_US.UTF-8', 'TERM': 'xterm-256color', 'SHELL': '/bin/bash', 'HISTFILE': '/home/ccc_v1_w_NDU1M_86698/.bash_history', 'SHLVL': '2', 'VOC_WORKAREA': '/home/ccc_v1_w_NDU1M_86698/asn17210_Project_2_/asn17211_Project_2/work', 'LD_LIBRARY_PATH': '/opt/ros/indigo/lib:/opt/ros/indigo/lib/x86_64-linux-gnu:/home/ccc_v1_s80115__49396/lib:/home/ccc_v1_s80115__49396/asn17210_Project_2_/asn17211_Project_2/asnlib.0:/home/vlibs', 'PART1': '/home/ccc_v1_s80115__49396/asn17210_Project_2_/asn17211_Project_2', 'ROS_MASTER_URI': 'http://localhost:43460', 'XDG_RUNTIME_DIR': '/run/user/86698', 'PYTHONPATH': '/opt/ros/indigo/lib/python2.7/dist-packages:/home/vlibs/python', 'VOC_PROXY_WRAPPER_PORT': '5100', 'VOC_XFER_TOKEN': '393942194298812988117211059dbef6627d542.75334496', 'ROS_ROOT': '/opt/ros/indigo/share/ros', 'OLD_HOME': '/home/ccc_v1_w_NDU1M_86698', 'PKG_CONFIG_PATH': '/opt/ros/indigo/lib/pkgconfig:/opt/ros/indigo/lib/x86_64-linux-gnu/pkgconfig', 'ROS_PACKAGE_PATH': '/opt/ros/indigo/share:/opt/ros/indigo/stacks', 'XDG_SESSION_ID': '127574', '_': '/usr/bin/stdbuf', 'LD_PRELOAD': '/usr/lib/coreutils/libstdbuf.so', '_STDBUF_O': 'L', 'SSH_TTY': '/dev/pts/0', 'OLDPWD': '/home/ccc_v1_w_NDU1M_86698', 'ROSLISP_PACKAGE_DIRECTORIES': '', 'VLIB': '/home/vlibs', 'PWD': '/home/ccc_v1_w_NDU1M_86698/asn17210_Project_2_/asn17211_Project_2/work', 'VOC_PROXY_ID': '29881_29881_17211_0_1', 'ROS_ETC_DIR': '/opt/ros/indigo/etc/ros', 'MAIL': '/var/mail/ccc_v1_w_NDU1M_86698', 'SSH_CONNECTION': '172.31.43.31 52450 172.31.19.100 22'}]
[roslaunch][INFO] 2017-10-09 14:51:48,067: process[rosbridge_websocket-1]: args[[u'/opt/ros/indigo/lib/rosbridge_server/rosbridge_websocket', u'__name:=rosbridge_websocket']]
[roslaunch][INFO] 2017-10-09 14:51:48,071: ... created process [rosbridge_websocket-1]
[roslaunch.pmon][INFO] 2017-10-09 14:51:48,074: ProcessMonitor.register[rosbridge_websocket-1]
[roslaunch.pmon][INFO] 2017-10-09 14:51:48,084: ProcessMonitor.register[rosbridge_websocket-1] complete
[roslaunch][INFO] 2017-10-09 14:51:48,094: ... registered process [rosbridge_websocket-1]
[roslaunch][INFO] 2017-10-09 14:51:48,097: process[rosbridge_websocket-1]: starting os process
[roslaunch][INFO] 2017-10-09 14:51:48,102: process[rosbridge_websocket-1]: start w/ args [[u'/opt/ros/indigo/lib/rosbridge_server/rosbridge_websocket', u'__name:=rosbridge_websocket', u'__log:=/home/ccc_v1_w_NDU1M_86698/asn17210_Project_2_/asn17211_Project_2/work/.ros/log/0b1b6df8-ad3c-11e7-b585-06f360e4abc1/rosbridge_websocket-1.log']]
[roslaunch][INFO] 2017-10-09 14:51:48,105: process[rosbridge_websocket-1]: cwd will be [/home/ccc_v1_w_NDU1M_86698/asn17210_Project_2_/asn17211_Project_2/work/.ros]
[roslaunch][INFO] 2017-10-09 14:51:48,114: process[rosbridge_websocket-1]: started with pid [22077]
[roslaunch][INFO] 2017-10-09 14:51:48,115: ... successfully launched [rosbridge_websocket-1]
[roslaunch][INFO] 2017-10-09 14:51:48,118: ... preparing to launch node of type [rosapi/rosapi_node]
[roslaunch][INFO] 2017-10-09 14:51:48,121: create_node_process: package[rosapi] type[rosapi_node] machine[Machine(name[] env_loader[None] address[localhost] ssh_port[22] user[None] assignable[True] timeout[10.0])] master_uri[http://localhost:43460]
[roslaunch][INFO] 2017-10-09 14:51:48,125: process[rosapi-2]: env[{'ROS_DISTRO': 'indigo', 'ASNLIB': '/home/ccc_v1_s80115__49396/asn17210_Project_2_/asn17211_Project_2/asnlib.0', 'LIB': '/home/ccc_v1_s80115__49396/lib', 'VOC_PROXY_TOKEN': '2971800602988129881172110159dbef662d7c43.53838897', 'SSH_CLIENT': '172.31.43.31 52450 22', 'CPATH': '/opt/ros/indigo/include', 'LOGNAME': 'ccc_v1_w_NDU1M_86698', 'USER': 'ccc_v1_w_NDU1M_86698', 'ROS_NODE_PORT': '43460', 'HOME': '/home/ccc_v1_w_NDU1M_86698/asn17210_Project_2_/asn17211_Project_2/work', 'PATH': '/opt/ros/indigo/bin:/usr/local/sbin:/usr/local/bin:/usr/sbin:/usr/bin:/sbin:/bin:/usr/games:/usr/local/games:/home/local/bin:/home/ccc_v1_s80115__49396/lib:/home/ccc_v1_s80115__49396/asn17210_Project_2_/asn17211_Project_2/asnlib.0:/home/vlibs:.', 'CMAKE_PREFIX_PATH': '/opt/ros/indigo', 'ROS_LOG_FILENAME': '/home/ccc_v1_w_NDU1M_86698/asn17210_Project_2_/asn17211_Project_2/work/.ros/log/0b1b6df8-ad3c-11e7-b585-06f360e4abc1/roslaunch-ip-172-31-19-100-22005.log', 'LANG': 'en_US.UTF-8', 'TERM': 'xterm-256color', 'SHELL': '/bin/bash', 'HISTFILE': '/home/ccc_v1_w_NDU1M_86698/.bash_history', 'SHLVL': '2', 'VOC_WORKAREA': '/home/ccc_v1_w_NDU1M_86698/asn17210_Project_2_/asn17211_Project_2/work', 'LD_LIBRARY_PATH': '/opt/ros/indigo/lib:/opt/ros/indigo/lib/x86_64-linux-gnu:/home/ccc_v1_s80115__49396/lib:/home/ccc_v1_s80115__49396/asn17210_Project_2_/asn17211_Project_2/asnlib.0:/home/vlibs', 'PART1': '/home/ccc_v1_s80115__49396/asn17210_Project_2_/asn17211_Project_2', 'ROS_MASTER_URI': 'http://localhost:43460', 'XDG_RUNTIME_DIR': '/run/user/86698', 'PYTHONPATH': '/opt/ros/indigo/lib/python2.7/dist-packages:/home/vlibs/python', 'VOC_PROXY_WRAPPER_PORT': '5100', 'VOC_XFER_TOKEN': '393942194298812988117211059dbef6627d542.75334496', 'ROS_ROOT': '/opt/ros/indigo/share/ros', 'OLD_HOME': '/home/ccc_v1_w_NDU1M_86698', 'PKG_CONFIG_PATH': '/opt/ros/indigo/lib/pkgconfig:/opt/ros/indigo/lib/x86_64-linux-gnu/pkgconfig', 'ROS_PACKAGE_PATH': '/opt/ros/indigo/share:/opt/ros/indigo/stacks', 'XDG_SESSION_ID': '127574', '_': '/usr/bin/stdbuf', 'LD_PRELOAD': '/usr/lib/coreutils/libstdbuf.so', '_STDBUF_O': 'L', 'SSH_TTY': '/dev/pts/0', 'OLDPWD': '/home/ccc_v1_w_NDU1M_86698', 'ROSLISP_PACKAGE_DIRECTORIES': '', 'VLIB': '/home/vlibs', 'PWD': '/home/ccc_v1_w_NDU1M_86698/asn17210_Project_2_/asn17211_Project_2/work', 'VOC_PROXY_ID': '29881_29881_17211_0_1', 'ROS_ETC_DIR': '/opt/ros/indigo/etc/ros', 'MAIL': '/var/mail/ccc_v1_w_NDU1M_86698', 'SSH_CONNECTION': '172.31.43.31 52450 172.31.19.100 22'}]
[roslaunch][INFO] 2017-10-09 14:51:48,129: process[rosapi-2]: args[[u'/opt/ros/indigo/lib/rosapi/rosapi_node', u'__name:=rosapi']]
[roslaunch][INFO] 2017-10-09 14:51:48,137: ... created process [rosapi-2]
[roslaunch.pmon][INFO] 2017-10-09 14:51:48,140: ProcessMonitor.register[rosapi-2]
[roslaunch.pmon][INFO] 2017-10-09 14:51:48,144: ProcessMonitor.register[rosapi-2] complete
[roslaunch][INFO] 2017-10-09 14:51:48,195: ... registered process [rosapi-2]
[roslaunch][INFO] 2017-10-09 14:51:48,200: process[rosapi-2]: starting os process
[roslaunch][INFO] 2017-10-09 14:51:48,206: process[rosapi-2]: start w/ args [[u'/opt/ros/indigo/lib/rosapi/rosapi_node', u'__name:=rosapi', u'__log:=/home/ccc_v1_w_NDU1M_86698/asn17210_Project_2_/asn17211_Project_2/work/.ros/log/0b1b6df8-ad3c-11e7-b585-06f360e4abc1/rosapi-2.log']]
[roslaunch][INFO] 2017-10-09 14:51:48,210: process[rosapi-2]: cwd will be [/home/ccc_v1_w_NDU1M_86698/asn17210_Project_2_/asn17211_Project_2/work/.ros]
[roslaunch][INFO] 2017-10-09 14:51:48,220: process[rosapi-2]: started with pid [22080]
[roslaunch][INFO] 2017-10-09 14:51:48,221: ... successfully launched [rosapi-2]
[roslaunch][INFO] 2017-10-09 14:51:48,224: ... launch_nodes complete
[roslaunch.pmon][INFO] 2017-10-09 14:51:48,228: registrations completed <ProcessMonitor(ProcessMonitor-1, started daemon 139910207121152)>
[roslaunch.parent][INFO] 2017-10-09 14:51:48,231: ... roslaunch parent running, waiting for process exit
[roslaunch][INFO] 2017-10-09 14:51:48,241: spin
