[rospy.client][INFO] 2017-10-09 16:21:56,510: init_node, name[/rosbridge_websocket], pid[12626]
[xmlrpc][INFO] 2017-10-09 16:21:56,511: XML-RPC server binding to 0.0.0.0:0
[xmlrpc][INFO] 2017-10-09 16:21:56,514: Started XML-RPC server [http://ip-172-31-19-100:41375/]
[rospy.init][INFO] 2017-10-09 16:21:56,514: ROS Slave URI: [http://ip-172-31-19-100:41375/]
[rospy.impl.masterslave][INFO] 2017-10-09 16:21:56,518: _ready: http://ip-172-31-19-100:41375/
[xmlrpc][INFO] 2017-10-09 16:21:56,526: xml rpc node: starting XML-RPC server
[rospy.registration][INFO] 2017-10-09 16:21:56,526: Registering with master node http://localhost:54924
[rospy.init][INFO] 2017-10-09 16:21:56,622: registered with master
[rospy.rosout][INFO] 2017-10-09 16:21:56,626: initializing /rosout core topic
[rospy.rosout][INFO] 2017-10-09 16:21:56,641: connected to core topic /rosout
[rospy.simtime][INFO] 2017-10-09 16:21:56,651: /use_sim_time is not set, will not subscribe to simulated time [/clock] topic
[rosout][INFO] 2017-10-09 16:21:56,688: Rosbridge WebSocket server started on port 40989
[rospy.internal][INFO] 2017-10-09 16:21:56,901: topic[/rosout] adding connection to [/rosout], count 0
[rosout][INFO] 2017-10-09 16:22:02,845: Client connected.  1 clients total.
[rosout][INFO] 2017-10-09 16:22:03,198: [Client 0] Subscribed to /tf2_web_republisher/feedback
[rosout][INFO] 2017-10-09 16:22:03,216: [Client 0] Subscribed to /visualization_marker
[rospy.internal][INFO] 2017-10-09 16:22:03,238: topic[/tf2_web_republisher/feedback] adding connection to [http://ip-172-31-19-100:33837/], count 0
[rospy.internal][INFO] 2017-10-09 16:22:03,239: topic[/visualization_marker] adding connection to [http://ip-172-31-19-100:37698/], count 0
[rospy.internal][INFO] 2017-10-09 16:22:03,441: topic[/tf2_web_republisher/cancel] adding connection to [/tf2_web_republisher], count 0
[rospy.internal][INFO] 2017-10-09 16:22:03,445: topic[/tf2_web_republisher/goal] adding connection to [/tf2_web_republisher], count 0
[rospy.internal][INFO] 2017-10-09 16:22:20,341: topic impl's ref count is zero, deleting topic /tf2_web_republisher/cancel...
[rospy.internal][INFO] 2017-10-09 16:22:20,345: topic[/tf2_web_republisher/cancel] removing connection to /tf2_web_republisher
[rospy.internal][INFO] 2017-10-09 16:22:20,354: topic impl's ref count is zero, deleting topic /tf2_web_republisher/goal...
[rospy.internal][INFO] 2017-10-09 16:22:20,360: topic[/tf2_web_republisher/goal] removing connection to /tf2_web_republisher
[rospy.internal][INFO] 2017-10-09 16:22:20,384: topic impl's ref count is zero, deleting topic /tf2_web_republisher/feedback...
[rospy.internal][INFO] 2017-10-09 16:22:20,388: topic[/tf2_web_republisher/feedback] removing connection to http://ip-172-31-19-100:33837/
[rospy.internal][INFO] 2017-10-09 16:22:20,395: topic impl's ref count is zero, deleting topic /visualization_marker...
[rospy.internal][INFO] 2017-10-09 16:22:20,399: topic[/visualization_marker] removing connection to http://ip-172-31-19-100:37698/
[rosout][INFO] 2017-10-09 16:22:20,409: Client disconnected. 0 clients total.
