[rospy.client][INFO] 2017-10-09 14:40:43,556: init_node, name[/rosbridge_websocket], pid[13905]
[xmlrpc][INFO] 2017-10-09 14:40:43,557: XML-RPC server binding to 0.0.0.0:0
[xmlrpc][INFO] 2017-10-09 14:40:43,562: Started XML-RPC server [http://ip-172-31-19-100:47248/]
[rospy.init][INFO] 2017-10-09 14:40:43,562: ROS Slave URI: [http://ip-172-31-19-100:47248/]
[rospy.impl.masterslave][INFO] 2017-10-09 14:40:43,565: _ready: http://ip-172-31-19-100:47248/
[xmlrpc][INFO] 2017-10-09 14:40:43,572: xml rpc node: starting XML-RPC server
[rospy.registration][INFO] 2017-10-09 14:40:43,572: Registering with master node http://localhost:55579
[rospy.init][INFO] 2017-10-09 14:40:43,668: registered with master
[rospy.rosout][INFO] 2017-10-09 14:40:43,672: initializing /rosout core topic
[rospy.rosout][INFO] 2017-10-09 14:40:43,683: connected to core topic /rosout
[rospy.simtime][INFO] 2017-10-09 14:40:43,688: /use_sim_time is not set, will not subscribe to simulated time [/clock] topic
[rosout][INFO] 2017-10-09 14:40:43,713: Rosbridge WebSocket server started on port 59257
[rospy.internal][INFO] 2017-10-09 14:40:43,964: topic[/rosout] adding connection to [/rosout], count 0
[rosout][INFO] 2017-10-09 14:40:57,613: Client connected.  1 clients total.
[rosout][INFO] 2017-10-09 14:40:58,229: [Client 0] Subscribed to /tf2_web_republisher/feedback
[rospy.internal][INFO] 2017-10-09 14:40:58,274: topic[/tf2_web_republisher/cancel] adding connection to [/tf2_web_republisher], count 0
[rospy.internal][INFO] 2017-10-09 14:40:58,295: topic[/tf2_web_republisher/feedback] adding connection to [http://ip-172-31-19-100:52982/], count 0
[rospy.internal][INFO] 2017-10-09 14:40:58,340: topic[/tf2_web_republisher/goal] adding connection to [/tf2_web_republisher], count 0
[rosout][INFO] 2017-10-09 14:40:58,353: [Client 0] Subscribed to /visualization_marker
[rospy.internal][INFO] 2017-10-09 14:40:58,362: topic[/visualization_marker] adding connection to [http://ip-172-31-19-100:39800/], count 0
[rospy.internal][INFO] 2017-10-09 14:41:44,188: topic impl's ref count is zero, deleting topic /tf2_web_republisher/cancel...
[rospy.internal][INFO] 2017-10-09 14:41:44,189: topic[/tf2_web_republisher/cancel] removing connection to /tf2_web_republisher
[rospy.internal][INFO] 2017-10-09 14:41:44,202: topic impl's ref count is zero, deleting topic /tf2_web_republisher/goal...
[rospy.internal][INFO] 2017-10-09 14:41:44,211: topic[/tf2_web_republisher/goal] removing connection to /tf2_web_republisher
[rospy.internal][INFO] 2017-10-09 14:41:44,219: topic impl's ref count is zero, deleting topic /tf2_web_republisher/feedback...
[rospy.internal][INFO] 2017-10-09 14:41:44,223: topic[/tf2_web_republisher/feedback] removing connection to http://ip-172-31-19-100:52982/
[rospy.internal][INFO] 2017-10-09 14:41:44,231: topic impl's ref count is zero, deleting topic /visualization_marker...
[rospy.internal][INFO] 2017-10-09 14:41:44,235: topic[/visualization_marker] removing connection to http://ip-172-31-19-100:39800/
[rosout][INFO] 2017-10-09 14:41:44,243: Client disconnected. 0 clients total.
