[roslaunch][INFO] 2017-10-09 14:40:40,523: Checking log directory for disk usage. This may take awhile.
Press Ctrl-C to interrupt
[roslaunch][INFO] 2017-10-09 14:40:40,592: Done checking log file disk usage. Usage is <1GB.
[roslaunch][INFO] 2017-10-09 14:40:40,592: roslaunch starting with args ['roscore', '--core', '-p', '55579']
[roslaunch][INFO] 2017-10-09 14:40:40,596: roslaunch env is {'ROS_DISTRO': 'indigo', 'ASNLIB': '/home/ccc_v1_s80115__49396/asn17210_Project_2_/asn17211_Project_2/asnlib.0', 'LIB': '/home/ccc_v1_s80115__49396/lib', 'PKG_CONFIG_PATH': '/opt/ros/indigo/lib/pkgconfig:/opt/ros/indigo/lib/x86_64-linux-gnu/pkgconfig', 'SSH_CLIENT': '172.31.43.31 46858 22', 'CPATH': '/opt/ros/indigo/include', 'LOGNAME': 'ccc_v1_w_NDU1M_86698', 'USER': 'ccc_v1_w_NDU1M_86698', 'ROS_NODE_PORT': '55579', 'HOME': '/home/ccc_v1_w_NDU1M_86698/asn17210_Project_2_/asn17211_Project_2/work', 'PATH': '/opt/ros/indigo/bin:/usr/local/sbin:/usr/local/bin:/usr/sbin:/usr/bin:/sbin:/bin:/usr/games:/usr/local/games:/home/local/bin:/home/ccc_v1_s80115__49396/lib:/home/ccc_v1_s80115__49396/asn17210_Project_2_/asn17211_Project_2/asnlib.0:/home/vlibs:.', 'CMAKE_PREFIX_PATH': '/opt/ros/indigo', 'LD_LIBRARY_PATH': '/opt/ros/indigo/lib:/opt/ros/indigo/lib/x86_64-linux-gnu:/home/ccc_v1_s80115__49396/lib:/home/ccc_v1_s80115__49396/asn17210_Project_2_/asn17211_Project_2/asnlib.0:/home/vlibs', 'LANG': 'en_US.UTF-8', 'TERM': 'xterm-256color', 'SHELL': '/bin/bash', 'HISTFILE': '/home/ccc_v1_w_NDU1M_86698/.bash_history', 'SHLVL': '2', 'VOC_WORKAREA': '/home/ccc_v1_w_NDU1M_86698/asn17210_Project_2_/asn17211_Project_2/work', 'ROS_LOG_FILENAME': '/home/ccc_v1_w_NDU1M_86698/asn17210_Project_2_/asn17211_Project_2/work/.ros/log/7ec77514-ad3a-11e7-ae70-06f360e4abc1/roslaunch-ip-172-31-19-100-13734.log', 'PART1': '/home/ccc_v1_s80115__49396/asn17210_Project_2_/asn17211_Project_2', 'ROS_ETC_DIR': '/opt/ros/indigo/etc/ros', 'XDG_RUNTIME_DIR': '/run/user/86698', 'PYTHONPATH': '/opt/ros/indigo/lib/python2.7/dist-packages:/home/vlibs/python', 'VOC_PROXY_WRAPPER_PORT': '5100', 'VOC_XFER_TOKEN': '1904326006298812988117211059dbecc3d92ee3.29002417', 'ROS_ROOT': '/opt/ros/indigo/share/ros', 'OLD_HOME': '/home/ccc_v1_w_NDU1M_86698', 'VOC_PROXY_TOKEN': '12145702912988129881172110159dbecc3e262a6.44399075', 'ROS_PACKAGE_PATH': '/opt/ros/indigo/share:/opt/ros/indigo/stacks', 'XDG_SESSION_ID': '127491', '_': '/usr/bin/stdbuf', 'LD_PRELOAD': '/usr/lib/coreutils/libstdbuf.so', '_STDBUF_O': 'L', 'SSH_TTY': '/dev/pts/0', 'OLDPWD': '/home/ccc_v1_w_NDU1M_86698', 'ROSLISP_PACKAGE_DIRECTORIES': '', 'VLIB': '/home/vlibs', 'PWD': '/home/ccc_v1_w_NDU1M_86698/asn17210_Project_2_/asn17211_Project_2/work', 'VOC_PROXY_ID': '29881_29881_17211_0_1', 'ROS_MASTER_URI': 'http://localhost:55579', 'MAIL': '/var/mail/ccc_v1_w_NDU1M_86698', 'SSH_CONNECTION': '172.31.43.31 46858 172.31.19.100 22'}
[roslaunch][INFO] 2017-10-09 14:40:40,599: starting in server mode
[roslaunch.parent][INFO] 2017-10-09 14:40:40,602: starting roslaunch parent run
[roslaunch][INFO] 2017-10-09 14:40:40,606: loading roscore config file /opt/ros/indigo/etc/ros/roscore.xml
[roslaunch][INFO] 2017-10-09 14:40:40,713: Added core node of type [rosout/rosout] in namespace [/]
[roslaunch.pmon][INFO] 2017-10-09 14:40:40,714: start_process_monitor: creating ProcessMonitor
[roslaunch.pmon][INFO] 2017-10-09 14:40:40,718: created process monitor <ProcessMonitor(ProcessMonitor-1, initial daemon)>
[roslaunch.pmon][INFO] 2017-10-09 14:40:40,721: start_process_monitor: ProcessMonitor started
[roslaunch.parent][INFO] 2017-10-09 14:40:40,724: starting parent XML-RPC server
[roslaunch.server][INFO] 2017-10-09 14:40:40,728: starting roslaunch XML-RPC server
[roslaunch.server][INFO] 2017-10-09 14:40:40,731: waiting for roslaunch XML-RPC server to initialize
[xmlrpc][INFO] 2017-10-09 14:40:40,731: XML-RPC server binding to 0.0.0.0:0
[xmlrpc][INFO] 2017-10-09 14:40:40,738: Started XML-RPC server [http://ip-172-31-19-100:50091/]
[xmlrpc][INFO] 2017-10-09 14:40:40,742: xml rpc node: starting XML-RPC server
[roslaunch][INFO] 2017-10-09 14:40:40,750: started roslaunch server http://ip-172-31-19-100:50091/
[roslaunch.parent][INFO] 2017-10-09 14:40:40,754: ... parent XML-RPC server started
[roslaunch][INFO] 2017-10-09 14:40:40,758: master.is_running[http://ip-172-31-19-100:55579/]
[roslaunch][INFO] 2017-10-09 14:40:40,771: auto-starting new master
[roslaunch][INFO] 2017-10-09 14:40:40,783: create_master_process: rosmaster, /opt/ros/indigo/share/ros, 55579, 3, None
[roslaunch][INFO] 2017-10-09 14:40:40,787: process[master]: launching with args [['rosmaster', '--core', '-p', '55579', '-w', '3']]
[roslaunch.pmon][INFO] 2017-10-09 14:40:40,790: ProcessMonitor.register[master]
[roslaunch.pmon][INFO] 2017-10-09 14:40:40,793: ProcessMonitor.register[master] complete
[roslaunch][INFO] 2017-10-09 14:40:40,796: process[master]: starting os process
[roslaunch][INFO] 2017-10-09 14:40:40,800: process[master]: start w/ args [['rosmaster', '--core', '-p', '55579', '-w', '3', '__log:=/home/ccc_v1_w_NDU1M_86698/asn17210_Project_2_/asn17211_Project_2/work/.ros/log/7ec77514-ad3a-11e7-ae70-06f360e4abc1/master.log']]
[roslaunch][INFO] 2017-10-09 14:40:40,804: process[master]: cwd will be [/home/ccc_v1_w_NDU1M_86698/asn17210_Project_2_/asn17211_Project_2/work/.ros]
[roslaunch][INFO] 2017-10-09 14:40:40,820: process[master]: started with pid [13750]
[roslaunch][INFO] 2017-10-09 14:40:40,820: master.is_running[http://ip-172-31-19-100:55579/]
[roslaunch][INFO] 2017-10-09 14:40:40,925: master.is_running[http://ip-172-31-19-100:55579/]
[roslaunch][INFO] 2017-10-09 14:40:41,029: master.is_running[http://ip-172-31-19-100:55579/]
[roslaunch][INFO] 2017-10-09 14:40:41,034: master.is_running[http://ip-172-31-19-100:55579/]
[roslaunch][INFO] 2017-10-09 14:40:41,039: ROS_MASTER_URI=http://ip-172-31-19-100:55579/
[roslaunch][INFO] 2017-10-09 14:40:41,043: setting /run_id to 7ec77514-ad3a-11e7-ae70-06f360e4abc1
[roslaunch][INFO] 2017-10-09 14:40:41,051: setting /roslaunch/uris/host_ip_172_31_19_100__50091' to http://ip-172-31-19-100:50091/
[roslaunch][INFO] 2017-10-09 14:40:41,060: ... preparing to launch node of type [rosout/rosout]
[roslaunch][INFO] 2017-10-09 14:40:41,064: create_node_process: package[rosout] type[rosout] machine[Machine(name[] env_loader[None] address[localhost] ssh_port[22] user[None] assignable[True] timeout[10.0])] master_uri[http://ip-172-31-19-100:55579/]
[roslaunch][INFO] 2017-10-09 14:40:41,067: process[rosout-1]: env[{'ROS_DISTRO': 'indigo', 'ASNLIB': '/home/ccc_v1_s80115__49396/asn17210_Project_2_/asn17211_Project_2/asnlib.0', 'LIB': '/home/ccc_v1_s80115__49396/lib', 'VOC_PROXY_TOKEN': '12145702912988129881172110159dbecc3e262a6.44399075', 'SSH_CLIENT': '172.31.43.31 46858 22', 'CPATH': '/opt/ros/indigo/include', 'LOGNAME': 'ccc_v1_w_NDU1M_86698', 'USER': 'ccc_v1_w_NDU1M_86698', 'ROS_NODE_PORT': '55579', 'HOME': '/home/ccc_v1_w_NDU1M_86698/asn17210_Project_2_/asn17211_Project_2/work', 'PATH': '/opt/ros/indigo/bin:/usr/local/sbin:/usr/local/bin:/usr/sbin:/usr/bin:/sbin:/bin:/usr/games:/usr/local/games:/home/local/bin:/home/ccc_v1_s80115__49396/lib:/home/ccc_v1_s80115__49396/asn17210_Project_2_/asn17211_Project_2/asnlib.0:/home/vlibs:.', 'CMAKE_PREFIX_PATH': '/opt/ros/indigo', 'ROS_LOG_FILENAME': '/home/ccc_v1_w_NDU1M_86698/asn17210_Project_2_/asn17211_Project_2/work/.ros/log/7ec77514-ad3a-11e7-ae70-06f360e4abc1/roslaunch-ip-172-31-19-100-13734.log', 'LANG': 'en_US.UTF-8', 'TERM': 'xterm-256color', 'SHELL': '/bin/bash', 'HISTFILE': '/home/ccc_v1_w_NDU1M_86698/.bash_history', 'SHLVL': '2', 'VOC_WORKAREA': '/home/ccc_v1_w_NDU1M_86698/asn17210_Project_2_/asn17211_Project_2/work', 'LD_LIBRARY_PATH': '/opt/ros/indigo/lib:/opt/ros/indigo/lib/x86_64-linux-gnu:/home/ccc_v1_s80115__49396/lib:/home/ccc_v1_s80115__49396/asn17210_Project_2_/asn17211_Project_2/asnlib.0:/home/vlibs', 'PART1': '/home/ccc_v1_s80115__49396/asn17210_Project_2_/asn17211_Project_2', 'ROS_MASTER_URI': 'http://ip-172-31-19-100:55579/', 'XDG_RUNTIME_DIR': '/run/user/86698', 'PYTHONPATH': '/opt/ros/indigo/lib/python2.7/dist-packages:/home/vlibs/python', 'VOC_PROXY_WRAPPER_PORT': '5100', 'VOC_XFER_TOKEN': '1904326006298812988117211059dbecc3d92ee3.29002417', 'ROS_ROOT': '/opt/ros/indigo/share/ros', 'OLD_HOME': '/home/ccc_v1_w_NDU1M_86698', 'PKG_CONFIG_PATH': '/opt/ros/indigo/lib/pkgconfig:/opt/ros/indigo/lib/x86_64-linux-gnu/pkgconfig', 'ROS_PACKAGE_PATH': '/opt/ros/indigo/share:/opt/ros/indigo/stacks', 'XDG_SESSION_ID': '127491', '_': '/usr/bin/stdbuf', 'LD_PRELOAD': '/usr/lib/coreutils/libstdbuf.so', '_STDBUF_O': 'L', 'SSH_TTY': '/dev/pts/0', 'OLDPWD': '/home/ccc_v1_w_NDU1M_86698', 'ROSLISP_PACKAGE_DIRECTORIES': '', 'VLIB': '/home/vlibs', 'PWD': '/home/ccc_v1_w_NDU1M_86698/asn17210_Project_2_/asn17211_Project_2/work', 'VOC_PROXY_ID': '29881_29881_17211_0_1', 'ROS_ETC_DIR': '/opt/ros/indigo/etc/ros', 'MAIL': '/var/mail/ccc_v1_w_NDU1M_86698', 'SSH_CONNECTION': '172.31.43.31 46858 172.31.19.100 22'}]
[roslaunch][INFO] 2017-10-09 14:40:41,096: process[rosout-1]: args[[u'/opt/ros/indigo/lib/rosout/rosout', u'__name:=rosout']]
[roslaunch][INFO] 2017-10-09 14:40:41,104: ... created process [rosout-1]
[roslaunch.pmon][INFO] 2017-10-09 14:40:41,107: ProcessMonitor.register[rosout-1]
[roslaunch.pmon][INFO] 2017-10-09 14:40:41,111: ProcessMonitor.register[rosout-1] complete
[roslaunch][INFO] 2017-10-09 14:40:41,114: ... registered process [rosout-1]
[roslaunch][INFO] 2017-10-09 14:40:41,117: process[rosout-1]: starting os process
[roslaunch][INFO] 2017-10-09 14:40:41,122: process[rosout-1]: start w/ args [[u'/opt/ros/indigo/lib/rosout/rosout', u'__name:=rosout', u'__log:=/home/ccc_v1_w_NDU1M_86698/asn17210_Project_2_/asn17211_Project_2/work/.ros/log/7ec77514-ad3a-11e7-ae70-06f360e4abc1/rosout-1.log']]
[roslaunch][INFO] 2017-10-09 14:40:41,126: process[rosout-1]: cwd will be [/home/ccc_v1_w_NDU1M_86698/asn17210_Project_2_/asn17211_Project_2/work/.ros]
[roslaunch][INFO] 2017-10-09 14:40:41,141: process[rosout-1]: started with pid [13763]
[roslaunch][INFO] 2017-10-09 14:40:41,142: ... successfully launched [rosout-1]
[roslaunch][INFO] 2017-10-09 14:40:41,146: load_parameters starting ...
[roslaunch][INFO] 2017-10-09 14:40:41,161: ... load_parameters complete
[roslaunch][INFO] 2017-10-09 14:40:41,164: launch_nodes: launching local nodes ...
[roslaunch][INFO] 2017-10-09 14:40:41,167: ... launch_nodes complete
[roslaunch.pmon][INFO] 2017-10-09 14:40:41,171: registrations completed <ProcessMonitor(ProcessMonitor-1, started daemon 140143299467008)>
[roslaunch.parent][INFO] 2017-10-09 14:40:41,174: ... roslaunch parent running, waiting for process exit
[roslaunch][INFO] 2017-10-09 14:40:41,178: spin
