[rospy.client][INFO] 2017-10-09 14:16:46,109: init_node, name[/rosbridge_websocket], pid[1211]
[xmlrpc][INFO] 2017-10-09 14:16:46,110: XML-RPC server binding to 0.0.0.0:0
[xmlrpc][INFO] 2017-10-09 14:16:46,117: Started XML-RPC server [http://ip-172-31-19-100:52982/]
[rospy.init][INFO] 2017-10-09 14:16:46,117: ROS Slave URI: [http://ip-172-31-19-100:52982/]
[rospy.impl.masterslave][INFO] 2017-10-09 14:16:46,121: _ready: http://ip-172-31-19-100:52982/
[xmlrpc][INFO] 2017-10-09 14:16:46,138: xml rpc node: starting XML-RPC server
[rospy.registration][INFO] 2017-10-09 14:16:46,138: Registering with master node http://localhost:43854
[rospy.init][INFO] 2017-10-09 14:16:46,234: registered with master
[rospy.rosout][INFO] 2017-10-09 14:16:46,243: initializing /rosout core topic
[rospy.rosout][INFO] 2017-10-09 14:16:46,253: connected to core topic /rosout
[rospy.simtime][INFO] 2017-10-09 14:16:46,258: /use_sim_time is not set, will not subscribe to simulated time [/clock] topic
[rosout][INFO] 2017-10-09 14:16:46,316: Rosbridge WebSocket server started on port 56590
[rospy.internal][INFO] 2017-10-09 14:16:46,518: topic[/rosout] adding connection to [/rosout], count 0
[rosout][INFO] 2017-10-09 14:16:50,949: Client connected.  1 clients total.
[rosout][INFO] 2017-10-09 14:16:51,301: [Client 0] Subscribed to /tf2_web_republisher/feedback
[rosout][INFO] 2017-10-09 14:16:51,312: [Client 0] Subscribed to /visualization_marker
[rospy.internal][INFO] 2017-10-09 14:16:51,349: topic[/visualization_marker] adding connection to [http://ip-172-31-19-100:36799/], count 0
[rospy.internal][INFO] 2017-10-09 14:16:51,349: topic[/tf2_web_republisher/feedback] adding connection to [http://ip-172-31-19-100:35933/], count 0
[rospy.internal][INFO] 2017-10-09 14:16:51,450: topic[/tf2_web_republisher/cancel] adding connection to [/tf2_web_republisher], count 0
[rospy.internal][INFO] 2017-10-09 14:16:51,464: topic[/tf2_web_republisher/goal] adding connection to [/tf2_web_republisher], count 0
[rospy.internal][INFO] 2017-10-09 14:17:16,057: topic impl's ref count is zero, deleting topic /tf2_web_republisher/cancel...
[rospy.internal][INFO] 2017-10-09 14:17:16,058: topic[/tf2_web_republisher/cancel] removing connection to /tf2_web_republisher
[rospy.internal][INFO] 2017-10-09 14:17:16,064: topic impl's ref count is zero, deleting topic /tf2_web_republisher/goal...
[rospy.internal][INFO] 2017-10-09 14:17:16,069: topic[/tf2_web_republisher/goal] removing connection to /tf2_web_republisher
[rospy.internal][INFO] 2017-10-09 14:17:16,086: topic impl's ref count is zero, deleting topic /tf2_web_republisher/feedback...
[rospy.internal][INFO] 2017-10-09 14:17:16,089: topic[/tf2_web_republisher/feedback] removing connection to http://ip-172-31-19-100:35933/
[rospy.internal][INFO] 2017-10-09 14:17:16,098: topic impl's ref count is zero, deleting topic /visualization_marker...
[rospy.internal][INFO] 2017-10-09 14:17:16,101: topic[/visualization_marker] removing connection to http://ip-172-31-19-100:36799/
[rosout][INFO] 2017-10-09 14:17:16,110: Client disconnected. 0 clients total.
[rosout][WARNING] 2017-10-09 14:17:16,170: Could not process inbound connection: [/rosbridge_websocket] is not a publisher of [/tf2_web_republisher/goal]. Topics are [['/rosout', 'rosgraph_msgs/Log']]{'topic': '/tf2_web_republisher/goal', 'tcp_nodelay': '0', 'md5sum': 'ef8da891ba3ba9b13d97bca8154eaeb5', 'type': 'tf2_web_republisher/TFSubscriptionActionGoal', 'callerid': '/tf2_web_republisher'}
