[roslaunch][INFO] 2017-10-09 14:16:43,037: Checking log directory for disk usage. This may take awhile.
Press Ctrl-C to interrupt
[roslaunch][INFO] 2017-10-09 14:16:43,086: Done checking log file disk usage. Usage is <1GB.
[roslaunch][INFO] 2017-10-09 14:16:43,086: roslaunch starting with args ['roscore', '--core', '-p', '43854']
[roslaunch][INFO] 2017-10-09 14:16:43,090: roslaunch env is {'ROS_DISTRO': 'indigo', 'ASNLIB': '/home/ccc_v1_s80115__49396/asn17210_Project_2_/asn17211_Project_2/asnlib.0', 'LIB': '/home/ccc_v1_s80115__49396/lib', 'PKG_CONFIG_PATH': '/opt/ros/indigo/lib/pkgconfig:/opt/ros/indigo/lib/x86_64-linux-gnu/pkgconfig', 'SSH_CLIENT': '172.31.43.31 55782 22', 'CPATH': '/opt/ros/indigo/include', 'LOGNAME': 'ccc_v1_w_NDU1M_86698', 'USER': 'ccc_v1_w_NDU1M_86698', 'ROS_NODE_PORT': '43854', 'HOME': '/home/ccc_v1_w_NDU1M_86698/asn17210_Project_2_/asn17211_Project_2/work', 'PATH': '/opt/ros/indigo/bin:/usr/local/sbin:/usr/local/bin:/usr/sbin:/usr/bin:/sbin:/bin:/usr/games:/usr/local/games:/home/local/bin:/home/ccc_v1_s80115__49396/lib:/home/ccc_v1_s80115__49396/asn17210_Project_2_/asn17211_Project_2/asnlib.0:/home/vlibs:.', 'CMAKE_PREFIX_PATH': '/opt/ros/indigo', 'LD_LIBRARY_PATH': '/opt/ros/indigo/lib:/opt/ros/indigo/lib/x86_64-linux-gnu:/home/ccc_v1_s80115__49396/lib:/home/ccc_v1_s80115__49396/asn17210_Project_2_/asn17211_Project_2/asnlib.0:/home/vlibs', 'LANG': 'en_US.UTF-8', 'TERM': 'xterm-256color', 'SHELL': '/bin/bash', 'HISTFILE': '/home/ccc_v1_w_NDU1M_86698/.bash_history', 'SHLVL': '2', 'VOC_WORKAREA': '/home/ccc_v1_w_NDU1M_86698/asn17210_Project_2_/asn17211_Project_2/work', 'ROS_LOG_FILENAME': '/home/ccc_v1_w_NDU1M_86698/asn17210_Project_2_/asn17211_Project_2/work/.ros/log/25f80bc2-ad37-11e7-9ecb-06f360e4abc1/roslaunch-ip-172-31-19-100-1018.log', 'PART1': '/home/ccc_v1_s80115__49396/asn17210_Project_2_/asn17211_Project_2', 'ROS_ETC_DIR': '/opt/ros/indigo/etc/ros', 'XDG_RUNTIME_DIR': '/run/user/86698', 'PYTHONPATH': '/opt/ros/indigo/lib/python2.7/dist-packages:/home/vlibs/python', 'VOC_PROXY_WRAPPER_PORT': '5100', 'VOC_XFER_TOKEN': '947717306298812988117211059dbe7339c99f9.15984098', 'ROS_ROOT': '/opt/ros/indigo/share/ros', 'OLD_HOME': '/home/ccc_v1_w_NDU1M_86698', 'VOC_PROXY_TOKEN': '9320455802988129881172110159dbe733a32844.38123322', 'ROS_PACKAGE_PATH': '/opt/ros/indigo/share:/opt/ros/indigo/stacks', 'XDG_SESSION_ID': '127365', '_': '/usr/bin/stdbuf', 'LD_PRELOAD': '/usr/lib/coreutils/libstdbuf.so', '_STDBUF_O': 'L', 'SSH_TTY': '/dev/pts/0', 'OLDPWD': '/home/ccc_v1_w_NDU1M_86698', 'ROSLISP_PACKAGE_DIRECTORIES': '', 'VLIB': '/home/vlibs', 'PWD': '/home/ccc_v1_w_NDU1M_86698/asn17210_Project_2_/asn17211_Project_2/work', 'VOC_PROXY_ID': '29881_29881_17211_0_1', 'ROS_MASTER_URI': 'http://localhost:43854', 'MAIL': '/var/mail/ccc_v1_w_NDU1M_86698', 'SSH_CONNECTION': '172.31.43.31 55782 172.31.19.100 22'}
[roslaunch][INFO] 2017-10-09 14:16:43,093: starting in server mode
[roslaunch.parent][INFO] 2017-10-09 14:16:43,107: starting roslaunch parent run
[roslaunch][INFO] 2017-10-09 14:16:43,111: loading roscore config file /opt/ros/indigo/etc/ros/roscore.xml
[roslaunch][INFO] 2017-10-09 14:16:43,222: Added core node of type [rosout/rosout] in namespace [/]
[roslaunch.pmon][INFO] 2017-10-09 14:16:43,223: start_process_monitor: creating ProcessMonitor
[roslaunch.pmon][INFO] 2017-10-09 14:16:43,227: created process monitor <ProcessMonitor(ProcessMonitor-1, initial daemon)>
[roslaunch.pmon][INFO] 2017-10-09 14:16:43,230: start_process_monitor: ProcessMonitor started
[roslaunch.parent][INFO] 2017-10-09 14:16:43,234: starting parent XML-RPC server
[roslaunch.server][INFO] 2017-10-09 14:16:43,238: starting roslaunch XML-RPC server
[roslaunch.server][INFO] 2017-10-09 14:16:43,241: waiting for roslaunch XML-RPC server to initialize
[xmlrpc][INFO] 2017-10-09 14:16:43,241: XML-RPC server binding to 0.0.0.0:0
[xmlrpc][INFO] 2017-10-09 14:16:43,249: Started XML-RPC server [http://ip-172-31-19-100:48041/]
[xmlrpc][INFO] 2017-10-09 14:16:43,253: xml rpc node: starting XML-RPC server
[roslaunch][INFO] 2017-10-09 14:16:43,289: started roslaunch server http://ip-172-31-19-100:48041/
[roslaunch.parent][INFO] 2017-10-09 14:16:43,293: ... parent XML-RPC server started
[roslaunch][INFO] 2017-10-09 14:16:43,296: master.is_running[http://ip-172-31-19-100:43854/]
[roslaunch][INFO] 2017-10-09 14:16:43,301: auto-starting new master
[roslaunch][INFO] 2017-10-09 14:16:43,304: create_master_process: rosmaster, /opt/ros/indigo/share/ros, 43854, 3, None
[roslaunch][INFO] 2017-10-09 14:16:43,318: process[master]: launching with args [['rosmaster', '--core', '-p', '43854', '-w', '3']]
[roslaunch.pmon][INFO] 2017-10-09 14:16:43,321: ProcessMonitor.register[master]
[roslaunch.pmon][INFO] 2017-10-09 14:16:43,325: ProcessMonitor.register[master] complete
[roslaunch][INFO] 2017-10-09 14:16:43,328: process[master]: starting os process
[roslaunch][INFO] 2017-10-09 14:16:43,333: process[master]: start w/ args [['rosmaster', '--core', '-p', '43854', '-w', '3', '__log:=/home/ccc_v1_w_NDU1M_86698/asn17210_Project_2_/asn17211_Project_2/work/.ros/log/25f80bc2-ad37-11e7-9ecb-06f360e4abc1/master.log']]
[roslaunch][INFO] 2017-10-09 14:16:43,336: process[master]: cwd will be [/home/ccc_v1_w_NDU1M_86698/asn17210_Project_2_/asn17211_Project_2/work/.ros]
[roslaunch][INFO] 2017-10-09 14:16:43,353: process[master]: started with pid [1039]
[roslaunch][INFO] 2017-10-09 14:16:43,354: master.is_running[http://ip-172-31-19-100:43854/]
[roslaunch][INFO] 2017-10-09 14:16:43,458: master.is_running[http://ip-172-31-19-100:43854/]
[roslaunch][INFO] 2017-10-09 14:16:43,563: master.is_running[http://ip-172-31-19-100:43854/]
[roslaunch][INFO] 2017-10-09 14:16:43,569: master.is_running[http://ip-172-31-19-100:43854/]
[roslaunch][INFO] 2017-10-09 14:16:43,573: ROS_MASTER_URI=http://ip-172-31-19-100:43854/
[roslaunch][INFO] 2017-10-09 14:16:43,578: setting /run_id to 25f80bc2-ad37-11e7-9ecb-06f360e4abc1
[roslaunch][INFO] 2017-10-09 14:16:43,595: setting /roslaunch/uris/host_ip_172_31_19_100__48041' to http://ip-172-31-19-100:48041/
[roslaunch][INFO] 2017-10-09 14:16:43,612: ... preparing to launch node of type [rosout/rosout]
[roslaunch][INFO] 2017-10-09 14:16:43,615: create_node_process: package[rosout] type[rosout] machine[Machine(name[] env_loader[None] address[localhost] ssh_port[22] user[None] assignable[True] timeout[10.0])] master_uri[http://ip-172-31-19-100:43854/]
[roslaunch][INFO] 2017-10-09 14:16:43,619: process[rosout-1]: env[{'ROS_DISTRO': 'indigo', 'ASNLIB': '/home/ccc_v1_s80115__49396/asn17210_Project_2_/asn17211_Project_2/asnlib.0', 'LIB': '/home/ccc_v1_s80115__49396/lib', 'VOC_PROXY_TOKEN': '9320455802988129881172110159dbe733a32844.38123322', 'SSH_CLIENT': '172.31.43.31 55782 22', 'CPATH': '/opt/ros/indigo/include', 'LOGNAME': 'ccc_v1_w_NDU1M_86698', 'USER': 'ccc_v1_w_NDU1M_86698', 'ROS_NODE_PORT': '43854', 'HOME': '/home/ccc_v1_w_NDU1M_86698/asn17210_Project_2_/asn17211_Project_2/work', 'PATH': '/opt/ros/indigo/bin:/usr/local/sbin:/usr/local/bin:/usr/sbin:/usr/bin:/sbin:/bin:/usr/games:/usr/local/games:/home/local/bin:/home/ccc_v1_s80115__49396/lib:/home/ccc_v1_s80115__49396/asn17210_Project_2_/asn17211_Project_2/asnlib.0:/home/vlibs:.', 'CMAKE_PREFIX_PATH': '/opt/ros/indigo', 'ROS_LOG_FILENAME': '/home/ccc_v1_w_NDU1M_86698/asn17210_Project_2_/asn17211_Project_2/work/.ros/log/25f80bc2-ad37-11e7-9ecb-06f360e4abc1/roslaunch-ip-172-31-19-100-1018.log', 'LANG': 'en_US.UTF-8', 'TERM': 'xterm-256color', 'SHELL': '/bin/bash', 'HISTFILE': '/home/ccc_v1_w_NDU1M_86698/.bash_history', 'SHLVL': '2', 'VOC_WORKAREA': '/home/ccc_v1_w_NDU1M_86698/asn17210_Project_2_/asn17211_Project_2/work', 'LD_LIBRARY_PATH': '/opt/ros/indigo/lib:/opt/ros/indigo/lib/x86_64-linux-gnu:/home/ccc_v1_s80115__49396/lib:/home/ccc_v1_s80115__49396/asn17210_Project_2_/asn17211_Project_2/asnlib.0:/home/vlibs', 'PART1': '/home/ccc_v1_s80115__49396/asn17210_Project_2_/asn17211_Project_2', 'ROS_MASTER_URI': 'http://ip-172-31-19-100:43854/', 'XDG_RUNTIME_DIR': '/run/user/86698', 'PYTHONPATH': '/opt/ros/indigo/lib/python2.7/dist-packages:/home/vlibs/python', 'VOC_PROXY_WRAPPER_PORT': '5100', 'VOC_XFER_TOKEN': '947717306298812988117211059dbe7339c99f9.15984098', 'ROS_ROOT': '/opt/ros/indigo/share/ros', 'OLD_HOME': '/home/ccc_v1_w_NDU1M_86698', 'PKG_CONFIG_PATH': '/opt/ros/indigo/lib/pkgconfig:/opt/ros/indigo/lib/x86_64-linux-gnu/pkgconfig', 'ROS_PACKAGE_PATH': '/opt/ros/indigo/share:/opt/ros/indigo/stacks', 'XDG_SESSION_ID': '127365', '_': '/usr/bin/stdbuf', 'LD_PRELOAD': '/usr/lib/coreutils/libstdbuf.so', '_STDBUF_O': 'L', 'SSH_TTY': '/dev/pts/0', 'OLDPWD': '/home/ccc_v1_w_NDU1M_86698', 'ROSLISP_PACKAGE_DIRECTORIES': '', 'VLIB': '/home/vlibs', 'PWD': '/home/ccc_v1_w_NDU1M_86698/asn17210_Project_2_/asn17211_Project_2/work', 'VOC_PROXY_ID': '29881_29881_17211_0_1', 'ROS_ETC_DIR': '/opt/ros/indigo/etc/ros', 'MAIL': '/var/mail/ccc_v1_w_NDU1M_86698', 'SSH_CONNECTION': '172.31.43.31 55782 172.31.19.100 22'}]
[roslaunch][INFO] 2017-10-09 14:16:43,648: process[rosout-1]: args[[u'/opt/ros/indigo/lib/rosout/rosout', u'__name:=rosout']]
[roslaunch][INFO] 2017-10-09 14:16:43,651: ... created process [rosout-1]
[roslaunch.pmon][INFO] 2017-10-09 14:16:43,654: ProcessMonitor.register[rosout-1]
[roslaunch.pmon][INFO] 2017-10-09 14:16:43,658: ProcessMonitor.register[rosout-1] complete
[roslaunch][INFO] 2017-10-09 14:16:43,661: ... registered process [rosout-1]
[roslaunch][INFO] 2017-10-09 14:16:43,665: process[rosout-1]: starting os process
[roslaunch][INFO] 2017-10-09 14:16:43,670: process[rosout-1]: start w/ args [[u'/opt/ros/indigo/lib/rosout/rosout', u'__name:=rosout', u'__log:=/home/ccc_v1_w_NDU1M_86698/asn17210_Project_2_/asn17211_Project_2/work/.ros/log/25f80bc2-ad37-11e7-9ecb-06f360e4abc1/rosout-1.log']]
[roslaunch][INFO] 2017-10-09 14:16:43,673: process[rosout-1]: cwd will be [/home/ccc_v1_w_NDU1M_86698/asn17210_Project_2_/asn17211_Project_2/work/.ros]
[roslaunch][INFO] 2017-10-09 14:16:43,682: process[rosout-1]: started with pid [1052]
[roslaunch][INFO] 2017-10-09 14:16:43,683: ... successfully launched [rosout-1]
[roslaunch][INFO] 2017-10-09 14:16:43,687: load_parameters starting ...
[roslaunch][INFO] 2017-10-09 14:16:43,712: ... load_parameters complete
[roslaunch][INFO] 2017-10-09 14:16:43,715: launch_nodes: launching local nodes ...
[roslaunch][INFO] 2017-10-09 14:16:43,719: ... launch_nodes complete
[roslaunch.pmon][INFO] 2017-10-09 14:16:43,724: registrations completed <ProcessMonitor(ProcessMonitor-1, started daemon 139983106225920)>
[roslaunch.parent][INFO] 2017-10-09 14:16:43,727: ... roslaunch parent running, waiting for process exit
[roslaunch][INFO] 2017-10-09 14:16:43,730: spin
