[rospy.client][INFO] 2017-10-09 16:23:16,667: init_node, name[/rosbridge_websocket], pid[17486]
[xmlrpc][INFO] 2017-10-09 16:23:16,668: XML-RPC server binding to 0.0.0.0:0
[xmlrpc][INFO] 2017-10-09 16:23:16,680: Started XML-RPC server [http://ip-172-31-19-100:57115/]
[rospy.impl.masterslave][INFO] 2017-10-09 16:23:16,688: _ready: http://ip-172-31-19-100:57115/
[rospy.init][INFO] 2017-10-09 16:23:16,680: ROS Slave URI: [http://ip-172-31-19-100:57115/]
[xmlrpc][INFO] 2017-10-09 16:23:16,693: xml rpc node: starting XML-RPC server
[rospy.registration][INFO] 2017-10-09 16:23:16,694: Registering with master node http://localhost:33757
[rospy.init][INFO] 2017-10-09 16:23:16,800: registered with master
[rospy.rosout][INFO] 2017-10-09 16:23:16,804: initializing /rosout core topic
[rospy.rosout][INFO] 2017-10-09 16:23:16,814: connected to core topic /rosout
[rospy.simtime][INFO] 2017-10-09 16:23:16,820: /use_sim_time is not set, will not subscribe to simulated time [/clock] topic
[rosout][INFO] 2017-10-09 16:23:16,852: Rosbridge WebSocket server started on port 47384
[rospy.internal][INFO] 2017-10-09 16:23:17,055: topic[/rosout] adding connection to [/rosout], count 0
[rosout][INFO] 2017-10-09 16:23:30,805: Client connected.  1 clients total.
[rosout][INFO] 2017-10-09 16:23:31,150: [Client 0] Subscribed to /tf2_web_republisher/feedback
[rospy.internal][INFO] 2017-10-09 16:23:31,169: topic[/tf2_web_republisher/feedback] adding connection to [http://ip-172-31-19-100:42158/], count 0
[rosout][INFO] 2017-10-09 16:23:31,201: [Client 0] Subscribed to /visualization_marker
[rospy.internal][INFO] 2017-10-09 16:23:31,232: topic[/visualization_marker] adding connection to [http://ip-172-31-19-100:60569/], count 0
[rospy.internal][INFO] 2017-10-09 16:23:31,358: topic[/tf2_web_republisher/goal] adding connection to [/tf2_web_republisher], count 0
[rospy.internal][INFO] 2017-10-09 16:23:31,458: topic[/tf2_web_republisher/cancel] adding connection to [/tf2_web_republisher], count 0
[rospy.internal][INFO] 2017-10-09 16:26:50,765: topic impl's ref count is zero, deleting topic /tf2_web_republisher/cancel...
[rospy.internal][INFO] 2017-10-09 16:26:50,766: topic[/tf2_web_republisher/cancel] removing connection to /tf2_web_republisher
[rospy.internal][INFO] 2017-10-09 16:26:50,776: topic impl's ref count is zero, deleting topic /tf2_web_republisher/goal...
[rospy.internal][INFO] 2017-10-09 16:26:50,779: topic[/tf2_web_republisher/goal] removing connection to /tf2_web_republisher
[rospy.internal][INFO] 2017-10-09 16:26:50,787: topic impl's ref count is zero, deleting topic /tf2_web_republisher/feedback...
[rospy.internal][INFO] 2017-10-09 16:26:50,791: topic[/tf2_web_republisher/feedback] removing connection to http://ip-172-31-19-100:42158/
[rospy.internal][INFO] 2017-10-09 16:26:50,799: topic impl's ref count is zero, deleting topic /visualization_marker...
[rospy.internal][INFO] 2017-10-09 16:26:50,802: topic[/visualization_marker] removing connection to http://ip-172-31-19-100:60569/
[rosout][INFO] 2017-10-09 16:26:50,810: Client disconnected. 0 clients total.
