[rospy.client][INFO] 2017-10-09 15:23:33,461: init_node, name[/rosbridge_websocket], pid[18828]
[xmlrpc][INFO] 2017-10-09 15:23:33,461: XML-RPC server binding to 0.0.0.0:0
[xmlrpc][INFO] 2017-10-09 15:23:33,466: Started XML-RPC server [http://ip-172-31-19-100:52359/]
[rospy.init][INFO] 2017-10-09 15:23:33,466: ROS Slave URI: [http://ip-172-31-19-100:52359/]
[rospy.impl.masterslave][INFO] 2017-10-09 15:23:33,470: _ready: http://ip-172-31-19-100:52359/
[xmlrpc][INFO] 2017-10-09 15:23:33,488: xml rpc node: starting XML-RPC server
[rospy.registration][INFO] 2017-10-09 15:23:33,488: Registering with master node http://localhost:49565
[rospy.init][INFO] 2017-10-09 15:23:33,583: registered with master
[rospy.rosout][INFO] 2017-10-09 15:23:33,586: initializing /rosout core topic
[rospy.rosout][INFO] 2017-10-09 15:23:33,596: connected to core topic /rosout
[rospy.simtime][INFO] 2017-10-09 15:23:33,600: /use_sim_time is not set, will not subscribe to simulated time [/clock] topic
[rosout][INFO] 2017-10-09 15:23:33,629: Rosbridge WebSocket server started on port 45523
[rospy.internal][INFO] 2017-10-09 15:23:33,895: topic[/rosout] adding connection to [/rosout], count 0
[rosout][INFO] 2017-10-09 15:23:40,798: Client connected.  1 clients total.
[rosout][INFO] 2017-10-09 15:23:41,137: [Client 0] Subscribed to /tf2_web_republisher/feedback
[rosout][INFO] 2017-10-09 15:23:41,150: [Client 0] Subscribed to /visualization_marker
[rospy.internal][INFO] 2017-10-09 15:23:41,182: topic[/tf2_web_republisher/feedback] adding connection to [http://ip-172-31-19-100:43856/], count 0
[rospy.internal][INFO] 2017-10-09 15:23:41,182: topic[/visualization_marker] adding connection to [http://ip-172-31-19-100:58362/], count 0
[rospy.internal][INFO] 2017-10-09 15:23:41,308: topic[/tf2_web_republisher/goal] adding connection to [/tf2_web_republisher], count 0
[rospy.internal][INFO] 2017-10-09 15:23:41,409: topic[/tf2_web_republisher/cancel] adding connection to [/tf2_web_republisher], count 0
[rospy.internal][INFO] 2017-10-09 15:29:03,212: topic impl's ref count is zero, deleting topic /tf2_web_republisher/cancel...
[rospy.internal][INFO] 2017-10-09 15:29:03,213: topic[/tf2_web_republisher/cancel] removing connection to /tf2_web_republisher
[rospy.internal][INFO] 2017-10-09 15:29:03,225: topic impl's ref count is zero, deleting topic /tf2_web_republisher/goal...
[rospy.internal][INFO] 2017-10-09 15:29:03,229: topic[/tf2_web_republisher/goal] removing connection to /tf2_web_republisher
[rospy.internal][INFO] 2017-10-09 15:29:03,243: topic impl's ref count is zero, deleting topic /tf2_web_republisher/feedback...
[rospy.internal][INFO] 2017-10-09 15:29:03,247: topic[/tf2_web_republisher/feedback] removing connection to http://ip-172-31-19-100:43856/
[rospy.internal][INFO] 2017-10-09 15:29:03,254: topic impl's ref count is zero, deleting topic /visualization_marker...
[rospy.internal][INFO] 2017-10-09 15:29:03,259: topic[/visualization_marker] removing connection to http://ip-172-31-19-100:58362/
[rosout][INFO] 2017-10-09 15:29:03,268: Client disconnected. 0 clients total.
