[roslaunch][INFO] 2017-10-09 15:23:30,222: Checking log directory for disk usage. This may take awhile.
Press Ctrl-C to interrupt
[roslaunch][INFO] 2017-10-09 15:23:30,437: Done checking log file disk usage. Usage is <1GB.
[roslaunch][INFO] 2017-10-09 15:23:30,437: roslaunch starting with args ['roscore', '--core', '-p', '49565']
[roslaunch][INFO] 2017-10-09 15:23:30,441: roslaunch env is {'ROS_DISTRO': 'indigo', 'ASNLIB': '/home/ccc_v1_s80115__49396/asn17210_Project_2_/asn17211_Project_2/asnlib.0', 'LIB': '/home/ccc_v1_s80115__49396/lib', 'PKG_CONFIG_PATH': '/opt/ros/indigo/lib/pkgconfig:/opt/ros/indigo/lib/x86_64-linux-gnu/pkgconfig', 'SSH_CLIENT': '172.31.43.31 47676 22', 'CPATH': '/opt/ros/indigo/include', 'LOGNAME': 'ccc_v1_w_NDU1M_86698', 'USER': 'ccc_v1_w_NDU1M_86698', 'ROS_NODE_PORT': '49565', 'HOME': '/home/ccc_v1_w_NDU1M_86698/asn17210_Project_2_/asn17211_Project_2/work', 'PATH': '/opt/ros/indigo/bin:/usr/local/sbin:/usr/local/bin:/usr/sbin:/usr/bin:/sbin:/bin:/usr/games:/usr/local/games:/home/local/bin:/home/ccc_v1_s80115__49396/lib:/home/ccc_v1_s80115__49396/asn17210_Project_2_/asn17211_Project_2/asnlib.0:/home/vlibs:.', 'CMAKE_PREFIX_PATH': '/opt/ros/indigo', 'LD_LIBRARY_PATH': '/opt/ros/indigo/lib:/opt/ros/indigo/lib/x86_64-linux-gnu:/home/ccc_v1_s80115__49396/lib:/home/ccc_v1_s80115__49396/asn17210_Project_2_/asn17211_Project_2/asnlib.0:/home/vlibs', 'LANG': 'en_US.UTF-8', 'TERM': 'xterm-256color', 'SHELL': '/bin/bash', 'HISTFILE': '/home/ccc_v1_w_NDU1M_86698/.bash_history', 'SHLVL': '2', 'VOC_WORKAREA': '/home/ccc_v1_w_NDU1M_86698/asn17210_Project_2_/asn17211_Project_2/work', 'ROS_LOG_FILENAME': '/home/ccc_v1_w_NDU1M_86698/asn17210_Project_2_/asn17211_Project_2/work/.ros/log/7a6fccf4-ad40-11e7-b199-06f360e4abc1/roslaunch-ip-172-31-19-100-18658.log', 'PART1': '/home/ccc_v1_s80115__49396/asn17210_Project_2_/asn17211_Project_2', 'ROS_ETC_DIR': '/opt/ros/indigo/etc/ros', 'XDG_RUNTIME_DIR': '/run/user/86698', 'PYTHONPATH': '/opt/ros/indigo/lib/python2.7/dist-packages:/home/vlibs/python', 'VOC_PROXY_WRAPPER_PORT': '5100', 'VOC_XFER_TOKEN': '857306603298812988117211059dbf6d5558be2.12461534', 'ROS_ROOT': '/opt/ros/indigo/share/ros', 'OLD_HOME': '/home/ccc_v1_w_NDU1M_86698', 'VOC_PROXY_TOKEN': '12027243192988129881172110159dbf6d55ba031.73018959', 'ROS_PACKAGE_PATH': '/opt/ros/indigo/share:/opt/ros/indigo/stacks', 'XDG_SESSION_ID': '127798', '_': '/usr/bin/stdbuf', 'LD_PRELOAD': '/usr/lib/coreutils/libstdbuf.so', '_STDBUF_O': 'L', 'SSH_TTY': '/dev/pts/5', 'OLDPWD': '/home/ccc_v1_w_NDU1M_86698', 'ROSLISP_PACKAGE_DIRECTORIES': '', 'VLIB': '/home/vlibs', 'PWD': '/home/ccc_v1_w_NDU1M_86698/asn17210_Project_2_/asn17211_Project_2/work', 'VOC_PROXY_ID': '29881_29881_17211_0_1', 'ROS_MASTER_URI': 'http://localhost:49565', 'MAIL': '/var/mail/ccc_v1_w_NDU1M_86698', 'SSH_CONNECTION': '172.31.43.31 47676 172.31.19.100 22'}
[roslaunch][INFO] 2017-10-09 15:23:30,445: starting in server mode
[roslaunch.parent][INFO] 2017-10-09 15:23:30,455: starting roslaunch parent run
[roslaunch][INFO] 2017-10-09 15:23:30,472: loading roscore config file /opt/ros/indigo/etc/ros/roscore.xml
[roslaunch][INFO] 2017-10-09 15:23:30,579: Added core node of type [rosout/rosout] in namespace [/]
[roslaunch.pmon][INFO] 2017-10-09 15:23:30,580: start_process_monitor: creating ProcessMonitor
[roslaunch.pmon][INFO] 2017-10-09 15:23:30,584: created process monitor <ProcessMonitor(ProcessMonitor-1, initial daemon)>
[roslaunch.pmon][INFO] 2017-10-09 15:23:30,593: start_process_monitor: ProcessMonitor started
[roslaunch.parent][INFO] 2017-10-09 15:23:30,603: starting parent XML-RPC server
[roslaunch.server][INFO] 2017-10-09 15:23:30,606: starting roslaunch XML-RPC server
[roslaunch.server][INFO] 2017-10-09 15:23:30,611: waiting for roslaunch XML-RPC server to initialize
[xmlrpc][INFO] 2017-10-09 15:23:30,611: XML-RPC server binding to 0.0.0.0:0
[xmlrpc][INFO] 2017-10-09 15:23:30,623: Started XML-RPC server [http://ip-172-31-19-100:38695/]
[xmlrpc][INFO] 2017-10-09 15:23:30,627: xml rpc node: starting XML-RPC server
[roslaunch][INFO] 2017-10-09 15:23:30,641: started roslaunch server http://ip-172-31-19-100:38695/
[roslaunch.parent][INFO] 2017-10-09 15:23:30,644: ... parent XML-RPC server started
[roslaunch][INFO] 2017-10-09 15:23:30,649: master.is_running[http://ip-172-31-19-100:49565/]
[roslaunch][INFO] 2017-10-09 15:23:30,653: auto-starting new master
[roslaunch][INFO] 2017-10-09 15:23:30,657: create_master_process: rosmaster, /opt/ros/indigo/share/ros, 49565, 3, None
[roslaunch][INFO] 2017-10-09 15:23:30,661: process[master]: launching with args [['rosmaster', '--core', '-p', '49565', '-w', '3']]
[roslaunch.pmon][INFO] 2017-10-09 15:23:30,668: ProcessMonitor.register[master]
[roslaunch.pmon][INFO] 2017-10-09 15:23:30,675: ProcessMonitor.register[master] complete
[roslaunch][INFO] 2017-10-09 15:23:30,683: process[master]: starting os process
[roslaunch][INFO] 2017-10-09 15:23:30,696: process[master]: start w/ args [['rosmaster', '--core', '-p', '49565', '-w', '3', '__log:=/home/ccc_v1_w_NDU1M_86698/asn17210_Project_2_/asn17211_Project_2/work/.ros/log/7a6fccf4-ad40-11e7-b199-06f360e4abc1/master.log']]
[roslaunch][INFO] 2017-10-09 15:23:30,712: process[master]: cwd will be [/home/ccc_v1_w_NDU1M_86698/asn17210_Project_2_/asn17211_Project_2/work/.ros]
[roslaunch][INFO] 2017-10-09 15:23:30,731: process[master]: started with pid [18674]
[roslaunch][INFO] 2017-10-09 15:23:30,733: master.is_running[http://ip-172-31-19-100:49565/]
[roslaunch][INFO] 2017-10-09 15:23:30,838: master.is_running[http://ip-172-31-19-100:49565/]
[roslaunch][INFO] 2017-10-09 15:23:30,942: master.is_running[http://ip-172-31-19-100:49565/]
[roslaunch][INFO] 2017-10-09 15:23:30,948: master.is_running[http://ip-172-31-19-100:49565/]
[roslaunch][INFO] 2017-10-09 15:23:30,968: ROS_MASTER_URI=http://ip-172-31-19-100:49565/
[roslaunch][INFO] 2017-10-09 15:23:30,973: setting /run_id to 7a6fccf4-ad40-11e7-b199-06f360e4abc1
[roslaunch][INFO] 2017-10-09 15:23:30,982: setting /roslaunch/uris/host_ip_172_31_19_100__38695' to http://ip-172-31-19-100:38695/
[roslaunch][INFO] 2017-10-09 15:23:30,992: ... preparing to launch node of type [rosout/rosout]
[roslaunch][INFO] 2017-10-09 15:23:30,997: create_node_process: package[rosout] type[rosout] machine[Machine(name[] env_loader[None] address[localhost] ssh_port[22] user[None] assignable[True] timeout[10.0])] master_uri[http://ip-172-31-19-100:49565/]
[roslaunch][INFO] 2017-10-09 15:23:31,001: process[rosout-1]: env[{'ROS_DISTRO': 'indigo', 'ASNLIB': '/home/ccc_v1_s80115__49396/asn17210_Project_2_/asn17211_Project_2/asnlib.0', 'LIB': '/home/ccc_v1_s80115__49396/lib', 'VOC_PROXY_TOKEN': '12027243192988129881172110159dbf6d55ba031.73018959', 'SSH_CLIENT': '172.31.43.31 47676 22', 'CPATH': '/opt/ros/indigo/include', 'LOGNAME': 'ccc_v1_w_NDU1M_86698', 'USER': 'ccc_v1_w_NDU1M_86698', 'ROS_NODE_PORT': '49565', 'HOME': '/home/ccc_v1_w_NDU1M_86698/asn17210_Project_2_/asn17211_Project_2/work', 'PATH': '/opt/ros/indigo/bin:/usr/local/sbin:/usr/local/bin:/usr/sbin:/usr/bin:/sbin:/bin:/usr/games:/usr/local/games:/home/local/bin:/home/ccc_v1_s80115__49396/lib:/home/ccc_v1_s80115__49396/asn17210_Project_2_/asn17211_Project_2/asnlib.0:/home/vlibs:.', 'CMAKE_PREFIX_PATH': '/opt/ros/indigo', 'ROS_LOG_FILENAME': '/home/ccc_v1_w_NDU1M_86698/asn17210_Project_2_/asn17211_Project_2/work/.ros/log/7a6fccf4-ad40-11e7-b199-06f360e4abc1/roslaunch-ip-172-31-19-100-18658.log', 'LANG': 'en_US.UTF-8', 'TERM': 'xterm-256color', 'SHELL': '/bin/bash', 'HISTFILE': '/home/ccc_v1_w_NDU1M_86698/.bash_history', 'SHLVL': '2', 'VOC_WORKAREA': '/home/ccc_v1_w_NDU1M_86698/asn17210_Project_2_/asn17211_Project_2/work', 'LD_LIBRARY_PATH': '/opt/ros/indigo/lib:/opt/ros/indigo/lib/x86_64-linux-gnu:/home/ccc_v1_s80115__49396/lib:/home/ccc_v1_s80115__49396/asn17210_Project_2_/asn17211_Project_2/asnlib.0:/home/vlibs', 'PART1': '/home/ccc_v1_s80115__49396/asn17210_Project_2_/asn17211_Project_2', 'ROS_MASTER_URI': 'http://ip-172-31-19-100:49565/', 'XDG_RUNTIME_DIR': '/run/user/86698', 'PYTHONPATH': '/opt/ros/indigo/lib/python2.7/dist-packages:/home/vlibs/python', 'VOC_PROXY_WRAPPER_PORT': '5100', 'VOC_XFER_TOKEN': '857306603298812988117211059dbf6d5558be2.12461534', 'ROS_ROOT': '/opt/ros/indigo/share/ros', 'OLD_HOME': '/home/ccc_v1_w_NDU1M_86698', 'PKG_CONFIG_PATH': '/opt/ros/indigo/lib/pkgconfig:/opt/ros/indigo/lib/x86_64-linux-gnu/pkgconfig', 'ROS_PACKAGE_PATH': '/opt/ros/indigo/share:/opt/ros/indigo/stacks', 'XDG_SESSION_ID': '127798', '_': '/usr/bin/stdbuf', 'LD_PRELOAD': '/usr/lib/coreutils/libstdbuf.so', '_STDBUF_O': 'L', 'SSH_TTY': '/dev/pts/5', 'OLDPWD': '/home/ccc_v1_w_NDU1M_86698', 'ROSLISP_PACKAGE_DIRECTORIES': '', 'VLIB': '/home/vlibs', 'PWD': '/home/ccc_v1_w_NDU1M_86698/asn17210_Project_2_/asn17211_Project_2/work', 'VOC_PROXY_ID': '29881_29881_17211_0_1', 'ROS_ETC_DIR': '/opt/ros/indigo/etc/ros', 'MAIL': '/var/mail/ccc_v1_w_NDU1M_86698', 'SSH_CONNECTION': '172.31.43.31 47676 172.31.19.100 22'}]
[roslaunch][INFO] 2017-10-09 15:23:31,029: process[rosout-1]: args[[u'/opt/ros/indigo/lib/rosout/rosout', u'__name:=rosout']]
[roslaunch][INFO] 2017-10-09 15:23:31,033: ... created process [rosout-1]
[roslaunch.pmon][INFO] 2017-10-09 15:23:31,037: ProcessMonitor.register[rosout-1]
[roslaunch.pmon][INFO] 2017-10-09 15:23:31,041: ProcessMonitor.register[rosout-1] complete
[roslaunch][INFO] 2017-10-09 15:23:31,052: ... registered process [rosout-1]
[roslaunch][INFO] 2017-10-09 15:23:31,055: process[rosout-1]: starting os process
[roslaunch][INFO] 2017-10-09 15:23:31,060: process[rosout-1]: start w/ args [[u'/opt/ros/indigo/lib/rosout/rosout', u'__name:=rosout', u'__log:=/home/ccc_v1_w_NDU1M_86698/asn17210_Project_2_/asn17211_Project_2/work/.ros/log/7a6fccf4-ad40-11e7-b199-06f360e4abc1/rosout-1.log']]
[roslaunch][INFO] 2017-10-09 15:23:31,064: process[rosout-1]: cwd will be [/home/ccc_v1_w_NDU1M_86698/asn17210_Project_2_/asn17211_Project_2/work/.ros]
[roslaunch][INFO] 2017-10-09 15:23:31,072: process[rosout-1]: started with pid [18691]
[roslaunch][INFO] 2017-10-09 15:23:31,073: ... successfully launched [rosout-1]
[roslaunch][INFO] 2017-10-09 15:23:31,076: load_parameters starting ...
[roslaunch][INFO] 2017-10-09 15:23:31,098: ... load_parameters complete
[roslaunch][INFO] 2017-10-09 15:23:31,101: launch_nodes: launching local nodes ...
[roslaunch][INFO] 2017-10-09 15:23:31,105: ... launch_nodes complete
[roslaunch.pmon][INFO] 2017-10-09 15:23:31,109: registrations completed <ProcessMonitor(ProcessMonitor-1, started daemon 139840016574208)>
[roslaunch.parent][INFO] 2017-10-09 15:23:31,119: ... roslaunch parent running, waiting for process exit
[roslaunch][INFO] 2017-10-09 15:23:31,123: spin
