[roslaunch][INFO] 2017-10-09 15:23:32,417: Checking log directory for disk usage. This may take awhile.
Press Ctrl-C to interrupt
[roslaunch][INFO] 2017-10-09 15:23:32,463: Done checking log file disk usage. Usage is <1GB.
[roslaunch][INFO] 2017-10-09 15:23:32,463: roslaunch starting with args ['/opt/ros/indigo/bin/roslaunch', 'rosbridge_server', 'rosbridge_websocket.launch', 'port:=45523']
[roslaunch][INFO] 2017-10-09 15:23:32,478: roslaunch env is {'ROS_DISTRO': 'indigo', 'ASNLIB': '/home/ccc_v1_s80115__49396/asn17210_Project_2_/asn17211_Project_2/asnlib.0', 'LIB': '/home/ccc_v1_s80115__49396/lib', 'PKG_CONFIG_PATH': '/opt/ros/indigo/lib/pkgconfig:/opt/ros/indigo/lib/x86_64-linux-gnu/pkgconfig', 'SSH_CLIENT': '172.31.43.31 47676 22', 'CPATH': '/opt/ros/indigo/include', 'LOGNAME': 'ccc_v1_w_NDU1M_86698', 'USER': 'ccc_v1_w_NDU1M_86698', 'ROS_NODE_PORT': '49565', 'HOME': '/home/ccc_v1_w_NDU1M_86698/asn17210_Project_2_/asn17211_Project_2/work', 'PATH': '/opt/ros/indigo/bin:/usr/local/sbin:/usr/local/bin:/usr/sbin:/usr/bin:/sbin:/bin:/usr/games:/usr/local/games:/home/local/bin:/home/ccc_v1_s80115__49396/lib:/home/ccc_v1_s80115__49396/asn17210_Project_2_/asn17211_Project_2/asnlib.0:/home/vlibs:.', 'CMAKE_PREFIX_PATH': '/opt/ros/indigo', 'LD_LIBRARY_PATH': '/opt/ros/indigo/lib:/opt/ros/indigo/lib/x86_64-linux-gnu:/home/ccc_v1_s80115__49396/lib:/home/ccc_v1_s80115__49396/asn17210_Project_2_/asn17211_Project_2/asnlib.0:/home/vlibs', 'LANG': 'en_US.UTF-8', 'TERM': 'xterm-256color', 'SHELL': '/bin/bash', 'HISTFILE': '/home/ccc_v1_w_NDU1M_86698/.bash_history', 'SHLVL': '2', 'VOC_WORKAREA': '/home/ccc_v1_w_NDU1M_86698/asn17210_Project_2_/asn17211_Project_2/work', 'ROS_LOG_FILENAME': '/home/ccc_v1_w_NDU1M_86698/asn17210_Project_2_/asn17211_Project_2/work/.ros/log/7a6fccf4-ad40-11e7-b199-06f360e4abc1/roslaunch-ip-172-31-19-100-18766.log', 'PART1': '/home/ccc_v1_s80115__49396/asn17210_Project_2_/asn17211_Project_2', 'ROS_ETC_DIR': '/opt/ros/indigo/etc/ros', 'XDG_RUNTIME_DIR': '/run/user/86698', 'PYTHONPATH': '/opt/ros/indigo/lib/python2.7/dist-packages:/home/vlibs/python', 'VOC_PROXY_WRAPPER_PORT': '5100', 'VOC_XFER_TOKEN': '857306603298812988117211059dbf6d5558be2.12461534', 'ROS_ROOT': '/opt/ros/indigo/share/ros', 'OLD_HOME': '/home/ccc_v1_w_NDU1M_86698', 'VOC_PROXY_TOKEN': '12027243192988129881172110159dbf6d55ba031.73018959', 'ROS_PACKAGE_PATH': '/opt/ros/indigo/share:/opt/ros/indigo/stacks', 'XDG_SESSION_ID': '127798', '_': '/usr/bin/stdbuf', 'LD_PRELOAD': '/usr/lib/coreutils/libstdbuf.so', '_STDBUF_O': 'L', 'SSH_TTY': '/dev/pts/5', 'OLDPWD': '/home/ccc_v1_w_NDU1M_86698', 'ROSLISP_PACKAGE_DIRECTORIES': '', 'VLIB': '/home/vlibs', 'PWD': '/home/ccc_v1_w_NDU1M_86698/asn17210_Project_2_/asn17211_Project_2/work', 'VOC_PROXY_ID': '29881_29881_17211_0_1', 'ROS_MASTER_URI': 'http://localhost:49565', 'MAIL': '/var/mail/ccc_v1_w_NDU1M_86698', 'SSH_CONNECTION': '172.31.43.31 47676 172.31.19.100 22'}
[roslaunch][INFO] 2017-10-09 15:23:32,482: starting in server mode
[roslaunch.parent][INFO] 2017-10-09 15:23:32,486: starting roslaunch parent run
[roslaunch][INFO] 2017-10-09 15:23:32,490: loading roscore config file /opt/ros/indigo/etc/ros/roscore.xml
[roslaunch][INFO] 2017-10-09 15:23:32,613: Added core node of type [rosout/rosout] in namespace [/]
[roslaunch.config][INFO] 2017-10-09 15:23:32,618: loading config file /opt/ros/indigo/share/rosbridge_server/launch/rosbridge_websocket.launch
[roslaunch][INFO] 2017-10-09 15:23:32,624: Added node of type [rosbridge_server/rosbridge_websocket] in namespace [/]
[roslaunch][INFO] 2017-10-09 15:23:32,628: Added node of type [rosapi/rosapi_node] in namespace [/]
[roslaunch][INFO] 2017-10-09 15:23:32,632: ... selected machine [] for node of type [rosbridge_server/rosbridge_websocket]
[roslaunch][INFO] 2017-10-09 15:23:32,642: ... selected machine [] for node of type [rosapi/rosapi_node]
[roslaunch.pmon][INFO] 2017-10-09 15:23:32,646: start_process_monitor: creating ProcessMonitor
[roslaunch.pmon][INFO] 2017-10-09 15:23:32,649: created process monitor <ProcessMonitor(ProcessMonitor-1, initial daemon)>
[roslaunch.pmon][INFO] 2017-10-09 15:23:32,653: start_process_monitor: ProcessMonitor started
[roslaunch.parent][INFO] 2017-10-09 15:23:32,656: starting parent XML-RPC server
[roslaunch.server][INFO] 2017-10-09 15:23:32,660: starting roslaunch XML-RPC server
[roslaunch.server][INFO] 2017-10-09 15:23:32,664: waiting for roslaunch XML-RPC server to initialize
[xmlrpc][INFO] 2017-10-09 15:23:32,664: XML-RPC server binding to 0.0.0.0:0
[xmlrpc][INFO] 2017-10-09 15:23:32,671: Started XML-RPC server [http://ip-172-31-19-100:34652/]
[xmlrpc][INFO] 2017-10-09 15:23:32,674: xml rpc node: starting XML-RPC server
[roslaunch][INFO] 2017-10-09 15:23:32,680: started roslaunch server http://ip-172-31-19-100:34652/
[roslaunch.parent][INFO] 2017-10-09 15:23:32,685: ... parent XML-RPC server started
[roslaunch][INFO] 2017-10-09 15:23:32,688: master.is_running[http://localhost:49565]
[roslaunch][INFO] 2017-10-09 15:23:32,693: master.is_running[http://localhost:49565]
[roslaunch][INFO] 2017-10-09 15:23:32,697: ROS_MASTER_URI=http://localhost:49565
[roslaunch][INFO] 2017-10-09 15:23:32,702: setting /roslaunch/uris/host_ip_172_31_19_100__34652' to http://ip-172-31-19-100:34652/
[roslaunch][INFO] 2017-10-09 15:23:32,707: load_parameters starting ...
[roslaunch][INFO] 2017-10-09 15:23:32,758: ... load_parameters complete
[roslaunch][INFO] 2017-10-09 15:23:32,762: launch_nodes: launching local nodes ...
[roslaunch][INFO] 2017-10-09 15:23:32,765: ... preparing to launch node of type [rosbridge_server/rosbridge_websocket]
[roslaunch][INFO] 2017-10-09 15:23:32,769: create_node_process: package[rosbridge_server] type[rosbridge_websocket] machine[Machine(name[] env_loader[None] address[localhost] ssh_port[22] user[None] assignable[True] timeout[10.0])] master_uri[http://localhost:49565]
[roslaunch][INFO] 2017-10-09 15:23:32,772: process[rosbridge_websocket-1]: env[{'ROS_DISTRO': 'indigo', 'ASNLIB': '/home/ccc_v1_s80115__49396/asn17210_Project_2_/asn17211_Project_2/asnlib.0', 'LIB': '/home/ccc_v1_s80115__49396/lib', 'VOC_PROXY_TOKEN': '12027243192988129881172110159dbf6d55ba031.73018959', 'SSH_CLIENT': '172.31.43.31 47676 22', 'CPATH': '/opt/ros/indigo/include', 'LOGNAME': 'ccc_v1_w_NDU1M_86698', 'USER': 'ccc_v1_w_NDU1M_86698', 'ROS_NODE_PORT': '49565', 'HOME': '/home/ccc_v1_w_NDU1M_86698/asn17210_Project_2_/asn17211_Project_2/work', 'PATH': '/opt/ros/indigo/bin:/usr/local/sbin:/usr/local/bin:/usr/sbin:/usr/bin:/sbin:/bin:/usr/games:/usr/local/games:/home/local/bin:/home/ccc_v1_s80115__49396/lib:/home/ccc_v1_s80115__49396/asn17210_Project_2_/asn17211_Project_2/asnlib.0:/home/vlibs:.', 'CMAKE_PREFIX_PATH': '/opt/ros/indigo', 'ROS_LOG_FILENAME': '/home/ccc_v1_w_NDU1M_86698/asn17210_Project_2_/asn17211_Project_2/work/.ros/log/7a6fccf4-ad40-11e7-b199-06f360e4abc1/roslaunch-ip-172-31-19-100-18766.log', 'LANG': 'en_US.UTF-8', 'TERM': 'xterm-256color', 'SHELL': '/bin/bash', 'HISTFILE': '/home/ccc_v1_w_NDU1M_86698/.bash_history', 'SHLVL': '2', 'VOC_WORKAREA': '/home/ccc_v1_w_NDU1M_86698/asn17210_Project_2_/asn17211_Project_2/work', 'LD_LIBRARY_PATH': '/opt/ros/indigo/lib:/opt/ros/indigo/lib/x86_64-linux-gnu:/home/ccc_v1_s80115__49396/lib:/home/ccc_v1_s80115__49396/asn17210_Project_2_/asn17211_Project_2/asnlib.0:/home/vlibs', 'PART1': '/home/ccc_v1_s80115__49396/asn17210_Project_2_/asn17211_Project_2', 'ROS_MASTER_URI': 'http://localhost:49565', 'XDG_RUNTIME_DIR': '/run/user/86698', 'PYTHONPATH': '/opt/ros/indigo/lib/python2.7/dist-packages:/home/vlibs/python', 'VOC_PROXY_WRAPPER_PORT': '5100', 'VOC_XFER_TOKEN': '857306603298812988117211059dbf6d5558be2.12461534', 'ROS_ROOT': '/opt/ros/indigo/share/ros', 'OLD_HOME': '/home/ccc_v1_w_NDU1M_86698', 'PKG_CONFIG_PATH': '/opt/ros/indigo/lib/pkgconfig:/opt/ros/indigo/lib/x86_64-linux-gnu/pkgconfig', 'ROS_PACKAGE_PATH': '/opt/ros/indigo/share:/opt/ros/indigo/stacks', 'XDG_SESSION_ID': '127798', '_': '/usr/bin/stdbuf', 'LD_PRELOAD': '/usr/lib/coreutils/libstdbuf.so', '_STDBUF_O': 'L', 'SSH_TTY': '/dev/pts/5', 'OLDPWD': '/home/ccc_v1_w_NDU1M_86698', 'ROSLISP_PACKAGE_DIRECTORIES': '', 'VLIB': '/home/vlibs', 'PWD': '/home/ccc_v1_w_NDU1M_86698/asn17210_Project_2_/asn17211_Project_2/work', 'VOC_PROXY_ID': '29881_29881_17211_0_1', 'ROS_ETC_DIR': '/opt/ros/indigo/etc/ros', 'MAIL': '/var/mail/ccc_v1_w_NDU1M_86698', 'SSH_CONNECTION': '172.31.43.31 47676 172.31.19.100 22'}]
[roslaunch][INFO] 2017-10-09 15:23:32,807: process[rosbridge_websocket-1]: args[[u'/opt/ros/indigo/lib/rosbridge_server/rosbridge_websocket', u'__name:=rosbridge_websocket']]
[roslaunch][INFO] 2017-10-09 15:23:32,811: ... created process [rosbridge_websocket-1]
[roslaunch.pmon][INFO] 2017-10-09 15:23:32,814: ProcessMonitor.register[rosbridge_websocket-1]
[roslaunch.pmon][INFO] 2017-10-09 15:23:32,817: ProcessMonitor.register[rosbridge_websocket-1] complete
[roslaunch][INFO] 2017-10-09 15:23:32,835: ... registered process [rosbridge_websocket-1]
[roslaunch][INFO] 2017-10-09 15:23:32,839: process[rosbridge_websocket-1]: starting os process
[roslaunch][INFO] 2017-10-09 15:23:32,853: process[rosbridge_websocket-1]: start w/ args [[u'/opt/ros/indigo/lib/rosbridge_server/rosbridge_websocket', u'__name:=rosbridge_websocket', u'__log:=/home/ccc_v1_w_NDU1M_86698/asn17210_Project_2_/asn17211_Project_2/work/.ros/log/7a6fccf4-ad40-11e7-b199-06f360e4abc1/rosbridge_websocket-1.log']]
[roslaunch][INFO] 2017-10-09 15:23:32,868: process[rosbridge_websocket-1]: cwd will be [/home/ccc_v1_w_NDU1M_86698/asn17210_Project_2_/asn17211_Project_2/work/.ros]
[roslaunch][INFO] 2017-10-09 15:23:33,000: process[rosbridge_websocket-1]: started with pid [18828]
[roslaunch][INFO] 2017-10-09 15:23:33,001: ... successfully launched [rosbridge_websocket-1]
[roslaunch][INFO] 2017-10-09 15:23:33,009: ... preparing to launch node of type [rosapi/rosapi_node]
[roslaunch][INFO] 2017-10-09 15:23:33,014: create_node_process: package[rosapi] type[rosapi_node] machine[Machine(name[] env_loader[None] address[localhost] ssh_port[22] user[None] assignable[True] timeout[10.0])] master_uri[http://localhost:49565]
[roslaunch][INFO] 2017-10-09 15:23:33,021: process[rosapi-2]: env[{'ROS_DISTRO': 'indigo', 'ASNLIB': '/home/ccc_v1_s80115__49396/asn17210_Project_2_/asn17211_Project_2/asnlib.0', 'LIB': '/home/ccc_v1_s80115__49396/lib', 'VOC_PROXY_TOKEN': '12027243192988129881172110159dbf6d55ba031.73018959', 'SSH_CLIENT': '172.31.43.31 47676 22', 'CPATH': '/opt/ros/indigo/include', 'LOGNAME': 'ccc_v1_w_NDU1M_86698', 'USER': 'ccc_v1_w_NDU1M_86698', 'ROS_NODE_PORT': '49565', 'HOME': '/home/ccc_v1_w_NDU1M_86698/asn17210_Project_2_/asn17211_Project_2/work', 'PATH': '/opt/ros/indigo/bin:/usr/local/sbin:/usr/local/bin:/usr/sbin:/usr/bin:/sbin:/bin:/usr/games:/usr/local/games:/home/local/bin:/home/ccc_v1_s80115__49396/lib:/home/ccc_v1_s80115__49396/asn17210_Project_2_/asn17211_Project_2/asnlib.0:/home/vlibs:.', 'CMAKE_PREFIX_PATH': '/opt/ros/indigo', 'ROS_LOG_FILENAME': '/home/ccc_v1_w_NDU1M_86698/asn17210_Project_2_/asn17211_Project_2/work/.ros/log/7a6fccf4-ad40-11e7-b199-06f360e4abc1/roslaunch-ip-172-31-19-100-18766.log', 'LANG': 'en_US.UTF-8', 'TERM': 'xterm-256color', 'SHELL': '/bin/bash', 'HISTFILE': '/home/ccc_v1_w_NDU1M_86698/.bash_history', 'SHLVL': '2', 'VOC_WORKAREA': '/home/ccc_v1_w_NDU1M_86698/asn17210_Project_2_/asn17211_Project_2/work', 'LD_LIBRARY_PATH': '/opt/ros/indigo/lib:/opt/ros/indigo/lib/x86_64-linux-gnu:/home/ccc_v1_s80115__49396/lib:/home/ccc_v1_s80115__49396/asn17210_Project_2_/asn17211_Project_2/asnlib.0:/home/vlibs', 'PART1': '/home/ccc_v1_s80115__49396/asn17210_Project_2_/asn17211_Project_2', 'ROS_MASTER_URI': 'http://localhost:49565', 'XDG_RUNTIME_DIR': '/run/user/86698', 'PYTHONPATH': '/opt/ros/indigo/lib/python2.7/dist-packages:/home/vlibs/python', 'VOC_PROXY_WRAPPER_PORT': '5100', 'VOC_XFER_TOKEN': '857306603298812988117211059dbf6d5558be2.12461534', 'ROS_ROOT': '/opt/ros/indigo/share/ros', 'OLD_HOME': '/home/ccc_v1_w_NDU1M_86698', 'PKG_CONFIG_PATH': '/opt/ros/indigo/lib/pkgconfig:/opt/ros/indigo/lib/x86_64-linux-gnu/pkgconfig', 'ROS_PACKAGE_PATH': '/opt/ros/indigo/share:/opt/ros/indigo/stacks', 'XDG_SESSION_ID': '127798', '_': '/usr/bin/stdbuf', 'LD_PRELOAD': '/usr/lib/coreutils/libstdbuf.so', '_STDBUF_O': 'L', 'SSH_TTY': '/dev/pts/5', 'OLDPWD': '/home/ccc_v1_w_NDU1M_86698', 'ROSLISP_PACKAGE_DIRECTORIES': '', 'VLIB': '/home/vlibs', 'PWD': '/home/ccc_v1_w_NDU1M_86698/asn17210_Project_2_/asn17211_Project_2/work', 'VOC_PROXY_ID': '29881_29881_17211_0_1', 'ROS_ETC_DIR': '/opt/ros/indigo/etc/ros', 'MAIL': '/var/mail/ccc_v1_w_NDU1M_86698', 'SSH_CONNECTION': '172.31.43.31 47676 172.31.19.100 22'}]
[roslaunch][INFO] 2017-10-09 15:23:33,026: process[rosapi-2]: args[[u'/opt/ros/indigo/lib/rosapi/rosapi_node', u'__name:=rosapi']]
[roslaunch][INFO] 2017-10-09 15:23:33,030: ... created process [rosapi-2]
[roslaunch.pmon][INFO] 2017-10-09 15:23:33,033: ProcessMonitor.register[rosapi-2]
[roslaunch.pmon][INFO] 2017-10-09 15:23:33,042: ProcessMonitor.register[rosapi-2] complete
[roslaunch][INFO] 2017-10-09 15:23:33,092: ... registered process [rosapi-2]
[roslaunch][INFO] 2017-10-09 15:23:33,100: process[rosapi-2]: starting os process
[roslaunch][INFO] 2017-10-09 15:23:33,114: process[rosapi-2]: start w/ args [[u'/opt/ros/indigo/lib/rosapi/rosapi_node', u'__name:=rosapi', u'__log:=/home/ccc_v1_w_NDU1M_86698/asn17210_Project_2_/asn17211_Project_2/work/.ros/log/7a6fccf4-ad40-11e7-b199-06f360e4abc1/rosapi-2.log']]
[roslaunch][INFO] 2017-10-09 15:23:33,129: process[rosapi-2]: cwd will be [/home/ccc_v1_w_NDU1M_86698/asn17210_Project_2_/asn17211_Project_2/work/.ros]
[roslaunch][INFO] 2017-10-09 15:23:33,140: process[rosapi-2]: started with pid [18835]
[roslaunch][INFO] 2017-10-09 15:23:33,142: ... successfully launched [rosapi-2]
[roslaunch][INFO] 2017-10-09 15:23:33,146: ... launch_nodes complete
[roslaunch.pmon][INFO] 2017-10-09 15:23:33,150: registrations completed <ProcessMonitor(ProcessMonitor-1, started daemon 140674179446528)>
[roslaunch.parent][INFO] 2017-10-09 15:23:33,154: ... roslaunch parent running, waiting for process exit
[roslaunch][INFO] 2017-10-09 15:23:33,158: spin
