[rospy.client][INFO] 2017-10-02 09:06:16,414: init_node, name[/listener_15891_1506960376379], pid[15891]
[xmlrpc][INFO] 2017-10-02 09:06:16,414: XML-RPC server binding to 0.0.0.0:0
[xmlrpc][INFO] 2017-10-02 09:06:16,418: Started XML-RPC server [http://ip-172-31-19-100:54315/]
[rospy.init][INFO] 2017-10-02 09:06:16,419: ROS Slave URI: [http://ip-172-31-19-100:54315/]
[rospy.impl.masterslave][INFO] 2017-10-02 09:06:16,422: _ready: http://ip-172-31-19-100:54315/
[xmlrpc][INFO] 2017-10-02 09:06:16,430: xml rpc node: starting XML-RPC server
[rospy.registration][INFO] 2017-10-02 09:06:16,430: Registering with master node http://localhost:49466
[rospy.init][INFO] 2017-10-02 09:06:16,526: registered with master
[rospy.rosout][INFO] 2017-10-02 09:06:16,530: initializing /rosout core topic
[rospy.rosout][INFO] 2017-10-02 09:06:16,540: connected to core topic /rosout
[rospy.simtime][INFO] 2017-10-02 09:06:16,752: /use_sim_time is not set, will not subscribe to simulated time [/clock] topic
[rospy.internal][INFO] 2017-10-02 09:06:16,805: topic[/two_ints] adding connection to [http://ip-172-31-19-100:49315/], count 0
[rospy.internal][INFO] 2017-10-02 09:06:16,954: topic[/rosout] adding connection to [/rosout], count 0
[rospy.core][INFO] 2017-10-02 09:06:26,379: signal_shutdown [signal-2]
[rospy.internal][INFO] 2017-10-02 09:06:26,474: topic[/rosout] removing connection to /rosout
[rospy.internal][INFO] 2017-10-02 09:06:26,478: topic[/two_ints] removing connection to http://ip-172-31-19-100:49315/
[rospy.internal][WARNING] 2017-10-02 09:06:26,479: Unknown error initiating TCP/IP socket to ip-172-31-19-100:56966 (http://ip-172-31-19-100:49315/): Traceback (most recent call last):
  File "/opt/ros/indigo/lib/python2.7/dist-packages/rospy/impl/tcpros_base.py", line 557, in connect
    self.read_header()
  File "/opt/ros/indigo/lib/python2.7/dist-packages/rospy/impl/tcpros_base.py", line 619, in read_header
    self._validate_header(read_ros_handshake_header(sock, self.read_buff, self.protocol.buff_size))
AttributeError: 'NoneType' object has no attribute 'buff_size'

[rospy.impl.masterslave][INFO] 2017-10-02 09:06:26,482: signal-2
[rospy.core][INFO] 2017-10-02 09:06:27,053: signal_shutdown [atexit]
