[rospy.client][INFO] 2017-10-02 09:54:58,486: init_node, name[/listener_11939_1506963298453], pid[11939]
[xmlrpc][INFO] 2017-10-02 09:54:58,486: XML-RPC server binding to 0.0.0.0:0
[xmlrpc][INFO] 2017-10-02 09:54:58,492: Started XML-RPC server [http://ip-172-31-19-100:44964/]
[rospy.init][INFO] 2017-10-02 09:54:58,492: ROS Slave URI: [http://ip-172-31-19-100:44964/]
[rospy.impl.masterslave][INFO] 2017-10-02 09:54:58,495: _ready: http://ip-172-31-19-100:44964/
[xmlrpc][INFO] 2017-10-02 09:54:58,504: xml rpc node: starting XML-RPC server
[rospy.registration][INFO] 2017-10-02 09:54:58,504: Registering with master node http://localhost:47885
[rospy.init][INFO] 2017-10-02 09:54:58,599: registered with master
[rospy.rosout][INFO] 2017-10-02 09:54:58,602: initializing /rosout core topic
[rospy.rosout][INFO] 2017-10-02 09:54:58,611: connected to core topic /rosout
[rospy.simtime][INFO] 2017-10-02 09:54:58,615: /use_sim_time is not set, will not subscribe to simulated time [/clock] topic
[rospy.internal][INFO] 2017-10-02 09:54:58,639: topic[/two_ints] adding connection to [http://ip-172-31-19-100:56954/], count 0
[rospy.internal][INFO] 2017-10-02 09:54:58,816: topic[/rosout] adding connection to [/rosout], count 0
[rosout][INFO] 2017-10-02 09:54:58,842: 12
[rosout][INFO] 2017-10-02 09:54:58,943: 12
[rosout][INFO] 2017-10-02 09:54:59,043: 12
[rosout][INFO] 2017-10-02 09:54:59,143: 12
[rosout][INFO] 2017-10-02 09:54:59,243: 12
[rosout][INFO] 2017-10-02 09:54:59,343: 12
[rosout][INFO] 2017-10-02 09:54:59,443: 12
[rosout][INFO] 2017-10-02 09:54:59,543: 12
[rosout][INFO] 2017-10-02 09:54:59,643: 12
[rosout][INFO] 2017-10-02 09:54:59,743: 12
[rosout][INFO] 2017-10-02 09:54:59,843: 12
[rosout][INFO] 2017-10-02 09:54:59,943: 12
[rosout][INFO] 2017-10-02 09:55:00,043: 12
[rosout][INFO] 2017-10-02 09:55:00,143: 12
[rosout][INFO] 2017-10-02 09:55:00,243: 12
[rosout][INFO] 2017-10-02 09:55:00,343: 12
[rosout][INFO] 2017-10-02 09:55:00,443: 12
[rosout][INFO] 2017-10-02 09:55:00,543: 12
[rosout][INFO] 2017-10-02 09:55:00,643: 12
[rosout][INFO] 2017-10-02 09:55:00,743: 12
[rosout][INFO] 2017-10-02 09:55:00,843: 12
[rosout][INFO] 2017-10-02 09:55:00,943: 12
[rosout][INFO] 2017-10-02 09:55:01,043: 12
[rosout][INFO] 2017-10-02 09:55:01,143: 12
[rosout][INFO] 2017-10-02 09:55:01,243: 12
[rosout][INFO] 2017-10-02 09:55:01,343: 12
[rosout][INFO] 2017-10-02 09:55:01,443: 12
[rosout][INFO] 2017-10-02 09:55:01,543: 12
[rosout][INFO] 2017-10-02 09:55:01,643: 12
[rosout][INFO] 2017-10-02 09:55:01,743: 12
[rosout][INFO] 2017-10-02 09:55:01,843: 12
[rosout][INFO] 2017-10-02 09:55:01,943: 12
[rosout][INFO] 2017-10-02 09:55:02,043: 12
[rosout][INFO] 2017-10-02 09:55:02,143: 12
[rosout][INFO] 2017-10-02 09:55:02,243: 12
[rosout][INFO] 2017-10-02 09:55:02,343: 12
[rosout][INFO] 2017-10-02 09:55:02,443: 12
[rosout][INFO] 2017-10-02 09:55:02,543: 12
[rosout][INFO] 2017-10-02 09:55:02,643: 12
[rosout][INFO] 2017-10-02 09:55:02,743: 12
[rosout][INFO] 2017-10-02 09:55:02,843: 12
[rosout][INFO] 2017-10-02 09:55:02,943: 12
[rosout][INFO] 2017-10-02 09:55:03,043: 12
[rosout][INFO] 2017-10-02 09:55:03,143: 12
[rosout][INFO] 2017-10-02 09:55:03,243: 12
[rosout][INFO] 2017-10-02 09:55:03,343: 12
[rosout][INFO] 2017-10-02 09:55:03,443: 12
[rosout][INFO] 2017-10-02 09:55:03,543: 12
[rosout][INFO] 2017-10-02 09:55:03,643: 12
[rosout][INFO] 2017-10-02 09:55:03,743: 12
[rosout][INFO] 2017-10-02 09:55:03,842: 12
[rosout][INFO] 2017-10-02 09:55:03,943: 12
[rosout][INFO] 2017-10-02 09:55:04,043: 12
[rosout][INFO] 2017-10-02 09:55:04,143: 12
[rosout][INFO] 2017-10-02 09:55:04,243: 12
[rosout][INFO] 2017-10-02 09:55:04,343: 12
[rosout][INFO] 2017-10-02 09:55:04,443: 12
[rosout][INFO] 2017-10-02 09:55:04,543: 12
[rosout][INFO] 2017-10-02 09:55:04,643: 12
[rosout][INFO] 2017-10-02 09:55:04,743: 12
[rosout][INFO] 2017-10-02 09:55:04,843: 12
[rosout][INFO] 2017-10-02 09:55:04,943: 12
[rosout][INFO] 2017-10-02 09:55:05,043: 12
[rosout][INFO] 2017-10-02 09:55:05,143: 12
[rosout][INFO] 2017-10-02 09:55:05,242: 12
[rosout][INFO] 2017-10-02 09:55:05,343: 12
[rosout][INFO] 2017-10-02 09:55:05,443: 12
[rosout][INFO] 2017-10-02 09:55:05,543: 12
[rosout][INFO] 2017-10-02 09:55:05,643: 12
[rosout][INFO] 2017-10-02 09:55:05,743: 12
[rosout][INFO] 2017-10-02 09:55:05,843: 12
[rosout][INFO] 2017-10-02 09:55:05,943: 12
[rosout][INFO] 2017-10-02 09:55:06,043: 12
[rosout][INFO] 2017-10-02 09:55:06,143: 12
[rosout][INFO] 2017-10-02 09:55:06,243: 12
[rosout][INFO] 2017-10-02 09:55:06,343: 12
[rosout][INFO] 2017-10-02 09:55:06,443: 12
[rosout][INFO] 2017-10-02 09:55:06,543: 12
[rosout][INFO] 2017-10-02 09:55:06,643: 12
[rosout][INFO] 2017-10-02 09:55:06,743: 12
[rosout][INFO] 2017-10-02 09:55:06,843: 12
[rosout][INFO] 2017-10-02 09:55:06,943: 12
[rosout][INFO] 2017-10-02 09:55:07,043: 12
[rosout][INFO] 2017-10-02 09:55:07,143: 12
[rosout][INFO] 2017-10-02 09:55:07,243: 12
[rosout][INFO] 2017-10-02 09:55:07,343: 12
[rosout][INFO] 2017-10-02 09:55:07,443: 12
[rosout][INFO] 2017-10-02 09:55:07,543: 12
[rosout][INFO] 2017-10-02 09:55:07,643: 12
[rosout][INFO] 2017-10-02 09:55:07,743: 12
[rosout][INFO] 2017-10-02 09:55:07,843: 12
[rosout][INFO] 2017-10-02 09:55:07,943: 12
[rosout][INFO] 2017-10-02 09:55:08,043: 12
[rosout][INFO] 2017-10-02 09:55:08,143: 12
[rosout][INFO] 2017-10-02 09:55:08,243: 12
[rosout][INFO] 2017-10-02 09:55:08,343: 12
[rosout][INFO] 2017-10-02 09:55:08,443: 12
[rosout][INFO] 2017-10-02 09:55:08,543: 12
[rosout][INFO] 2017-10-02 09:55:08,643: 12
[rosout][INFO] 2017-10-02 09:55:08,743: 12
[rosout][INFO] 2017-10-02 09:55:08,843: 12
[rosout][INFO] 2017-10-02 09:55:08,943: 12
[rosout][INFO] 2017-10-02 09:55:09,043: 12
[rosout][INFO] 2017-10-02 09:55:09,143: 12
[rosout][INFO] 2017-10-02 09:55:09,243: 12
[rosout][INFO] 2017-10-02 09:55:09,343: 12
[rosout][INFO] 2017-10-02 09:55:09,443: 12
[rosout][INFO] 2017-10-02 09:55:09,543: 12
[rosout][INFO] 2017-10-02 09:55:09,643: 12
[rosout][INFO] 2017-10-02 09:55:09,743: 12
[rosout][INFO] 2017-10-02 09:55:09,843: 12
[rospy.core][INFO] 2017-10-02 09:55:09,873: signal_shutdown [signal-2]
[rospy.internal][INFO] 2017-10-02 09:55:09,901: topic[/rosout] removing connection to /rosout
[rospy.internal][INFO] 2017-10-02 09:55:09,905: topic[/two_ints] removing connection to http://ip-172-31-19-100:56954/
[rospy.impl.masterslave][INFO] 2017-10-02 09:55:09,909: signal-2
[rospy.core][INFO] 2017-10-02 09:55:10,528: signal_shutdown [atexit]
