[rospy.client][INFO] 2017-10-02 09:05:41,957: init_node, name[/listener_15420_1506960341923], pid[15420]
[xmlrpc][INFO] 2017-10-02 09:05:41,957: XML-RPC server binding to 0.0.0.0:0
[rospy.init][INFO] 2017-10-02 09:05:41,968: ROS Slave URI: [http://ip-172-31-19-100:34500/]
[xmlrpc][INFO] 2017-10-02 09:05:41,968: Started XML-RPC server [http://ip-172-31-19-100:34500/]
[rospy.impl.masterslave][INFO] 2017-10-02 09:05:41,976: _ready: http://ip-172-31-19-100:34500/
[xmlrpc][INFO] 2017-10-02 09:05:41,980: xml rpc node: starting XML-RPC server
[rospy.registration][INFO] 2017-10-02 09:05:41,980: Registering with master node http://localhost:49466
[rospy.init][INFO] 2017-10-02 09:05:42,073: registered with master
[rospy.rosout][INFO] 2017-10-02 09:05:42,081: initializing /rosout core topic
[rospy.rosout][INFO] 2017-10-02 09:05:42,090: connected to core topic /rosout
[rospy.simtime][INFO] 2017-10-02 09:05:42,094: /use_sim_time is not set, will not subscribe to simulated time [/clock] topic
[rospy.internal][INFO] 2017-10-02 09:05:42,153: topic[/two_ints] adding connection to [http://ip-172-31-19-100:49315/], count 0
[rospy.internal][INFO] 2017-10-02 09:05:42,317: topic[/rosout] adding connection to [/rosout], count 0
[rospy.core][INFO] 2017-10-02 09:05:57,343: signal_shutdown [signal-2]
[rospy.internal][INFO] 2017-10-02 09:05:57,369: topic[/rosout] removing connection to /rosout
[rospy.internal][INFO] 2017-10-02 09:05:57,375: topic[/two_ints] removing connection to http://ip-172-31-19-100:49315/
[rospy.internal][WARNING] 2017-10-02 09:05:57,375: Unknown error initiating TCP/IP socket to ip-172-31-19-100:56966 (http://ip-172-31-19-100:49315/): Traceback (most recent call last):
  File "/opt/ros/indigo/lib/python2.7/dist-packages/rospy/impl/tcpros_base.py", line 557, in connect
    self.read_header()
  File "/opt/ros/indigo/lib/python2.7/dist-packages/rospy/impl/tcpros_base.py", line 619, in read_header
    self._validate_header(read_ros_handshake_header(sock, self.read_buff, self.protocol.buff_size))
AttributeError: 'NoneType' object has no attribute 'buff_size'

[rospy.topics][ERROR] 2017-10-02 09:05:57,383: Traceback (most recent call last):
  File "/opt/ros/indigo/lib/python2.7/dist-packages/rospy/topics.py", line 307, in close
    c.close()
  File "/opt/ros/indigo/lib/python2.7/dist-packages/rospy/impl/tcpros_base.py", line 807, in close
    self.socket.close()
AttributeError: 'NoneType' object has no attribute 'close'

[rospy.impl.masterslave][INFO] 2017-10-02 09:05:57,395: signal-2
[rospy.core][INFO] 2017-10-02 09:05:58,013: signal_shutdown [atexit]
