[rospy.client][INFO] 2017-10-02 09:39:01,945: init_node, name[/listener_2072_1506962341911], pid[2072]
[xmlrpc][INFO] 2017-10-02 09:39:01,945: XML-RPC server binding to 0.0.0.0:0
[xmlrpc][INFO] 2017-10-02 09:39:01,950: Started XML-RPC server [http://ip-172-31-19-100:42376/]
[rospy.init][INFO] 2017-10-02 09:39:01,950: ROS Slave URI: [http://ip-172-31-19-100:42376/]
[rospy.impl.masterslave][INFO] 2017-10-02 09:39:01,954: _ready: http://ip-172-31-19-100:42376/
[xmlrpc][INFO] 2017-10-02 09:39:01,966: xml rpc node: starting XML-RPC server
[rospy.registration][INFO] 2017-10-02 09:39:01,966: Registering with master node http://localhost:47885
[rospy.init][INFO] 2017-10-02 09:39:02,062: registered with master
[rospy.rosout][INFO] 2017-10-02 09:39:02,070: initializing /rosout core topic
[rospy.rosout][INFO] 2017-10-02 09:39:02,076: connected to core topic /rosout
[rospy.simtime][INFO] 2017-10-02 09:39:02,081: /use_sim_time is not set, will not subscribe to simulated time [/clock] topic
[rospy.internal][INFO] 2017-10-02 09:39:02,139: topic[/two_ints] adding connection to [http://ip-172-31-19-100:56954/], count 0
[rospy.internal][INFO] 2017-10-02 09:39:02,298: topic[/rosout] adding connection to [/rosout], count 0
[rospy.core][INFO] 2017-10-02 09:39:05,766: signal_shutdown [signal-2]
[rospy.internal][INFO] 2017-10-02 09:39:05,805: topic[/rosout] removing connection to /rosout
[rospy.internal][INFO] 2017-10-02 09:39:05,812: topic[/two_ints] removing connection to http://ip-172-31-19-100:56954/
[rospy.internal][WARNING] 2017-10-02 09:39:05,812: Unknown error initiating TCP/IP socket to ip-172-31-19-100:48833 (http://ip-172-31-19-100:56954/): Traceback (most recent call last):
  File "/opt/ros/indigo/lib/python2.7/dist-packages/rospy/impl/tcpros_base.py", line 557, in connect
    self.read_header()
  File "/opt/ros/indigo/lib/python2.7/dist-packages/rospy/impl/tcpros_base.py", line 619, in read_header
    self._validate_header(read_ros_handshake_header(sock, self.read_buff, self.protocol.buff_size))
AttributeError: 'NoneType' object has no attribute 'buff_size'

[rospy.topics][ERROR] 2017-10-02 09:39:05,816: Traceback (most recent call last):
  File "/opt/ros/indigo/lib/python2.7/dist-packages/rospy/topics.py", line 307, in close
    c.close()
  File "/opt/ros/indigo/lib/python2.7/dist-packages/rospy/impl/tcpros_base.py", line 807, in close
    self.socket.close()
AttributeError: 'NoneType' object has no attribute 'close'

[rospy.impl.masterslave][INFO] 2017-10-02 09:39:05,822: signal-2
[rospy.core][INFO] 2017-10-02 09:39:06,440: signal_shutdown [atexit]
