[rospy.client][INFO] 2017-10-02 09:56:15,475: init_node, name[/listener_12566_1506963375440], pid[12566]
[xmlrpc][INFO] 2017-10-02 09:56:15,476: XML-RPC server binding to 0.0.0.0:0
[xmlrpc][INFO] 2017-10-02 09:56:15,486: Started XML-RPC server [http://ip-172-31-19-100:33547/]
[rospy.init][INFO] 2017-10-02 09:56:15,486: ROS Slave URI: [http://ip-172-31-19-100:33547/]
[rospy.impl.masterslave][INFO] 2017-10-02 09:56:15,489: _ready: http://ip-172-31-19-100:33547/
[xmlrpc][INFO] 2017-10-02 09:56:15,497: xml rpc node: starting XML-RPC server
[rospy.registration][INFO] 2017-10-02 09:56:15,497: Registering with master node http://localhost:47885
[rospy.init][INFO] 2017-10-02 09:56:15,593: registered with master
[rospy.rosout][INFO] 2017-10-02 09:56:15,603: initializing /rosout core topic
[rospy.rosout][INFO] 2017-10-02 09:56:15,609: connected to core topic /rosout
[rospy.simtime][INFO] 2017-10-02 09:56:15,614: /use_sim_time is not set, will not subscribe to simulated time [/clock] topic
[rospy.internal][INFO] 2017-10-02 09:56:15,672: topic[/two_ints] adding connection to [http://ip-172-31-19-100:56954/], count 0
[rospy.internal][INFO] 2017-10-02 09:56:15,879: topic[/rosout] adding connection to [/rosout], count 0
[rospy.core][INFO] 2017-10-02 09:56:23,749: signal_shutdown [signal-2]
[rospy.internal][INFO] 2017-10-02 09:56:23,780: topic[/rosout] removing connection to /rosout
[rospy.internal][INFO] 2017-10-02 09:56:23,783: topic[/two_ints] removing connection to http://ip-172-31-19-100:56954/
[rospy.internal][WARNING] 2017-10-02 09:56:23,784: Unknown error initiating TCP/IP socket to ip-172-31-19-100:48833 (http://ip-172-31-19-100:56954/): Traceback (most recent call last):
  File "/opt/ros/indigo/lib/python2.7/dist-packages/rospy/impl/tcpros_base.py", line 557, in connect
    self.read_header()
  File "/opt/ros/indigo/lib/python2.7/dist-packages/rospy/impl/tcpros_base.py", line 619, in read_header
    self._validate_header(read_ros_handshake_header(sock, self.read_buff, self.protocol.buff_size))
AttributeError: 'NoneType' object has no attribute 'buff_size'

[rospy.impl.masterslave][INFO] 2017-10-02 09:56:23,793: signal-2
[rospy.core][INFO] 2017-10-02 09:56:24,415: signal_shutdown [atexit]
