[rospy.client][INFO] 2017-10-02 08:59:50,865: init_node, name[/two_int_talker_12609_1506959990827], pid[12609]
[xmlrpc][INFO] 2017-10-02 08:59:50,866: XML-RPC server binding to 0.0.0.0:0
[xmlrpc][INFO] 2017-10-02 08:59:50,869: Started XML-RPC server [http://ip-172-31-19-100:49315/]
[rospy.init][INFO] 2017-10-02 08:59:50,870: ROS Slave URI: [http://ip-172-31-19-100:49315/]
[rospy.impl.masterslave][INFO] 2017-10-02 08:59:50,873: _ready: http://ip-172-31-19-100:49315/
[xmlrpc][INFO] 2017-10-02 08:59:50,880: xml rpc node: starting XML-RPC server
[rospy.registration][INFO] 2017-10-02 08:59:50,880: Registering with master node http://localhost:49466
[rospy.registration][INFO] 2017-10-02 08:59:50,887: Registering publisher topic [/two_ints] type [project1_solution/TwoInts] with master
[rospy.init][INFO] 2017-10-02 08:59:50,977: registered with master
[rospy.rosout][INFO] 2017-10-02 08:59:50,982: initializing /rosout core topic
[rospy.rosout][INFO] 2017-10-02 08:59:50,990: connected to core topic /rosout
[rospy.simtime][INFO] 2017-10-02 08:59:50,996: /use_sim_time is not set, will not subscribe to simulated time [/clock] topic
[rospy.internal][INFO] 2017-10-02 08:59:51,216: topic[/rosout] adding connection to [/rosout], count 0
[rospy.internal][INFO] 2017-10-02 09:03:51,735: topic[/two_ints] adding connection to [/listener_14513_1506960231346], count 0
[rospy.internal][INFO] 2017-10-02 09:04:03,018: topic[/two_ints] removing connection to /listener_14513_1506960231346
[rospy.internal][INFO] 2017-10-02 09:04:24,594: topic[/two_ints] adding connection to [/listener_14751_1506960264356], count 0
[rospy.internal][INFO] 2017-10-02 09:04:33,018: topic[/two_ints] removing connection to /listener_14751_1506960264356
[rospy.internal][INFO] 2017-10-02 09:05:20,840: topic[/two_ints] adding connection to [/listener_15136_1506960320612], count 0
[rosout][WARNING] 2017-10-02 09:05:28,222: Inbound TCP/IP connection failed: connection from sender terminated before handshake header received. 0 bytes were received. Please check sender for additional details.
[rospy.internal][ERROR] 2017-10-02 09:05:28,227: Inbound TCP/IP connection failed:
Traceback (most recent call last):
  File "/opt/ros/indigo/lib/python2.7/dist-packages/rospy/impl/tcpros_base.py", line 321, in _tcp_server_callback
    header = read_ros_handshake_header(sock, StringIO(), buff_size)
  File "/opt/ros/indigo/lib/python2.7/dist-packages/rosgraph/network.py", line 365, in read_ros_handshake_header
    raise ROSHandshakeException("connection from sender terminated before handshake header received. %s bytes were received. Please check sender for additional details."%b.tell())
ROSHandshakeException: connection from sender terminated before handshake header received. 0 bytes were received. Please check sender for additional details.

[rospy.internal][INFO] 2017-10-02 09:05:31,017: topic[/two_ints] removing connection to /listener_15136_1506960320612
[rospy.internal][INFO] 2017-10-02 09:05:42,158: topic[/two_ints] adding connection to [/listener_15420_1506960341923], count 0
[rosout][WARNING] 2017-10-02 09:05:58,028: Inbound TCP/IP connection failed: connection from sender terminated before handshake header received. 0 bytes were received. Please check sender for additional details.
[rospy.internal][ERROR] 2017-10-02 09:05:58,029: Inbound TCP/IP connection failed:
Traceback (most recent call last):
  File "/opt/ros/indigo/lib/python2.7/dist-packages/rospy/impl/tcpros_base.py", line 321, in _tcp_server_callback
    header = read_ros_handshake_header(sock, StringIO(), buff_size)
  File "/opt/ros/indigo/lib/python2.7/dist-packages/rosgraph/network.py", line 365, in read_ros_handshake_header
    raise ROSHandshakeException("connection from sender terminated before handshake header received. %s bytes were received. Please check sender for additional details."%b.tell())
ROSHandshakeException: connection from sender terminated before handshake header received. 0 bytes were received. Please check sender for additional details.

[rospy.internal][INFO] 2017-10-02 09:06:01,017: topic[/two_ints] removing connection to /listener_15420_1506960341923
[rospy.internal][INFO] 2017-10-02 09:06:16,810: topic[/two_ints] adding connection to [/listener_15891_1506960376379], count 0
[rosout][WARNING] 2017-10-02 09:06:27,073: Inbound TCP/IP connection failed: connection from sender terminated before handshake header received. 0 bytes were received. Please check sender for additional details.
[rospy.internal][ERROR] 2017-10-02 09:06:27,077: Inbound TCP/IP connection failed:
Traceback (most recent call last):
  File "/opt/ros/indigo/lib/python2.7/dist-packages/rospy/impl/tcpros_base.py", line 321, in _tcp_server_callback
    header = read_ros_handshake_header(sock, StringIO(), buff_size)
  File "/opt/ros/indigo/lib/python2.7/dist-packages/rosgraph/network.py", line 365, in read_ros_handshake_header
    raise ROSHandshakeException("connection from sender terminated before handshake header received. %s bytes were received. Please check sender for additional details."%b.tell())
ROSHandshakeException: connection from sender terminated before handshake header received. 0 bytes were received. Please check sender for additional details.

[rospy.internal][INFO] 2017-10-02 09:06:29,017: topic[/two_ints] removing connection to /listener_15891_1506960376379
