[rospy.client][INFO] 2017-10-09 15:50:03,883: init_node, name[/rosbridge_websocket], pid[6737]
[xmlrpc][INFO] 2017-10-09 15:50:03,883: XML-RPC server binding to 0.0.0.0:0
[xmlrpc][INFO] 2017-10-09 15:50:03,888: Started XML-RPC server [http://ip-172-31-19-100:46556/]
[rospy.init][INFO] 2017-10-09 15:50:03,888: ROS Slave URI: [http://ip-172-31-19-100:46556/]
[rospy.impl.masterslave][INFO] 2017-10-09 15:50:03,892: _ready: http://ip-172-31-19-100:46556/
[xmlrpc][INFO] 2017-10-09 15:50:03,907: xml rpc node: starting XML-RPC server
[rospy.registration][INFO] 2017-10-09 15:50:03,907: Registering with master node http://localhost:49206
[rospy.init][INFO] 2017-10-09 15:50:03,996: registered with master
[rospy.rosout][INFO] 2017-10-09 15:50:04,000: initializing /rosout core topic
[rospy.rosout][INFO] 2017-10-09 15:50:04,016: connected to core topic /rosout
[rospy.simtime][INFO] 2017-10-09 15:50:04,021: /use_sim_time is not set, will not subscribe to simulated time [/clock] topic
[rosout][INFO] 2017-10-09 15:50:04,048: Rosbridge WebSocket server started on port 39632
[rospy.internal][INFO] 2017-10-09 15:50:04,219: topic[/rosout] adding connection to [/rosout], count 0
[rosout][INFO] 2017-10-09 15:50:10,840: Client connected.  1 clients total.
[rosout][INFO] 2017-10-09 15:50:11,178: [Client 0] Subscribed to /tf2_web_republisher/feedback
[rosout][INFO] 2017-10-09 15:50:11,189: [Client 0] Subscribed to /visualization_marker
[rospy.internal][INFO] 2017-10-09 15:50:11,212: topic[/tf2_web_republisher/feedback] adding connection to [http://ip-172-31-19-100:56375/], count 0
[rospy.internal][INFO] 2017-10-09 15:50:11,213: topic[/visualization_marker] adding connection to [http://ip-172-31-19-100:52879/], count 0
[rospy.internal][INFO] 2017-10-09 15:50:11,348: topic[/tf2_web_republisher/goal] adding connection to [/tf2_web_republisher], count 0
[rospy.internal][INFO] 2017-10-09 15:50:11,449: topic[/tf2_web_republisher/cancel] adding connection to [/tf2_web_republisher], count 0
[rospy.internal][INFO] 2017-10-09 15:53:35,328: topic impl's ref count is zero, deleting topic /tf2_web_republisher/cancel...
[rospy.internal][INFO] 2017-10-09 15:53:35,329: topic[/tf2_web_republisher/cancel] removing connection to /tf2_web_republisher
[rospy.internal][INFO] 2017-10-09 15:53:35,338: topic impl's ref count is zero, deleting topic /tf2_web_republisher/goal...
[rospy.internal][INFO] 2017-10-09 15:53:35,342: topic[/tf2_web_republisher/goal] removing connection to /tf2_web_republisher
[rospy.internal][INFO] 2017-10-09 15:53:35,350: topic impl's ref count is zero, deleting topic /tf2_web_republisher/feedback...
[rospy.internal][INFO] 2017-10-09 15:53:35,354: topic[/tf2_web_republisher/feedback] removing connection to http://ip-172-31-19-100:56375/
[rospy.internal][INFO] 2017-10-09 15:53:35,362: topic impl's ref count is zero, deleting topic /visualization_marker...
[rospy.internal][INFO] 2017-10-09 15:53:35,366: topic[/visualization_marker] removing connection to http://ip-172-31-19-100:52879/
[rosout][INFO] 2017-10-09 15:53:35,375: Client disconnected. 0 clients total.
