[roslaunch][INFO] 2017-10-02 08:59:38,158: Checking log directory for disk usage. This may take awhile.
Press Ctrl-C to interrupt
[roslaunch][INFO] 2017-10-02 08:59:38,166: Done checking log file disk usage. Usage is <1GB.
[roslaunch][INFO] 2017-10-02 08:59:38,166: roslaunch starting with args ['roscore', '--core', '-p', '49466']
[roslaunch][INFO] 2017-10-02 08:59:38,170: roslaunch env is {'ROS_DISTRO': 'indigo', 'ASNLIB': '/home/ccc_v1_s80115__49396/asn17208_Project_1/asn17209_Project_1/asnlib.0', 'LIB': '/home/ccc_v1_s80115__49396/lib', 'SSH_CLIENT': '172.31.43.31 33636 22', 'CPATH': '/opt/ros/indigo/include', 'LOGNAME': 'ccc_v1_w_NDU1M_86698', 'USER': 'ccc_v1_w_NDU1M_86698', 'ROS_NODE_PORT': '49466', 'HOME': '/home/ccc_v1_w_NDU1M_86698/asn17208_Project_1/asn17209_Project_1/work', 'PATH': '/opt/ros/indigo/bin:/usr/local/sbin:/usr/local/bin:/usr/sbin:/usr/bin:/sbin:/bin:/usr/games:/usr/local/games:/home/local/bin:/home/ccc_v1_s80115__49396/lib:/home/ccc_v1_s80115__49396/asn17208_Project_1/asn17209_Project_1/asnlib.0:/home/vlibs:.', 'CMAKE_PREFIX_PATH': '/opt/ros/indigo', 'LD_LIBRARY_PATH': '/opt/ros/indigo/lib:/opt/ros/indigo/lib/x86_64-linux-gnu:/home/ccc_v1_s80115__49396/lib:/home/ccc_v1_s80115__49396/asn17208_Project_1/asn17209_Project_1/asnlib.0:/home/vlibs', 'LANG': 'en_US.UTF-8', 'TERM': 'xterm-256color', 'SHELL': '/bin/bash', 'HISTFILE': '/home/ccc_v1_w_NDU1M_86698/.bash_history', 'SHLVL': '2', 'VOC_WORKAREA': '/home/ccc_v1_w_NDU1M_86698/asn17208_Project_1/asn17209_Project_1/work', 'ROS_LOG_FILENAME': '/home/ccc_v1_w_NDU1M_86698/asn17208_Project_1/asn17209_Project_1/work/.ros/log/b15d51e8-a78a-11e7-968f-06f360e4abc1/roslaunch-ip-172-31-19-100-12246.log', 'PART1': '/home/ccc_v1_s80115__49396/asn17208_Project_1/asn17209_Project_1', 'ROS_ETC_DIR': '/opt/ros/indigo/etc/ros', 'XDG_RUNTIME_DIR': '/run/user/86698', 'PYTHONPATH': '/opt/ros/indigo/lib/python2.7/dist-packages:/home/vlibs/python', 'ROS_ROOT': '/opt/ros/indigo/share/ros', 'OLD_HOME': '/home/ccc_v1_w_NDU1M_86698', 'PKG_CONFIG_PATH': '/opt/ros/indigo/lib/pkgconfig:/opt/ros/indigo/lib/x86_64-linux-gnu/pkgconfig', 'ROS_PACKAGE_PATH': '/opt/ros/indigo/share:/opt/ros/indigo/stacks', 'XDG_SESSION_ID': '91568', '_': '/usr/bin/stdbuf', 'LD_PRELOAD': '/usr/lib/coreutils/libstdbuf.so', '_STDBUF_O': 'L', 'SSH_TTY': '/dev/pts/5', 'OLDPWD': '/home/ccc_v1_w_NDU1M_86698', 'ROSLISP_PACKAGE_DIRECTORIES': '', 'VLIB': '/home/vlibs', 'PWD': '/home/ccc_v1_w_NDU1M_86698/asn17208_Project_1/asn17209_Project_1/work', 'ROS_MASTER_URI': 'http://localhost:49466', 'MAIL': '/var/mail/ccc_v1_w_NDU1M_86698', 'SSH_CONNECTION': '172.31.43.31 33636 172.31.19.100 22'}
[roslaunch][INFO] 2017-10-02 08:59:38,173: starting in server mode
[roslaunch.parent][INFO] 2017-10-02 08:59:38,176: starting roslaunch parent run
[roslaunch][INFO] 2017-10-02 08:59:38,180: loading roscore config file /opt/ros/indigo/etc/ros/roscore.xml
[roslaunch][INFO] 2017-10-02 08:59:38,283: Added core node of type [rosout/rosout] in namespace [/]
[roslaunch.pmon][INFO] 2017-10-02 08:59:38,284: start_process_monitor: creating ProcessMonitor
[roslaunch.pmon][INFO] 2017-10-02 08:59:38,287: created process monitor <ProcessMonitor(ProcessMonitor-1, initial daemon)>
[roslaunch.pmon][INFO] 2017-10-02 08:59:38,291: start_process_monitor: ProcessMonitor started
[roslaunch.parent][INFO] 2017-10-02 08:59:38,294: starting parent XML-RPC server
[roslaunch.server][INFO] 2017-10-02 08:59:38,298: starting roslaunch XML-RPC server
[roslaunch.server][INFO] 2017-10-02 08:59:38,306: waiting for roslaunch XML-RPC server to initialize
[xmlrpc][INFO] 2017-10-02 08:59:38,306: XML-RPC server binding to 0.0.0.0:0
[xmlrpc][INFO] 2017-10-02 08:59:38,367: Started XML-RPC server [http://ip-172-31-19-100:54154/]
[xmlrpc][INFO] 2017-10-02 08:59:38,370: xml rpc node: starting XML-RPC server
[roslaunch][INFO] 2017-10-02 08:59:38,377: started roslaunch server http://ip-172-31-19-100:54154/
[roslaunch.parent][INFO] 2017-10-02 08:59:38,386: ... parent XML-RPC server started
[roslaunch][INFO] 2017-10-02 08:59:38,389: master.is_running[http://ip-172-31-19-100:49466/]
[roslaunch][INFO] 2017-10-02 08:59:38,393: auto-starting new master
[roslaunch][INFO] 2017-10-02 08:59:38,397: create_master_process: rosmaster, /opt/ros/indigo/share/ros, 49466, 3, None
[roslaunch][INFO] 2017-10-02 08:59:38,400: process[master]: launching with args [['rosmaster', '--core', '-p', '49466', '-w', '3']]
[roslaunch.pmon][INFO] 2017-10-02 08:59:38,403: ProcessMonitor.register[master]
[roslaunch.pmon][INFO] 2017-10-02 08:59:38,414: ProcessMonitor.register[master] complete
[roslaunch][INFO] 2017-10-02 08:59:38,419: process[master]: starting os process
[roslaunch][INFO] 2017-10-02 08:59:38,439: process[master]: start w/ args [['rosmaster', '--core', '-p', '49466', '-w', '3', '__log:=/home/ccc_v1_w_NDU1M_86698/asn17208_Project_1/asn17209_Project_1/work/.ros/log/b15d51e8-a78a-11e7-968f-06f360e4abc1/master.log']]
[roslaunch][INFO] 2017-10-02 08:59:38,446: process[master]: cwd will be [/home/ccc_v1_w_NDU1M_86698/asn17208_Project_1/asn17209_Project_1/work/.ros]
[roslaunch][INFO] 2017-10-02 08:59:38,455: process[master]: started with pid [12279]
[roslaunch][INFO] 2017-10-02 08:59:38,456: master.is_running[http://ip-172-31-19-100:49466/]
[roslaunch][INFO] 2017-10-02 08:59:38,561: master.is_running[http://ip-172-31-19-100:49466/]
[roslaunch][INFO] 2017-10-02 08:59:38,665: master.is_running[http://ip-172-31-19-100:49466/]
[roslaunch][INFO] 2017-10-02 08:59:38,670: master.is_running[http://ip-172-31-19-100:49466/]
[roslaunch][INFO] 2017-10-02 08:59:38,675: ROS_MASTER_URI=http://ip-172-31-19-100:49466/
[roslaunch][INFO] 2017-10-02 08:59:38,679: setting /run_id to b15d51e8-a78a-11e7-968f-06f360e4abc1
[roslaunch][INFO] 2017-10-02 08:59:38,763: setting /roslaunch/uris/host_ip_172_31_19_100__54154' to http://ip-172-31-19-100:54154/
[roslaunch][INFO] 2017-10-02 08:59:38,772: ... preparing to launch node of type [rosout/rosout]
[roslaunch][INFO] 2017-10-02 08:59:38,776: create_node_process: package[rosout] type[rosout] machine[Machine(name[] env_loader[None] address[localhost] ssh_port[22] user[None] assignable[True] timeout[10.0])] master_uri[http://ip-172-31-19-100:49466/]
[roslaunch][INFO] 2017-10-02 08:59:38,779: process[rosout-1]: env[{'ROS_DISTRO': 'indigo', 'ASNLIB': '/home/ccc_v1_s80115__49396/asn17208_Project_1/asn17209_Project_1/asnlib.0', 'LIB': '/home/ccc_v1_s80115__49396/lib', 'SSH_CLIENT': '172.31.43.31 33636 22', 'CPATH': '/opt/ros/indigo/include', 'LOGNAME': 'ccc_v1_w_NDU1M_86698', 'USER': 'ccc_v1_w_NDU1M_86698', 'ROS_NODE_PORT': '49466', 'HOME': '/home/ccc_v1_w_NDU1M_86698/asn17208_Project_1/asn17209_Project_1/work', 'PATH': '/opt/ros/indigo/bin:/usr/local/sbin:/usr/local/bin:/usr/sbin:/usr/bin:/sbin:/bin:/usr/games:/usr/local/games:/home/local/bin:/home/ccc_v1_s80115__49396/lib:/home/ccc_v1_s80115__49396/asn17208_Project_1/asn17209_Project_1/asnlib.0:/home/vlibs:.', 'CMAKE_PREFIX_PATH': '/opt/ros/indigo', 'ROS_LOG_FILENAME': '/home/ccc_v1_w_NDU1M_86698/asn17208_Project_1/asn17209_Project_1/work/.ros/log/b15d51e8-a78a-11e7-968f-06f360e4abc1/roslaunch-ip-172-31-19-100-12246.log', 'LANG': 'en_US.UTF-8', 'TERM': 'xterm-256color', 'SHELL': '/bin/bash', 'HISTFILE': '/home/ccc_v1_w_NDU1M_86698/.bash_history', 'SHLVL': '2', 'VOC_WORKAREA': '/home/ccc_v1_w_NDU1M_86698/asn17208_Project_1/asn17209_Project_1/work', 'LD_LIBRARY_PATH': '/opt/ros/indigo/lib:/opt/ros/indigo/lib/x86_64-linux-gnu:/home/ccc_v1_s80115__49396/lib:/home/ccc_v1_s80115__49396/asn17208_Project_1/asn17209_Project_1/asnlib.0:/home/vlibs', 'PART1': '/home/ccc_v1_s80115__49396/asn17208_Project_1/asn17209_Project_1', 'ROS_MASTER_URI': 'http://ip-172-31-19-100:49466/', 'XDG_RUNTIME_DIR': '/run/user/86698', 'PYTHONPATH': '/opt/ros/indigo/lib/python2.7/dist-packages:/home/vlibs/python', 'ROS_ROOT': '/opt/ros/indigo/share/ros', 'OLD_HOME': '/home/ccc_v1_w_NDU1M_86698', 'PKG_CONFIG_PATH': '/opt/ros/indigo/lib/pkgconfig:/opt/ros/indigo/lib/x86_64-linux-gnu/pkgconfig', 'ROS_PACKAGE_PATH': '/opt/ros/indigo/share:/opt/ros/indigo/stacks', 'XDG_SESSION_ID': '91568', '_': '/usr/bin/stdbuf', 'LD_PRELOAD': '/usr/lib/coreutils/libstdbuf.so', '_STDBUF_O': 'L', 'SSH_TTY': '/dev/pts/5', 'OLDPWD': '/home/ccc_v1_w_NDU1M_86698', 'ROSLISP_PACKAGE_DIRECTORIES': '', 'VLIB': '/home/vlibs', 'PWD': '/home/ccc_v1_w_NDU1M_86698/asn17208_Project_1/asn17209_Project_1/work', 'ROS_ETC_DIR': '/opt/ros/indigo/etc/ros', 'MAIL': '/var/mail/ccc_v1_w_NDU1M_86698', 'SSH_CONNECTION': '172.31.43.31 33636 172.31.19.100 22'}]
[roslaunch][INFO] 2017-10-02 08:59:38,809: process[rosout-1]: args[[u'/opt/ros/indigo/lib/rosout/rosout', u'__name:=rosout']]
[roslaunch][INFO] 2017-10-02 08:59:38,813: ... created process [rosout-1]
[roslaunch.pmon][INFO] 2017-10-02 08:59:38,817: ProcessMonitor.register[rosout-1]
[roslaunch.pmon][INFO] 2017-10-02 08:59:38,820: ProcessMonitor.register[rosout-1] complete
[roslaunch][INFO] 2017-10-02 08:59:38,824: ... registered process [rosout-1]
[roslaunch][INFO] 2017-10-02 08:59:38,827: process[rosout-1]: starting os process
[roslaunch][INFO] 2017-10-02 08:59:38,845: process[rosout-1]: start w/ args [[u'/opt/ros/indigo/lib/rosout/rosout', u'__name:=rosout', u'__log:=/home/ccc_v1_w_NDU1M_86698/asn17208_Project_1/asn17209_Project_1/work/.ros/log/b15d51e8-a78a-11e7-968f-06f360e4abc1/rosout-1.log']]
[roslaunch][INFO] 2017-10-02 08:59:38,849: process[rosout-1]: cwd will be [/home/ccc_v1_w_NDU1M_86698/asn17208_Project_1/asn17209_Project_1/work/.ros]
[roslaunch][INFO] 2017-10-02 08:59:38,858: process[rosout-1]: started with pid [12303]
[roslaunch][INFO] 2017-10-02 08:59:38,859: ... successfully launched [rosout-1]
[roslaunch][INFO] 2017-10-02 08:59:38,866: load_parameters starting ...
[roslaunch][INFO] 2017-10-02 08:59:38,884: ... load_parameters complete
[roslaunch][INFO] 2017-10-02 08:59:38,887: launch_nodes: launching local nodes ...
[roslaunch][INFO] 2017-10-02 08:59:38,890: ... launch_nodes complete
[roslaunch.pmon][INFO] 2017-10-02 08:59:38,894: registrations completed <ProcessMonitor(ProcessMonitor-1, started daemon 140044799731456)>
[roslaunch.parent][INFO] 2017-10-02 08:59:38,897: ... roslaunch parent running, waiting for process exit
[roslaunch][INFO] 2017-10-02 08:59:38,901: spin
