[rospy.client][INFO] 2017-10-09 15:03:11,226: init_node, name[/rosbridge_websocket], pid[29874]
[xmlrpc][INFO] 2017-10-09 15:03:11,226: XML-RPC server binding to 0.0.0.0:0
[xmlrpc][INFO] 2017-10-09 15:03:11,231: Started XML-RPC server [http://ip-172-31-19-100:49381/]
[rospy.init][INFO] 2017-10-09 15:03:11,231: ROS Slave URI: [http://ip-172-31-19-100:49381/]
[rospy.impl.masterslave][INFO] 2017-10-09 15:03:11,235: _ready: http://ip-172-31-19-100:49381/
[rospy.registration][INFO] 2017-10-09 15:03:11,242: Registering with master node http://localhost:38184
[xmlrpc][INFO] 2017-10-09 15:03:11,242: xml rpc node: starting XML-RPC server
[rospy.init][INFO] 2017-10-09 15:03:11,338: registered with master
[rospy.rosout][INFO] 2017-10-09 15:03:11,342: initializing /rosout core topic
[rospy.rosout][INFO] 2017-10-09 15:03:11,354: connected to core topic /rosout
[rospy.simtime][INFO] 2017-10-09 15:03:11,362: /use_sim_time is not set, will not subscribe to simulated time [/clock] topic
[rosout][INFO] 2017-10-09 15:03:11,434: Rosbridge WebSocket server started on port 59117
[rospy.internal][INFO] 2017-10-09 15:03:11,582: topic[/rosout] adding connection to [/rosout], count 0
[rosout][INFO] 2017-10-09 15:03:20,872: Client connected.  1 clients total.
[rosout][INFO] 2017-10-09 15:03:21,220: [Client 0] Subscribed to /tf2_web_republisher/feedback
[rospy.internal][INFO] 2017-10-09 15:03:21,235: topic[/tf2_web_republisher/feedback] adding connection to [http://ip-172-31-19-100:39888/], count 0
[rosout][INFO] 2017-10-09 15:03:21,243: [Client 0] Subscribed to /visualization_marker
[rospy.internal][INFO] 2017-10-09 15:03:21,247: topic[/visualization_marker] adding connection to [http://ip-172-31-19-100:40340/], count 0
[rospy.internal][INFO] 2017-10-09 15:03:21,336: topic[/tf2_web_republisher/cancel] adding connection to [/tf2_web_republisher], count 0
[rospy.internal][INFO] 2017-10-09 15:03:21,340: topic[/tf2_web_republisher/goal] adding connection to [/tf2_web_republisher], count 0
[rospy.internal][INFO] 2017-10-09 15:06:21,807: topic impl's ref count is zero, deleting topic /tf2_web_republisher/cancel...
[rospy.internal][INFO] 2017-10-09 15:06:21,808: topic[/tf2_web_republisher/cancel] removing connection to /tf2_web_republisher
[rospy.internal][INFO] 2017-10-09 15:06:21,817: topic impl's ref count is zero, deleting topic /tf2_web_republisher/goal...
[rospy.internal][INFO] 2017-10-09 15:06:21,821: topic[/tf2_web_republisher/goal] removing connection to /tf2_web_republisher
[rospy.internal][INFO] 2017-10-09 15:06:21,829: topic impl's ref count is zero, deleting topic /tf2_web_republisher/feedback...
[rospy.internal][INFO] 2017-10-09 15:06:21,833: topic[/tf2_web_republisher/feedback] removing connection to http://ip-172-31-19-100:39888/
[rospy.internal][INFO] 2017-10-09 15:06:21,849: topic impl's ref count is zero, deleting topic /visualization_marker...
[rospy.internal][INFO] 2017-10-09 15:06:21,852: topic[/visualization_marker] removing connection to http://ip-172-31-19-100:40340/
[rosout][INFO] 2017-10-09 15:06:21,861: Client disconnected. 0 clients total.
