[roslaunch][INFO] 2017-10-09 15:03:08,063: Checking log directory for disk usage. This may take awhile.
Press Ctrl-C to interrupt
[roslaunch][INFO] 2017-10-09 15:03:08,193: Done checking log file disk usage. Usage is <1GB.
[roslaunch][INFO] 2017-10-09 15:03:08,193: roslaunch starting with args ['roscore', '--core', '-p', '38184']
[roslaunch][INFO] 2017-10-09 15:03:08,197: roslaunch env is {'ROS_DISTRO': 'indigo', 'ASNLIB': '/home/ccc_v1_s80115__49396/asn17210_Project_2_/asn17211_Project_2/asnlib.0', 'LIB': '/home/ccc_v1_s80115__49396/lib', 'PKG_CONFIG_PATH': '/opt/ros/indigo/lib/pkgconfig:/opt/ros/indigo/lib/x86_64-linux-gnu/pkgconfig', 'SSH_CLIENT': '172.31.43.31 60894 22', 'CPATH': '/opt/ros/indigo/include', 'LOGNAME': 'ccc_v1_w_NDU1M_86698', 'USER': 'ccc_v1_w_NDU1M_86698', 'ROS_NODE_PORT': '38184', 'HOME': '/home/ccc_v1_w_NDU1M_86698/asn17210_Project_2_/asn17211_Project_2/work', 'PATH': '/opt/ros/indigo/bin:/usr/local/sbin:/usr/local/bin:/usr/sbin:/usr/bin:/sbin:/bin:/usr/games:/usr/local/games:/home/local/bin:/home/ccc_v1_s80115__49396/lib:/home/ccc_v1_s80115__49396/asn17210_Project_2_/asn17211_Project_2/asnlib.0:/home/vlibs:.', 'CMAKE_PREFIX_PATH': '/opt/ros/indigo', 'LD_LIBRARY_PATH': '/opt/ros/indigo/lib:/opt/ros/indigo/lib/x86_64-linux-gnu:/home/ccc_v1_s80115__49396/lib:/home/ccc_v1_s80115__49396/asn17210_Project_2_/asn17211_Project_2/asnlib.0:/home/vlibs', 'LANG': 'en_US.UTF-8', 'TERM': 'xterm-256color', 'SHELL': '/bin/bash', 'HISTFILE': '/home/ccc_v1_w_NDU1M_86698/.bash_history', 'SHLVL': '2', 'VOC_WORKAREA': '/home/ccc_v1_w_NDU1M_86698/asn17210_Project_2_/asn17211_Project_2/work', 'ROS_LOG_FILENAME': '/home/ccc_v1_w_NDU1M_86698/asn17210_Project_2_/asn17211_Project_2/work/.ros/log/a1f9a298-ad3d-11e7-9914-06f360e4abc1/roslaunch-ip-172-31-19-100-29707.log', 'PART1': '/home/ccc_v1_s80115__49396/asn17210_Project_2_/asn17211_Project_2', 'ROS_ETC_DIR': '/opt/ros/indigo/etc/ros', 'XDG_RUNTIME_DIR': '/run/user/86698', 'PYTHONPATH': '/opt/ros/indigo/lib/python2.7/dist-packages:/home/vlibs/python', 'VOC_PROXY_WRAPPER_PORT': '5100', 'VOC_XFER_TOKEN': '1242261120298812988117211059dbf213d92947.00671556', 'ROS_ROOT': '/opt/ros/indigo/share/ros', 'OLD_HOME': '/home/ccc_v1_w_NDU1M_86698', 'VOC_PROXY_TOKEN': '198588212988129881172110159dbf213df1eb3.41573795', 'ROS_PACKAGE_PATH': '/opt/ros/indigo/share:/opt/ros/indigo/stacks', 'XDG_SESSION_ID': '127636', '_': '/usr/bin/stdbuf', 'LD_PRELOAD': '/usr/lib/coreutils/libstdbuf.so', '_STDBUF_O': 'L', 'SSH_TTY': '/dev/pts/0', 'OLDPWD': '/home/ccc_v1_w_NDU1M_86698', 'ROSLISP_PACKAGE_DIRECTORIES': '', 'VLIB': '/home/vlibs', 'PWD': '/home/ccc_v1_w_NDU1M_86698/asn17210_Project_2_/asn17211_Project_2/work', 'VOC_PROXY_ID': '29881_29881_17211_0_1', 'ROS_MASTER_URI': 'http://localhost:38184', 'MAIL': '/var/mail/ccc_v1_w_NDU1M_86698', 'SSH_CONNECTION': '172.31.43.31 60894 172.31.19.100 22'}
[roslaunch][INFO] 2017-10-09 15:03:08,200: starting in server mode
[roslaunch.parent][INFO] 2017-10-09 15:03:08,211: starting roslaunch parent run
[roslaunch][INFO] 2017-10-09 15:03:08,215: loading roscore config file /opt/ros/indigo/etc/ros/roscore.xml
[roslaunch][INFO] 2017-10-09 15:03:08,322: Added core node of type [rosout/rosout] in namespace [/]
[roslaunch.pmon][INFO] 2017-10-09 15:03:08,323: start_process_monitor: creating ProcessMonitor
[roslaunch.pmon][INFO] 2017-10-09 15:03:08,327: created process monitor <ProcessMonitor(ProcessMonitor-1, initial daemon)>
[roslaunch.pmon][INFO] 2017-10-09 15:03:08,331: start_process_monitor: ProcessMonitor started
[roslaunch.parent][INFO] 2017-10-09 15:03:08,334: starting parent XML-RPC server
[roslaunch.server][INFO] 2017-10-09 15:03:08,338: starting roslaunch XML-RPC server
[roslaunch.server][INFO] 2017-10-09 15:03:08,341: waiting for roslaunch XML-RPC server to initialize
[xmlrpc][INFO] 2017-10-09 15:03:08,341: XML-RPC server binding to 0.0.0.0:0
[xmlrpc][INFO] 2017-10-09 15:03:08,348: Started XML-RPC server [http://ip-172-31-19-100:57685/]
[xmlrpc][INFO] 2017-10-09 15:03:08,352: xml rpc node: starting XML-RPC server
[roslaunch][INFO] 2017-10-09 15:03:08,360: started roslaunch server http://ip-172-31-19-100:57685/
[roslaunch.parent][INFO] 2017-10-09 15:03:08,371: ... parent XML-RPC server started
[roslaunch][INFO] 2017-10-09 15:03:08,375: master.is_running[http://ip-172-31-19-100:38184/]
[roslaunch][INFO] 2017-10-09 15:03:08,379: auto-starting new master
[roslaunch][INFO] 2017-10-09 15:03:08,383: create_master_process: rosmaster, /opt/ros/indigo/share/ros, 38184, 3, None
[roslaunch][INFO] 2017-10-09 15:03:08,386: process[master]: launching with args [['rosmaster', '--core', '-p', '38184', '-w', '3']]
[roslaunch.pmon][INFO] 2017-10-09 15:03:08,390: ProcessMonitor.register[master]
[roslaunch.pmon][INFO] 2017-10-09 15:03:08,393: ProcessMonitor.register[master] complete
[roslaunch][INFO] 2017-10-09 15:03:08,397: process[master]: starting os process
[roslaunch][INFO] 2017-10-09 15:03:08,404: process[master]: start w/ args [['rosmaster', '--core', '-p', '38184', '-w', '3', '__log:=/home/ccc_v1_w_NDU1M_86698/asn17210_Project_2_/asn17211_Project_2/work/.ros/log/a1f9a298-ad3d-11e7-9914-06f360e4abc1/master.log']]
[roslaunch][INFO] 2017-10-09 15:03:08,409: process[master]: cwd will be [/home/ccc_v1_w_NDU1M_86698/asn17210_Project_2_/asn17211_Project_2/work/.ros]
[roslaunch][INFO] 2017-10-09 15:03:08,417: process[master]: started with pid [29722]
[roslaunch][INFO] 2017-10-09 15:03:08,426: master.is_running[http://ip-172-31-19-100:38184/]
[roslaunch][INFO] 2017-10-09 15:03:08,533: master.is_running[http://ip-172-31-19-100:38184/]
[roslaunch][INFO] 2017-10-09 15:03:08,637: master.is_running[http://ip-172-31-19-100:38184/]
[roslaunch][INFO] 2017-10-09 15:03:08,643: master.is_running[http://ip-172-31-19-100:38184/]
[roslaunch][INFO] 2017-10-09 15:03:08,648: ROS_MASTER_URI=http://ip-172-31-19-100:38184/
[roslaunch][INFO] 2017-10-09 15:03:08,653: setting /run_id to a1f9a298-ad3d-11e7-9914-06f360e4abc1
[roslaunch][INFO] 2017-10-09 15:03:08,661: setting /roslaunch/uris/host_ip_172_31_19_100__57685' to http://ip-172-31-19-100:57685/
[roslaunch][INFO] 2017-10-09 15:03:08,670: ... preparing to launch node of type [rosout/rosout]
[roslaunch][INFO] 2017-10-09 15:03:08,674: create_node_process: package[rosout] type[rosout] machine[Machine(name[] env_loader[None] address[localhost] ssh_port[22] user[None] assignable[True] timeout[10.0])] master_uri[http://ip-172-31-19-100:38184/]
[roslaunch][INFO] 2017-10-09 15:03:08,678: process[rosout-1]: env[{'ROS_DISTRO': 'indigo', 'ASNLIB': '/home/ccc_v1_s80115__49396/asn17210_Project_2_/asn17211_Project_2/asnlib.0', 'LIB': '/home/ccc_v1_s80115__49396/lib', 'VOC_PROXY_TOKEN': '198588212988129881172110159dbf213df1eb3.41573795', 'SSH_CLIENT': '172.31.43.31 60894 22', 'CPATH': '/opt/ros/indigo/include', 'LOGNAME': 'ccc_v1_w_NDU1M_86698', 'USER': 'ccc_v1_w_NDU1M_86698', 'ROS_NODE_PORT': '38184', 'HOME': '/home/ccc_v1_w_NDU1M_86698/asn17210_Project_2_/asn17211_Project_2/work', 'PATH': '/opt/ros/indigo/bin:/usr/local/sbin:/usr/local/bin:/usr/sbin:/usr/bin:/sbin:/bin:/usr/games:/usr/local/games:/home/local/bin:/home/ccc_v1_s80115__49396/lib:/home/ccc_v1_s80115__49396/asn17210_Project_2_/asn17211_Project_2/asnlib.0:/home/vlibs:.', 'CMAKE_PREFIX_PATH': '/opt/ros/indigo', 'ROS_LOG_FILENAME': '/home/ccc_v1_w_NDU1M_86698/asn17210_Project_2_/asn17211_Project_2/work/.ros/log/a1f9a298-ad3d-11e7-9914-06f360e4abc1/roslaunch-ip-172-31-19-100-29707.log', 'LANG': 'en_US.UTF-8', 'TERM': 'xterm-256color', 'SHELL': '/bin/bash', 'HISTFILE': '/home/ccc_v1_w_NDU1M_86698/.bash_history', 'SHLVL': '2', 'VOC_WORKAREA': '/home/ccc_v1_w_NDU1M_86698/asn17210_Project_2_/asn17211_Project_2/work', 'LD_LIBRARY_PATH': '/opt/ros/indigo/lib:/opt/ros/indigo/lib/x86_64-linux-gnu:/home/ccc_v1_s80115__49396/lib:/home/ccc_v1_s80115__49396/asn17210_Project_2_/asn17211_Project_2/asnlib.0:/home/vlibs', 'PART1': '/home/ccc_v1_s80115__49396/asn17210_Project_2_/asn17211_Project_2', 'ROS_MASTER_URI': 'http://ip-172-31-19-100:38184/', 'XDG_RUNTIME_DIR': '/run/user/86698', 'PYTHONPATH': '/opt/ros/indigo/lib/python2.7/dist-packages:/home/vlibs/python', 'VOC_PROXY_WRAPPER_PORT': '5100', 'VOC_XFER_TOKEN': '1242261120298812988117211059dbf213d92947.00671556', 'ROS_ROOT': '/opt/ros/indigo/share/ros', 'OLD_HOME': '/home/ccc_v1_w_NDU1M_86698', 'PKG_CONFIG_PATH': '/opt/ros/indigo/lib/pkgconfig:/opt/ros/indigo/lib/x86_64-linux-gnu/pkgconfig', 'ROS_PACKAGE_PATH': '/opt/ros/indigo/share:/opt/ros/indigo/stacks', 'XDG_SESSION_ID': '127636', '_': '/usr/bin/stdbuf', 'LD_PRELOAD': '/usr/lib/coreutils/libstdbuf.so', '_STDBUF_O': 'L', 'SSH_TTY': '/dev/pts/0', 'OLDPWD': '/home/ccc_v1_w_NDU1M_86698', 'ROSLISP_PACKAGE_DIRECTORIES': '', 'VLIB': '/home/vlibs', 'PWD': '/home/ccc_v1_w_NDU1M_86698/asn17210_Project_2_/asn17211_Project_2/work', 'VOC_PROXY_ID': '29881_29881_17211_0_1', 'ROS_ETC_DIR': '/opt/ros/indigo/etc/ros', 'MAIL': '/var/mail/ccc_v1_w_NDU1M_86698', 'SSH_CONNECTION': '172.31.43.31 60894 172.31.19.100 22'}]
[roslaunch][INFO] 2017-10-09 15:03:08,706: process[rosout-1]: args[[u'/opt/ros/indigo/lib/rosout/rosout', u'__name:=rosout']]
[roslaunch][INFO] 2017-10-09 15:03:08,711: ... created process [rosout-1]
[roslaunch.pmon][INFO] 2017-10-09 15:03:08,714: ProcessMonitor.register[rosout-1]
[roslaunch.pmon][INFO] 2017-10-09 15:03:08,722: ProcessMonitor.register[rosout-1] complete
[roslaunch][INFO] 2017-10-09 15:03:08,726: ... registered process [rosout-1]
[roslaunch][INFO] 2017-10-09 15:03:08,730: process[rosout-1]: starting os process
[roslaunch][INFO] 2017-10-09 15:03:08,735: process[rosout-1]: start w/ args [[u'/opt/ros/indigo/lib/rosout/rosout', u'__name:=rosout', u'__log:=/home/ccc_v1_w_NDU1M_86698/asn17210_Project_2_/asn17211_Project_2/work/.ros/log/a1f9a298-ad3d-11e7-9914-06f360e4abc1/rosout-1.log']]
[roslaunch][INFO] 2017-10-09 15:03:08,746: process[rosout-1]: cwd will be [/home/ccc_v1_w_NDU1M_86698/asn17210_Project_2_/asn17211_Project_2/work/.ros]
[roslaunch][INFO] 2017-10-09 15:03:08,756: process[rosout-1]: started with pid [29736]
[roslaunch][INFO] 2017-10-09 15:03:08,759: ... successfully launched [rosout-1]
[roslaunch][INFO] 2017-10-09 15:03:08,775: load_parameters starting ...
[roslaunch][INFO] 2017-10-09 15:03:08,834: ... load_parameters complete
[roslaunch][INFO] 2017-10-09 15:03:08,838: launch_nodes: launching local nodes ...
[roslaunch][INFO] 2017-10-09 15:03:08,841: ... launch_nodes complete
[roslaunch.pmon][INFO] 2017-10-09 15:03:08,845: registrations completed <ProcessMonitor(ProcessMonitor-1, started daemon 140490995975936)>
[roslaunch.parent][INFO] 2017-10-09 15:03:08,855: ... roslaunch parent running, waiting for process exit
[roslaunch][INFO] 2017-10-09 15:03:08,859: spin
