[rospy.client][INFO] 2017-10-09 14:14:29,598: init_node, name[/rosbridge_websocket], pid[32171]
[xmlrpc][INFO] 2017-10-09 14:14:29,599: XML-RPC server binding to 0.0.0.0:0
[xmlrpc][INFO] 2017-10-09 14:14:29,680: Started XML-RPC server [http://ip-172-31-19-100:39833/]
[rospy.init][INFO] 2017-10-09 14:14:29,680: ROS Slave URI: [http://ip-172-31-19-100:39833/]
[rospy.impl.masterslave][INFO] 2017-10-09 14:14:29,685: _ready: http://ip-172-31-19-100:39833/
[xmlrpc][INFO] 2017-10-09 14:14:29,694: xml rpc node: starting XML-RPC server
[rospy.registration][INFO] 2017-10-09 14:14:29,694: Registering with master node http://localhost:59363
[rospy.init][INFO] 2017-10-09 14:14:29,789: registered with master
[rospy.rosout][INFO] 2017-10-09 14:14:29,793: initializing /rosout core topic
[rospy.rosout][INFO] 2017-10-09 14:14:29,818: connected to core topic /rosout
[rospy.simtime][INFO] 2017-10-09 14:14:29,823: /use_sim_time is not set, will not subscribe to simulated time [/clock] topic
[rosout][INFO] 2017-10-09 14:14:29,853: Rosbridge WebSocket server started on port 33191
[rospy.internal][INFO] 2017-10-09 14:14:30,026: topic[/rosout] adding connection to [/rosout], count 0
[rosout][INFO] 2017-10-09 14:14:34,133: Client connected.  1 clients total.
[rosout][INFO] 2017-10-09 14:14:34,489: [Client 0] Subscribed to /tf2_web_republisher/feedback
[rosout][INFO] 2017-10-09 14:14:34,501: [Client 0] Subscribed to /visualization_marker
[rospy.internal][INFO] 2017-10-09 14:14:34,511: topic[/tf2_web_republisher/feedback] adding connection to [http://ip-172-31-19-100:49547/], count 0
[rospy.internal][INFO] 2017-10-09 14:14:34,511: topic[/visualization_marker] adding connection to [http://ip-172-31-19-100:35820/], count 0
[rospy.internal][INFO] 2017-10-09 14:14:34,713: topic[/tf2_web_republisher/cancel] adding connection to [/tf2_web_republisher], count 0
[rospy.internal][INFO] 2017-10-09 14:14:34,718: topic[/tf2_web_republisher/goal] adding connection to [/tf2_web_republisher], count 0
[rospy.internal][INFO] 2017-10-09 14:16:31,412: topic impl's ref count is zero, deleting topic /tf2_web_republisher/cancel...
[rospy.internal][INFO] 2017-10-09 14:16:31,413: topic[/tf2_web_republisher/cancel] removing connection to /tf2_web_republisher
[rospy.internal][INFO] 2017-10-09 14:16:31,420: topic impl's ref count is zero, deleting topic /tf2_web_republisher/goal...
[rospy.internal][INFO] 2017-10-09 14:16:31,423: topic[/tf2_web_republisher/goal] removing connection to /tf2_web_republisher
[rospy.internal][INFO] 2017-10-09 14:16:31,432: topic impl's ref count is zero, deleting topic /tf2_web_republisher/feedback...
[rospy.internal][INFO] 2017-10-09 14:16:31,435: topic[/tf2_web_republisher/feedback] removing connection to http://ip-172-31-19-100:49547/
[rospy.internal][INFO] 2017-10-09 14:16:31,452: topic impl's ref count is zero, deleting topic /visualization_marker...
[rospy.internal][INFO] 2017-10-09 14:16:31,457: topic[/visualization_marker] removing connection to http://ip-172-31-19-100:35820/
[rosout][INFO] 2017-10-09 14:16:31,465: Client disconnected. 0 clients total.
