[roslaunch][INFO] 2017-10-09 14:14:26,255: Checking log directory for disk usage. This may take awhile.
Press Ctrl-C to interrupt
[roslaunch][INFO] 2017-10-09 14:14:26,294: Done checking log file disk usage. Usage is <1GB.
[roslaunch][INFO] 2017-10-09 14:14:26,294: roslaunch starting with args ['roscore', '--core', '-p', '59363']
[roslaunch][INFO] 2017-10-09 14:14:26,307: roslaunch env is {'ROS_DISTRO': 'indigo', 'ASNLIB': '/home/ccc_v1_s80115__49396/asn17210_Project_2_/asn17211_Project_2/asnlib.0', 'LIB': '/home/ccc_v1_s80115__49396/lib', 'PKG_CONFIG_PATH': '/opt/ros/indigo/lib/pkgconfig:/opt/ros/indigo/lib/x86_64-linux-gnu/pkgconfig', 'SSH_CLIENT': '172.31.43.31 53808 22', 'CPATH': '/opt/ros/indigo/include', 'LOGNAME': 'ccc_v1_w_NDU1M_86698', 'USER': 'ccc_v1_w_NDU1M_86698', 'ROS_NODE_PORT': '59363', 'HOME': '/home/ccc_v1_w_NDU1M_86698/asn17210_Project_2_/asn17211_Project_2/work', 'PATH': '/opt/ros/indigo/bin:/usr/local/sbin:/usr/local/bin:/usr/sbin:/usr/bin:/sbin:/bin:/usr/games:/usr/local/games:/home/local/bin:/home/ccc_v1_s80115__49396/lib:/home/ccc_v1_s80115__49396/asn17210_Project_2_/asn17211_Project_2/asnlib.0:/home/vlibs:.', 'CMAKE_PREFIX_PATH': '/opt/ros/indigo', 'LD_LIBRARY_PATH': '/opt/ros/indigo/lib:/opt/ros/indigo/lib/x86_64-linux-gnu:/home/ccc_v1_s80115__49396/lib:/home/ccc_v1_s80115__49396/asn17210_Project_2_/asn17211_Project_2/asnlib.0:/home/vlibs', 'LANG': 'en_US.UTF-8', 'TERM': 'xterm-256color', 'SHELL': '/bin/bash', 'HISTFILE': '/home/ccc_v1_w_NDU1M_86698/.bash_history', 'SHLVL': '2', 'VOC_WORKAREA': '/home/ccc_v1_w_NDU1M_86698/asn17210_Project_2_/asn17211_Project_2/work', 'ROS_LOG_FILENAME': '/home/ccc_v1_w_NDU1M_86698/asn17210_Project_2_/asn17211_Project_2/work/.ros/log/d4710876-ad36-11e7-a50d-06f360e4abc1/roslaunch-ip-172-31-19-100-31998.log', 'PART1': '/home/ccc_v1_s80115__49396/asn17210_Project_2_/asn17211_Project_2', 'ROS_ETC_DIR': '/opt/ros/indigo/etc/ros', 'XDG_RUNTIME_DIR': '/run/user/86698', 'PYTHONPATH': '/opt/ros/indigo/lib/python2.7/dist-packages:/home/vlibs/python', 'VOC_PROXY_WRAPPER_PORT': '5100', 'VOC_XFER_TOKEN': '539836139298812988117211059dbe6a5c05aa4.21196639', 'ROS_ROOT': '/opt/ros/indigo/share/ros', 'OLD_HOME': '/home/ccc_v1_w_NDU1M_86698', 'VOC_PROXY_TOKEN': '21339478352988129881172110159dbe6a5c7dca8.90120965', 'ROS_PACKAGE_PATH': '/opt/ros/indigo/share:/opt/ros/indigo/stacks', 'XDG_SESSION_ID': '127349', '_': '/usr/bin/stdbuf', 'LD_PRELOAD': '/usr/lib/coreutils/libstdbuf.so', '_STDBUF_O': 'L', 'SSH_TTY': '/dev/pts/0', 'OLDPWD': '/home/ccc_v1_w_NDU1M_86698', 'ROSLISP_PACKAGE_DIRECTORIES': '', 'VLIB': '/home/vlibs', 'PWD': '/home/ccc_v1_w_NDU1M_86698/asn17210_Project_2_/asn17211_Project_2/work', 'VOC_PROXY_ID': '29881_29881_17211_0_1', 'ROS_MASTER_URI': 'http://localhost:59363', 'MAIL': '/var/mail/ccc_v1_w_NDU1M_86698', 'SSH_CONNECTION': '172.31.43.31 53808 172.31.19.100 22'}
[roslaunch][INFO] 2017-10-09 14:14:26,317: starting in server mode
[roslaunch.parent][INFO] 2017-10-09 14:14:26,321: starting roslaunch parent run
[roslaunch][INFO] 2017-10-09 14:14:26,324: loading roscore config file /opt/ros/indigo/etc/ros/roscore.xml
[roslaunch][INFO] 2017-10-09 14:14:26,440: Added core node of type [rosout/rosout] in namespace [/]
[roslaunch.pmon][INFO] 2017-10-09 14:14:26,441: start_process_monitor: creating ProcessMonitor
[roslaunch.pmon][INFO] 2017-10-09 14:14:26,445: created process monitor <ProcessMonitor(ProcessMonitor-1, initial daemon)>
[roslaunch.pmon][INFO] 2017-10-09 14:14:26,449: start_process_monitor: ProcessMonitor started
[roslaunch.parent][INFO] 2017-10-09 14:14:26,452: starting parent XML-RPC server
[roslaunch.server][INFO] 2017-10-09 14:14:26,456: starting roslaunch XML-RPC server
[roslaunch.server][INFO] 2017-10-09 14:14:26,460: waiting for roslaunch XML-RPC server to initialize
[xmlrpc][INFO] 2017-10-09 14:14:26,460: XML-RPC server binding to 0.0.0.0:0
[xmlrpc][INFO] 2017-10-09 14:14:26,467: Started XML-RPC server [http://ip-172-31-19-100:44570/]
[xmlrpc][INFO] 2017-10-09 14:14:26,471: xml rpc node: starting XML-RPC server
[roslaunch][INFO] 2017-10-09 14:14:26,501: started roslaunch server http://ip-172-31-19-100:44570/
[roslaunch.parent][INFO] 2017-10-09 14:14:26,505: ... parent XML-RPC server started
[roslaunch][INFO] 2017-10-09 14:14:26,509: master.is_running[http://ip-172-31-19-100:59363/]
[roslaunch][INFO] 2017-10-09 14:14:26,514: auto-starting new master
[roslaunch][INFO] 2017-10-09 14:14:26,517: create_master_process: rosmaster, /opt/ros/indigo/share/ros, 59363, 3, None
[roslaunch][INFO] 2017-10-09 14:14:26,521: process[master]: launching with args [['rosmaster', '--core', '-p', '59363', '-w', '3']]
[roslaunch.pmon][INFO] 2017-10-09 14:14:26,524: ProcessMonitor.register[master]
[roslaunch.pmon][INFO] 2017-10-09 14:14:26,528: ProcessMonitor.register[master] complete
[roslaunch][INFO] 2017-10-09 14:14:26,531: process[master]: starting os process
[roslaunch][INFO] 2017-10-09 14:14:26,535: process[master]: start w/ args [['rosmaster', '--core', '-p', '59363', '-w', '3', '__log:=/home/ccc_v1_w_NDU1M_86698/asn17210_Project_2_/asn17211_Project_2/work/.ros/log/d4710876-ad36-11e7-a50d-06f360e4abc1/master.log']]
[roslaunch][INFO] 2017-10-09 14:14:26,539: process[master]: cwd will be [/home/ccc_v1_w_NDU1M_86698/asn17210_Project_2_/asn17211_Project_2/work/.ros]
[roslaunch][INFO] 2017-10-09 14:14:26,548: process[master]: started with pid [32014]
[roslaunch][INFO] 2017-10-09 14:14:26,549: master.is_running[http://ip-172-31-19-100:59363/]
[roslaunch][INFO] 2017-10-09 14:14:26,653: master.is_running[http://ip-172-31-19-100:59363/]
[roslaunch][INFO] 2017-10-09 14:14:26,757: master.is_running[http://ip-172-31-19-100:59363/]
[roslaunch][INFO] 2017-10-09 14:14:26,763: master.is_running[http://ip-172-31-19-100:59363/]
[roslaunch][INFO] 2017-10-09 14:14:26,777: ROS_MASTER_URI=http://ip-172-31-19-100:59363/
[roslaunch][INFO] 2017-10-09 14:14:26,781: setting /run_id to d4710876-ad36-11e7-a50d-06f360e4abc1
[roslaunch][INFO] 2017-10-09 14:14:26,789: setting /roslaunch/uris/host_ip_172_31_19_100__44570' to http://ip-172-31-19-100:44570/
[roslaunch][INFO] 2017-10-09 14:14:26,809: ... preparing to launch node of type [rosout/rosout]
[roslaunch][INFO] 2017-10-09 14:14:26,813: create_node_process: package[rosout] type[rosout] machine[Machine(name[] env_loader[None] address[localhost] ssh_port[22] user[None] assignable[True] timeout[10.0])] master_uri[http://ip-172-31-19-100:59363/]
[roslaunch][INFO] 2017-10-09 14:14:26,816: process[rosout-1]: env[{'ROS_DISTRO': 'indigo', 'ASNLIB': '/home/ccc_v1_s80115__49396/asn17210_Project_2_/asn17211_Project_2/asnlib.0', 'LIB': '/home/ccc_v1_s80115__49396/lib', 'VOC_PROXY_TOKEN': '21339478352988129881172110159dbe6a5c7dca8.90120965', 'SSH_CLIENT': '172.31.43.31 53808 22', 'CPATH': '/opt/ros/indigo/include', 'LOGNAME': 'ccc_v1_w_NDU1M_86698', 'USER': 'ccc_v1_w_NDU1M_86698', 'ROS_NODE_PORT': '59363', 'HOME': '/home/ccc_v1_w_NDU1M_86698/asn17210_Project_2_/asn17211_Project_2/work', 'PATH': '/opt/ros/indigo/bin:/usr/local/sbin:/usr/local/bin:/usr/sbin:/usr/bin:/sbin:/bin:/usr/games:/usr/local/games:/home/local/bin:/home/ccc_v1_s80115__49396/lib:/home/ccc_v1_s80115__49396/asn17210_Project_2_/asn17211_Project_2/asnlib.0:/home/vlibs:.', 'CMAKE_PREFIX_PATH': '/opt/ros/indigo', 'ROS_LOG_FILENAME': '/home/ccc_v1_w_NDU1M_86698/asn17210_Project_2_/asn17211_Project_2/work/.ros/log/d4710876-ad36-11e7-a50d-06f360e4abc1/roslaunch-ip-172-31-19-100-31998.log', 'LANG': 'en_US.UTF-8', 'TERM': 'xterm-256color', 'SHELL': '/bin/bash', 'HISTFILE': '/home/ccc_v1_w_NDU1M_86698/.bash_history', 'SHLVL': '2', 'VOC_WORKAREA': '/home/ccc_v1_w_NDU1M_86698/asn17210_Project_2_/asn17211_Project_2/work', 'LD_LIBRARY_PATH': '/opt/ros/indigo/lib:/opt/ros/indigo/lib/x86_64-linux-gnu:/home/ccc_v1_s80115__49396/lib:/home/ccc_v1_s80115__49396/asn17210_Project_2_/asn17211_Project_2/asnlib.0:/home/vlibs', 'PART1': '/home/ccc_v1_s80115__49396/asn17210_Project_2_/asn17211_Project_2', 'ROS_MASTER_URI': 'http://ip-172-31-19-100:59363/', 'XDG_RUNTIME_DIR': '/run/user/86698', 'PYTHONPATH': '/opt/ros/indigo/lib/python2.7/dist-packages:/home/vlibs/python', 'VOC_PROXY_WRAPPER_PORT': '5100', 'VOC_XFER_TOKEN': '539836139298812988117211059dbe6a5c05aa4.21196639', 'ROS_ROOT': '/opt/ros/indigo/share/ros', 'OLD_HOME': '/home/ccc_v1_w_NDU1M_86698', 'PKG_CONFIG_PATH': '/opt/ros/indigo/lib/pkgconfig:/opt/ros/indigo/lib/x86_64-linux-gnu/pkgconfig', 'ROS_PACKAGE_PATH': '/opt/ros/indigo/share:/opt/ros/indigo/stacks', 'XDG_SESSION_ID': '127349', '_': '/usr/bin/stdbuf', 'LD_PRELOAD': '/usr/lib/coreutils/libstdbuf.so', '_STDBUF_O': 'L', 'SSH_TTY': '/dev/pts/0', 'OLDPWD': '/home/ccc_v1_w_NDU1M_86698', 'ROSLISP_PACKAGE_DIRECTORIES': '', 'VLIB': '/home/vlibs', 'PWD': '/home/ccc_v1_w_NDU1M_86698/asn17210_Project_2_/asn17211_Project_2/work', 'VOC_PROXY_ID': '29881_29881_17211_0_1', 'ROS_ETC_DIR': '/opt/ros/indigo/etc/ros', 'MAIL': '/var/mail/ccc_v1_w_NDU1M_86698', 'SSH_CONNECTION': '172.31.43.31 53808 172.31.19.100 22'}]
[roslaunch][INFO] 2017-10-09 14:14:26,854: process[rosout-1]: args[[u'/opt/ros/indigo/lib/rosout/rosout', u'__name:=rosout']]
[roslaunch][INFO] 2017-10-09 14:14:26,858: ... created process [rosout-1]
[roslaunch.pmon][INFO] 2017-10-09 14:14:26,861: ProcessMonitor.register[rosout-1]
[roslaunch.pmon][INFO] 2017-10-09 14:14:26,865: ProcessMonitor.register[rosout-1] complete
[roslaunch][INFO] 2017-10-09 14:14:26,868: ... registered process [rosout-1]
[roslaunch][INFO] 2017-10-09 14:14:26,871: process[rosout-1]: starting os process
[roslaunch][INFO] 2017-10-09 14:14:26,885: process[rosout-1]: start w/ args [[u'/opt/ros/indigo/lib/rosout/rosout', u'__name:=rosout', u'__log:=/home/ccc_v1_w_NDU1M_86698/asn17210_Project_2_/asn17211_Project_2/work/.ros/log/d4710876-ad36-11e7-a50d-06f360e4abc1/rosout-1.log']]
[roslaunch][INFO] 2017-10-09 14:14:26,888: process[rosout-1]: cwd will be [/home/ccc_v1_w_NDU1M_86698/asn17210_Project_2_/asn17211_Project_2/work/.ros]
[roslaunch][INFO] 2017-10-09 14:14:26,896: process[rosout-1]: started with pid [32027]
[roslaunch][INFO] 2017-10-09 14:14:26,897: ... successfully launched [rosout-1]
[roslaunch][INFO] 2017-10-09 14:14:26,901: load_parameters starting ...
[roslaunch][INFO] 2017-10-09 14:14:26,919: ... load_parameters complete
[roslaunch][INFO] 2017-10-09 14:14:26,922: launch_nodes: launching local nodes ...
[roslaunch][INFO] 2017-10-09 14:14:26,926: ... launch_nodes complete
[roslaunch.pmon][INFO] 2017-10-09 14:14:26,929: registrations completed <ProcessMonitor(ProcessMonitor-1, started daemon 140013544466176)>
[roslaunch.parent][INFO] 2017-10-09 14:14:26,932: ... roslaunch parent running, waiting for process exit
[roslaunch][INFO] 2017-10-09 14:14:26,936: spin
