[rospy.client][INFO] 2017-10-09 16:07:29,130: init_node, name[/rosbridge_websocket], pid[23891]
[xmlrpc][INFO] 2017-10-09 16:07:29,130: XML-RPC server binding to 0.0.0.0:0
[xmlrpc][INFO] 2017-10-09 16:07:29,135: Started XML-RPC server [http://ip-172-31-19-100:35834/]
[rospy.init][INFO] 2017-10-09 16:07:29,135: ROS Slave URI: [http://ip-172-31-19-100:35834/]
[rospy.impl.masterslave][INFO] 2017-10-09 16:07:29,138: _ready: http://ip-172-31-19-100:35834/
[rospy.registration][INFO] 2017-10-09 16:07:29,146: Registering with master node http://localhost:51050
[xmlrpc][INFO] 2017-10-09 16:07:29,146: xml rpc node: starting XML-RPC server
[rospy.init][INFO] 2017-10-09 16:07:29,242: registered with master
[rospy.rosout][INFO] 2017-10-09 16:07:29,246: initializing /rosout core topic
[rospy.rosout][INFO] 2017-10-09 16:07:29,257: connected to core topic /rosout
[rospy.simtime][INFO] 2017-10-09 16:07:29,261: /use_sim_time is not set, will not subscribe to simulated time [/clock] topic
[rosout][INFO] 2017-10-09 16:07:29,289: Rosbridge WebSocket server started on port 34901
[rospy.internal][INFO] 2017-10-09 16:07:29,551: topic[/rosout] adding connection to [/rosout], count 0
[rosout][INFO] 2017-10-09 16:07:36,478: Client connected.  1 clients total.
[rosout][INFO] 2017-10-09 16:07:36,827: [Client 0] Subscribed to /tf2_web_republisher/feedback
[rosout][INFO] 2017-10-09 16:07:36,837: [Client 0] Subscribed to /visualization_marker
[rospy.internal][INFO] 2017-10-09 16:07:36,860: topic[/tf2_web_republisher/feedback] adding connection to [http://ip-172-31-19-100:42721/], count 0
[rospy.internal][INFO] 2017-10-09 16:07:36,861: topic[/visualization_marker] adding connection to [http://ip-172-31-19-100:58589/], count 0
[rospy.internal][INFO] 2017-10-09 16:07:36,971: topic[/tf2_web_republisher/goal] adding connection to [/tf2_web_republisher], count 0
[rospy.internal][INFO] 2017-10-09 16:07:37,072: topic[/tf2_web_republisher/cancel] adding connection to [/tf2_web_republisher], count 0
[rospy.internal][INFO] 2017-10-09 16:10:39,237: topic impl's ref count is zero, deleting topic /tf2_web_republisher/cancel...
[rospy.internal][INFO] 2017-10-09 16:10:39,238: topic[/tf2_web_republisher/cancel] removing connection to /tf2_web_republisher
[rospy.internal][INFO] 2017-10-09 16:10:39,248: topic impl's ref count is zero, deleting topic /tf2_web_republisher/goal...
[rospy.internal][INFO] 2017-10-09 16:10:39,251: topic[/tf2_web_republisher/goal] removing connection to /tf2_web_republisher
[rospy.internal][INFO] 2017-10-09 16:10:39,265: topic impl's ref count is zero, deleting topic /tf2_web_republisher/feedback...
[rospy.internal][INFO] 2017-10-09 16:10:39,268: topic[/tf2_web_republisher/feedback] removing connection to http://ip-172-31-19-100:42721/
[rospy.internal][WARNING] 2017-10-09 16:10:39,269: Unknown error initiating TCP/IP socket to ip-172-31-19-100:49118 (http://ip-172-31-19-100:42721/): Traceback (most recent call last):
  File "/opt/ros/indigo/lib/python2.7/dist-packages/rospy/impl/tcpros_base.py", line 558, in connect
    self.local_endpoint = self.socket.getsockname()
AttributeError: 'NoneType' object has no attribute 'getsockname'

[rospy.internal][INFO] 2017-10-09 16:10:39,291: topic impl's ref count is zero, deleting topic /visualization_marker...
[rospy.internal][INFO] 2017-10-09 16:10:39,295: topic[/visualization_marker] removing connection to http://ip-172-31-19-100:58589/
[rosout][INFO] 2017-10-09 16:10:39,303: Client disconnected. 0 clients total.
