[roslaunch][INFO] 2017-10-09 16:07:26,090: Checking log directory for disk usage. This may take awhile.
Press Ctrl-C to interrupt
[roslaunch][INFO] 2017-10-09 16:07:26,324: Done checking log file disk usage. Usage is <1GB.
[roslaunch][INFO] 2017-10-09 16:07:26,324: roslaunch starting with args ['roscore', '--core', '-p', '51050']
[roslaunch][INFO] 2017-10-09 16:07:26,338: roslaunch env is {'ROS_DISTRO': 'indigo', 'ASNLIB': '/home/ccc_v1_s80115__49396/asn17210_Project_2_/asn17211_Project_2/asnlib.0', 'LIB': '/home/ccc_v1_s80115__49396/lib', 'PKG_CONFIG_PATH': '/opt/ros/indigo/lib/pkgconfig:/opt/ros/indigo/lib/x86_64-linux-gnu/pkgconfig', 'SSH_CLIENT': '172.31.43.31 54778 22', 'CPATH': '/opt/ros/indigo/include', 'LOGNAME': 'ccc_v1_w_NDU1M_86698', 'USER': 'ccc_v1_w_NDU1M_86698', 'ROS_NODE_PORT': '51050', 'HOME': '/home/ccc_v1_w_NDU1M_86698/asn17210_Project_2_/asn17211_Project_2/work', 'PATH': '/opt/ros/indigo/bin:/usr/local/sbin:/usr/local/bin:/usr/sbin:/usr/bin:/sbin:/bin:/usr/games:/usr/local/games:/home/local/bin:/home/ccc_v1_s80115__49396/lib:/home/ccc_v1_s80115__49396/asn17210_Project_2_/asn17211_Project_2/asnlib.0:/home/vlibs:.', 'CMAKE_PREFIX_PATH': '/opt/ros/indigo', 'LD_LIBRARY_PATH': '/opt/ros/indigo/lib:/opt/ros/indigo/lib/x86_64-linux-gnu:/home/ccc_v1_s80115__49396/lib:/home/ccc_v1_s80115__49396/asn17210_Project_2_/asn17211_Project_2/asnlib.0:/home/vlibs', 'LANG': 'en_US.UTF-8', 'TERM': 'xterm-256color', 'SHELL': '/bin/bash', 'HISTFILE': '/home/ccc_v1_w_NDU1M_86698/.bash_history', 'SHLVL': '2', 'VOC_WORKAREA': '/home/ccc_v1_w_NDU1M_86698/asn17210_Project_2_/asn17211_Project_2/work', 'ROS_LOG_FILENAME': '/home/ccc_v1_w_NDU1M_86698/asn17210_Project_2_/asn17211_Project_2/work/.ros/log/9d88ccb2-ad46-11e7-87f1-06f360e4abc1/roslaunch-ip-172-31-19-100-23720.log', 'PART1': '/home/ccc_v1_s80115__49396/asn17210_Project_2_/asn17211_Project_2', 'ROS_ETC_DIR': '/opt/ros/indigo/etc/ros', 'XDG_RUNTIME_DIR': '/run/user/86698', 'PYTHONPATH': '/opt/ros/indigo/lib/python2.7/dist-packages:/home/vlibs/python', 'VOC_PROXY_WRAPPER_PORT': '5100', 'VOC_XFER_TOKEN': '1626873596298812988117211059dc0127840df0.16699384', 'ROS_ROOT': '/opt/ros/indigo/share/ros', 'OLD_HOME': '/home/ccc_v1_w_NDU1M_86698', 'VOC_PROXY_TOKEN': '14044108262988129881172110159dc01278e28c7.94729704', 'ROS_PACKAGE_PATH': '/opt/ros/indigo/share:/opt/ros/indigo/stacks', 'XDG_SESSION_ID': '128110', '_': '/usr/bin/stdbuf', 'LD_PRELOAD': '/usr/lib/coreutils/libstdbuf.so', '_STDBUF_O': 'L', 'SSH_TTY': '/dev/pts/3', 'OLDPWD': '/home/ccc_v1_w_NDU1M_86698', 'ROSLISP_PACKAGE_DIRECTORIES': '', 'VLIB': '/home/vlibs', 'PWD': '/home/ccc_v1_w_NDU1M_86698/asn17210_Project_2_/asn17211_Project_2/work', 'VOC_PROXY_ID': '29881_29881_17211_0_1', 'ROS_MASTER_URI': 'http://localhost:51050', 'MAIL': '/var/mail/ccc_v1_w_NDU1M_86698', 'SSH_CONNECTION': '172.31.43.31 54778 172.31.19.100 22'}
[roslaunch][INFO] 2017-10-09 16:07:26,342: starting in server mode
[roslaunch.parent][INFO] 2017-10-09 16:07:26,346: starting roslaunch parent run
[roslaunch][INFO] 2017-10-09 16:07:26,350: loading roscore config file /opt/ros/indigo/etc/ros/roscore.xml
[roslaunch][INFO] 2017-10-09 16:07:26,462: Added core node of type [rosout/rosout] in namespace [/]
[roslaunch.pmon][INFO] 2017-10-09 16:07:26,463: start_process_monitor: creating ProcessMonitor
[roslaunch.pmon][INFO] 2017-10-09 16:07:26,467: created process monitor <ProcessMonitor(ProcessMonitor-1, initial daemon)>
[roslaunch.pmon][INFO] 2017-10-09 16:07:26,471: start_process_monitor: ProcessMonitor started
[roslaunch.parent][INFO] 2017-10-09 16:07:26,475: starting parent XML-RPC server
[roslaunch.server][INFO] 2017-10-09 16:07:26,484: starting roslaunch XML-RPC server
[roslaunch.server][INFO] 2017-10-09 16:07:26,497: waiting for roslaunch XML-RPC server to initialize
[xmlrpc][INFO] 2017-10-09 16:07:26,497: XML-RPC server binding to 0.0.0.0:0
[xmlrpc][INFO] 2017-10-09 16:07:26,505: Started XML-RPC server [http://ip-172-31-19-100:40365/]
[xmlrpc][INFO] 2017-10-09 16:07:26,508: xml rpc node: starting XML-RPC server
[roslaunch][INFO] 2017-10-09 16:07:26,537: started roslaunch server http://ip-172-31-19-100:40365/
[roslaunch.parent][INFO] 2017-10-09 16:07:26,542: ... parent XML-RPC server started
[roslaunch][INFO] 2017-10-09 16:07:26,546: master.is_running[http://ip-172-31-19-100:51050/]
[roslaunch][INFO] 2017-10-09 16:07:26,550: auto-starting new master
[roslaunch][INFO] 2017-10-09 16:07:26,554: create_master_process: rosmaster, /opt/ros/indigo/share/ros, 51050, 3, None
[roslaunch][INFO] 2017-10-09 16:07:26,558: process[master]: launching with args [['rosmaster', '--core', '-p', '51050', '-w', '3']]
[roslaunch.pmon][INFO] 2017-10-09 16:07:26,562: ProcessMonitor.register[master]
[roslaunch.pmon][INFO] 2017-10-09 16:07:26,566: ProcessMonitor.register[master] complete
[roslaunch][INFO] 2017-10-09 16:07:26,569: process[master]: starting os process
[roslaunch][INFO] 2017-10-09 16:07:26,573: process[master]: start w/ args [['rosmaster', '--core', '-p', '51050', '-w', '3', '__log:=/home/ccc_v1_w_NDU1M_86698/asn17210_Project_2_/asn17211_Project_2/work/.ros/log/9d88ccb2-ad46-11e7-87f1-06f360e4abc1/master.log']]
[roslaunch][INFO] 2017-10-09 16:07:26,577: process[master]: cwd will be [/home/ccc_v1_w_NDU1M_86698/asn17210_Project_2_/asn17211_Project_2/work/.ros]
[roslaunch][INFO] 2017-10-09 16:07:26,591: process[master]: started with pid [23736]
[roslaunch][INFO] 2017-10-09 16:07:26,592: master.is_running[http://ip-172-31-19-100:51050/]
[roslaunch][INFO] 2017-10-09 16:07:26,696: master.is_running[http://ip-172-31-19-100:51050/]
[roslaunch][INFO] 2017-10-09 16:07:26,802: master.is_running[http://ip-172-31-19-100:51050/]
[roslaunch][INFO] 2017-10-09 16:07:26,808: master.is_running[http://ip-172-31-19-100:51050/]
[roslaunch][INFO] 2017-10-09 16:07:26,812: ROS_MASTER_URI=http://ip-172-31-19-100:51050/
[roslaunch][INFO] 2017-10-09 16:07:26,822: setting /run_id to 9d88ccb2-ad46-11e7-87f1-06f360e4abc1
[roslaunch][INFO] 2017-10-09 16:07:26,830: setting /roslaunch/uris/host_ip_172_31_19_100__40365' to http://ip-172-31-19-100:40365/
[roslaunch][INFO] 2017-10-09 16:07:26,849: ... preparing to launch node of type [rosout/rosout]
[roslaunch][INFO] 2017-10-09 16:07:26,853: create_node_process: package[rosout] type[rosout] machine[Machine(name[] env_loader[None] address[localhost] ssh_port[22] user[None] assignable[True] timeout[10.0])] master_uri[http://ip-172-31-19-100:51050/]
[roslaunch][INFO] 2017-10-09 16:07:26,856: process[rosout-1]: env[{'ROS_DISTRO': 'indigo', 'ASNLIB': '/home/ccc_v1_s80115__49396/asn17210_Project_2_/asn17211_Project_2/asnlib.0', 'LIB': '/home/ccc_v1_s80115__49396/lib', 'VOC_PROXY_TOKEN': '14044108262988129881172110159dc01278e28c7.94729704', 'SSH_CLIENT': '172.31.43.31 54778 22', 'CPATH': '/opt/ros/indigo/include', 'LOGNAME': 'ccc_v1_w_NDU1M_86698', 'USER': 'ccc_v1_w_NDU1M_86698', 'ROS_NODE_PORT': '51050', 'HOME': '/home/ccc_v1_w_NDU1M_86698/asn17210_Project_2_/asn17211_Project_2/work', 'PATH': '/opt/ros/indigo/bin:/usr/local/sbin:/usr/local/bin:/usr/sbin:/usr/bin:/sbin:/bin:/usr/games:/usr/local/games:/home/local/bin:/home/ccc_v1_s80115__49396/lib:/home/ccc_v1_s80115__49396/asn17210_Project_2_/asn17211_Project_2/asnlib.0:/home/vlibs:.', 'CMAKE_PREFIX_PATH': '/opt/ros/indigo', 'ROS_LOG_FILENAME': '/home/ccc_v1_w_NDU1M_86698/asn17210_Project_2_/asn17211_Project_2/work/.ros/log/9d88ccb2-ad46-11e7-87f1-06f360e4abc1/roslaunch-ip-172-31-19-100-23720.log', 'LANG': 'en_US.UTF-8', 'TERM': 'xterm-256color', 'SHELL': '/bin/bash', 'HISTFILE': '/home/ccc_v1_w_NDU1M_86698/.bash_history', 'SHLVL': '2', 'VOC_WORKAREA': '/home/ccc_v1_w_NDU1M_86698/asn17210_Project_2_/asn17211_Project_2/work', 'LD_LIBRARY_PATH': '/opt/ros/indigo/lib:/opt/ros/indigo/lib/x86_64-linux-gnu:/home/ccc_v1_s80115__49396/lib:/home/ccc_v1_s80115__49396/asn17210_Project_2_/asn17211_Project_2/asnlib.0:/home/vlibs', 'PART1': '/home/ccc_v1_s80115__49396/asn17210_Project_2_/asn17211_Project_2', 'ROS_MASTER_URI': 'http://ip-172-31-19-100:51050/', 'XDG_RUNTIME_DIR': '/run/user/86698', 'PYTHONPATH': '/opt/ros/indigo/lib/python2.7/dist-packages:/home/vlibs/python', 'VOC_PROXY_WRAPPER_PORT': '5100', 'VOC_XFER_TOKEN': '1626873596298812988117211059dc0127840df0.16699384', 'ROS_ROOT': '/opt/ros/indigo/share/ros', 'OLD_HOME': '/home/ccc_v1_w_NDU1M_86698', 'PKG_CONFIG_PATH': '/opt/ros/indigo/lib/pkgconfig:/opt/ros/indigo/lib/x86_64-linux-gnu/pkgconfig', 'ROS_PACKAGE_PATH': '/opt/ros/indigo/share:/opt/ros/indigo/stacks', 'XDG_SESSION_ID': '128110', '_': '/usr/bin/stdbuf', 'LD_PRELOAD': '/usr/lib/coreutils/libstdbuf.so', '_STDBUF_O': 'L', 'SSH_TTY': '/dev/pts/3', 'OLDPWD': '/home/ccc_v1_w_NDU1M_86698', 'ROSLISP_PACKAGE_DIRECTORIES': '', 'VLIB': '/home/vlibs', 'PWD': '/home/ccc_v1_w_NDU1M_86698/asn17210_Project_2_/asn17211_Project_2/work', 'VOC_PROXY_ID': '29881_29881_17211_0_1', 'ROS_ETC_DIR': '/opt/ros/indigo/etc/ros', 'MAIL': '/var/mail/ccc_v1_w_NDU1M_86698', 'SSH_CONNECTION': '172.31.43.31 54778 172.31.19.100 22'}]
[roslaunch][INFO] 2017-10-09 16:07:26,886: process[rosout-1]: args[[u'/opt/ros/indigo/lib/rosout/rosout', u'__name:=rosout']]
[roslaunch][INFO] 2017-10-09 16:07:26,890: ... created process [rosout-1]
[roslaunch.pmon][INFO] 2017-10-09 16:07:26,893: ProcessMonitor.register[rosout-1]
[roslaunch.pmon][INFO] 2017-10-09 16:07:26,897: ProcessMonitor.register[rosout-1] complete
[roslaunch][INFO] 2017-10-09 16:07:26,900: ... registered process [rosout-1]
[roslaunch][INFO] 2017-10-09 16:07:26,908: process[rosout-1]: starting os process
[roslaunch][INFO] 2017-10-09 16:07:26,914: process[rosout-1]: start w/ args [[u'/opt/ros/indigo/lib/rosout/rosout', u'__name:=rosout', u'__log:=/home/ccc_v1_w_NDU1M_86698/asn17210_Project_2_/asn17211_Project_2/work/.ros/log/9d88ccb2-ad46-11e7-87f1-06f360e4abc1/rosout-1.log']]
[roslaunch][INFO] 2017-10-09 16:07:26,917: process[rosout-1]: cwd will be [/home/ccc_v1_w_NDU1M_86698/asn17210_Project_2_/asn17211_Project_2/work/.ros]
[roslaunch][INFO] 2017-10-09 16:07:26,935: process[rosout-1]: started with pid [23749]
[roslaunch][INFO] 2017-10-09 16:07:26,936: ... successfully launched [rosout-1]
[roslaunch][INFO] 2017-10-09 16:07:26,940: load_parameters starting ...
[roslaunch][INFO] 2017-10-09 16:07:26,959: ... load_parameters complete
[roslaunch][INFO] 2017-10-09 16:07:26,963: launch_nodes: launching local nodes ...
[roslaunch][INFO] 2017-10-09 16:07:26,967: ... launch_nodes complete
[roslaunch.pmon][INFO] 2017-10-09 16:07:26,970: registrations completed <ProcessMonitor(ProcessMonitor-1, started daemon 139889639343872)>
[roslaunch.parent][INFO] 2017-10-09 16:07:26,974: ... roslaunch parent running, waiting for process exit
[roslaunch][INFO] 2017-10-09 16:07:26,977: spin
