[roslaunch][INFO] 2017-10-10 07:01:10,149: Checking log directory for disk usage. This may take awhile.
Press Ctrl-C to interrupt
[roslaunch][INFO] 2017-10-10 07:01:10,205: Done checking log file disk usage. Usage is <1GB.
[roslaunch][INFO] 2017-10-10 07:01:10,206: roslaunch starting with args ['/opt/ros/indigo/bin/roslaunch', 'rosbridge_server', 'rosbridge_websocket.launch', 'port:=52555']
[roslaunch][INFO] 2017-10-10 07:01:10,217: roslaunch env is {'ROS_DISTRO': 'indigo', 'ASNLIB': '/home/ccc_v1_s80115__49396/asn17210_Project_2_/asn17211_Project_2/asnlib.0', 'LIB': '/home/ccc_v1_s80115__49396/lib', 'PKG_CONFIG_PATH': '/opt/ros/indigo/lib/pkgconfig:/opt/ros/indigo/lib/x86_64-linux-gnu/pkgconfig', 'SSH_CLIENT': '172.31.43.31 51808 22', 'CPATH': '/opt/ros/indigo/include', 'LOGNAME': 'ccc_v1_w_NDU1M_86698', 'USER': 'ccc_v1_w_NDU1M_86698', 'ROS_NODE_PORT': '54626', 'HOME': '/home/ccc_v1_w_NDU1M_86698/asn17210_Project_2_/asn17211_Project_2/work', 'PATH': '/opt/ros/indigo/bin:/usr/local/sbin:/usr/local/bin:/usr/sbin:/usr/bin:/sbin:/bin:/usr/games:/usr/local/games:/home/local/bin:/home/ccc_v1_s80115__49396/lib:/home/ccc_v1_s80115__49396/asn17210_Project_2_/asn17211_Project_2/asnlib.0:/home/vlibs:.', 'CMAKE_PREFIX_PATH': '/opt/ros/indigo', 'LD_LIBRARY_PATH': '/opt/ros/indigo/lib:/opt/ros/indigo/lib/x86_64-linux-gnu:/home/ccc_v1_s80115__49396/lib:/home/ccc_v1_s80115__49396/asn17210_Project_2_/asn17211_Project_2/asnlib.0:/home/vlibs', 'LANG': 'en_US.UTF-8', 'TERM': 'xterm-256color', 'SHELL': '/bin/bash', 'HISTFILE': '/home/ccc_v1_w_NDU1M_86698/.bash_history', 'SHLVL': '2', 'VOC_WORKAREA': '/home/ccc_v1_w_NDU1M_86698/asn17210_Project_2_/asn17211_Project_2/work', 'ROS_LOG_FILENAME': '/home/ccc_v1_w_NDU1M_86698/asn17210_Project_2_/asn17211_Project_2/work/.ros/log/76b3a6ca-adc3-11e7-aead-06f360e4abc1/roslaunch-ip-172-31-19-100-19013.log', 'PART1': '/home/ccc_v1_s80115__49396/asn17210_Project_2_/asn17211_Project_2', 'ROS_ETC_DIR': '/opt/ros/indigo/etc/ros', 'XDG_RUNTIME_DIR': '/run/user/86698', 'PYTHONPATH': '/opt/ros/indigo/lib/python2.7/dist-packages:/home/vlibs/python', 'VOC_PROXY_WRAPPER_PORT': '5100', 'VOC_XFER_TOKEN': '1640188512298812988117211059dcd242a99092.05169771', 'ROS_ROOT': '/opt/ros/indigo/share/ros', 'OLD_HOME': '/home/ccc_v1_w_NDU1M_86698', 'VOC_PROXY_TOKEN': '7762431112988129881172110159dcd242b367b3.20722667', 'ROS_PACKAGE_PATH': '/opt/ros/indigo/share:/opt/ros/indigo/stacks', 'XDG_SESSION_ID': '130617', '_': '/usr/bin/stdbuf', 'LD_PRELOAD': '/usr/lib/coreutils/libstdbuf.so', '_STDBUF_O': 'L', 'SSH_TTY': '/dev/pts/3', 'OLDPWD': '/home/ccc_v1_w_NDU1M_86698', 'ROSLISP_PACKAGE_DIRECTORIES': '', 'VLIB': '/home/vlibs', 'PWD': '/home/ccc_v1_w_NDU1M_86698/asn17210_Project_2_/asn17211_Project_2/work', 'VOC_PROXY_ID': '29881_29881_17211_0_1', 'ROS_MASTER_URI': 'http://localhost:54626', 'MAIL': '/var/mail/ccc_v1_w_NDU1M_86698', 'SSH_CONNECTION': '172.31.43.31 51808 172.31.19.100 22'}
[roslaunch][INFO] 2017-10-10 07:01:10,220: starting in server mode
[roslaunch.parent][INFO] 2017-10-10 07:01:10,224: starting roslaunch parent run
[roslaunch][INFO] 2017-10-10 07:01:10,228: loading roscore config file /opt/ros/indigo/etc/ros/roscore.xml
[roslaunch][INFO] 2017-10-10 07:01:10,359: Added core node of type [rosout/rosout] in namespace [/]
[roslaunch.config][INFO] 2017-10-10 07:01:10,360: loading config file /opt/ros/indigo/share/rosbridge_server/launch/rosbridge_websocket.launch
[roslaunch][INFO] 2017-10-10 07:01:10,365: Added node of type [rosbridge_server/rosbridge_websocket] in namespace [/]
[roslaunch][INFO] 2017-10-10 07:01:10,369: Added node of type [rosapi/rosapi_node] in namespace [/]
[roslaunch][INFO] 2017-10-10 07:01:10,373: ... selected machine [] for node of type [rosbridge_server/rosbridge_websocket]
[roslaunch][INFO] 2017-10-10 07:01:10,376: ... selected machine [] for node of type [rosapi/rosapi_node]
[roslaunch.pmon][INFO] 2017-10-10 07:01:10,380: start_process_monitor: creating ProcessMonitor
[roslaunch.pmon][INFO] 2017-10-10 07:01:10,389: created process monitor <ProcessMonitor(ProcessMonitor-1, initial daemon)>
[roslaunch.pmon][INFO] 2017-10-10 07:01:10,392: start_process_monitor: ProcessMonitor started
[roslaunch.parent][INFO] 2017-10-10 07:01:10,397: starting parent XML-RPC server
[roslaunch.server][INFO] 2017-10-10 07:01:10,400: starting roslaunch XML-RPC server
[roslaunch.server][INFO] 2017-10-10 07:01:10,404: waiting for roslaunch XML-RPC server to initialize
[xmlrpc][INFO] 2017-10-10 07:01:10,404: XML-RPC server binding to 0.0.0.0:0
[xmlrpc][INFO] 2017-10-10 07:01:10,411: Started XML-RPC server [http://ip-172-31-19-100:51962/]
[xmlrpc][INFO] 2017-10-10 07:01:10,415: xml rpc node: starting XML-RPC server
[roslaunch][INFO] 2017-10-10 07:01:10,428: started roslaunch server http://ip-172-31-19-100:51962/
[roslaunch.parent][INFO] 2017-10-10 07:01:10,431: ... parent XML-RPC server started
[roslaunch][INFO] 2017-10-10 07:01:10,435: master.is_running[http://localhost:54626]
[roslaunch][INFO] 2017-10-10 07:01:10,447: master.is_running[http://localhost:54626]
[roslaunch][INFO] 2017-10-10 07:01:10,451: ROS_MASTER_URI=http://localhost:54626
[roslaunch][INFO] 2017-10-10 07:01:10,457: setting /roslaunch/uris/host_ip_172_31_19_100__51962' to http://ip-172-31-19-100:51962/
[roslaunch][INFO] 2017-10-10 07:01:10,464: load_parameters starting ...
[roslaunch][INFO] 2017-10-10 07:01:10,506: ... load_parameters complete
[roslaunch][INFO] 2017-10-10 07:01:10,510: launch_nodes: launching local nodes ...
[roslaunch][INFO] 2017-10-10 07:01:10,513: ... preparing to launch node of type [rosbridge_server/rosbridge_websocket]
[roslaunch][INFO] 2017-10-10 07:01:10,517: create_node_process: package[rosbridge_server] type[rosbridge_websocket] machine[Machine(name[] env_loader[None] address[localhost] ssh_port[22] user[None] assignable[True] timeout[10.0])] master_uri[http://localhost:54626]
[roslaunch][INFO] 2017-10-10 07:01:10,520: process[rosbridge_websocket-1]: env[{'ROS_DISTRO': 'indigo', 'ASNLIB': '/home/ccc_v1_s80115__49396/asn17210_Project_2_/asn17211_Project_2/asnlib.0', 'LIB': '/home/ccc_v1_s80115__49396/lib', 'VOC_PROXY_TOKEN': '7762431112988129881172110159dcd242b367b3.20722667', 'SSH_CLIENT': '172.31.43.31 51808 22', 'CPATH': '/opt/ros/indigo/include', 'LOGNAME': 'ccc_v1_w_NDU1M_86698', 'USER': 'ccc_v1_w_NDU1M_86698', 'ROS_NODE_PORT': '54626', 'HOME': '/home/ccc_v1_w_NDU1M_86698/asn17210_Project_2_/asn17211_Project_2/work', 'PATH': '/opt/ros/indigo/bin:/usr/local/sbin:/usr/local/bin:/usr/sbin:/usr/bin:/sbin:/bin:/usr/games:/usr/local/games:/home/local/bin:/home/ccc_v1_s80115__49396/lib:/home/ccc_v1_s80115__49396/asn17210_Project_2_/asn17211_Project_2/asnlib.0:/home/vlibs:.', 'CMAKE_PREFIX_PATH': '/opt/ros/indigo', 'ROS_LOG_FILENAME': '/home/ccc_v1_w_NDU1M_86698/asn17210_Project_2_/asn17211_Project_2/work/.ros/log/76b3a6ca-adc3-11e7-aead-06f360e4abc1/roslaunch-ip-172-31-19-100-19013.log', 'LANG': 'en_US.UTF-8', 'TERM': 'xterm-256color', 'SHELL': '/bin/bash', 'HISTFILE': '/home/ccc_v1_w_NDU1M_86698/.bash_history', 'SHLVL': '2', 'VOC_WORKAREA': '/home/ccc_v1_w_NDU1M_86698/asn17210_Project_2_/asn17211_Project_2/work', 'LD_LIBRARY_PATH': '/opt/ros/indigo/lib:/opt/ros/indigo/lib/x86_64-linux-gnu:/home/ccc_v1_s80115__49396/lib:/home/ccc_v1_s80115__49396/asn17210_Project_2_/asn17211_Project_2/asnlib.0:/home/vlibs', 'PART1': '/home/ccc_v1_s80115__49396/asn17210_Project_2_/asn17211_Project_2', 'ROS_MASTER_URI': 'http://localhost:54626', 'XDG_RUNTIME_DIR': '/run/user/86698', 'PYTHONPATH': '/opt/ros/indigo/lib/python2.7/dist-packages:/home/vlibs/python', 'VOC_PROXY_WRAPPER_PORT': '5100', 'VOC_XFER_TOKEN': '1640188512298812988117211059dcd242a99092.05169771', 'ROS_ROOT': '/opt/ros/indigo/share/ros', 'OLD_HOME': '/home/ccc_v1_w_NDU1M_86698', 'PKG_CONFIG_PATH': '/opt/ros/indigo/lib/pkgconfig:/opt/ros/indigo/lib/x86_64-linux-gnu/pkgconfig', 'ROS_PACKAGE_PATH': '/opt/ros/indigo/share:/opt/ros/indigo/stacks', 'XDG_SESSION_ID': '130617', '_': '/usr/bin/stdbuf', 'LD_PRELOAD': '/usr/lib/coreutils/libstdbuf.so', '_STDBUF_O': 'L', 'SSH_TTY': '/dev/pts/3', 'OLDPWD': '/home/ccc_v1_w_NDU1M_86698', 'ROSLISP_PACKAGE_DIRECTORIES': '', 'VLIB': '/home/vlibs', 'PWD': '/home/ccc_v1_w_NDU1M_86698/asn17210_Project_2_/asn17211_Project_2/work', 'VOC_PROXY_ID': '29881_29881_17211_0_1', 'ROS_ETC_DIR': '/opt/ros/indigo/etc/ros', 'MAIL': '/var/mail/ccc_v1_w_NDU1M_86698', 'SSH_CONNECTION': '172.31.43.31 51808 172.31.19.100 22'}]
[roslaunch][INFO] 2017-10-10 07:01:10,551: process[rosbridge_websocket-1]: args[[u'/opt/ros/indigo/lib/rosbridge_server/rosbridge_websocket', u'__name:=rosbridge_websocket']]
[roslaunch][INFO] 2017-10-10 07:01:10,555: ... created process [rosbridge_websocket-1]
[roslaunch.pmon][INFO] 2017-10-10 07:01:10,559: ProcessMonitor.register[rosbridge_websocket-1]
[roslaunch.pmon][INFO] 2017-10-10 07:01:10,563: ProcessMonitor.register[rosbridge_websocket-1] complete
[roslaunch][INFO] 2017-10-10 07:01:10,567: ... registered process [rosbridge_websocket-1]
[roslaunch][INFO] 2017-10-10 07:01:10,570: process[rosbridge_websocket-1]: starting os process
[roslaunch][INFO] 2017-10-10 07:01:10,574: process[rosbridge_websocket-1]: start w/ args [[u'/opt/ros/indigo/lib/rosbridge_server/rosbridge_websocket', u'__name:=rosbridge_websocket', u'__log:=/home/ccc_v1_w_NDU1M_86698/asn17210_Project_2_/asn17211_Project_2/work/.ros/log/76b3a6ca-adc3-11e7-aead-06f360e4abc1/rosbridge_websocket-1.log']]
[roslaunch][INFO] 2017-10-10 07:01:10,578: process[rosbridge_websocket-1]: cwd will be [/home/ccc_v1_w_NDU1M_86698/asn17210_Project_2_/asn17211_Project_2/work/.ros]
[roslaunch][INFO] 2017-10-10 07:01:10,586: process[rosbridge_websocket-1]: started with pid [19050]
[roslaunch][INFO] 2017-10-10 07:01:10,587: ... successfully launched [rosbridge_websocket-1]
[roslaunch][INFO] 2017-10-10 07:01:10,590: ... preparing to launch node of type [rosapi/rosapi_node]
[roslaunch][INFO] 2017-10-10 07:01:10,600: create_node_process: package[rosapi] type[rosapi_node] machine[Machine(name[] env_loader[None] address[localhost] ssh_port[22] user[None] assignable[True] timeout[10.0])] master_uri[http://localhost:54626]
[roslaunch][INFO] 2017-10-10 07:01:10,603: process[rosapi-2]: env[{'ROS_DISTRO': 'indigo', 'ASNLIB': '/home/ccc_v1_s80115__49396/asn17210_Project_2_/asn17211_Project_2/asnlib.0', 'LIB': '/home/ccc_v1_s80115__49396/lib', 'VOC_PROXY_TOKEN': '7762431112988129881172110159dcd242b367b3.20722667', 'SSH_CLIENT': '172.31.43.31 51808 22', 'CPATH': '/opt/ros/indigo/include', 'LOGNAME': 'ccc_v1_w_NDU1M_86698', 'USER': 'ccc_v1_w_NDU1M_86698', 'ROS_NODE_PORT': '54626', 'HOME': '/home/ccc_v1_w_NDU1M_86698/asn17210_Project_2_/asn17211_Project_2/work', 'PATH': '/opt/ros/indigo/bin:/usr/local/sbin:/usr/local/bin:/usr/sbin:/usr/bin:/sbin:/bin:/usr/games:/usr/local/games:/home/local/bin:/home/ccc_v1_s80115__49396/lib:/home/ccc_v1_s80115__49396/asn17210_Project_2_/asn17211_Project_2/asnlib.0:/home/vlibs:.', 'CMAKE_PREFIX_PATH': '/opt/ros/indigo', 'ROS_LOG_FILENAME': '/home/ccc_v1_w_NDU1M_86698/asn17210_Project_2_/asn17211_Project_2/work/.ros/log/76b3a6ca-adc3-11e7-aead-06f360e4abc1/roslaunch-ip-172-31-19-100-19013.log', 'LANG': 'en_US.UTF-8', 'TERM': 'xterm-256color', 'SHELL': '/bin/bash', 'HISTFILE': '/home/ccc_v1_w_NDU1M_86698/.bash_history', 'SHLVL': '2', 'VOC_WORKAREA': '/home/ccc_v1_w_NDU1M_86698/asn17210_Project_2_/asn17211_Project_2/work', 'LD_LIBRARY_PATH': '/opt/ros/indigo/lib:/opt/ros/indigo/lib/x86_64-linux-gnu:/home/ccc_v1_s80115__49396/lib:/home/ccc_v1_s80115__49396/asn17210_Project_2_/asn17211_Project_2/asnlib.0:/home/vlibs', 'PART1': '/home/ccc_v1_s80115__49396/asn17210_Project_2_/asn17211_Project_2', 'ROS_MASTER_URI': 'http://localhost:54626', 'XDG_RUNTIME_DIR': '/run/user/86698', 'PYTHONPATH': '/opt/ros/indigo/lib/python2.7/dist-packages:/home/vlibs/python', 'VOC_PROXY_WRAPPER_PORT': '5100', 'VOC_XFER_TOKEN': '1640188512298812988117211059dcd242a99092.05169771', 'ROS_ROOT': '/opt/ros/indigo/share/ros', 'OLD_HOME': '/home/ccc_v1_w_NDU1M_86698', 'PKG_CONFIG_PATH': '/opt/ros/indigo/lib/pkgconfig:/opt/ros/indigo/lib/x86_64-linux-gnu/pkgconfig', 'ROS_PACKAGE_PATH': '/opt/ros/indigo/share:/opt/ros/indigo/stacks', 'XDG_SESSION_ID': '130617', '_': '/usr/bin/stdbuf', 'LD_PRELOAD': '/usr/lib/coreutils/libstdbuf.so', '_STDBUF_O': 'L', 'SSH_TTY': '/dev/pts/3', 'OLDPWD': '/home/ccc_v1_w_NDU1M_86698', 'ROSLISP_PACKAGE_DIRECTORIES': '', 'VLIB': '/home/vlibs', 'PWD': '/home/ccc_v1_w_NDU1M_86698/asn17210_Project_2_/asn17211_Project_2/work', 'VOC_PROXY_ID': '29881_29881_17211_0_1', 'ROS_ETC_DIR': '/opt/ros/indigo/etc/ros', 'MAIL': '/var/mail/ccc_v1_w_NDU1M_86698', 'SSH_CONNECTION': '172.31.43.31 51808 172.31.19.100 22'}]
[roslaunch][INFO] 2017-10-10 07:01:10,608: process[rosapi-2]: args[[u'/opt/ros/indigo/lib/rosapi/rosapi_node', u'__name:=rosapi']]
[roslaunch][INFO] 2017-10-10 07:01:10,611: ... created process [rosapi-2]
[roslaunch.pmon][INFO] 2017-10-10 07:01:10,615: ProcessMonitor.register[rosapi-2]
[roslaunch.pmon][INFO] 2017-10-10 07:01:10,618: ProcessMonitor.register[rosapi-2] complete
[roslaunch][INFO] 2017-10-10 07:01:10,622: ... registered process [rosapi-2]
[roslaunch][INFO] 2017-10-10 07:01:10,625: process[rosapi-2]: starting os process
[roslaunch][INFO] 2017-10-10 07:01:10,631: process[rosapi-2]: start w/ args [[u'/opt/ros/indigo/lib/rosapi/rosapi_node', u'__name:=rosapi', u'__log:=/home/ccc_v1_w_NDU1M_86698/asn17210_Project_2_/asn17211_Project_2/work/.ros/log/76b3a6ca-adc3-11e7-aead-06f360e4abc1/rosapi-2.log']]
[roslaunch][INFO] 2017-10-10 07:01:10,646: process[rosapi-2]: cwd will be [/home/ccc_v1_w_NDU1M_86698/asn17210_Project_2_/asn17211_Project_2/work/.ros]
[roslaunch][INFO] 2017-10-10 07:01:10,660: process[rosapi-2]: started with pid [19051]
[roslaunch][INFO] 2017-10-10 07:01:10,661: ... successfully launched [rosapi-2]
[roslaunch][INFO] 2017-10-10 07:01:10,665: ... launch_nodes complete
[roslaunch.pmon][INFO] 2017-10-10 07:01:10,668: registrations completed <ProcessMonitor(ProcessMonitor-1, started daemon 140565690001152)>
[roslaunch.parent][INFO] 2017-10-10 07:01:10,672: ... roslaunch parent running, waiting for process exit
[roslaunch][INFO] 2017-10-10 07:01:10,675: spin
