[rospy.client][INFO] 2017-10-09 16:18:05,091: init_node, name[/rosbridge_websocket], pid[5233]
[xmlrpc][INFO] 2017-10-09 16:18:05,092: XML-RPC server binding to 0.0.0.0:0
[xmlrpc][INFO] 2017-10-09 16:18:05,096: Started XML-RPC server [http://ip-172-31-19-100:49930/]
[rospy.impl.masterslave][INFO] 2017-10-09 16:18:05,100: _ready: http://ip-172-31-19-100:49930/
[rospy.init][INFO] 2017-10-09 16:18:05,096: ROS Slave URI: [http://ip-172-31-19-100:49930/]
[xmlrpc][INFO] 2017-10-09 16:18:05,104: xml rpc node: starting XML-RPC server
[rospy.registration][INFO] 2017-10-09 16:18:05,104: Registering with master node http://localhost:37008
[rospy.init][INFO] 2017-10-09 16:18:05,207: registered with master
[rospy.rosout][INFO] 2017-10-09 16:18:05,210: initializing /rosout core topic
[rospy.rosout][INFO] 2017-10-09 16:18:05,220: connected to core topic /rosout
[rospy.simtime][INFO] 2017-10-09 16:18:05,226: /use_sim_time is not set, will not subscribe to simulated time [/clock] topic
[rosout][INFO] 2017-10-09 16:18:05,258: Rosbridge WebSocket server started on port 34425
[rospy.internal][INFO] 2017-10-09 16:18:05,543: topic[/rosout] adding connection to [/rosout], count 0
[rosout][INFO] 2017-10-09 16:18:13,769: Client connected.  1 clients total.
[rosout][INFO] 2017-10-09 16:18:14,107: [Client 0] Subscribed to /tf2_web_republisher/feedback
[rosout][INFO] 2017-10-09 16:18:14,118: [Client 0] Subscribed to /visualization_marker
[rospy.internal][INFO] 2017-10-09 16:18:14,119: topic[/tf2_web_republisher/feedback] adding connection to [http://ip-172-31-19-100:43728/], count 0
[rospy.internal][INFO] 2017-10-09 16:18:14,121: topic[/visualization_marker] adding connection to [http://ip-172-31-19-100:59705/], count 0
[rospy.internal][INFO] 2017-10-09 16:18:14,324: topic[/tf2_web_republisher/cancel] adding connection to [/tf2_web_republisher], count 0
[rospy.internal][INFO] 2017-10-09 16:18:14,329: topic[/tf2_web_republisher/goal] adding connection to [/tf2_web_republisher], count 0
[rospy.internal][INFO] 2017-10-09 16:20:05,323: topic impl's ref count is zero, deleting topic /tf2_web_republisher/cancel...
[rospy.internal][INFO] 2017-10-09 16:20:05,324: topic[/tf2_web_republisher/cancel] removing connection to /tf2_web_republisher
[rospy.internal][INFO] 2017-10-09 16:20:05,331: topic impl's ref count is zero, deleting topic /tf2_web_republisher/goal...
[rospy.internal][INFO] 2017-10-09 16:20:05,335: topic[/tf2_web_republisher/goal] removing connection to /tf2_web_republisher
[rospy.internal][INFO] 2017-10-09 16:20:05,343: topic impl's ref count is zero, deleting topic /tf2_web_republisher/feedback...
[rospy.internal][INFO] 2017-10-09 16:20:05,347: topic[/tf2_web_republisher/feedback] removing connection to http://ip-172-31-19-100:43728/
[rospy.internal][INFO] 2017-10-09 16:20:05,365: topic impl's ref count is zero, deleting topic /visualization_marker...
[rospy.internal][INFO] 2017-10-09 16:20:05,369: topic[/visualization_marker] removing connection to http://ip-172-31-19-100:59705/
[rosout][INFO] 2017-10-09 16:20:05,377: Client disconnected. 0 clients total.
