[roslaunch][INFO] 2017-10-09 16:18:02,066: Checking log directory for disk usage. This may take awhile.
Press Ctrl-C to interrupt
[roslaunch][INFO] 2017-10-09 16:18:02,313: Done checking log file disk usage. Usage is <1GB.
[roslaunch][INFO] 2017-10-09 16:18:02,313: roslaunch starting with args ['roscore', '--core', '-p', '37008']
[roslaunch][INFO] 2017-10-09 16:18:02,317: roslaunch env is {'ROS_DISTRO': 'indigo', 'ASNLIB': '/home/ccc_v1_s80115__49396/asn17210_Project_2_/asn17211_Project_2/asnlib.0', 'LIB': '/home/ccc_v1_s80115__49396/lib', 'PKG_CONFIG_PATH': '/opt/ros/indigo/lib/pkgconfig:/opt/ros/indigo/lib/x86_64-linux-gnu/pkgconfig', 'SSH_CLIENT': '172.31.43.31 34404 22', 'CPATH': '/opt/ros/indigo/include', 'LOGNAME': 'ccc_v1_w_NDU1M_86698', 'USER': 'ccc_v1_w_NDU1M_86698', 'ROS_NODE_PORT': '37008', 'HOME': '/home/ccc_v1_w_NDU1M_86698/asn17210_Project_2_/asn17211_Project_2/work', 'PATH': '/opt/ros/indigo/bin:/usr/local/sbin:/usr/local/bin:/usr/sbin:/usr/bin:/sbin:/bin:/usr/games:/usr/local/games:/home/local/bin:/home/ccc_v1_s80115__49396/lib:/home/ccc_v1_s80115__49396/asn17210_Project_2_/asn17211_Project_2/asnlib.0:/home/vlibs:.', 'CMAKE_PREFIX_PATH': '/opt/ros/indigo', 'LD_LIBRARY_PATH': '/opt/ros/indigo/lib:/opt/ros/indigo/lib/x86_64-linux-gnu:/home/ccc_v1_s80115__49396/lib:/home/ccc_v1_s80115__49396/asn17210_Project_2_/asn17211_Project_2/asnlib.0:/home/vlibs', 'LANG': 'en_US.UTF-8', 'TERM': 'xterm-256color', 'SHELL': '/bin/bash', 'HISTFILE': '/home/ccc_v1_w_NDU1M_86698/.bash_history', 'SHLVL': '2', 'VOC_WORKAREA': '/home/ccc_v1_w_NDU1M_86698/asn17210_Project_2_/asn17211_Project_2/work', 'ROS_LOG_FILENAME': '/home/ccc_v1_w_NDU1M_86698/asn17210_Project_2_/asn17211_Project_2/work/.ros/log/189b8222-ad48-11e7-8976-06f360e4abc1/roslaunch-ip-172-31-19-100-5052.log', 'PART1': '/home/ccc_v1_s80115__49396/asn17210_Project_2_/asn17211_Project_2', 'ROS_ETC_DIR': '/opt/ros/indigo/etc/ros', 'XDG_RUNTIME_DIR': '/run/user/86698', 'PYTHONPATH': '/opt/ros/indigo/lib/python2.7/dist-packages:/home/vlibs/python', 'VOC_PROXY_WRAPPER_PORT': '5100', 'VOC_XFER_TOKEN': '86347611298812988117211059dc03a2da0649.54377429', 'ROS_ROOT': '/opt/ros/indigo/share/ros', 'OLD_HOME': '/home/ccc_v1_w_NDU1M_86698', 'VOC_PROXY_TOKEN': '7206285092988129881172110159dc03a2e40408.12145806', 'ROS_PACKAGE_PATH': '/opt/ros/indigo/share:/opt/ros/indigo/stacks', 'XDG_SESSION_ID': '128215', '_': '/usr/bin/stdbuf', 'LD_PRELOAD': '/usr/lib/coreutils/libstdbuf.so', '_STDBUF_O': 'L', 'SSH_TTY': '/dev/pts/3', 'OLDPWD': '/home/ccc_v1_w_NDU1M_86698', 'ROSLISP_PACKAGE_DIRECTORIES': '', 'VLIB': '/home/vlibs', 'PWD': '/home/ccc_v1_w_NDU1M_86698/asn17210_Project_2_/asn17211_Project_2/work', 'VOC_PROXY_ID': '29881_29881_17211_0_1', 'ROS_MASTER_URI': 'http://localhost:37008', 'MAIL': '/var/mail/ccc_v1_w_NDU1M_86698', 'SSH_CONNECTION': '172.31.43.31 34404 172.31.19.100 22'}
[roslaunch][INFO] 2017-10-09 16:18:02,320: starting in server mode
[roslaunch.parent][INFO] 2017-10-09 16:18:02,324: starting roslaunch parent run
[roslaunch][INFO] 2017-10-09 16:18:02,328: loading roscore config file /opt/ros/indigo/etc/ros/roscore.xml
[roslaunch][INFO] 2017-10-09 16:18:02,440: Added core node of type [rosout/rosout] in namespace [/]
[roslaunch.pmon][INFO] 2017-10-09 16:18:02,441: start_process_monitor: creating ProcessMonitor
[roslaunch.pmon][INFO] 2017-10-09 16:18:02,444: created process monitor <ProcessMonitor(ProcessMonitor-1, initial daemon)>
[roslaunch.pmon][INFO] 2017-10-09 16:18:02,448: start_process_monitor: ProcessMonitor started
[roslaunch.parent][INFO] 2017-10-09 16:18:02,451: starting parent XML-RPC server
[roslaunch.server][INFO] 2017-10-09 16:18:02,456: starting roslaunch XML-RPC server
[roslaunch.server][INFO] 2017-10-09 16:18:02,461: waiting for roslaunch XML-RPC server to initialize
[xmlrpc][INFO] 2017-10-09 16:18:02,461: XML-RPC server binding to 0.0.0.0:0
[xmlrpc][INFO] 2017-10-09 16:18:02,486: Started XML-RPC server [http://ip-172-31-19-100:35423/]
[xmlrpc][INFO] 2017-10-09 16:18:02,509: xml rpc node: starting XML-RPC server
[roslaunch][INFO] 2017-10-09 16:18:02,538: started roslaunch server http://ip-172-31-19-100:35423/
[roslaunch.parent][INFO] 2017-10-09 16:18:02,565: ... parent XML-RPC server started
[roslaunch][INFO] 2017-10-09 16:18:02,598: master.is_running[http://ip-172-31-19-100:37008/]
[roslaunch][INFO] 2017-10-09 16:18:02,626: auto-starting new master
[roslaunch][INFO] 2017-10-09 16:18:02,635: create_master_process: rosmaster, /opt/ros/indigo/share/ros, 37008, 3, None
[roslaunch][INFO] 2017-10-09 16:18:02,639: process[master]: launching with args [['rosmaster', '--core', '-p', '37008', '-w', '3']]
[roslaunch.pmon][INFO] 2017-10-09 16:18:02,642: ProcessMonitor.register[master]
[roslaunch.pmon][INFO] 2017-10-09 16:18:02,646: ProcessMonitor.register[master] complete
[roslaunch][INFO] 2017-10-09 16:18:02,649: process[master]: starting os process
[roslaunch][INFO] 2017-10-09 16:18:02,653: process[master]: start w/ args [['rosmaster', '--core', '-p', '37008', '-w', '3', '__log:=/home/ccc_v1_w_NDU1M_86698/asn17210_Project_2_/asn17211_Project_2/work/.ros/log/189b8222-ad48-11e7-8976-06f360e4abc1/master.log']]
[roslaunch][INFO] 2017-10-09 16:18:02,656: process[master]: cwd will be [/home/ccc_v1_w_NDU1M_86698/asn17210_Project_2_/asn17211_Project_2/work/.ros]
[roslaunch][INFO] 2017-10-09 16:18:02,664: process[master]: started with pid [5067]
[roslaunch][INFO] 2017-10-09 16:18:02,665: master.is_running[http://ip-172-31-19-100:37008/]
[roslaunch][INFO] 2017-10-09 16:18:02,770: master.is_running[http://ip-172-31-19-100:37008/]
[roslaunch][INFO] 2017-10-09 16:18:02,874: master.is_running[http://ip-172-31-19-100:37008/]
[roslaunch][INFO] 2017-10-09 16:18:02,879: master.is_running[http://ip-172-31-19-100:37008/]
[roslaunch][INFO] 2017-10-09 16:18:02,883: ROS_MASTER_URI=http://ip-172-31-19-100:37008/
[roslaunch][INFO] 2017-10-09 16:18:02,888: setting /run_id to 189b8222-ad48-11e7-8976-06f360e4abc1
[roslaunch][INFO] 2017-10-09 16:18:02,901: setting /roslaunch/uris/host_ip_172_31_19_100__35423' to http://ip-172-31-19-100:35423/
[roslaunch][INFO] 2017-10-09 16:18:02,910: ... preparing to launch node of type [rosout/rosout]
[roslaunch][INFO] 2017-10-09 16:18:02,921: create_node_process: package[rosout] type[rosout] machine[Machine(name[] env_loader[None] address[localhost] ssh_port[22] user[None] assignable[True] timeout[10.0])] master_uri[http://ip-172-31-19-100:37008/]
[roslaunch][INFO] 2017-10-09 16:18:02,924: process[rosout-1]: env[{'ROS_DISTRO': 'indigo', 'ASNLIB': '/home/ccc_v1_s80115__49396/asn17210_Project_2_/asn17211_Project_2/asnlib.0', 'LIB': '/home/ccc_v1_s80115__49396/lib', 'VOC_PROXY_TOKEN': '7206285092988129881172110159dc03a2e40408.12145806', 'SSH_CLIENT': '172.31.43.31 34404 22', 'CPATH': '/opt/ros/indigo/include', 'LOGNAME': 'ccc_v1_w_NDU1M_86698', 'USER': 'ccc_v1_w_NDU1M_86698', 'ROS_NODE_PORT': '37008', 'HOME': '/home/ccc_v1_w_NDU1M_86698/asn17210_Project_2_/asn17211_Project_2/work', 'PATH': '/opt/ros/indigo/bin:/usr/local/sbin:/usr/local/bin:/usr/sbin:/usr/bin:/sbin:/bin:/usr/games:/usr/local/games:/home/local/bin:/home/ccc_v1_s80115__49396/lib:/home/ccc_v1_s80115__49396/asn17210_Project_2_/asn17211_Project_2/asnlib.0:/home/vlibs:.', 'CMAKE_PREFIX_PATH': '/opt/ros/indigo', 'ROS_LOG_FILENAME': '/home/ccc_v1_w_NDU1M_86698/asn17210_Project_2_/asn17211_Project_2/work/.ros/log/189b8222-ad48-11e7-8976-06f360e4abc1/roslaunch-ip-172-31-19-100-5052.log', 'LANG': 'en_US.UTF-8', 'TERM': 'xterm-256color', 'SHELL': '/bin/bash', 'HISTFILE': '/home/ccc_v1_w_NDU1M_86698/.bash_history', 'SHLVL': '2', 'VOC_WORKAREA': '/home/ccc_v1_w_NDU1M_86698/asn17210_Project_2_/asn17211_Project_2/work', 'LD_LIBRARY_PATH': '/opt/ros/indigo/lib:/opt/ros/indigo/lib/x86_64-linux-gnu:/home/ccc_v1_s80115__49396/lib:/home/ccc_v1_s80115__49396/asn17210_Project_2_/asn17211_Project_2/asnlib.0:/home/vlibs', 'PART1': '/home/ccc_v1_s80115__49396/asn17210_Project_2_/asn17211_Project_2', 'ROS_MASTER_URI': 'http://ip-172-31-19-100:37008/', 'XDG_RUNTIME_DIR': '/run/user/86698', 'PYTHONPATH': '/opt/ros/indigo/lib/python2.7/dist-packages:/home/vlibs/python', 'VOC_PROXY_WRAPPER_PORT': '5100', 'VOC_XFER_TOKEN': '86347611298812988117211059dc03a2da0649.54377429', 'ROS_ROOT': '/opt/ros/indigo/share/ros', 'OLD_HOME': '/home/ccc_v1_w_NDU1M_86698', 'PKG_CONFIG_PATH': '/opt/ros/indigo/lib/pkgconfig:/opt/ros/indigo/lib/x86_64-linux-gnu/pkgconfig', 'ROS_PACKAGE_PATH': '/opt/ros/indigo/share:/opt/ros/indigo/stacks', 'XDG_SESSION_ID': '128215', '_': '/usr/bin/stdbuf', 'LD_PRELOAD': '/usr/lib/coreutils/libstdbuf.so', '_STDBUF_O': 'L', 'SSH_TTY': '/dev/pts/3', 'OLDPWD': '/home/ccc_v1_w_NDU1M_86698', 'ROSLISP_PACKAGE_DIRECTORIES': '', 'VLIB': '/home/vlibs', 'PWD': '/home/ccc_v1_w_NDU1M_86698/asn17210_Project_2_/asn17211_Project_2/work', 'VOC_PROXY_ID': '29881_29881_17211_0_1', 'ROS_ETC_DIR': '/opt/ros/indigo/etc/ros', 'MAIL': '/var/mail/ccc_v1_w_NDU1M_86698', 'SSH_CONNECTION': '172.31.43.31 34404 172.31.19.100 22'}]
[roslaunch][INFO] 2017-10-09 16:18:02,956: process[rosout-1]: args[[u'/opt/ros/indigo/lib/rosout/rosout', u'__name:=rosout']]
[roslaunch][INFO] 2017-10-09 16:18:02,959: ... created process [rosout-1]
[roslaunch.pmon][INFO] 2017-10-09 16:18:02,963: ProcessMonitor.register[rosout-1]
[roslaunch.pmon][INFO] 2017-10-09 16:18:02,966: ProcessMonitor.register[rosout-1] complete
[roslaunch][INFO] 2017-10-09 16:18:02,970: ... registered process [rosout-1]
[roslaunch][INFO] 2017-10-09 16:18:02,973: process[rosout-1]: starting os process
[roslaunch][INFO] 2017-10-09 16:18:02,979: process[rosout-1]: start w/ args [[u'/opt/ros/indigo/lib/rosout/rosout', u'__name:=rosout', u'__log:=/home/ccc_v1_w_NDU1M_86698/asn17210_Project_2_/asn17211_Project_2/work/.ros/log/189b8222-ad48-11e7-8976-06f360e4abc1/rosout-1.log']]
[roslaunch][INFO] 2017-10-09 16:18:02,983: process[rosout-1]: cwd will be [/home/ccc_v1_w_NDU1M_86698/asn17210_Project_2_/asn17211_Project_2/work/.ros]
[roslaunch][INFO] 2017-10-09 16:18:02,992: process[rosout-1]: started with pid [5087]
[roslaunch][INFO] 2017-10-09 16:18:02,992: ... successfully launched [rosout-1]
[roslaunch][INFO] 2017-10-09 16:18:02,996: load_parameters starting ...
[roslaunch][INFO] 2017-10-09 16:18:03,009: ... load_parameters complete
[roslaunch][INFO] 2017-10-09 16:18:03,013: launch_nodes: launching local nodes ...
[roslaunch][INFO] 2017-10-09 16:18:03,016: ... launch_nodes complete
[roslaunch.pmon][INFO] 2017-10-09 16:18:03,020: registrations completed <ProcessMonitor(ProcessMonitor-1, started daemon 140128804927232)>
[roslaunch.parent][INFO] 2017-10-09 16:18:03,023: ... roslaunch parent running, waiting for process exit
[roslaunch][INFO] 2017-10-09 16:18:03,026: spin
