[roslaunch][INFO] 2017-10-09 16:13:07,153: Checking log directory for disk usage. This may take awhile.
Press Ctrl-C to interrupt
[roslaunch][INFO] 2017-10-09 16:13:07,400: Done checking log file disk usage. Usage is <1GB.
[roslaunch][INFO] 2017-10-09 16:13:07,400: roslaunch starting with args ['roscore', '--core', '-p', '52893']
[roslaunch][INFO] 2017-10-09 16:13:07,411: roslaunch env is {'ROS_DISTRO': 'indigo', 'ASNLIB': '/home/ccc_v1_s80115__49396/asn17210_Project_2_/asn17211_Project_2/asnlib.0', 'LIB': '/home/ccc_v1_s80115__49396/lib', 'PKG_CONFIG_PATH': '/opt/ros/indigo/lib/pkgconfig:/opt/ros/indigo/lib/x86_64-linux-gnu/pkgconfig', 'SSH_CLIENT': '172.31.43.31 59010 22', 'CPATH': '/opt/ros/indigo/include', 'LOGNAME': 'ccc_v1_w_NDU1M_86698', 'USER': 'ccc_v1_w_NDU1M_86698', 'ROS_NODE_PORT': '52893', 'HOME': '/home/ccc_v1_w_NDU1M_86698/asn17210_Project_2_/asn17211_Project_2/work', 'PATH': '/opt/ros/indigo/bin:/usr/local/sbin:/usr/local/bin:/usr/sbin:/usr/bin:/sbin:/bin:/usr/games:/usr/local/games:/home/local/bin:/home/ccc_v1_s80115__49396/lib:/home/ccc_v1_s80115__49396/asn17210_Project_2_/asn17211_Project_2/asnlib.0:/home/vlibs:.', 'CMAKE_PREFIX_PATH': '/opt/ros/indigo', 'LD_LIBRARY_PATH': '/opt/ros/indigo/lib:/opt/ros/indigo/lib/x86_64-linux-gnu:/home/ccc_v1_s80115__49396/lib:/home/ccc_v1_s80115__49396/asn17210_Project_2_/asn17211_Project_2/asnlib.0:/home/vlibs', 'LANG': 'en_US.UTF-8', 'TERM': 'xterm-256color', 'SHELL': '/bin/bash', 'HISTFILE': '/home/ccc_v1_w_NDU1M_86698/.bash_history', 'SHLVL': '2', 'VOC_WORKAREA': '/home/ccc_v1_w_NDU1M_86698/asn17210_Project_2_/asn17211_Project_2/work', 'ROS_LOG_FILENAME': '/home/ccc_v1_w_NDU1M_86698/asn17210_Project_2_/asn17211_Project_2/work/.ros/log/68d3cdb8-ad47-11e7-bb08-06f360e4abc1/roslaunch-ip-172-31-19-100-31233.log', 'PART1': '/home/ccc_v1_s80115__49396/asn17210_Project_2_/asn17211_Project_2', 'ROS_ETC_DIR': '/opt/ros/indigo/etc/ros', 'XDG_RUNTIME_DIR': '/run/user/86698', 'PYTHONPATH': '/opt/ros/indigo/lib/python2.7/dist-packages:/home/vlibs/python', 'VOC_PROXY_WRAPPER_PORT': '5100', 'VOC_XFER_TOKEN': '785609777298812988117211059dc027bdb4ea7.76620880', 'ROS_ROOT': '/opt/ros/indigo/share/ros', 'OLD_HOME': '/home/ccc_v1_w_NDU1M_86698', 'VOC_PROXY_TOKEN': '12465848432988129881172110159dc027be3c262.82616345', 'ROS_PACKAGE_PATH': '/opt/ros/indigo/share:/opt/ros/indigo/stacks', 'XDG_SESSION_ID': '128166', '_': '/usr/bin/stdbuf', 'LD_PRELOAD': '/usr/lib/coreutils/libstdbuf.so', '_STDBUF_O': 'L', 'SSH_TTY': '/dev/pts/3', 'OLDPWD': '/home/ccc_v1_w_NDU1M_86698', 'ROSLISP_PACKAGE_DIRECTORIES': '', 'VLIB': '/home/vlibs', 'PWD': '/home/ccc_v1_w_NDU1M_86698/asn17210_Project_2_/asn17211_Project_2/work', 'VOC_PROXY_ID': '29881_29881_17211_0_1', 'ROS_MASTER_URI': 'http://localhost:52893', 'MAIL': '/var/mail/ccc_v1_w_NDU1M_86698', 'SSH_CONNECTION': '172.31.43.31 59010 172.31.19.100 22'}
[roslaunch][INFO] 2017-10-09 16:13:07,415: starting in server mode
[roslaunch.parent][INFO] 2017-10-09 16:13:07,419: starting roslaunch parent run
[roslaunch][INFO] 2017-10-09 16:13:07,422: loading roscore config file /opt/ros/indigo/etc/ros/roscore.xml
[roslaunch][INFO] 2017-10-09 16:13:07,535: Added core node of type [rosout/rosout] in namespace [/]
[roslaunch.pmon][INFO] 2017-10-09 16:13:07,536: start_process_monitor: creating ProcessMonitor
[roslaunch.pmon][INFO] 2017-10-09 16:13:07,540: created process monitor <ProcessMonitor(ProcessMonitor-1, initial daemon)>
[roslaunch.pmon][INFO] 2017-10-09 16:13:07,543: start_process_monitor: ProcessMonitor started
[roslaunch.parent][INFO] 2017-10-09 16:13:07,546: starting parent XML-RPC server
[roslaunch.server][INFO] 2017-10-09 16:13:07,555: starting roslaunch XML-RPC server
[roslaunch.server][INFO] 2017-10-09 16:13:07,558: waiting for roslaunch XML-RPC server to initialize
[xmlrpc][INFO] 2017-10-09 16:13:07,558: XML-RPC server binding to 0.0.0.0:0
[xmlrpc][INFO] 2017-10-09 16:13:07,578: Started XML-RPC server [http://ip-172-31-19-100:35717/]
[xmlrpc][INFO] 2017-10-09 16:13:07,582: xml rpc node: starting XML-RPC server
[roslaunch][INFO] 2017-10-09 16:13:07,588: started roslaunch server http://ip-172-31-19-100:35717/
[roslaunch.parent][INFO] 2017-10-09 16:13:07,591: ... parent XML-RPC server started
[roslaunch][INFO] 2017-10-09 16:13:07,595: master.is_running[http://ip-172-31-19-100:52893/]
[roslaunch][INFO] 2017-10-09 16:13:07,600: auto-starting new master
[roslaunch][INFO] 2017-10-09 16:13:07,604: create_master_process: rosmaster, /opt/ros/indigo/share/ros, 52893, 3, None
[roslaunch][INFO] 2017-10-09 16:13:07,607: process[master]: launching with args [['rosmaster', '--core', '-p', '52893', '-w', '3']]
[roslaunch.pmon][INFO] 2017-10-09 16:13:07,611: ProcessMonitor.register[master]
[roslaunch.pmon][INFO] 2017-10-09 16:13:07,614: ProcessMonitor.register[master] complete
[roslaunch][INFO] 2017-10-09 16:13:07,618: process[master]: starting os process
[roslaunch][INFO] 2017-10-09 16:13:07,623: process[master]: start w/ args [['rosmaster', '--core', '-p', '52893', '-w', '3', '__log:=/home/ccc_v1_w_NDU1M_86698/asn17210_Project_2_/asn17211_Project_2/work/.ros/log/68d3cdb8-ad47-11e7-bb08-06f360e4abc1/master.log']]
[roslaunch][INFO] 2017-10-09 16:13:07,627: process[master]: cwd will be [/home/ccc_v1_w_NDU1M_86698/asn17210_Project_2_/asn17211_Project_2/work/.ros]
[roslaunch][INFO] 2017-10-09 16:13:07,635: process[master]: started with pid [31268]
[roslaunch][INFO] 2017-10-09 16:13:07,636: master.is_running[http://ip-172-31-19-100:52893/]
[roslaunch][INFO] 2017-10-09 16:13:07,744: master.is_running[http://ip-172-31-19-100:52893/]
[roslaunch][INFO] 2017-10-09 16:13:07,856: master.is_running[http://ip-172-31-19-100:52893/]
[roslaunch][INFO] 2017-10-09 16:13:07,863: master.is_running[http://ip-172-31-19-100:52893/]
[roslaunch][INFO] 2017-10-09 16:13:07,868: ROS_MASTER_URI=http://ip-172-31-19-100:52893/
[roslaunch][INFO] 2017-10-09 16:13:07,873: setting /run_id to 68d3cdb8-ad47-11e7-bb08-06f360e4abc1
[roslaunch][INFO] 2017-10-09 16:13:07,881: setting /roslaunch/uris/host_ip_172_31_19_100__35717' to http://ip-172-31-19-100:35717/
[roslaunch][INFO] 2017-10-09 16:13:07,902: ... preparing to launch node of type [rosout/rosout]
[roslaunch][INFO] 2017-10-09 16:13:07,906: create_node_process: package[rosout] type[rosout] machine[Machine(name[] env_loader[None] address[localhost] ssh_port[22] user[None] assignable[True] timeout[10.0])] master_uri[http://ip-172-31-19-100:52893/]
[roslaunch][INFO] 2017-10-09 16:13:07,910: process[rosout-1]: env[{'ROS_DISTRO': 'indigo', 'ASNLIB': '/home/ccc_v1_s80115__49396/asn17210_Project_2_/asn17211_Project_2/asnlib.0', 'LIB': '/home/ccc_v1_s80115__49396/lib', 'VOC_PROXY_TOKEN': '12465848432988129881172110159dc027be3c262.82616345', 'SSH_CLIENT': '172.31.43.31 59010 22', 'CPATH': '/opt/ros/indigo/include', 'LOGNAME': 'ccc_v1_w_NDU1M_86698', 'USER': 'ccc_v1_w_NDU1M_86698', 'ROS_NODE_PORT': '52893', 'HOME': '/home/ccc_v1_w_NDU1M_86698/asn17210_Project_2_/asn17211_Project_2/work', 'PATH': '/opt/ros/indigo/bin:/usr/local/sbin:/usr/local/bin:/usr/sbin:/usr/bin:/sbin:/bin:/usr/games:/usr/local/games:/home/local/bin:/home/ccc_v1_s80115__49396/lib:/home/ccc_v1_s80115__49396/asn17210_Project_2_/asn17211_Project_2/asnlib.0:/home/vlibs:.', 'CMAKE_PREFIX_PATH': '/opt/ros/indigo', 'ROS_LOG_FILENAME': '/home/ccc_v1_w_NDU1M_86698/asn17210_Project_2_/asn17211_Project_2/work/.ros/log/68d3cdb8-ad47-11e7-bb08-06f360e4abc1/roslaunch-ip-172-31-19-100-31233.log', 'LANG': 'en_US.UTF-8', 'TERM': 'xterm-256color', 'SHELL': '/bin/bash', 'HISTFILE': '/home/ccc_v1_w_NDU1M_86698/.bash_history', 'SHLVL': '2', 'VOC_WORKAREA': '/home/ccc_v1_w_NDU1M_86698/asn17210_Project_2_/asn17211_Project_2/work', 'LD_LIBRARY_PATH': '/opt/ros/indigo/lib:/opt/ros/indigo/lib/x86_64-linux-gnu:/home/ccc_v1_s80115__49396/lib:/home/ccc_v1_s80115__49396/asn17210_Project_2_/asn17211_Project_2/asnlib.0:/home/vlibs', 'PART1': '/home/ccc_v1_s80115__49396/asn17210_Project_2_/asn17211_Project_2', 'ROS_MASTER_URI': 'http://ip-172-31-19-100:52893/', 'XDG_RUNTIME_DIR': '/run/user/86698', 'PYTHONPATH': '/opt/ros/indigo/lib/python2.7/dist-packages:/home/vlibs/python', 'VOC_PROXY_WRAPPER_PORT': '5100', 'VOC_XFER_TOKEN': '785609777298812988117211059dc027bdb4ea7.76620880', 'ROS_ROOT': '/opt/ros/indigo/share/ros', 'OLD_HOME': '/home/ccc_v1_w_NDU1M_86698', 'PKG_CONFIG_PATH': '/opt/ros/indigo/lib/pkgconfig:/opt/ros/indigo/lib/x86_64-linux-gnu/pkgconfig', 'ROS_PACKAGE_PATH': '/opt/ros/indigo/share:/opt/ros/indigo/stacks', 'XDG_SESSION_ID': '128166', '_': '/usr/bin/stdbuf', 'LD_PRELOAD': '/usr/lib/coreutils/libstdbuf.so', '_STDBUF_O': 'L', 'SSH_TTY': '/dev/pts/3', 'OLDPWD': '/home/ccc_v1_w_NDU1M_86698', 'ROSLISP_PACKAGE_DIRECTORIES': '', 'VLIB': '/home/vlibs', 'PWD': '/home/ccc_v1_w_NDU1M_86698/asn17210_Project_2_/asn17211_Project_2/work', 'VOC_PROXY_ID': '29881_29881_17211_0_1', 'ROS_ETC_DIR': '/opt/ros/indigo/etc/ros', 'MAIL': '/var/mail/ccc_v1_w_NDU1M_86698', 'SSH_CONNECTION': '172.31.43.31 59010 172.31.19.100 22'}]
[roslaunch][INFO] 2017-10-09 16:13:07,940: process[rosout-1]: args[[u'/opt/ros/indigo/lib/rosout/rosout', u'__name:=rosout']]
[roslaunch][INFO] 2017-10-09 16:13:07,944: ... created process [rosout-1]
[roslaunch.pmon][INFO] 2017-10-09 16:13:07,947: ProcessMonitor.register[rosout-1]
[roslaunch.pmon][INFO] 2017-10-09 16:13:07,951: ProcessMonitor.register[rosout-1] complete
[roslaunch][INFO] 2017-10-09 16:13:07,954: ... registered process [rosout-1]
[roslaunch][INFO] 2017-10-09 16:13:07,958: process[rosout-1]: starting os process
[roslaunch][INFO] 2017-10-09 16:13:07,963: process[rosout-1]: start w/ args [[u'/opt/ros/indigo/lib/rosout/rosout', u'__name:=rosout', u'__log:=/home/ccc_v1_w_NDU1M_86698/asn17210_Project_2_/asn17211_Project_2/work/.ros/log/68d3cdb8-ad47-11e7-bb08-06f360e4abc1/rosout-1.log']]
[roslaunch][INFO] 2017-10-09 16:13:07,977: process[rosout-1]: cwd will be [/home/ccc_v1_w_NDU1M_86698/asn17210_Project_2_/asn17211_Project_2/work/.ros]
[roslaunch][INFO] 2017-10-09 16:13:07,985: process[rosout-1]: started with pid [31318]
[roslaunch][INFO] 2017-10-09 16:13:07,986: ... successfully launched [rosout-1]
[roslaunch][INFO] 2017-10-09 16:13:07,990: load_parameters starting ...
[roslaunch][INFO] 2017-10-09 16:13:08,008: ... load_parameters complete
[roslaunch][INFO] 2017-10-09 16:13:08,012: launch_nodes: launching local nodes ...
[roslaunch][INFO] 2017-10-09 16:13:08,015: ... launch_nodes complete
[roslaunch.pmon][INFO] 2017-10-09 16:13:08,019: registrations completed <ProcessMonitor(ProcessMonitor-1, started daemon 140310655813376)>
[roslaunch.parent][INFO] 2017-10-09 16:13:08,022: ... roslaunch parent running, waiting for process exit
[roslaunch][INFO] 2017-10-09 16:13:08,026: spin
