[rospy.client][INFO] 2017-10-09 14:28:15,528: init_node, name[/rosbridge_websocket], pid[6453]
[xmlrpc][INFO] 2017-10-09 14:28:15,528: XML-RPC server binding to 0.0.0.0:0
[xmlrpc][INFO] 2017-10-09 14:28:15,533: Started XML-RPC server [http://ip-172-31-19-100:59613/]
[rospy.init][INFO] 2017-10-09 14:28:15,533: ROS Slave URI: [http://ip-172-31-19-100:59613/]
[rospy.impl.masterslave][INFO] 2017-10-09 14:28:15,538: _ready: http://ip-172-31-19-100:59613/
[xmlrpc][INFO] 2017-10-09 14:28:15,545: xml rpc node: starting XML-RPC server
[rospy.registration][INFO] 2017-10-09 14:28:15,545: Registering with master node http://localhost:35504
[rospy.init][INFO] 2017-10-09 14:28:15,642: registered with master
[rospy.rosout][INFO] 2017-10-09 14:28:15,646: initializing /rosout core topic
[rospy.rosout][INFO] 2017-10-09 14:28:15,656: connected to core topic /rosout
[rospy.simtime][INFO] 2017-10-09 14:28:15,660: /use_sim_time is not set, will not subscribe to simulated time [/clock] topic
[rosout][INFO] 2017-10-09 14:28:15,683: Rosbridge WebSocket server started on port 43793
[rospy.internal][INFO] 2017-10-09 14:28:15,949: topic[/rosout] adding connection to [/rosout], count 0
[rosout][INFO] 2017-10-09 14:35:29,113: Client connected.  1 clients total.
[rosout][INFO] 2017-10-09 14:35:29,527: [Client 0] Subscribed to /tf2_web_republisher/feedback
[rosout][INFO] 2017-10-09 14:35:29,539: [Client 0] Subscribed to /visualization_marker
[rospy.internal][INFO] 2017-10-09 14:35:29,562: topic[/visualization_marker] adding connection to [http://ip-172-31-19-100:49059/], count 0
[rospy.internal][INFO] 2017-10-09 14:35:29,562: topic[/tf2_web_republisher/feedback] adding connection to [http://ip-172-31-19-100:51446/], count 0
[rospy.internal][INFO] 2017-10-09 14:35:29,721: topic[/tf2_web_republisher/goal] adding connection to [/tf2_web_republisher], count 0
[rospy.internal][INFO] 2017-10-09 14:35:29,821: topic[/tf2_web_republisher/cancel] adding connection to [/tf2_web_republisher], count 0
[rospy.internal][INFO] 2017-10-09 14:40:16,050: topic impl's ref count is zero, deleting topic /tf2_web_republisher/cancel...
[rospy.internal][INFO] 2017-10-09 14:40:16,051: topic[/tf2_web_republisher/cancel] removing connection to /tf2_web_republisher
[rospy.internal][INFO] 2017-10-09 14:40:16,061: topic impl's ref count is zero, deleting topic /tf2_web_republisher/goal...
[rospy.internal][INFO] 2017-10-09 14:40:16,064: topic[/tf2_web_republisher/goal] removing connection to /tf2_web_republisher
[rospy.internal][INFO] 2017-10-09 14:40:16,078: topic impl's ref count is zero, deleting topic /tf2_web_republisher/feedback...
[rospy.internal][INFO] 2017-10-09 14:40:16,082: topic[/tf2_web_republisher/feedback] removing connection to http://ip-172-31-19-100:51446/
[rospy.internal][INFO] 2017-10-09 14:40:16,090: topic impl's ref count is zero, deleting topic /visualization_marker...
[rospy.internal][INFO] 2017-10-09 14:40:16,095: topic[/visualization_marker] removing connection to http://ip-172-31-19-100:49059/
[rosout][INFO] 2017-10-09 14:40:16,103: Client disconnected. 0 clients total.
