[roslaunch][INFO] 2017-10-09 15:59:41,691: Checking log directory for disk usage. This may take awhile.
Press Ctrl-C to interrupt
[roslaunch][INFO] 2017-10-09 15:59:41,895: Done checking log file disk usage. Usage is <1GB.
[roslaunch][INFO] 2017-10-09 15:59:41,896: roslaunch starting with args ['roscore', '--core', '-p', '56828']
[roslaunch][INFO] 2017-10-09 15:59:41,899: roslaunch env is {'ROS_DISTRO': 'indigo', 'ASNLIB': '/home/ccc_v1_s80115__49396/asn17210_Project_2_/asn17211_Project_2/asnlib.0', 'LIB': '/home/ccc_v1_s80115__49396/lib', 'PKG_CONFIG_PATH': '/opt/ros/indigo/lib/pkgconfig:/opt/ros/indigo/lib/x86_64-linux-gnu/pkgconfig', 'SSH_CLIENT': '172.31.43.31 49010 22', 'CPATH': '/opt/ros/indigo/include', 'LOGNAME': 'ccc_v1_w_NDU1M_86698', 'USER': 'ccc_v1_w_NDU1M_86698', 'ROS_NODE_PORT': '56828', 'HOME': '/home/ccc_v1_w_NDU1M_86698/asn17210_Project_2_/asn17211_Project_2/work', 'PATH': '/opt/ros/indigo/bin:/usr/local/sbin:/usr/local/bin:/usr/sbin:/usr/bin:/sbin:/bin:/usr/games:/usr/local/games:/home/local/bin:/home/ccc_v1_s80115__49396/lib:/home/ccc_v1_s80115__49396/asn17210_Project_2_/asn17211_Project_2/asnlib.0:/home/vlibs:.', 'CMAKE_PREFIX_PATH': '/opt/ros/indigo', 'LD_LIBRARY_PATH': '/opt/ros/indigo/lib:/opt/ros/indigo/lib/x86_64-linux-gnu:/home/ccc_v1_s80115__49396/lib:/home/ccc_v1_s80115__49396/asn17210_Project_2_/asn17211_Project_2/asnlib.0:/home/vlibs', 'LANG': 'en_US.UTF-8', 'TERM': 'xterm-256color', 'SHELL': '/bin/bash', 'HISTFILE': '/home/ccc_v1_w_NDU1M_86698/.bash_history', 'SHLVL': '2', 'VOC_WORKAREA': '/home/ccc_v1_w_NDU1M_86698/asn17210_Project_2_/asn17211_Project_2/work', 'ROS_LOG_FILENAME': '/home/ccc_v1_w_NDU1M_86698/asn17210_Project_2_/asn17211_Project_2/work/.ros/log/88bc1056-ad45-11e7-92b7-06f360e4abc1/roslaunch-ip-172-31-19-100-15190.log', 'PART1': '/home/ccc_v1_s80115__49396/asn17210_Project_2_/asn17211_Project_2', 'ROS_ETC_DIR': '/opt/ros/indigo/etc/ros', 'XDG_RUNTIME_DIR': '/run/user/86698', 'PYTHONPATH': '/opt/ros/indigo/lib/python2.7/dist-packages:/home/vlibs/python', 'VOC_PROXY_WRAPPER_PORT': '5100', 'VOC_XFER_TOKEN': '1778961775298812988117211059dbff5526f501.66288563', 'ROS_ROOT': '/opt/ros/indigo/share/ros', 'OLD_HOME': '/home/ccc_v1_w_NDU1M_86698', 'VOC_PROXY_TOKEN': '5364065522988129881172110159dbff55313120.44036381', 'ROS_PACKAGE_PATH': '/opt/ros/indigo/share:/opt/ros/indigo/stacks', 'XDG_SESSION_ID': '128046', '_': '/usr/bin/stdbuf', 'LD_PRELOAD': '/usr/lib/coreutils/libstdbuf.so', '_STDBUF_O': 'L', 'SSH_TTY': '/dev/pts/3', 'OLDPWD': '/home/ccc_v1_w_NDU1M_86698', 'ROSLISP_PACKAGE_DIRECTORIES': '', 'VLIB': '/home/vlibs', 'PWD': '/home/ccc_v1_w_NDU1M_86698/asn17210_Project_2_/asn17211_Project_2/work', 'VOC_PROXY_ID': '29881_29881_17211_0_1', 'ROS_MASTER_URI': 'http://localhost:56828', 'MAIL': '/var/mail/ccc_v1_w_NDU1M_86698', 'SSH_CONNECTION': '172.31.43.31 49010 172.31.19.100 22'}
[roslaunch][INFO] 2017-10-09 15:59:41,903: starting in server mode
[roslaunch.parent][INFO] 2017-10-09 15:59:41,906: starting roslaunch parent run
[roslaunch][INFO] 2017-10-09 15:59:41,910: loading roscore config file /opt/ros/indigo/etc/ros/roscore.xml
[roslaunch][INFO] 2017-10-09 15:59:42,019: Added core node of type [rosout/rosout] in namespace [/]
[roslaunch.pmon][INFO] 2017-10-09 15:59:42,020: start_process_monitor: creating ProcessMonitor
[roslaunch.pmon][INFO] 2017-10-09 15:59:42,024: created process monitor <ProcessMonitor(ProcessMonitor-1, initial daemon)>
[roslaunch.pmon][INFO] 2017-10-09 15:59:42,027: start_process_monitor: ProcessMonitor started
[roslaunch.parent][INFO] 2017-10-09 15:59:42,035: starting parent XML-RPC server
[roslaunch.server][INFO] 2017-10-09 15:59:42,038: starting roslaunch XML-RPC server
[roslaunch.server][INFO] 2017-10-09 15:59:42,042: waiting for roslaunch XML-RPC server to initialize
[xmlrpc][INFO] 2017-10-09 15:59:42,042: XML-RPC server binding to 0.0.0.0:0
[xmlrpc][INFO] 2017-10-09 15:59:42,053: Started XML-RPC server [http://ip-172-31-19-100:59434/]
[xmlrpc][INFO] 2017-10-09 15:59:42,056: xml rpc node: starting XML-RPC server
[roslaunch][INFO] 2017-10-09 15:59:42,062: started roslaunch server http://ip-172-31-19-100:59434/
[roslaunch.parent][INFO] 2017-10-09 15:59:42,076: ... parent XML-RPC server started
[roslaunch][INFO] 2017-10-09 15:59:42,080: master.is_running[http://ip-172-31-19-100:56828/]
[roslaunch][INFO] 2017-10-09 15:59:42,084: auto-starting new master
[roslaunch][INFO] 2017-10-09 15:59:42,088: create_master_process: rosmaster, /opt/ros/indigo/share/ros, 56828, 3, None
[roslaunch][INFO] 2017-10-09 15:59:42,091: process[master]: launching with args [['rosmaster', '--core', '-p', '56828', '-w', '3']]
[roslaunch.pmon][INFO] 2017-10-09 15:59:42,095: ProcessMonitor.register[master]
[roslaunch.pmon][INFO] 2017-10-09 15:59:42,098: ProcessMonitor.register[master] complete
[roslaunch][INFO] 2017-10-09 15:59:42,102: process[master]: starting os process
[roslaunch][INFO] 2017-10-09 15:59:42,106: process[master]: start w/ args [['rosmaster', '--core', '-p', '56828', '-w', '3', '__log:=/home/ccc_v1_w_NDU1M_86698/asn17210_Project_2_/asn17211_Project_2/work/.ros/log/88bc1056-ad45-11e7-92b7-06f360e4abc1/master.log']]
[roslaunch][INFO] 2017-10-09 15:59:42,110: process[master]: cwd will be [/home/ccc_v1_w_NDU1M_86698/asn17210_Project_2_/asn17211_Project_2/work/.ros]
[roslaunch][INFO] 2017-10-09 15:59:42,118: process[master]: started with pid [15209]
[roslaunch][INFO] 2017-10-09 15:59:42,119: master.is_running[http://ip-172-31-19-100:56828/]
[roslaunch][INFO] 2017-10-09 15:59:42,223: master.is_running[http://ip-172-31-19-100:56828/]
[roslaunch][INFO] 2017-10-09 15:59:42,328: master.is_running[http://ip-172-31-19-100:56828/]
[roslaunch][INFO] 2017-10-09 15:59:42,342: master.is_running[http://ip-172-31-19-100:56828/]
[roslaunch][INFO] 2017-10-09 15:59:42,354: ROS_MASTER_URI=http://ip-172-31-19-100:56828/
[roslaunch][INFO] 2017-10-09 15:59:42,359: setting /run_id to 88bc1056-ad45-11e7-92b7-06f360e4abc1
[roslaunch][INFO] 2017-10-09 15:59:42,367: setting /roslaunch/uris/host_ip_172_31_19_100__59434' to http://ip-172-31-19-100:59434/
[roslaunch][INFO] 2017-10-09 15:59:42,378: ... preparing to launch node of type [rosout/rosout]
[roslaunch][INFO] 2017-10-09 15:59:42,381: create_node_process: package[rosout] type[rosout] machine[Machine(name[] env_loader[None] address[localhost] ssh_port[22] user[None] assignable[True] timeout[10.0])] master_uri[http://ip-172-31-19-100:56828/]
[roslaunch][INFO] 2017-10-09 15:59:42,385: process[rosout-1]: env[{'ROS_DISTRO': 'indigo', 'ASNLIB': '/home/ccc_v1_s80115__49396/asn17210_Project_2_/asn17211_Project_2/asnlib.0', 'LIB': '/home/ccc_v1_s80115__49396/lib', 'VOC_PROXY_TOKEN': '5364065522988129881172110159dbff55313120.44036381', 'SSH_CLIENT': '172.31.43.31 49010 22', 'CPATH': '/opt/ros/indigo/include', 'LOGNAME': 'ccc_v1_w_NDU1M_86698', 'USER': 'ccc_v1_w_NDU1M_86698', 'ROS_NODE_PORT': '56828', 'HOME': '/home/ccc_v1_w_NDU1M_86698/asn17210_Project_2_/asn17211_Project_2/work', 'PATH': '/opt/ros/indigo/bin:/usr/local/sbin:/usr/local/bin:/usr/sbin:/usr/bin:/sbin:/bin:/usr/games:/usr/local/games:/home/local/bin:/home/ccc_v1_s80115__49396/lib:/home/ccc_v1_s80115__49396/asn17210_Project_2_/asn17211_Project_2/asnlib.0:/home/vlibs:.', 'CMAKE_PREFIX_PATH': '/opt/ros/indigo', 'ROS_LOG_FILENAME': '/home/ccc_v1_w_NDU1M_86698/asn17210_Project_2_/asn17211_Project_2/work/.ros/log/88bc1056-ad45-11e7-92b7-06f360e4abc1/roslaunch-ip-172-31-19-100-15190.log', 'LANG': 'en_US.UTF-8', 'TERM': 'xterm-256color', 'SHELL': '/bin/bash', 'HISTFILE': '/home/ccc_v1_w_NDU1M_86698/.bash_history', 'SHLVL': '2', 'VOC_WORKAREA': '/home/ccc_v1_w_NDU1M_86698/asn17210_Project_2_/asn17211_Project_2/work', 'LD_LIBRARY_PATH': '/opt/ros/indigo/lib:/opt/ros/indigo/lib/x86_64-linux-gnu:/home/ccc_v1_s80115__49396/lib:/home/ccc_v1_s80115__49396/asn17210_Project_2_/asn17211_Project_2/asnlib.0:/home/vlibs', 'PART1': '/home/ccc_v1_s80115__49396/asn17210_Project_2_/asn17211_Project_2', 'ROS_MASTER_URI': 'http://ip-172-31-19-100:56828/', 'XDG_RUNTIME_DIR': '/run/user/86698', 'PYTHONPATH': '/opt/ros/indigo/lib/python2.7/dist-packages:/home/vlibs/python', 'VOC_PROXY_WRAPPER_PORT': '5100', 'VOC_XFER_TOKEN': '1778961775298812988117211059dbff5526f501.66288563', 'ROS_ROOT': '/opt/ros/indigo/share/ros', 'OLD_HOME': '/home/ccc_v1_w_NDU1M_86698', 'PKG_CONFIG_PATH': '/opt/ros/indigo/lib/pkgconfig:/opt/ros/indigo/lib/x86_64-linux-gnu/pkgconfig', 'ROS_PACKAGE_PATH': '/opt/ros/indigo/share:/opt/ros/indigo/stacks', 'XDG_SESSION_ID': '128046', '_': '/usr/bin/stdbuf', 'LD_PRELOAD': '/usr/lib/coreutils/libstdbuf.so', '_STDBUF_O': 'L', 'SSH_TTY': '/dev/pts/3', 'OLDPWD': '/home/ccc_v1_w_NDU1M_86698', 'ROSLISP_PACKAGE_DIRECTORIES': '', 'VLIB': '/home/vlibs', 'PWD': '/home/ccc_v1_w_NDU1M_86698/asn17210_Project_2_/asn17211_Project_2/work', 'VOC_PROXY_ID': '29881_29881_17211_0_1', 'ROS_ETC_DIR': '/opt/ros/indigo/etc/ros', 'MAIL': '/var/mail/ccc_v1_w_NDU1M_86698', 'SSH_CONNECTION': '172.31.43.31 49010 172.31.19.100 22'}]
[roslaunch][INFO] 2017-10-09 15:59:42,423: process[rosout-1]: args[[u'/opt/ros/indigo/lib/rosout/rosout', u'__name:=rosout']]
[roslaunch][INFO] 2017-10-09 15:59:42,427: ... created process [rosout-1]
[roslaunch.pmon][INFO] 2017-10-09 15:59:42,430: ProcessMonitor.register[rosout-1]
[roslaunch.pmon][INFO] 2017-10-09 15:59:42,434: ProcessMonitor.register[rosout-1] complete
[roslaunch][INFO] 2017-10-09 15:59:42,437: ... registered process [rosout-1]
[roslaunch][INFO] 2017-10-09 15:59:42,440: process[rosout-1]: starting os process
[roslaunch][INFO] 2017-10-09 15:59:42,445: process[rosout-1]: start w/ args [[u'/opt/ros/indigo/lib/rosout/rosout', u'__name:=rosout', u'__log:=/home/ccc_v1_w_NDU1M_86698/asn17210_Project_2_/asn17211_Project_2/work/.ros/log/88bc1056-ad45-11e7-92b7-06f360e4abc1/rosout-1.log']]
[roslaunch][INFO] 2017-10-09 15:59:42,449: process[rosout-1]: cwd will be [/home/ccc_v1_w_NDU1M_86698/asn17210_Project_2_/asn17211_Project_2/work/.ros]
[roslaunch][INFO] 2017-10-09 15:59:42,463: process[rosout-1]: started with pid [15223]
[roslaunch][INFO] 2017-10-09 15:59:42,464: ... successfully launched [rosout-1]
[roslaunch][INFO] 2017-10-09 15:59:42,467: load_parameters starting ...
[roslaunch][INFO] 2017-10-09 15:59:42,481: ... load_parameters complete
[roslaunch][INFO] 2017-10-09 15:59:42,484: launch_nodes: launching local nodes ...
[roslaunch][INFO] 2017-10-09 15:59:42,488: ... launch_nodes complete
[roslaunch.pmon][INFO] 2017-10-09 15:59:42,494: registrations completed <ProcessMonitor(ProcessMonitor-1, started daemon 140452965865216)>
[roslaunch.parent][INFO] 2017-10-09 15:59:42,502: ... roslaunch parent running, waiting for process exit
[roslaunch][INFO] 2017-10-09 15:59:42,505: spin
