[rospy.client][INFO] 2017-10-09 15:54:08,474: init_node, name[/rosbridge_websocket], pid[8477]
[xmlrpc][INFO] 2017-10-09 15:54:08,475: XML-RPC server binding to 0.0.0.0:0
[xmlrpc][INFO] 2017-10-09 15:54:08,482: Started XML-RPC server [http://ip-172-31-19-100:58615/]
[rospy.init][INFO] 2017-10-09 15:54:08,482: ROS Slave URI: [http://ip-172-31-19-100:58615/]
[rospy.impl.masterslave][INFO] 2017-10-09 15:54:08,486: _ready: http://ip-172-31-19-100:58615/
[xmlrpc][INFO] 2017-10-09 15:54:08,493: xml rpc node: starting XML-RPC server
[rospy.registration][INFO] 2017-10-09 15:54:08,494: Registering with master node http://localhost:56336
[rospy.init][INFO] 2017-10-09 15:54:08,590: registered with master
[rospy.rosout][INFO] 2017-10-09 15:54:08,594: initializing /rosout core topic
[rospy.rosout][INFO] 2017-10-09 15:54:08,606: connected to core topic /rosout
[rospy.simtime][INFO] 2017-10-09 15:54:08,611: /use_sim_time is not set, will not subscribe to simulated time [/clock] topic
[rosout][INFO] 2017-10-09 15:54:08,639: Rosbridge WebSocket server started on port 36192
[rospy.internal][INFO] 2017-10-09 15:54:08,805: topic[/rosout] adding connection to [/rosout], count 0
[rosout][INFO] 2017-10-09 15:54:17,308: Client connected.  1 clients total.
[rosout][INFO] 2017-10-09 15:54:17,691: [Client 0] Subscribed to /tf2_web_republisher/feedback
[rospy.internal][INFO] 2017-10-09 15:54:17,706: topic[/tf2_web_republisher/feedback] adding connection to [http://ip-172-31-19-100:49621/], count 0
[rosout][INFO] 2017-10-09 15:54:17,709: [Client 0] Subscribed to /visualization_marker
[rospy.internal][INFO] 2017-10-09 15:54:17,712: topic[/visualization_marker] adding connection to [http://ip-172-31-19-100:46415/], count 0
[rospy.internal][INFO] 2017-10-09 15:54:17,834: topic[/tf2_web_republisher/cancel] adding connection to [/tf2_web_republisher], count 0
[rospy.internal][INFO] 2017-10-09 15:54:17,839: topic[/tf2_web_republisher/goal] adding connection to [/tf2_web_republisher], count 0
[rospy.internal][INFO] 2017-10-09 15:56:00,931: topic impl's ref count is zero, deleting topic /tf2_web_republisher/cancel...
[rospy.internal][INFO] 2017-10-09 15:56:00,932: topic[/tf2_web_republisher/cancel] removing connection to /tf2_web_republisher
[rospy.internal][INFO] 2017-10-09 15:56:00,948: topic impl's ref count is zero, deleting topic /tf2_web_republisher/goal...
[rospy.internal][INFO] 2017-10-09 15:56:00,953: topic[/tf2_web_republisher/goal] removing connection to /tf2_web_republisher
[rospy.internal][INFO] 2017-10-09 15:56:00,968: topic impl's ref count is zero, deleting topic /tf2_web_republisher/feedback...
[rospy.internal][INFO] 2017-10-09 15:56:00,972: topic[/tf2_web_republisher/feedback] removing connection to http://ip-172-31-19-100:49621/
[rospy.internal][INFO] 2017-10-09 15:56:00,981: topic impl's ref count is zero, deleting topic /visualization_marker...
[rospy.internal][INFO] 2017-10-09 15:56:00,985: topic[/visualization_marker] removing connection to http://ip-172-31-19-100:46415/
[rosout][INFO] 2017-10-09 15:56:00,994: Client disconnected. 0 clients total.
