[roslaunch][INFO] 2017-10-09 13:17:15,205: Checking log directory for disk usage. This may take awhile.
Press Ctrl-C to interrupt
[roslaunch][INFO] 2017-10-09 13:17:15,234: Done checking log file disk usage. Usage is <1GB.
[roslaunch][INFO] 2017-10-09 13:17:15,234: roslaunch starting with args ['roscore', '--core', '-p', '39127']
[roslaunch][INFO] 2017-10-09 13:17:15,238: roslaunch env is {'ROS_DISTRO': 'indigo', 'ASNLIB': '/home/ccc_v1_s80115__49396/asn17210_Project_2_/asn17211_Project_2/asnlib.0', 'LIB': '/home/ccc_v1_s80115__49396/lib', 'PKG_CONFIG_PATH': '/opt/ros/indigo/lib/pkgconfig:/opt/ros/indigo/lib/x86_64-linux-gnu/pkgconfig', 'SSH_CLIENT': '172.31.43.31 39972 22', 'CPATH': '/opt/ros/indigo/include', 'LOGNAME': 'ccc_v1_w_NDU1M_86698', 'USER': 'ccc_v1_w_NDU1M_86698', 'ROS_NODE_PORT': '39127', 'HOME': '/home/ccc_v1_w_NDU1M_86698/asn17210_Project_2_/asn17211_Project_2/work', 'PATH': '/opt/ros/indigo/bin:/usr/local/sbin:/usr/local/bin:/usr/sbin:/usr/bin:/sbin:/bin:/usr/games:/usr/local/games:/home/local/bin:/home/ccc_v1_s80115__49396/lib:/home/ccc_v1_s80115__49396/asn17210_Project_2_/asn17211_Project_2/asnlib.0:/home/vlibs:.', 'CMAKE_PREFIX_PATH': '/opt/ros/indigo', 'LD_LIBRARY_PATH': '/opt/ros/indigo/lib:/opt/ros/indigo/lib/x86_64-linux-gnu:/home/ccc_v1_s80115__49396/lib:/home/ccc_v1_s80115__49396/asn17210_Project_2_/asn17211_Project_2/asnlib.0:/home/vlibs', 'LANG': 'en_US.UTF-8', 'TERM': 'xterm-256color', 'SHELL': '/bin/bash', 'HISTFILE': '/home/ccc_v1_w_NDU1M_86698/.bash_history', 'SHLVL': '2', 'VOC_WORKAREA': '/home/ccc_v1_w_NDU1M_86698/asn17210_Project_2_/asn17211_Project_2/work', 'ROS_LOG_FILENAME': '/home/ccc_v1_w_NDU1M_86698/asn17210_Project_2_/asn17211_Project_2/work/.ros/log/d7591f04-ad2e-11e7-92dc-06f360e4abc1/roslaunch-ip-172-31-19-100-25342.log', 'PART1': '/home/ccc_v1_s80115__49396/asn17210_Project_2_/asn17211_Project_2', 'ROS_ETC_DIR': '/opt/ros/indigo/etc/ros', 'XDG_RUNTIME_DIR': '/run/user/86698', 'PYTHONPATH': '/opt/ros/indigo/lib/python2.7/dist-packages:/home/vlibs/python', 'VOC_PROXY_WRAPPER_PORT': '5100', 'VOC_XFER_TOKEN': '1024685595298812988117211059dbd56f265d51.90160869', 'ROS_ROOT': '/opt/ros/indigo/share/ros', 'OLD_HOME': '/home/ccc_v1_w_NDU1M_86698', 'VOC_PROXY_TOKEN': '2512541942988129881172110159dbd56f2e0719.90373796', 'ROS_PACKAGE_PATH': '/opt/ros/indigo/share:/opt/ros/indigo/stacks', 'XDG_SESSION_ID': '126951', '_': '/usr/bin/stdbuf', 'LD_PRELOAD': '/usr/lib/coreutils/libstdbuf.so', '_STDBUF_O': 'L', 'SSH_TTY': '/dev/pts/0', 'OLDPWD': '/home/ccc_v1_w_NDU1M_86698', 'ROSLISP_PACKAGE_DIRECTORIES': '', 'VLIB': '/home/vlibs', 'PWD': '/home/ccc_v1_w_NDU1M_86698/asn17210_Project_2_/asn17211_Project_2/work', 'VOC_PROXY_ID': '29881_29881_17211_0_1', 'ROS_MASTER_URI': 'http://localhost:39127', 'MAIL': '/var/mail/ccc_v1_w_NDU1M_86698', 'SSH_CONNECTION': '172.31.43.31 39972 172.31.19.100 22'}
[roslaunch][INFO] 2017-10-09 13:17:15,241: starting in server mode
[roslaunch.parent][INFO] 2017-10-09 13:17:15,250: starting roslaunch parent run
[roslaunch][INFO] 2017-10-09 13:17:15,260: loading roscore config file /opt/ros/indigo/etc/ros/roscore.xml
[roslaunch][INFO] 2017-10-09 13:17:15,386: Added core node of type [rosout/rosout] in namespace [/]
[roslaunch.pmon][INFO] 2017-10-09 13:17:15,387: start_process_monitor: creating ProcessMonitor
[roslaunch.pmon][INFO] 2017-10-09 13:17:15,391: created process monitor <ProcessMonitor(ProcessMonitor-1, initial daemon)>
[roslaunch.pmon][INFO] 2017-10-09 13:17:15,395: start_process_monitor: ProcessMonitor started
[roslaunch.parent][INFO] 2017-10-09 13:17:15,399: starting parent XML-RPC server
[roslaunch.server][INFO] 2017-10-09 13:17:15,406: starting roslaunch XML-RPC server
[roslaunch.server][INFO] 2017-10-09 13:17:15,410: waiting for roslaunch XML-RPC server to initialize
[xmlrpc][INFO] 2017-10-09 13:17:15,410: XML-RPC server binding to 0.0.0.0:0
[xmlrpc][INFO] 2017-10-09 13:17:15,417: Started XML-RPC server [http://ip-172-31-19-100:33278/]
[xmlrpc][INFO] 2017-10-09 13:17:15,421: xml rpc node: starting XML-RPC server
[roslaunch][INFO] 2017-10-09 13:17:15,429: started roslaunch server http://ip-172-31-19-100:33278/
[roslaunch.parent][INFO] 2017-10-09 13:17:15,433: ... parent XML-RPC server started
[roslaunch][INFO] 2017-10-09 13:17:15,444: master.is_running[http://ip-172-31-19-100:39127/]
[roslaunch][INFO] 2017-10-09 13:17:15,449: auto-starting new master
[roslaunch][INFO] 2017-10-09 13:17:15,452: create_master_process: rosmaster, /opt/ros/indigo/share/ros, 39127, 3, None
[roslaunch][INFO] 2017-10-09 13:17:15,456: process[master]: launching with args [['rosmaster', '--core', '-p', '39127', '-w', '3']]
[roslaunch.pmon][INFO] 2017-10-09 13:17:15,466: ProcessMonitor.register[master]
[roslaunch.pmon][INFO] 2017-10-09 13:17:15,474: ProcessMonitor.register[master] complete
[roslaunch][INFO] 2017-10-09 13:17:15,477: process[master]: starting os process
[roslaunch][INFO] 2017-10-09 13:17:15,481: process[master]: start w/ args [['rosmaster', '--core', '-p', '39127', '-w', '3', '__log:=/home/ccc_v1_w_NDU1M_86698/asn17210_Project_2_/asn17211_Project_2/work/.ros/log/d7591f04-ad2e-11e7-92dc-06f360e4abc1/master.log']]
[roslaunch][INFO] 2017-10-09 13:17:15,485: process[master]: cwd will be [/home/ccc_v1_w_NDU1M_86698/asn17210_Project_2_/asn17211_Project_2/work/.ros]
[roslaunch][INFO] 2017-10-09 13:17:15,521: process[master]: started with pid [25394]
[roslaunch][INFO] 2017-10-09 13:17:15,522: master.is_running[http://ip-172-31-19-100:39127/]
[roslaunch][INFO] 2017-10-09 13:17:15,626: master.is_running[http://ip-172-31-19-100:39127/]
[roslaunch][INFO] 2017-10-09 13:17:15,730: master.is_running[http://ip-172-31-19-100:39127/]
[roslaunch][INFO] 2017-10-09 13:17:15,736: master.is_running[http://ip-172-31-19-100:39127/]
[roslaunch][INFO] 2017-10-09 13:17:15,741: ROS_MASTER_URI=http://ip-172-31-19-100:39127/
[roslaunch][INFO] 2017-10-09 13:17:15,745: setting /run_id to d7591f04-ad2e-11e7-92dc-06f360e4abc1
[roslaunch][INFO] 2017-10-09 13:17:15,753: setting /roslaunch/uris/host_ip_172_31_19_100__33278' to http://ip-172-31-19-100:33278/
[roslaunch][INFO] 2017-10-09 13:17:15,762: ... preparing to launch node of type [rosout/rosout]
[roslaunch][INFO] 2017-10-09 13:17:15,765: create_node_process: package[rosout] type[rosout] machine[Machine(name[] env_loader[None] address[localhost] ssh_port[22] user[None] assignable[True] timeout[10.0])] master_uri[http://ip-172-31-19-100:39127/]
[roslaunch][INFO] 2017-10-09 13:17:15,769: process[rosout-1]: env[{'ROS_DISTRO': 'indigo', 'ASNLIB': '/home/ccc_v1_s80115__49396/asn17210_Project_2_/asn17211_Project_2/asnlib.0', 'LIB': '/home/ccc_v1_s80115__49396/lib', 'VOC_PROXY_TOKEN': '2512541942988129881172110159dbd56f2e0719.90373796', 'SSH_CLIENT': '172.31.43.31 39972 22', 'CPATH': '/opt/ros/indigo/include', 'LOGNAME': 'ccc_v1_w_NDU1M_86698', 'USER': 'ccc_v1_w_NDU1M_86698', 'ROS_NODE_PORT': '39127', 'HOME': '/home/ccc_v1_w_NDU1M_86698/asn17210_Project_2_/asn17211_Project_2/work', 'PATH': '/opt/ros/indigo/bin:/usr/local/sbin:/usr/local/bin:/usr/sbin:/usr/bin:/sbin:/bin:/usr/games:/usr/local/games:/home/local/bin:/home/ccc_v1_s80115__49396/lib:/home/ccc_v1_s80115__49396/asn17210_Project_2_/asn17211_Project_2/asnlib.0:/home/vlibs:.', 'CMAKE_PREFIX_PATH': '/opt/ros/indigo', 'ROS_LOG_FILENAME': '/home/ccc_v1_w_NDU1M_86698/asn17210_Project_2_/asn17211_Project_2/work/.ros/log/d7591f04-ad2e-11e7-92dc-06f360e4abc1/roslaunch-ip-172-31-19-100-25342.log', 'LANG': 'en_US.UTF-8', 'TERM': 'xterm-256color', 'SHELL': '/bin/bash', 'HISTFILE': '/home/ccc_v1_w_NDU1M_86698/.bash_history', 'SHLVL': '2', 'VOC_WORKAREA': '/home/ccc_v1_w_NDU1M_86698/asn17210_Project_2_/asn17211_Project_2/work', 'LD_LIBRARY_PATH': '/opt/ros/indigo/lib:/opt/ros/indigo/lib/x86_64-linux-gnu:/home/ccc_v1_s80115__49396/lib:/home/ccc_v1_s80115__49396/asn17210_Project_2_/asn17211_Project_2/asnlib.0:/home/vlibs', 'PART1': '/home/ccc_v1_s80115__49396/asn17210_Project_2_/asn17211_Project_2', 'ROS_MASTER_URI': 'http://ip-172-31-19-100:39127/', 'XDG_RUNTIME_DIR': '/run/user/86698', 'PYTHONPATH': '/opt/ros/indigo/lib/python2.7/dist-packages:/home/vlibs/python', 'VOC_PROXY_WRAPPER_PORT': '5100', 'VOC_XFER_TOKEN': '1024685595298812988117211059dbd56f265d51.90160869', 'ROS_ROOT': '/opt/ros/indigo/share/ros', 'OLD_HOME': '/home/ccc_v1_w_NDU1M_86698', 'PKG_CONFIG_PATH': '/opt/ros/indigo/lib/pkgconfig:/opt/ros/indigo/lib/x86_64-linux-gnu/pkgconfig', 'ROS_PACKAGE_PATH': '/opt/ros/indigo/share:/opt/ros/indigo/stacks', 'XDG_SESSION_ID': '126951', '_': '/usr/bin/stdbuf', 'LD_PRELOAD': '/usr/lib/coreutils/libstdbuf.so', '_STDBUF_O': 'L', 'SSH_TTY': '/dev/pts/0', 'OLDPWD': '/home/ccc_v1_w_NDU1M_86698', 'ROSLISP_PACKAGE_DIRECTORIES': '', 'VLIB': '/home/vlibs', 'PWD': '/home/ccc_v1_w_NDU1M_86698/asn17210_Project_2_/asn17211_Project_2/work', 'VOC_PROXY_ID': '29881_29881_17211_0_1', 'ROS_ETC_DIR': '/opt/ros/indigo/etc/ros', 'MAIL': '/var/mail/ccc_v1_w_NDU1M_86698', 'SSH_CONNECTION': '172.31.43.31 39972 172.31.19.100 22'}]
[roslaunch][INFO] 2017-10-09 13:17:15,799: process[rosout-1]: args[[u'/opt/ros/indigo/lib/rosout/rosout', u'__name:=rosout']]
[roslaunch][INFO] 2017-10-09 13:17:15,803: ... created process [rosout-1]
[roslaunch.pmon][INFO] 2017-10-09 13:17:15,806: ProcessMonitor.register[rosout-1]
[roslaunch.pmon][INFO] 2017-10-09 13:17:15,810: ProcessMonitor.register[rosout-1] complete
[roslaunch][INFO] 2017-10-09 13:17:15,813: ... registered process [rosout-1]
[roslaunch][INFO] 2017-10-09 13:17:15,817: process[rosout-1]: starting os process
[roslaunch][INFO] 2017-10-09 13:17:15,821: process[rosout-1]: start w/ args [[u'/opt/ros/indigo/lib/rosout/rosout', u'__name:=rosout', u'__log:=/home/ccc_v1_w_NDU1M_86698/asn17210_Project_2_/asn17211_Project_2/work/.ros/log/d7591f04-ad2e-11e7-92dc-06f360e4abc1/rosout-1.log']]
[roslaunch][INFO] 2017-10-09 13:17:15,827: process[rosout-1]: cwd will be [/home/ccc_v1_w_NDU1M_86698/asn17210_Project_2_/asn17211_Project_2/work/.ros]
[roslaunch][INFO] 2017-10-09 13:17:15,837: process[rosout-1]: started with pid [25408]
[roslaunch][INFO] 2017-10-09 13:17:15,837: ... successfully launched [rosout-1]
[roslaunch][INFO] 2017-10-09 13:17:15,842: load_parameters starting ...
[roslaunch][INFO] 2017-10-09 13:17:15,856: ... load_parameters complete
[roslaunch][INFO] 2017-10-09 13:17:15,859: launch_nodes: launching local nodes ...
[roslaunch][INFO] 2017-10-09 13:17:15,863: ... launch_nodes complete
[roslaunch.pmon][INFO] 2017-10-09 13:17:15,866: registrations completed <ProcessMonitor(ProcessMonitor-1, started daemon 140558774982400)>
[roslaunch.parent][INFO] 2017-10-09 13:17:15,870: ... roslaunch parent running, waiting for process exit
[roslaunch][INFO] 2017-10-09 13:17:15,873: spin
