[rosmaster.main][INFO] 2017-10-09 10:13:57,128: initialization complete, waiting for shutdown
[rosmaster.main][INFO] 2017-10-09 10:13:57,128: Starting ROS Master Node
[xmlrpc][INFO] 2017-10-09 10:13:57,133: XML-RPC server binding to 0.0.0.0:49679
[xmlrpc][INFO] 2017-10-09 10:13:57,137: Started XML-RPC server [http://ip-172-31-19-100:49679/]
[rosmaster.master][INFO] 2017-10-09 10:13:57,137: Master initialized: port[49679], uri[http://ip-172-31-19-100:49679/]
[xmlrpc][INFO] 2017-10-09 10:13:57,140: xml rpc node: starting XML-RPC server
[rosmaster.master][INFO] 2017-10-09 10:13:57,234: +PARAM [/run_id] by /roslaunch
[rosmaster.master][INFO] 2017-10-09 10:13:57,242: +PARAM [/roslaunch/uris/host_ip_172_31_19_100__35685] by /roslaunch
[rosmaster.master][INFO] 2017-10-09 10:13:57,338: +PARAM [/rosversion] by /roslaunch
[rosmaster.master][INFO] 2017-10-09 10:13:57,342: +PARAM [/rosdistro] by /roslaunch
[rosmaster.master][INFO] 2017-10-09 10:13:57,348: +SERVICE [/rosout/get_loggers] /rosout http://ip-172-31-19-100:39968/
[rosmaster.master][INFO] 2017-10-09 10:13:57,353: +SERVICE [/rosout/set_logger_level] /rosout http://ip-172-31-19-100:39968/
[rosmaster.master][INFO] 2017-10-09 10:13:57,365: +PUB [/rosout_agg] /rosout http://ip-172-31-19-100:39968/
[rosmaster.master][INFO] 2017-10-09 10:13:57,374: +SUB [/rosout] /rosout http://ip-172-31-19-100:39968/
[rosmaster.master][INFO] 2017-10-09 10:13:57,655: +PUB [/rosout] /tf2_web_republisher http://ip-172-31-19-100:58507/
[rosmaster.master][INFO] 2017-10-09 10:13:57,660: +SERVICE [/tf2_web_republisher/get_loggers] /tf2_web_republisher http://ip-172-31-19-100:58507/
[rosmaster.master][INFO] 2017-10-09 10:13:57,664: +SERVICE [/tf2_web_republisher/set_logger_level] /tf2_web_republisher http://ip-172-31-19-100:58507/
[rosmaster.master][INFO] 2017-10-09 10:13:57,675: +SUB [/tf] /tf2_web_republisher http://ip-172-31-19-100:58507/
[rosmaster.master][INFO] 2017-10-09 10:13:57,687: +SUB [/tf_static] /tf2_web_republisher http://ip-172-31-19-100:58507/
[rosmaster.master][INFO] 2017-10-09 10:13:57,691: +SERVICE [/republish_tfs] /tf2_web_republisher http://ip-172-31-19-100:58507/
[rosmaster.master][INFO] 2017-10-09 10:13:57,695: +PUB [/tf2_web_republisher/result] /tf2_web_republisher http://ip-172-31-19-100:58507/
[rosmaster.master][INFO] 2017-10-09 10:13:57,700: +PUB [/tf2_web_republisher/feedback] /tf2_web_republisher http://ip-172-31-19-100:58507/
[rosmaster.master][INFO] 2017-10-09 10:13:57,704: +PUB [/tf2_web_republisher/status] /tf2_web_republisher http://ip-172-31-19-100:58507/
[rosmaster.master][INFO] 2017-10-09 10:13:57,715: +SUB [/tf2_web_republisher/goal] /tf2_web_republisher http://ip-172-31-19-100:58507/
[rosmaster.master][INFO] 2017-10-09 10:13:57,722: +SUB [/tf2_web_republisher/cancel] /tf2_web_republisher http://ip-172-31-19-100:58507/
[rosmaster.master][INFO] 2017-10-09 10:13:57,733: publisherUpdate[/rosout] -> http://ip-172-31-19-100:39968/
[rosmaster.master][INFO] 2017-10-09 10:13:59,190: +PARAM [/roslaunch/uris/host_ip_172_31_19_100__58325] by /roslaunch
[rosmaster.master][INFO] 2017-10-09 10:13:59,197: +PARAM [/rosbridge_websocket/port] by /roslaunch
[rosmaster.master][INFO] 2017-10-09 10:13:59,201: +PARAM [/rosdistro] by /roslaunch
[rosmaster.master][INFO] 2017-10-09 10:13:59,206: +PARAM [/rosbridge_websocket/fragment_timeout] by /roslaunch
[rosmaster.master][INFO] 2017-10-09 10:13:59,210: +PARAM [/rosbridge_websocket/delay_between_messages] by /roslaunch
[rosmaster.master][INFO] 2017-10-09 10:13:59,213: +PARAM [/rosversion] by /roslaunch
[rosmaster.master][INFO] 2017-10-09 10:13:59,217: +PARAM [/rosbridge_websocket/authenticate] by /roslaunch
[rosmaster.master][INFO] 2017-10-09 10:13:59,220: +PARAM [/rosbridge_websocket/retry_startup_delay] by /roslaunch
[rosmaster.master][INFO] 2017-10-09 10:13:59,224: +PARAM [/rosbridge_websocket/address] by /roslaunch
[rosmaster.master][INFO] 2017-10-09 10:13:59,227: +PARAM [/rosbridge_websocket/max_message_size] by /roslaunch
[rosmaster.master][INFO] 2017-10-09 10:13:59,420: +PUB [/rosout] /marker_publisher http://ip-172-31-19-100:47605/
[rosmaster.master][INFO] 2017-10-09 10:13:59,428: +SERVICE [/marker_publisher/get_loggers] /marker_publisher http://ip-172-31-19-100:47605/
[rosmaster.master][INFO] 2017-10-09 10:13:59,432: +SERVICE [/marker_publisher/set_logger_level] /marker_publisher http://ip-172-31-19-100:47605/
[rosmaster.master][INFO] 2017-10-09 10:13:59,436: publisherUpdate[/rosout] -> http://ip-172-31-19-100:39968/
[rosmaster.master][INFO] 2017-10-09 10:13:59,438: +PUB [/visualization_marker] /marker_publisher http://ip-172-31-19-100:47605/
[rosmaster.master][INFO] 2017-10-09 10:14:00,050: +PUB [/rosout] /rosbridge_websocket http://ip-172-31-19-100:35694/
[rosmaster.master][INFO] 2017-10-09 10:14:00,069: +PUB [/rosout] /rosapi http://ip-172-31-19-100:50172/
[rosmaster.master][INFO] 2017-10-09 10:14:00,073: +SERVICE [/rosbridge_websocket/get_loggers] /rosbridge_websocket http://ip-172-31-19-100:35694/
[rosmaster.master][INFO] 2017-10-09 10:14:00,080: +SERVICE [/rosbridge_websocket/set_logger_level] /rosbridge_websocket http://ip-172-31-19-100:35694/
[rosmaster.master][INFO] 2017-10-09 10:14:00,087: +SERVICE [/rosapi/get_loggers] /rosapi http://ip-172-31-19-100:50172/
[rosmaster.master][INFO] 2017-10-09 10:14:00,094: +SERVICE [/rosapi/set_logger_level] /rosapi http://ip-172-31-19-100:50172/
[rosmaster.master][INFO] 2017-10-09 10:14:00,105: +SERVICE [/rosapi/topics] /rosapi http://ip-172-31-19-100:50172/
[rosmaster.master][INFO] 2017-10-09 10:14:00,111: +SERVICE [/rosapi/topics_for_type] /rosapi http://ip-172-31-19-100:50172/
[rosmaster.master][INFO] 2017-10-09 10:14:00,116: +SERVICE [/rosapi/services] /rosapi http://ip-172-31-19-100:50172/
[rosmaster.master][INFO] 2017-10-09 10:14:00,122: +SERVICE [/rosapi/services_for_type] /rosapi http://ip-172-31-19-100:50172/
[rosmaster.master][INFO] 2017-10-09 10:14:00,128: +SERVICE [/rosapi/nodes] /rosapi http://ip-172-31-19-100:50172/
[rosmaster.master][INFO] 2017-10-09 10:14:00,134: +SERVICE [/rosapi/node_details] /rosapi http://ip-172-31-19-100:50172/
[rosmaster.master][INFO] 2017-10-09 10:14:00,138: publisherUpdate[/rosout] -> http://ip-172-31-19-100:39968/
[rosmaster.master][INFO] 2017-10-09 10:14:00,146: +SERVICE [/rosapi/topic_type] /rosapi http://ip-172-31-19-100:50172/
[rosmaster.master][INFO] 2017-10-09 10:14:00,150: publisherUpdate[/rosout] -> http://ip-172-31-19-100:39968/
[rosmaster.master][INFO] 2017-10-09 10:14:00,155: +SERVICE [/rosapi/service_type] /rosapi http://ip-172-31-19-100:50172/
[rosmaster.master][INFO] 2017-10-09 10:14:00,168: +SERVICE [/rosapi/publishers] /rosapi http://ip-172-31-19-100:50172/
[rosmaster.master][INFO] 2017-10-09 10:14:00,173: +SERVICE [/rosapi/subscribers] /rosapi http://ip-172-31-19-100:50172/
[rosmaster.master][INFO] 2017-10-09 10:14:00,178: +SERVICE [/rosapi/service_providers] /rosapi http://ip-172-31-19-100:50172/
[rosmaster.master][INFO] 2017-10-09 10:14:00,184: +SERVICE [/rosapi/service_node] /rosapi http://ip-172-31-19-100:50172/
[rosmaster.master][INFO] 2017-10-09 10:14:00,189: +SERVICE [/rosapi/service_host] /rosapi http://ip-172-31-19-100:50172/
[rosmaster.master][INFO] 2017-10-09 10:14:00,193: +SERVICE [/rosapi/message_details] /rosapi http://ip-172-31-19-100:50172/
[rosmaster.master][INFO] 2017-10-09 10:14:00,199: +SERVICE [/rosapi/service_request_details] /rosapi http://ip-172-31-19-100:50172/
[rosmaster.master][INFO] 2017-10-09 10:14:00,212: +SERVICE [/rosapi/service_response_details] /rosapi http://ip-172-31-19-100:50172/
[rosmaster.master][INFO] 2017-10-09 10:14:00,217: +SERVICE [/rosapi/set_param] /rosapi http://ip-172-31-19-100:50172/
[rosmaster.master][INFO] 2017-10-09 10:14:00,222: +SERVICE [/rosapi/get_param] /rosapi http://ip-172-31-19-100:50172/
[rosmaster.master][INFO] 2017-10-09 10:14:00,227: +SERVICE [/rosapi/has_param] /rosapi http://ip-172-31-19-100:50172/
[rosmaster.master][INFO] 2017-10-09 10:14:00,233: +SERVICE [/rosapi/search_param] /rosapi http://ip-172-31-19-100:50172/
[rosmaster.master][INFO] 2017-10-09 10:14:00,239: +SERVICE [/rosapi/delete_param] /rosapi http://ip-172-31-19-100:50172/
[rosmaster.master][INFO] 2017-10-09 10:14:00,247: +SERVICE [/rosapi/get_param_names] /rosapi http://ip-172-31-19-100:50172/
[rosmaster.master][INFO] 2017-10-09 10:14:00,253: +SERVICE [/rosapi/get_time] /rosapi http://ip-172-31-19-100:50172/
[rosmaster.master][INFO] 2017-10-09 10:14:08,152: +PUB [/rosout] /project2_solution http://ip-172-31-19-100:46780/
[rosmaster.master][INFO] 2017-10-09 10:14:08,156: publisherUpdate[/rosout] -> http://ip-172-31-19-100:39968/
[rosmaster.master][INFO] 2017-10-09 10:14:08,166: +SERVICE [/project2_solution/get_loggers] /project2_solution http://ip-172-31-19-100:46780/
[rosmaster.master][INFO] 2017-10-09 10:14:08,172: +SERVICE [/project2_solution/set_logger_level] /project2_solution http://ip-172-31-19-100:46780/
[rosmaster.master][INFO] 2017-10-09 10:14:08,181: +PUB [/tf] /project2_solution http://ip-172-31-19-100:46780/
[rosmaster.master][INFO] 2017-10-09 10:14:08,261: publisherUpdate[/tf] -> http://ip-172-31-19-100:58507/
[rosmaster.master][INFO] 2017-10-09 10:26:01,655: +PUB [/rosout] /project2_solution http://ip-172-31-19-100:40493/
[rosmaster.master][INFO] 2017-10-09 10:26:01,665: +SERVICE [/project2_solution/get_loggers] /project2_solution http://ip-172-31-19-100:40493/
[rosmaster.master][INFO] 2017-10-09 10:26:01,670: +SERVICE [/project2_solution/set_logger_level] /project2_solution http://ip-172-31-19-100:40493/
[rosmaster.master][INFO] 2017-10-09 10:26:01,674: publisherUpdate[/rosout] -> http://ip-172-31-19-100:39968/
[rosmaster.master][INFO] 2017-10-09 10:26:01,683: +PUB [/tf] /project2_solution http://ip-172-31-19-100:40493/
[rosmaster.master][INFO] 2017-10-09 10:26:01,686: publisherUpdate[/tf] -> http://ip-172-31-19-100:58507/
[rosmaster.master][INFO] 2017-10-09 10:30:50,197: +PUB [/rosout] /project2_solution http://ip-172-31-19-100:41485/
[rosmaster.master][INFO] 2017-10-09 10:30:50,207: +SERVICE [/project2_solution/get_loggers] /project2_solution http://ip-172-31-19-100:41485/
[rosmaster.master][INFO] 2017-10-09 10:30:50,212: +SERVICE [/project2_solution/set_logger_level] /project2_solution http://ip-172-31-19-100:41485/
[rosmaster.master][INFO] 2017-10-09 10:30:50,220: +PUB [/tf] /project2_solution http://ip-172-31-19-100:41485/
[rosmaster.master][INFO] 2017-10-09 10:30:50,277: publisherUpdate[/rosout] -> http://ip-172-31-19-100:39968/
[rosmaster.master][INFO] 2017-10-09 10:30:50,282: publisherUpdate[/tf] -> http://ip-172-31-19-100:58507/
[rosmaster.master][INFO] 2017-10-09 10:30:50,730: -PUB [/rosout] /project2_solution http://ip-172-31-19-100:41485/
[rosmaster.master][INFO] 2017-10-09 10:30:50,733: -PUB [/tf] /project2_solution http://ip-172-31-19-100:41485/
[rosmaster.master][INFO] 2017-10-09 10:30:50,737: -SERVICE [/project2_solution/get_loggers] /project2_solution rosrpc://ip-172-31-19-100:53612
[rosmaster.master][INFO] 2017-10-09 10:30:50,740: -SERVICE [/project2_solution/set_logger_level] /project2_solution rosrpc://ip-172-31-19-100:53612
[rosmaster.master][INFO] 2017-10-09 10:30:50,787: publisherUpdate[/rosout] -> http://ip-172-31-19-100:39968/
[rosmaster.master][INFO] 2017-10-09 10:30:50,799: publisherUpdate[/tf] -> http://ip-172-31-19-100:58507/
[rosmaster.master][INFO] 2017-10-09 10:31:16,277: +PUB [/rosout] /project2_solution http://ip-172-31-19-100:57038/
[rosmaster.master][INFO] 2017-10-09 10:31:16,289: +SERVICE [/project2_solution/get_loggers] /project2_solution http://ip-172-31-19-100:57038/
[rosmaster.master][INFO] 2017-10-09 10:31:16,293: +SERVICE [/project2_solution/set_logger_level] /project2_solution http://ip-172-31-19-100:57038/
[rosmaster.master][INFO] 2017-10-09 10:31:16,298: +PUB [/tf] /project2_solution http://ip-172-31-19-100:57038/
[rosmaster.master][INFO] 2017-10-09 10:31:16,347: publisherUpdate[/rosout] -> http://ip-172-31-19-100:39968/
[rosmaster.master][INFO] 2017-10-09 10:31:16,351: publisherUpdate[/tf] -> http://ip-172-31-19-100:58507/
[rosmaster.master][INFO] 2017-10-09 10:44:53,412: +PUB [/rosout] /project2_solution http://ip-172-31-19-100:36759/
[rosmaster.master][INFO] 2017-10-09 10:44:53,429: +SERVICE [/project2_solution/get_loggers] /project2_solution http://ip-172-31-19-100:36759/
[rosmaster.master][INFO] 2017-10-09 10:44:53,433: +SERVICE [/project2_solution/set_logger_level] /project2_solution http://ip-172-31-19-100:36759/
[rosmaster.master][INFO] 2017-10-09 10:44:53,459: +PUB [/tf] /project2_solution http://ip-172-31-19-100:36759/
[rosmaster.master][INFO] 2017-10-09 10:45:12,538: +PUB [/rosout] /project2_solution http://ip-172-31-19-100:37954/
[rosmaster.master][INFO] 2017-10-09 10:45:12,557: +SERVICE [/project2_solution/get_loggers] /project2_solution http://ip-172-31-19-100:37954/
[rosmaster.master][INFO] 2017-10-09 10:45:12,561: +SERVICE [/project2_solution/set_logger_level] /project2_solution http://ip-172-31-19-100:37954/
[rosmaster.master][INFO] 2017-10-09 10:45:12,566: +PUB [/tf] /project2_solution http://ip-172-31-19-100:37954/
[rosmaster.master][INFO] 2017-10-09 10:47:45,012: +PUB [/rosout] /project2_solution http://ip-172-31-19-100:38429/
[rosmaster.master][INFO] 2017-10-09 10:47:45,023: +SERVICE [/project2_solution/get_loggers] /project2_solution http://ip-172-31-19-100:38429/
[rosmaster.master][INFO] 2017-10-09 10:47:45,027: +SERVICE [/project2_solution/set_logger_level] /project2_solution http://ip-172-31-19-100:38429/
[rosmaster.master][INFO] 2017-10-09 10:47:45,031: +PUB [/tf] /project2_solution http://ip-172-31-19-100:38429/
[rosmaster.master][INFO] 2017-10-09 10:52:35,037: +PUB [/rosout] /project2_solution http://ip-172-31-19-100:43274/
[rosmaster.master][INFO] 2017-10-09 10:52:35,053: +SERVICE [/project2_solution/get_loggers] /project2_solution http://ip-172-31-19-100:43274/
[rosmaster.master][INFO] 2017-10-09 10:52:35,057: +SERVICE [/project2_solution/set_logger_level] /project2_solution http://ip-172-31-19-100:43274/
[rosmaster.master][INFO] 2017-10-09 10:52:35,062: +PUB [/tf] /project2_solution http://ip-172-31-19-100:43274/
[rosmaster.master][INFO] 2017-10-09 10:52:35,572: -PUB [/rosout] /project2_solution http://ip-172-31-19-100:43274/
[rosmaster.master][INFO] 2017-10-09 10:52:35,582: -PUB [/tf] /project2_solution http://ip-172-31-19-100:43274/
[rosmaster.master][INFO] 2017-10-09 10:52:35,585: -SERVICE [/project2_solution/get_loggers] /project2_solution rosrpc://ip-172-31-19-100:44842
[rosmaster.master][INFO] 2017-10-09 10:52:35,589: -SERVICE [/project2_solution/set_logger_level] /project2_solution rosrpc://ip-172-31-19-100:44842
[rosmaster.master][INFO] 2017-10-09 10:52:55,042: +PUB [/rosout] /project2_solution http://ip-172-31-19-100:38853/
[rosmaster.master][INFO] 2017-10-09 10:52:55,069: +SERVICE [/project2_solution/get_loggers] /project2_solution http://ip-172-31-19-100:38853/
[rosmaster.master][INFO] 2017-10-09 10:52:55,074: +SERVICE [/project2_solution/set_logger_level] /project2_solution http://ip-172-31-19-100:38853/
[rosmaster.master][INFO] 2017-10-09 10:52:55,078: +PUB [/tf] /project2_solution http://ip-172-31-19-100:38853/
[rosmaster.master][INFO] 2017-10-09 10:55:03,295: -PUB [/rosout] /project2_solution http://ip-172-31-19-100:38853/
[rosmaster.master][INFO] 2017-10-09 10:55:03,295: -PUB [/tf] /project2_solution http://ip-172-31-19-100:38853/
[rosmaster.master][INFO] 2017-10-09 10:55:03,299: -SERVICE [/project2_solution/get_loggers] /project2_solution rosrpc://ip-172-31-19-100:33003
[rosmaster.master][INFO] 2017-10-09 10:55:03,303: -SERVICE [/project2_solution/set_logger_level] /project2_solution rosrpc://ip-172-31-19-100:33003
[rosmaster.master][INFO] 2017-10-09 10:55:10,035: +PUB [/rosout] /project2_solution http://ip-172-31-19-100:57991/
[rosmaster.master][INFO] 2017-10-09 10:55:10,048: +SERVICE [/project2_solution/get_loggers] /project2_solution http://ip-172-31-19-100:57991/
[rosmaster.master][INFO] 2017-10-09 10:55:10,053: +SERVICE [/project2_solution/set_logger_level] /project2_solution http://ip-172-31-19-100:57991/
[rosmaster.master][INFO] 2017-10-09 10:55:10,057: +PUB [/tf] /project2_solution http://ip-172-31-19-100:57991/
[rosmaster.master][INFO] 2017-10-09 11:12:54,080: +PUB [/rosout] /project2_solution http://ip-172-31-19-100:49396/
[rosmaster.master][INFO] 2017-10-09 11:12:54,096: +SERVICE [/project2_solution/get_loggers] /project2_solution http://ip-172-31-19-100:49396/
[rosmaster.master][INFO] 2017-10-09 11:12:54,100: +SERVICE [/project2_solution/set_logger_level] /project2_solution http://ip-172-31-19-100:49396/
[rosmaster.master][INFO] 2017-10-09 11:12:54,108: +PUB [/tf] /project2_solution http://ip-172-31-19-100:49396/
[rosmaster.master][INFO] 2017-10-09 11:12:54,619: -PUB [/rosout] /project2_solution http://ip-172-31-19-100:49396/
[rosmaster.master][INFO] 2017-10-09 11:12:54,623: -PUB [/tf] /project2_solution http://ip-172-31-19-100:49396/
[rosmaster.master][INFO] 2017-10-09 11:12:54,627: -SERVICE [/project2_solution/get_loggers] /project2_solution rosrpc://ip-172-31-19-100:44234
[rosmaster.master][INFO] 2017-10-09 11:12:54,630: -SERVICE [/project2_solution/set_logger_level] /project2_solution rosrpc://ip-172-31-19-100:44234
[rosmaster.master][INFO] 2017-10-09 11:29:31,002: +PUB [/rosout] /project2_solution http://ip-172-31-19-100:42794/
[rosmaster.master][INFO] 2017-10-09 11:29:31,012: +SERVICE [/project2_solution/get_loggers] /project2_solution http://ip-172-31-19-100:42794/
[rosmaster.master][INFO] 2017-10-09 11:29:31,017: +SERVICE [/project2_solution/set_logger_level] /project2_solution http://ip-172-31-19-100:42794/
[rosmaster.master][INFO] 2017-10-09 11:29:31,028: +PUB [/tf] /project2_solution http://ip-172-31-19-100:42794/
[rosmaster.master][INFO] 2017-10-09 11:29:31,538: -PUB [/rosout] /project2_solution http://ip-172-31-19-100:42794/
[rosmaster.master][INFO] 2017-10-09 11:29:31,542: -PUB [/tf] /project2_solution http://ip-172-31-19-100:42794/
[rosmaster.master][INFO] 2017-10-09 11:29:31,545: -SERVICE [/project2_solution/get_loggers] /project2_solution rosrpc://ip-172-31-19-100:37196
[rosmaster.master][INFO] 2017-10-09 11:29:31,549: -SERVICE [/project2_solution/set_logger_level] /project2_solution rosrpc://ip-172-31-19-100:37196
[rosmaster.master][INFO] 2017-10-09 11:29:55,604: +PUB [/rosout] /project2_solution http://ip-172-31-19-100:41909/
[rosmaster.master][INFO] 2017-10-09 11:29:55,617: +SERVICE [/project2_solution/get_loggers] /project2_solution http://ip-172-31-19-100:41909/
[rosmaster.master][INFO] 2017-10-09 11:29:55,621: +SERVICE [/project2_solution/set_logger_level] /project2_solution http://ip-172-31-19-100:41909/
[rosmaster.master][INFO] 2017-10-09 11:29:55,626: +PUB [/tf] /project2_solution http://ip-172-31-19-100:41909/
[rosmaster.master][INFO] 2017-10-09 11:29:56,136: -PUB [/rosout] /project2_solution http://ip-172-31-19-100:41909/
[rosmaster.master][INFO] 2017-10-09 11:29:56,140: -PUB [/tf] /project2_solution http://ip-172-31-19-100:41909/
[rosmaster.master][INFO] 2017-10-09 11:29:56,143: -SERVICE [/project2_solution/get_loggers] /project2_solution rosrpc://ip-172-31-19-100:39813
[rosmaster.master][INFO] 2017-10-09 11:29:56,147: -SERVICE [/project2_solution/set_logger_level] /project2_solution rosrpc://ip-172-31-19-100:39813
[rosmaster.master][INFO] 2017-10-09 11:30:25,403: +PUB [/rosout] /project2_solution http://ip-172-31-19-100:58785/
[rosmaster.master][INFO] 2017-10-09 11:30:25,413: +SERVICE [/project2_solution/get_loggers] /project2_solution http://ip-172-31-19-100:58785/
[rosmaster.master][INFO] 2017-10-09 11:30:25,417: +SERVICE [/project2_solution/set_logger_level] /project2_solution http://ip-172-31-19-100:58785/
[rosmaster.master][INFO] 2017-10-09 11:30:25,427: +PUB [/tf] /project2_solution http://ip-172-31-19-100:58785/
[rosmaster.master][INFO] 2017-10-09 11:30:25,938: -PUB [/rosout] /project2_solution http://ip-172-31-19-100:58785/
[rosmaster.master][INFO] 2017-10-09 11:30:25,942: -PUB [/tf] /project2_solution http://ip-172-31-19-100:58785/
[rosmaster.master][INFO] 2017-10-09 11:30:25,946: -SERVICE [/project2_solution/get_loggers] /project2_solution rosrpc://ip-172-31-19-100:52772
[rosmaster.master][INFO] 2017-10-09 11:30:25,949: -SERVICE [/project2_solution/set_logger_level] /project2_solution rosrpc://ip-172-31-19-100:52772
[rosmaster.master][INFO] 2017-10-09 11:30:47,337: +PUB [/rosout] /project2_solution http://ip-172-31-19-100:60889/
[rosmaster.master][INFO] 2017-10-09 11:30:47,354: +SERVICE [/project2_solution/get_loggers] /project2_solution http://ip-172-31-19-100:60889/
[rosmaster.master][INFO] 2017-10-09 11:30:47,363: +SERVICE [/project2_solution/set_logger_level] /project2_solution http://ip-172-31-19-100:60889/
[rosmaster.master][INFO] 2017-10-09 11:30:47,367: +PUB [/tf] /project2_solution http://ip-172-31-19-100:60889/
[rosmaster.master][INFO] 2017-10-09 11:35:22,542: +PUB [/rosout] /project2_solution http://ip-172-31-19-100:36736/
[rosmaster.master][INFO] 2017-10-09 11:35:22,556: +SERVICE [/project2_solution/get_loggers] /project2_solution http://ip-172-31-19-100:36736/
[rosmaster.master][INFO] 2017-10-09 11:35:22,561: +SERVICE [/project2_solution/set_logger_level] /project2_solution http://ip-172-31-19-100:36736/
[rosmaster.master][INFO] 2017-10-09 11:35:22,566: +PUB [/tf] /project2_solution http://ip-172-31-19-100:36736/
[rosmaster.master][INFO] 2017-10-09 11:38:19,619: +PUB [/rosout] /project2_solution http://ip-172-31-19-100:48179/
[rosmaster.master][INFO] 2017-10-09 11:38:19,629: +SERVICE [/project2_solution/get_loggers] /project2_solution http://ip-172-31-19-100:48179/
[rosmaster.master][INFO] 2017-10-09 11:38:19,634: +SERVICE [/project2_solution/set_logger_level] /project2_solution http://ip-172-31-19-100:48179/
[rosmaster.master][INFO] 2017-10-09 11:38:19,638: +PUB [/tf] /project2_solution http://ip-172-31-19-100:48179/
[rosmaster.master][INFO] 2017-10-09 11:38:20,148: -PUB [/rosout] /project2_solution http://ip-172-31-19-100:48179/
[rosmaster.master][INFO] 2017-10-09 11:38:20,152: -PUB [/tf] /project2_solution http://ip-172-31-19-100:48179/
[rosmaster.master][INFO] 2017-10-09 11:38:20,157: -SERVICE [/project2_solution/get_loggers] /project2_solution rosrpc://ip-172-31-19-100:42865
[rosmaster.master][INFO] 2017-10-09 11:38:20,162: -SERVICE [/project2_solution/set_logger_level] /project2_solution rosrpc://ip-172-31-19-100:42865
[rosmaster.master][INFO] 2017-10-09 11:38:39,717: +PUB [/rosout] /project2_solution http://ip-172-31-19-100:48419/
[rosmaster.master][INFO] 2017-10-09 11:38:39,733: +SERVICE [/project2_solution/get_loggers] /project2_solution http://ip-172-31-19-100:48419/
[rosmaster.master][INFO] 2017-10-09 11:38:39,738: +SERVICE [/project2_solution/set_logger_level] /project2_solution http://ip-172-31-19-100:48419/
[rosmaster.master][INFO] 2017-10-09 11:38:39,743: +PUB [/tf] /project2_solution http://ip-172-31-19-100:48419/
[rosmaster.master][INFO] 2017-10-09 11:38:40,253: -PUB [/rosout] /project2_solution http://ip-172-31-19-100:48419/
[rosmaster.master][INFO] 2017-10-09 11:38:40,257: -PUB [/tf] /project2_solution http://ip-172-31-19-100:48419/
[rosmaster.master][INFO] 2017-10-09 11:38:40,268: -SERVICE [/project2_solution/get_loggers] /project2_solution rosrpc://ip-172-31-19-100:46817
[rosmaster.master][INFO] 2017-10-09 11:38:40,271: -SERVICE [/project2_solution/set_logger_level] /project2_solution rosrpc://ip-172-31-19-100:46817
[rosmaster.master][INFO] 2017-10-09 11:38:49,833: +PUB [/rosout] /project2_solution http://ip-172-31-19-100:55982/
[rosmaster.master][INFO] 2017-10-09 11:38:49,843: +SERVICE [/project2_solution/get_loggers] /project2_solution http://ip-172-31-19-100:55982/
[rosmaster.master][INFO] 2017-10-09 11:38:49,847: +SERVICE [/project2_solution/set_logger_level] /project2_solution http://ip-172-31-19-100:55982/
[rosmaster.master][INFO] 2017-10-09 11:38:49,852: +PUB [/tf] /project2_solution http://ip-172-31-19-100:55982/
[rosmaster.master][INFO] 2017-10-09 11:41:40,006: +PUB [/rosout] /project2_solution http://ip-172-31-19-100:39798/
[rosmaster.master][INFO] 2017-10-09 11:41:40,016: +SERVICE [/project2_solution/get_loggers] /project2_solution http://ip-172-31-19-100:39798/
[rosmaster.master][INFO] 2017-10-09 11:41:40,028: +SERVICE [/project2_solution/set_logger_level] /project2_solution http://ip-172-31-19-100:39798/
[rosmaster.master][INFO] 2017-10-09 11:41:40,032: +PUB [/tf] /project2_solution http://ip-172-31-19-100:39798/
[rosmaster.master][INFO] 2017-10-09 11:41:53,229: +PUB [/rosout] /project2_solution http://ip-172-31-19-100:53887/
[rosmaster.master][INFO] 2017-10-09 11:41:53,242: +SERVICE [/project2_solution/get_loggers] /project2_solution http://ip-172-31-19-100:53887/
[rosmaster.master][INFO] 2017-10-09 11:41:53,247: +SERVICE [/project2_solution/set_logger_level] /project2_solution http://ip-172-31-19-100:53887/
[rosmaster.master][INFO] 2017-10-09 11:41:53,251: +PUB [/tf] /project2_solution http://ip-172-31-19-100:53887/
[rosmaster.master][INFO] 2017-10-09 11:50:06,603: +PUB [/rosout] /project2_solution http://ip-172-31-19-100:35205/
[rosmaster.master][INFO] 2017-10-09 11:50:06,613: +SERVICE [/project2_solution/get_loggers] /project2_solution http://ip-172-31-19-100:35205/
[rosmaster.master][INFO] 2017-10-09 11:50:06,618: +SERVICE [/project2_solution/set_logger_level] /project2_solution http://ip-172-31-19-100:35205/
[rosmaster.master][INFO] 2017-10-09 11:50:06,622: +PUB [/tf] /project2_solution http://ip-172-31-19-100:35205/
[rosmaster.master][INFO] 2017-10-09 11:52:33,828: +PUB [/rosout] /project2_solution http://ip-172-31-19-100:34315/
[rosmaster.master][INFO] 2017-10-09 11:52:33,840: +SERVICE [/project2_solution/get_loggers] /project2_solution http://ip-172-31-19-100:34315/
[rosmaster.master][INFO] 2017-10-09 11:52:33,844: +SERVICE [/project2_solution/set_logger_level] /project2_solution http://ip-172-31-19-100:34315/
[rosmaster.master][INFO] 2017-10-09 11:52:33,849: +PUB [/tf] /project2_solution http://ip-172-31-19-100:34315/
[rosmaster.master][INFO] 2017-10-09 11:52:34,360: -PUB [/rosout] /project2_solution http://ip-172-31-19-100:34315/
[rosmaster.master][INFO] 2017-10-09 11:52:34,363: -PUB [/tf] /project2_solution http://ip-172-31-19-100:34315/
[rosmaster.master][INFO] 2017-10-09 11:52:34,367: -SERVICE [/project2_solution/get_loggers] /project2_solution rosrpc://ip-172-31-19-100:48045
[rosmaster.master][INFO] 2017-10-09 11:52:34,371: -SERVICE [/project2_solution/set_logger_level] /project2_solution rosrpc://ip-172-31-19-100:48045
[rosmaster.master][INFO] 2017-10-09 11:52:56,471: +PUB [/rosout] /project2_solution http://ip-172-31-19-100:41721/
[rosmaster.master][INFO] 2017-10-09 11:52:56,522: +SERVICE [/project2_solution/get_loggers] /project2_solution http://ip-172-31-19-100:41721/
[rosmaster.master][INFO] 2017-10-09 11:52:56,526: +SERVICE [/project2_solution/set_logger_level] /project2_solution http://ip-172-31-19-100:41721/
[rosmaster.master][INFO] 2017-10-09 11:52:56,531: +PUB [/tf] /project2_solution http://ip-172-31-19-100:41721/
[rosmaster.master][INFO] 2017-10-09 11:53:51,753: +PUB [/rosout] /project2_solution http://ip-172-31-19-100:47688/
[rosmaster.master][INFO] 2017-10-09 11:53:51,779: +SERVICE [/project2_solution/get_loggers] /project2_solution http://ip-172-31-19-100:47688/
[rosmaster.master][INFO] 2017-10-09 11:53:51,784: +SERVICE [/project2_solution/set_logger_level] /project2_solution http://ip-172-31-19-100:47688/
[rosmaster.master][INFO] 2017-10-09 11:53:51,789: +PUB [/tf] /project2_solution http://ip-172-31-19-100:47688/
[rosmaster.master][INFO] 2017-10-09 11:53:54,046: -PUB [/rosout] /project2_solution http://ip-172-31-19-100:47688/
[rosmaster.master][INFO] 2017-10-09 11:53:54,050: -PUB [/tf] /project2_solution http://ip-172-31-19-100:47688/
[rosmaster.master][INFO] 2017-10-09 11:53:54,054: -SERVICE [/project2_solution/get_loggers] /project2_solution rosrpc://ip-172-31-19-100:38469
[rosmaster.master][INFO] 2017-10-09 11:53:54,058: -SERVICE [/project2_solution/set_logger_level] /project2_solution rosrpc://ip-172-31-19-100:38469
[rosmaster.master][INFO] 2017-10-09 11:54:29,664: +PUB [/rosout] /project2_solution http://ip-172-31-19-100:46091/
[rosmaster.master][INFO] 2017-10-09 11:54:29,674: +SERVICE [/project2_solution/get_loggers] /project2_solution http://ip-172-31-19-100:46091/
[rosmaster.master][INFO] 2017-10-09 11:54:29,678: +SERVICE [/project2_solution/set_logger_level] /project2_solution http://ip-172-31-19-100:46091/
[rosmaster.master][INFO] 2017-10-09 11:54:29,682: +PUB [/tf] /project2_solution http://ip-172-31-19-100:46091/
[rosmaster.master][INFO] 2017-10-09 11:54:30,193: -PUB [/rosout] /project2_solution http://ip-172-31-19-100:46091/
[rosmaster.master][INFO] 2017-10-09 11:54:30,196: -PUB [/tf] /project2_solution http://ip-172-31-19-100:46091/
[rosmaster.master][INFO] 2017-10-09 11:54:30,200: -SERVICE [/project2_solution/get_loggers] /project2_solution rosrpc://ip-172-31-19-100:49651
[rosmaster.master][INFO] 2017-10-09 11:54:30,204: -SERVICE [/project2_solution/set_logger_level] /project2_solution rosrpc://ip-172-31-19-100:49651
[rosmaster.master][INFO] 2017-10-09 11:55:19,048: +PUB [/rosout] /project2_solution http://ip-172-31-19-100:56432/
[rosmaster.master][INFO] 2017-10-09 11:55:19,065: +SERVICE [/project2_solution/get_loggers] /project2_solution http://ip-172-31-19-100:56432/
[rosmaster.master][INFO] 2017-10-09 11:55:19,070: +SERVICE [/project2_solution/set_logger_level] /project2_solution http://ip-172-31-19-100:56432/
[rosmaster.master][INFO] 2017-10-09 11:55:19,074: +PUB [/tf] /project2_solution http://ip-172-31-19-100:56432/
[rosmaster.master][INFO] 2017-10-09 11:55:19,591: -PUB [/rosout] /project2_solution http://ip-172-31-19-100:56432/
[rosmaster.master][INFO] 2017-10-09 11:55:19,594: -PUB [/tf] /project2_solution http://ip-172-31-19-100:56432/
[rosmaster.master][INFO] 2017-10-09 11:55:19,599: -SERVICE [/project2_solution/get_loggers] /project2_solution rosrpc://ip-172-31-19-100:40695
[rosmaster.master][INFO] 2017-10-09 11:55:19,602: -SERVICE [/project2_solution/set_logger_level] /project2_solution rosrpc://ip-172-31-19-100:40695
[rosmaster.master][INFO] 2017-10-09 11:55:35,880: +PUB [/rosout] /project2_solution http://ip-172-31-19-100:39935/
[rosmaster.master][INFO] 2017-10-09 11:55:35,895: +SERVICE [/project2_solution/get_loggers] /project2_solution http://ip-172-31-19-100:39935/
[rosmaster.master][INFO] 2017-10-09 11:55:35,900: +SERVICE [/project2_solution/set_logger_level] /project2_solution http://ip-172-31-19-100:39935/
[rosmaster.master][INFO] 2017-10-09 11:55:35,906: +PUB [/tf] /project2_solution http://ip-172-31-19-100:39935/
[rosmaster.master][INFO] 2017-10-09 11:56:52,505: +PUB [/rosout] /project2_solution http://ip-172-31-19-100:39812/
[rosmaster.master][INFO] 2017-10-09 11:56:52,525: +SERVICE [/project2_solution/get_loggers] /project2_solution http://ip-172-31-19-100:39812/
[rosmaster.master][INFO] 2017-10-09 11:56:52,530: +SERVICE [/project2_solution/set_logger_level] /project2_solution http://ip-172-31-19-100:39812/
[rosmaster.master][INFO] 2017-10-09 11:56:52,539: +PUB [/tf] /project2_solution http://ip-172-31-19-100:39812/
[rosmaster.master][INFO] 2017-10-09 11:58:07,250: +PUB [/rosout] /project2_solution http://ip-172-31-19-100:36288/
[rosmaster.master][INFO] 2017-10-09 11:58:07,260: +SERVICE [/project2_solution/get_loggers] /project2_solution http://ip-172-31-19-100:36288/
[rosmaster.master][INFO] 2017-10-09 11:58:07,268: +SERVICE [/project2_solution/set_logger_level] /project2_solution http://ip-172-31-19-100:36288/
[rosmaster.master][INFO] 2017-10-09 11:58:07,281: +PUB [/tf] /project2_solution http://ip-172-31-19-100:36288/
[rosmaster.master][INFO] 2017-10-09 11:59:37,583: +PUB [/rosout] /project2_solution http://ip-172-31-19-100:42296/
[rosmaster.master][INFO] 2017-10-09 11:59:37,597: +SERVICE [/project2_solution/get_loggers] /project2_solution http://ip-172-31-19-100:42296/
[rosmaster.master][INFO] 2017-10-09 11:59:37,602: +SERVICE [/project2_solution/set_logger_level] /project2_solution http://ip-172-31-19-100:42296/
[rosmaster.master][INFO] 2017-10-09 11:59:37,611: +PUB [/tf] /project2_solution http://ip-172-31-19-100:42296/
[rosmaster.master][INFO] 2017-10-09 11:59:38,130: -PUB [/rosout] /project2_solution http://ip-172-31-19-100:42296/
[rosmaster.master][INFO] 2017-10-09 11:59:38,134: -PUB [/tf] /project2_solution http://ip-172-31-19-100:42296/
[rosmaster.master][INFO] 2017-10-09 11:59:38,138: -SERVICE [/project2_solution/get_loggers] /project2_solution rosrpc://ip-172-31-19-100:40712
[rosmaster.master][INFO] 2017-10-09 11:59:38,142: -SERVICE [/project2_solution/set_logger_level] /project2_solution rosrpc://ip-172-31-19-100:40712
[rosmaster.master][INFO] 2017-10-09 12:01:25,463: +PUB [/rosout] /project2_solution http://ip-172-31-19-100:36203/
[rosmaster.master][INFO] 2017-10-09 12:01:25,474: +SERVICE [/project2_solution/get_loggers] /project2_solution http://ip-172-31-19-100:36203/
[rosmaster.master][INFO] 2017-10-09 12:01:25,482: +SERVICE [/project2_solution/set_logger_level] /project2_solution http://ip-172-31-19-100:36203/
[rosmaster.master][INFO] 2017-10-09 12:01:25,487: +PUB [/tf] /project2_solution http://ip-172-31-19-100:36203/
[rosmaster.master][INFO] 2017-10-09 12:01:39,216: +PUB [/rosout] /project2_solution http://ip-172-31-19-100:34624/
[rosmaster.master][INFO] 2017-10-09 12:01:39,227: +SERVICE [/project2_solution/get_loggers] /project2_solution http://ip-172-31-19-100:34624/
[rosmaster.master][INFO] 2017-10-09 12:01:39,231: +SERVICE [/project2_solution/set_logger_level] /project2_solution http://ip-172-31-19-100:34624/
[rosmaster.master][INFO] 2017-10-09 12:01:39,236: +PUB [/tf] /project2_solution http://ip-172-31-19-100:34624/
[rosmaster.master][INFO] 2017-10-09 12:02:10,386: +PUB [/rosout] /project2_solution http://ip-172-31-19-100:57401/
[rosmaster.master][INFO] 2017-10-09 12:02:10,411: +SERVICE [/project2_solution/get_loggers] /project2_solution http://ip-172-31-19-100:57401/
[rosmaster.master][INFO] 2017-10-09 12:02:10,416: +SERVICE [/project2_solution/set_logger_level] /project2_solution http://ip-172-31-19-100:57401/
[rosmaster.master][INFO] 2017-10-09 12:02:10,420: +PUB [/tf] /project2_solution http://ip-172-31-19-100:57401/
[rosmaster.master][INFO] 2017-10-09 12:03:06,540: +PUB [/rosout] /project2_solution http://ip-172-31-19-100:32824/
[rosmaster.master][INFO] 2017-10-09 12:03:06,551: +SERVICE [/project2_solution/get_loggers] /project2_solution http://ip-172-31-19-100:32824/
[rosmaster.master][INFO] 2017-10-09 12:03:06,555: +SERVICE [/project2_solution/set_logger_level] /project2_solution http://ip-172-31-19-100:32824/
[rosmaster.master][INFO] 2017-10-09 12:03:06,560: +PUB [/tf] /project2_solution http://ip-172-31-19-100:32824/
[rosmaster.master][INFO] 2017-10-09 12:20:13,161: publisherUpdate[/rosout] -> http://ip-172-31-19-100:39968/
[rosmaster.master][INFO] 2017-10-09 12:20:13,161: publisherUpdate[/tf] -> http://ip-172-31-19-100:58507/
[rosmaster.master][INFO] 2017-10-09 12:20:13,163: publisherUpdate[/rosout] -> http://ip-172-31-19-100:39968/
[rosmaster.master][INFO] 2017-10-09 12:20:13,168: publisherUpdate[/tf] -> http://ip-172-31-19-100:58507/
[rosmaster.threadpool][ERROR] 2017-10-09 12:20:13,169: Traceback (most recent call last):
  File "/opt/ros/indigo/lib/python2.7/dist-packages/rosmaster/threadpool.py", line 218, in run
    result = cmd(*args)
  File "/opt/ros/indigo/lib/python2.7/dist-packages/rosmaster/master_api.py", line 208, in publisher_update_task
    xmlrpcapi(api).publisherUpdate('/master', topic, pub_uris)
  File "/usr/lib/python2.7/xmlrpclib.py", line 1233, in __call__
    return self.__send(self.__name, args)
  File "/usr/lib/python2.7/xmlrpclib.py", line 1587, in __request
    verbose=self.__verbose
  File "/usr/lib/python2.7/xmlrpclib.py", line 1273, in request
    return self.single_request(host, handler, request_body, verbose)
  File "/usr/lib/python2.7/xmlrpclib.py", line 1301, in single_request
    self.send_content(h, request_body)
  File "/usr/lib/python2.7/xmlrpclib.py", line 1448, in send_content
    connection.endheaders(request_body)
  File "/usr/lib/python2.7/httplib.py", line 975, in endheaders
    self._send_output(message_body)
  File "/usr/lib/python2.7/httplib.py", line 835, in _send_output
    self.send(msg)
  File "/usr/lib/python2.7/httplib.py", line 797, in send
    self.connect()
  File "/usr/lib/python2.7/httplib.py", line 778, in connect
    self.timeout, self.source_address)
  File "/usr/lib/python2.7/socket.py", line 571, in create_connection
    raise err
error: [Errno 111] Connection refused

[rosmaster.master][INFO] 2017-10-09 12:20:13,180: publisherUpdate[/rosout] -> http://ip-172-31-19-100:39968/
[rosmaster.threadpool][ERROR] 2017-10-09 12:20:13,184: Traceback (most recent call last):
  File "/opt/ros/indigo/lib/python2.7/dist-packages/rosmaster/threadpool.py", line 218, in run
    result = cmd(*args)
  File "/opt/ros/indigo/lib/python2.7/dist-packages/rosmaster/master_api.py", line 208, in publisher_update_task
    xmlrpcapi(api).publisherUpdate('/master', topic, pub_uris)
  File "/usr/lib/python2.7/xmlrpclib.py", line 1233, in __call__
    return self.__send(self.__name, args)
  File "/usr/lib/python2.7/xmlrpclib.py", line 1587, in __request
    verbose=self.__verbose
  File "/usr/lib/python2.7/xmlrpclib.py", line 1273, in request
    return self.single_request(host, handler, request_body, verbose)
  File "/usr/lib/python2.7/xmlrpclib.py", line 1301, in single_request
    self.send_content(h, request_body)
  File "/usr/lib/python2.7/xmlrpclib.py", line 1448, in send_content
    connection.endheaders(request_body)
  File "/usr/lib/python2.7/httplib.py", line 975, in endheaders
    self._send_output(message_body)
  File "/usr/lib/python2.7/httplib.py", line 835, in _send_output
    self.send(msg)
  File "/usr/lib/python2.7/httplib.py", line 797, in send
    self.connect()
  File "/usr/lib/python2.7/httplib.py", line 778, in connect
    self.timeout, self.source_address)
  File "/usr/lib/python2.7/socket.py", line 571, in create_connection
    raise err
error: [Errno 111] Connection refused

[rosmaster.master][INFO] 2017-10-09 12:20:13,187: publisherUpdate[/tf] -> http://ip-172-31-19-100:58507/
[rosmaster.master][INFO] 2017-10-09 12:20:13,192: publisherUpdate[/rosout] -> http://ip-172-31-19-100:39968/
[rosmaster.threadpool][ERROR] 2017-10-09 12:20:13,200: Traceback (most recent call last):
  File "/opt/ros/indigo/lib/python2.7/dist-packages/rosmaster/threadpool.py", line 218, in run
    result = cmd(*args)
  File "/opt/ros/indigo/lib/python2.7/dist-packages/rosmaster/master_api.py", line 208, in publisher_update_task
    xmlrpcapi(api).publisherUpdate('/master', topic, pub_uris)
  File "/usr/lib/python2.7/xmlrpclib.py", line 1233, in __call__
    return self.__send(self.__name, args)
  File "/usr/lib/python2.7/xmlrpclib.py", line 1587, in __request
    verbose=self.__verbose
  File "/usr/lib/python2.7/xmlrpclib.py", line 1273, in request
    return self.single_request(host, handler, request_body, verbose)
  File "/usr/lib/python2.7/xmlrpclib.py", line 1301, in single_request
    self.send_content(h, request_body)
  File "/usr/lib/python2.7/xmlrpclib.py", line 1448, in send_content
    connection.endheaders(request_body)
  File "/usr/lib/python2.7/httplib.py", line 975, in endheaders
    self._send_output(message_body)
  File "/usr/lib/python2.7/httplib.py", line 835, in _send_output
    self.send(msg)
  File "/usr/lib/python2.7/httplib.py", line 797, in send
    self.connect()
  File "/usr/lib/python2.7/httplib.py", line 778, in connect
    self.timeout, self.source_address)
  File "/usr/lib/python2.7/socket.py", line 571, in create_connection
    raise err
error: [Errno 111] Connection refused

[rosmaster.master][INFO] 2017-10-09 12:20:13,209: publisherUpdate[/tf] -> http://ip-172-31-19-100:58507/
[rosmaster.master][INFO] 2017-10-09 12:20:13,215: -PUB [/rosout] /rosapi http://ip-172-31-19-100:50172/
[rosmaster.master][INFO] 2017-10-09 12:20:13,215: publisherUpdate[/rosout] -> http://ip-172-31-19-100:39968/
[rosmaster.threadpool][ERROR] 2017-10-09 12:20:13,224: Traceback (most recent call last):
  File "/opt/ros/indigo/lib/python2.7/dist-packages/rosmaster/threadpool.py", line 218, in run
    result = cmd(*args)
  File "/opt/ros/indigo/lib/python2.7/dist-packages/rosmaster/master_api.py", line 208, in publisher_update_task
    xmlrpcapi(api).publisherUpdate('/master', topic, pub_uris)
  File "/usr/lib/python2.7/xmlrpclib.py", line 1233, in __call__
    return self.__send(self.__name, args)
  File "/usr/lib/python2.7/xmlrpclib.py", line 1587, in __request
    verbose=self.__verbose
  File "/usr/lib/python2.7/xmlrpclib.py", line 1273, in request
    return self.single_request(host, handler, request_body, verbose)
  File "/usr/lib/python2.7/xmlrpclib.py", line 1301, in single_request
    self.send_content(h, request_body)
  File "/usr/lib/python2.7/xmlrpclib.py", line 1448, in send_content
    connection.endheaders(request_body)
  File "/usr/lib/python2.7/httplib.py", line 975, in endheaders
    self._send_output(message_body)
  File "/usr/lib/python2.7/httplib.py", line 835, in _send_output
    self.send(msg)
  File "/usr/lib/python2.7/httplib.py", line 797, in send
    self.connect()
  File "/usr/lib/python2.7/httplib.py", line 778, in connect
    self.timeout, self.source_address)
  File "/usr/lib/python2.7/socket.py", line 571, in create_connection
    raise err
error: [Errno 111] Connection refused

[rosmaster.master][INFO] 2017-10-09 12:20:13,240: publisherUpdate[/rosout] -> http://ip-172-31-19-100:39968/
[rosmaster.master][INFO] 2017-10-09 12:20:13,234: publisherUpdate[/tf] -> http://ip-172-31-19-100:58507/
[rosmaster.master][INFO] 2017-10-09 12:20:13,229: -PUB [/rosout] /rosbridge_websocket http://ip-172-31-19-100:35694/
[rosmaster.master][INFO] 2017-10-09 12:20:13,245: publisherUpdate[/rosout] -> http://ip-172-31-19-100:39968/
[rosmaster.threadpool][ERROR] 2017-10-09 12:20:13,259: Traceback (most recent call last):
  File "/opt/ros/indigo/lib/python2.7/dist-packages/rosmaster/threadpool.py", line 218, in run
    result = cmd(*args)
  File "/opt/ros/indigo/lib/python2.7/dist-packages/rosmaster/master_api.py", line 208, in publisher_update_task
    xmlrpcapi(api).publisherUpdate('/master', topic, pub_uris)
  File "/usr/lib/python2.7/xmlrpclib.py", line 1233, in __call__
    return self.__send(self.__name, args)
  File "/usr/lib/python2.7/xmlrpclib.py", line 1587, in __request
    verbose=self.__verbose
  File "/usr/lib/python2.7/xmlrpclib.py", line 1273, in request
    return self.single_request(host, handler, request_body, verbose)
  File "/usr/lib/python2.7/xmlrpclib.py", line 1301, in single_request
    self.send_content(h, request_body)
  File "/usr/lib/python2.7/xmlrpclib.py", line 1448, in send_content
    connection.endheaders(request_body)
  File "/usr/lib/python2.7/httplib.py", line 975, in endheaders
    self._send_output(message_body)
  File "/usr/lib/python2.7/httplib.py", line 835, in _send_output
    self.send(msg)
  File "/usr/lib/python2.7/httplib.py", line 797, in send
    self.connect()
  File "/usr/lib/python2.7/httplib.py", line 778, in connect
    self.timeout, self.source_address)
  File "/usr/lib/python2.7/socket.py", line 571, in create_connection
    raise err
error: [Errno 111] Connection refused

[rosmaster.master][INFO] 2017-10-09 12:20:13,268: -SERVICE [/rosapi/get_loggers] /rosapi rosrpc://ip-172-31-19-100:40731
[rosmaster.master][INFO] 2017-10-09 12:20:13,272: publisherUpdate[/tf] -> http://ip-172-31-19-100:58507/
[rosmaster.master][INFO] 2017-10-09 12:20:13,276: publisherUpdate[/rosout] -> http://ip-172-31-19-100:39968/
[rosmaster.master][INFO] 2017-10-09 12:20:13,280: -SERVICE [/rosbridge_websocket/set_logger_level] /rosbridge_websocket rosrpc://ip-172-31-19-100:33819
[rosmaster.threadpool][ERROR] 2017-10-09 12:20:13,284: Traceback (most recent call last):
  File "/opt/ros/indigo/lib/python2.7/dist-packages/rosmaster/threadpool.py", line 218, in run
    result = cmd(*args)
  File "/opt/ros/indigo/lib/python2.7/dist-packages/rosmaster/master_api.py", line 208, in publisher_update_task
    xmlrpcapi(api).publisherUpdate('/master', topic, pub_uris)
  File "/usr/lib/python2.7/xmlrpclib.py", line 1233, in __call__
    return self.__send(self.__name, args)
  File "/usr/lib/python2.7/xmlrpclib.py", line 1587, in __request
    verbose=self.__verbose
  File "/usr/lib/python2.7/xmlrpclib.py", line 1273, in request
    return self.single_request(host, handler, request_body, verbose)
  File "/usr/lib/python2.7/xmlrpclib.py", line 1301, in single_request
    self.send_content(h, request_body)
  File "/usr/lib/python2.7/xmlrpclib.py", line 1448, in send_content
    connection.endheaders(request_body)
  File "/usr/lib/python2.7/httplib.py", line 975, in endheaders
    self._send_output(message_body)
  File "/usr/lib/python2.7/httplib.py", line 835, in _send_output
    self.send(msg)
  File "/usr/lib/python2.7/httplib.py", line 797, in send
    self.connect()
  File "/usr/lib/python2.7/httplib.py", line 778, in connect
    self.timeout, self.source_address)
  File "/usr/lib/python2.7/socket.py", line 571, in create_connection
    raise err
error: [Errno 111] Connection refused

[rosmaster.master][INFO] 2017-10-09 12:20:13,288: publisherUpdate[/tf] -> http://ip-172-31-19-100:58507/
[rosmaster.master][INFO] 2017-10-09 12:20:13,293: -SERVICE [/rosapi/has_param] /rosapi rosrpc://ip-172-31-19-100:40731
[rosmaster.master][INFO] 2017-10-09 12:20:13,297: publisherUpdate[/rosout] -> http://ip-172-31-19-100:39968/
[rosmaster.threadpool][ERROR] 2017-10-09 12:20:13,306: Traceback (most recent call last):
  File "/opt/ros/indigo/lib/python2.7/dist-packages/rosmaster/threadpool.py", line 218, in run
    result = cmd(*args)
  File "/opt/ros/indigo/lib/python2.7/dist-packages/rosmaster/master_api.py", line 208, in publisher_update_task
    xmlrpcapi(api).publisherUpdate('/master', topic, pub_uris)
  File "/usr/lib/python2.7/xmlrpclib.py", line 1233, in __call__
    return self.__send(self.__name, args)
  File "/usr/lib/python2.7/xmlrpclib.py", line 1587, in __request
    verbose=self.__verbose
  File "/usr/lib/python2.7/xmlrpclib.py", line 1273, in request
    return self.single_request(host, handler, request_body, verbose)
  File "/usr/lib/python2.7/xmlrpclib.py", line 1301, in single_request
    self.send_content(h, request_body)
  File "/usr/lib/python2.7/xmlrpclib.py", line 1448, in send_content
    connection.endheaders(request_body)
  File "/usr/lib/python2.7/httplib.py", line 975, in endheaders
    self._send_output(message_body)
  File "/usr/lib/python2.7/httplib.py", line 835, in _send_output
    self.send(msg)
  File "/usr/lib/python2.7/httplib.py", line 797, in send
    self.connect()
  File "/usr/lib/python2.7/httplib.py", line 778, in connect
    self.timeout, self.source_address)
  File "/usr/lib/python2.7/socket.py", line 571, in create_connection
    raise err
error: [Errno 111] Connection refused

[rosmaster.master][INFO] 2017-10-09 12:20:13,311: -SERVICE [/rosbridge_websocket/get_loggers] /rosbridge_websocket rosrpc://ip-172-31-19-100:33819
[rosmaster.master][INFO] 2017-10-09 12:20:13,325: publisherUpdate[/tf] -> http://ip-172-31-19-100:58507/
[rosmaster.master][INFO] 2017-10-09 12:20:13,333: publisherUpdate[/rosout] -> http://ip-172-31-19-100:39968/
[rosmaster.master][INFO] 2017-10-09 12:20:13,343: -SERVICE [/rosapi/delete_param] /rosapi rosrpc://ip-172-31-19-100:40731
[rosmaster.master][INFO] 2017-10-09 12:20:13,363: -SERVICE [/rosapi/search_param] /rosapi rosrpc://ip-172-31-19-100:40731
[rosmaster.master][INFO] 2017-10-09 12:20:13,352: publisherUpdate[/tf] -> http://ip-172-31-19-100:58507/
[rosmaster.threadpool][ERROR] 2017-10-09 12:20:13,348: Traceback (most recent call last):
  File "/opt/ros/indigo/lib/python2.7/dist-packages/rosmaster/threadpool.py", line 218, in run
    result = cmd(*args)
  File "/opt/ros/indigo/lib/python2.7/dist-packages/rosmaster/master_api.py", line 208, in publisher_update_task
    xmlrpcapi(api).publisherUpdate('/master', topic, pub_uris)
  File "/usr/lib/python2.7/xmlrpclib.py", line 1233, in __call__
    return self.__send(self.__name, args)
  File "/usr/lib/python2.7/xmlrpclib.py", line 1587, in __request
    verbose=self.__verbose
  File "/usr/lib/python2.7/xmlrpclib.py", line 1273, in request
    return self.single_request(host, handler, request_body, verbose)
  File "/usr/lib/python2.7/xmlrpclib.py", line 1301, in single_request
    self.send_content(h, request_body)
  File "/usr/lib/python2.7/xmlrpclib.py", line 1448, in send_content
    connection.endheaders(request_body)
  File "/usr/lib/python2.7/httplib.py", line 975, in endheaders
    self._send_output(message_body)
  File "/usr/lib/python2.7/httplib.py", line 835, in _send_output
    self.send(msg)
  File "/usr/lib/python2.7/httplib.py", line 797, in send
    self.connect()
  File "/usr/lib/python2.7/httplib.py", line 778, in connect
    self.timeout, self.source_address)
  File "/usr/lib/python2.7/socket.py", line 571, in create_connection
    raise err
error: [Errno 111] Connection refused

[rosmaster.master][INFO] 2017-10-09 12:20:13,374: -PUB [/rosout_agg] /rosout http://ip-172-31-19-100:39968/
[rosmaster.threadpool][ERROR] 2017-10-09 12:20:13,379: Traceback (most recent call last):
  File "/opt/ros/indigo/lib/python2.7/dist-packages/rosmaster/threadpool.py", line 218, in run
    result = cmd(*args)
  File "/opt/ros/indigo/lib/python2.7/dist-packages/rosmaster/master_api.py", line 208, in publisher_update_task
    xmlrpcapi(api).publisherUpdate('/master', topic, pub_uris)
  File "/usr/lib/python2.7/xmlrpclib.py", line 1233, in __call__
    return self.__send(self.__name, args)
  File "/usr/lib/python2.7/xmlrpclib.py", line 1587, in __request
    verbose=self.__verbose
  File "/usr/lib/python2.7/xmlrpclib.py", line 1273, in request
    return self.single_request(host, handler, request_body, verbose)
  File "/usr/lib/python2.7/xmlrpclib.py", line 1301, in single_request
    self.send_content(h, request_body)
  File "/usr/lib/python2.7/xmlrpclib.py", line 1448, in send_content
    connection.endheaders(request_body)
  File "/usr/lib/python2.7/httplib.py", line 975, in endheaders
    self._send_output(message_body)
  File "/usr/lib/python2.7/httplib.py", line 835, in _send_output
    self.send(msg)
  File "/usr/lib/python2.7/httplib.py", line 797, in send
    self.connect()
  File "/usr/lib/python2.7/httplib.py", line 778, in connect
    self.timeout, self.source_address)
  File "/usr/lib/python2.7/socket.py", line 571, in create_connection
    raise err
error: [Errno 111] Connection refused

[rosmaster.master][INFO] 2017-10-09 12:20:13,382: publisherUpdate[/tf] -> http://ip-172-31-19-100:58507/
[rosmaster.master][INFO] 2017-10-09 12:20:13,385: -SERVICE [/rosapi/topic_type] /rosapi rosrpc://ip-172-31-19-100:40731
[rosmaster.master][INFO] 2017-10-09 12:20:13,397: -SERVICE [/rosapi/subscribers] /rosapi rosrpc://ip-172-31-19-100:40731
[rosmaster.master][INFO] 2017-10-09 12:20:13,401: -SERVICE [/rosapi/set_logger_level] /rosapi rosrpc://ip-172-31-19-100:40731
[rosmaster.master][INFO] 2017-10-09 12:20:13,404: -SERVICE [/rosapi/service_response_details] /rosapi rosrpc://ip-172-31-19-100:40731
[rosmaster.master][INFO] 2017-10-09 12:20:13,408: -SERVICE [/rosapi/service_host] /rosapi rosrpc://ip-172-31-19-100:40731
[rosmaster.master][INFO] 2017-10-09 12:20:13,412: -SERVICE [/rosapi/publishers] /rosapi rosrpc://ip-172-31-19-100:40731
[rosmaster.master][INFO] 2017-10-09 12:20:13,416: -SERVICE [/rosapi/topics] /rosapi rosrpc://ip-172-31-19-100:40731
[rosmaster.master][INFO] 2017-10-09 12:20:13,398: publisherUpdate[/tf] -> http://ip-172-31-19-100:58507/
[rosmaster.threadpool][ERROR] 2017-10-09 12:20:13,394: Traceback (most recent call last):
  File "/opt/ros/indigo/lib/python2.7/dist-packages/rosmaster/threadpool.py", line 218, in run
    result = cmd(*args)
  File "/opt/ros/indigo/lib/python2.7/dist-packages/rosmaster/master_api.py", line 208, in publisher_update_task
    xmlrpcapi(api).publisherUpdate('/master', topic, pub_uris)
  File "/usr/lib/python2.7/xmlrpclib.py", line 1233, in __call__
    return self.__send(self.__name, args)
  File "/usr/lib/python2.7/xmlrpclib.py", line 1587, in __request
    verbose=self.__verbose
  File "/usr/lib/python2.7/xmlrpclib.py", line 1273, in request
    return self.single_request(host, handler, request_body, verbose)
  File "/usr/lib/python2.7/xmlrpclib.py", line 1301, in single_request
    self.send_content(h, request_body)
  File "/usr/lib/python2.7/xmlrpclib.py", line 1448, in send_content
    connection.endheaders(request_body)
  File "/usr/lib/python2.7/httplib.py", line 975, in endheaders
    self._send_output(message_body)
  File "/usr/lib/python2.7/httplib.py", line 835, in _send_output
    self.send(msg)
  File "/usr/lib/python2.7/httplib.py", line 797, in send
    self.connect()
  File "/usr/lib/python2.7/httplib.py", line 778, in connect
    self.timeout, self.source_address)
  File "/usr/lib/python2.7/socket.py", line 571, in create_connection
    raise err
error: [Errno 111] Connection refused

[rosmaster.master][INFO] 2017-10-09 12:20:13,433: publisherUpdate[/tf] -> http://ip-172-31-19-100:58507/
[rosmaster.master][INFO] 2017-10-09 12:20:13,425: -SUB [/rosout] /rosout http://ip-172-31-19-100:39968/
[rosmaster.threadpool][ERROR] 2017-10-09 12:20:13,430: Traceback (most recent call last):
  File "/opt/ros/indigo/lib/python2.7/dist-packages/rosmaster/threadpool.py", line 218, in run
    result = cmd(*args)
  File "/opt/ros/indigo/lib/python2.7/dist-packages/rosmaster/master_api.py", line 208, in publisher_update_task
    xmlrpcapi(api).publisherUpdate('/master', topic, pub_uris)
  File "/usr/lib/python2.7/xmlrpclib.py", line 1233, in __call__
    return self.__send(self.__name, args)
  File "/usr/lib/python2.7/xmlrpclib.py", line 1587, in __request
    verbose=self.__verbose
  File "/usr/lib/python2.7/xmlrpclib.py", line 1273, in request
    return self.single_request(host, handler, request_body, verbose)
  File "/usr/lib/python2.7/xmlrpclib.py", line 1301, in single_request
    self.send_content(h, request_body)
  File "/usr/lib/python2.7/xmlrpclib.py", line 1448, in send_content
    connection.endheaders(request_body)
  File "/usr/lib/python2.7/httplib.py", line 975, in endheaders
    self._send_output(message_body)
  File "/usr/lib/python2.7/httplib.py", line 835, in _send_output
    self.send(msg)
  File "/usr/lib/python2.7/httplib.py", line 797, in send
    self.connect()
  File "/usr/lib/python2.7/httplib.py", line 778, in connect
    self.timeout, self.source_address)
  File "/usr/lib/python2.7/socket.py", line 571, in create_connection
    raise err
error: [Errno 111] Connection refused

[rosmaster.master][INFO] 2017-10-09 12:20:13,390: publisherUpdate[/rosout] -> http://ip-172-31-19-100:39968/
[rosmaster.threadpool][ERROR] 2017-10-09 12:20:13,437: Traceback (most recent call last):
  File "/opt/ros/indigo/lib/python2.7/dist-packages/rosmaster/threadpool.py", line 218, in run
    result = cmd(*args)
  File "/opt/ros/indigo/lib/python2.7/dist-packages/rosmaster/master_api.py", line 208, in publisher_update_task
    xmlrpcapi(api).publisherUpdate('/master', topic, pub_uris)
  File "/usr/lib/python2.7/xmlrpclib.py", line 1233, in __call__
    return self.__send(self.__name, args)
  File "/usr/lib/python2.7/xmlrpclib.py", line 1587, in __request
    verbose=self.__verbose
  File "/usr/lib/python2.7/xmlrpclib.py", line 1273, in request
    return self.single_request(host, handler, request_body, verbose)
  File "/usr/lib/python2.7/xmlrpclib.py", line 1301, in single_request
    self.send_content(h, request_body)
  File "/usr/lib/python2.7/xmlrpclib.py", line 1448, in send_content
    connection.endheaders(request_body)
  File "/usr/lib/python2.7/httplib.py", line 975, in endheaders
    self._send_output(message_body)
  File "/usr/lib/python2.7/httplib.py", line 835, in _send_output
    self.send(msg)
  File "/usr/lib/python2.7/httplib.py", line 797, in send
    self.connect()
  File "/usr/lib/python2.7/httplib.py", line 778, in connect
    self.timeout, self.source_address)
  File "/usr/lib/python2.7/socket.py", line 571, in create_connection
    raise err
error: [Errno 111] Connection refused

[rosmaster.master][INFO] 2017-10-09 12:20:13,452: publisherUpdate[/rosout] -> http://ip-172-31-19-100:39968/
[rosmaster.master][INFO] 2017-10-09 12:20:13,444: publisherUpdate[/tf] -> http://ip-172-31-19-100:58507/
[rosmaster.threadpool][ERROR] 2017-10-09 12:20:13,449: Traceback (most recent call last):
  File "/opt/ros/indigo/lib/python2.7/dist-packages/rosmaster/threadpool.py", line 218, in run
    result = cmd(*args)
  File "/opt/ros/indigo/lib/python2.7/dist-packages/rosmaster/master_api.py", line 208, in publisher_update_task
    xmlrpcapi(api).publisherUpdate('/master', topic, pub_uris)
  File "/usr/lib/python2.7/xmlrpclib.py", line 1233, in __call__
    return self.__send(self.__name, args)
  File "/usr/lib/python2.7/xmlrpclib.py", line 1587, in __request
    verbose=self.__verbose
  File "/usr/lib/python2.7/xmlrpclib.py", line 1273, in request
    return self.single_request(host, handler, request_body, verbose)
  File "/usr/lib/python2.7/xmlrpclib.py", line 1306, in single_request
    return self.parse_response(response)
  File "/usr/lib/python2.7/xmlrpclib.py", line 1482, in parse_response
    return u.close()
  File "/usr/lib/python2.7/xmlrpclib.py", line 794, in close
    raise Fault(**self._stack[0])
Fault: <Fault -1: 'publisherUpdate: unknown method name'>

[rosmaster.master][INFO] 2017-10-09 12:20:13,441: -SERVICE [/rosapi/get_param_names] /rosapi rosrpc://ip-172-31-19-100:40731
[rosmaster.master][INFO] 2017-10-09 12:20:13,468: -SERVICE [/rosapi/get_time] /rosapi rosrpc://ip-172-31-19-100:40731
[rosmaster.threadpool][ERROR] 2017-10-09 12:20:13,460: Traceback (most recent call last):
  File "/opt/ros/indigo/lib/python2.7/dist-packages/rosmaster/threadpool.py", line 218, in run
    result = cmd(*args)
  File "/opt/ros/indigo/lib/python2.7/dist-packages/rosmaster/master_api.py", line 208, in publisher_update_task
    xmlrpcapi(api).publisherUpdate('/master', topic, pub_uris)
  File "/usr/lib/python2.7/xmlrpclib.py", line 1233, in __call__
    return self.__send(self.__name, args)
  File "/usr/lib/python2.7/xmlrpclib.py", line 1587, in __request
    verbose=self.__verbose
  File "/usr/lib/python2.7/xmlrpclib.py", line 1273, in request
    return self.single_request(host, handler, request_body, verbose)
  File "/usr/lib/python2.7/xmlrpclib.py", line 1301, in single_request
    self.send_content(h, request_body)
  File "/usr/lib/python2.7/xmlrpclib.py", line 1448, in send_content
    connection.endheaders(request_body)
  File "/usr/lib/python2.7/httplib.py", line 975, in endheaders
    self._send_output(message_body)
  File "/usr/lib/python2.7/httplib.py", line 835, in _send_output
    self.send(msg)
  File "/usr/lib/python2.7/httplib.py", line 797, in send
    self.connect()
  File "/usr/lib/python2.7/httplib.py", line 778, in connect
    self.timeout, self.source_address)
  File "/usr/lib/python2.7/socket.py", line 571, in create_connection
    raise err
error: [Errno 111] Connection refused

[rosmaster.master][INFO] 2017-10-09 12:20:13,462: publisherUpdate[/rosout] -> http://ip-172-31-19-100:39968/
[rosmaster.threadpool][ERROR] 2017-10-09 12:20:13,456: Traceback (most recent call last):
  File "/opt/ros/indigo/lib/python2.7/dist-packages/rosmaster/threadpool.py", line 218, in run
    result = cmd(*args)
  File "/opt/ros/indigo/lib/python2.7/dist-packages/rosmaster/master_api.py", line 208, in publisher_update_task
    xmlrpcapi(api).publisherUpdate('/master', topic, pub_uris)
  File "/usr/lib/python2.7/xmlrpclib.py", line 1233, in __call__
    return self.__send(self.__name, args)
  File "/usr/lib/python2.7/xmlrpclib.py", line 1587, in __request
    verbose=self.__verbose
  File "/usr/lib/python2.7/xmlrpclib.py", line 1273, in request
    return self.single_request(host, handler, request_body, verbose)
  File "/usr/lib/python2.7/xmlrpclib.py", line 1306, in single_request
    return self.parse_response(response)
  File "/usr/lib/python2.7/xmlrpclib.py", line 1482, in parse_response
    return u.close()
  File "/usr/lib/python2.7/xmlrpclib.py", line 794, in close
    raise Fault(**self._stack[0])
Fault: <Fault -1: 'publisherUpdate: unknown method name'>

[rosmaster.master][INFO] 2017-10-09 12:20:13,471: -SERVICE [/rosout/get_loggers] /rosout rosrpc://ip-172-31-19-100:60386
[rosmaster.master][INFO] 2017-10-09 12:20:13,479: publisherUpdate[/tf] -> http://ip-172-31-19-100:58507/
[rosmaster.threadpool][ERROR] 2017-10-09 12:20:13,483: Traceback (most recent call last):
  File "/opt/ros/indigo/lib/python2.7/dist-packages/rosmaster/threadpool.py", line 218, in run
    result = cmd(*args)
  File "/opt/ros/indigo/lib/python2.7/dist-packages/rosmaster/master_api.py", line 208, in publisher_update_task
    xmlrpcapi(api).publisherUpdate('/master', topic, pub_uris)
  File "/usr/lib/python2.7/xmlrpclib.py", line 1233, in __call__
    return self.__send(self.__name, args)
  File "/usr/lib/python2.7/xmlrpclib.py", line 1587, in __request
    verbose=self.__verbose
  File "/usr/lib/python2.7/xmlrpclib.py", line 1273, in request
    return self.single_request(host, handler, request_body, verbose)
  File "/usr/lib/python2.7/xmlrpclib.py", line 1306, in single_request
    return self.parse_response(response)
  File "/usr/lib/python2.7/xmlrpclib.py", line 1482, in parse_response
    return u.close()
  File "/usr/lib/python2.7/xmlrpclib.py", line 794, in close
    raise Fault(**self._stack[0])
Fault: <Fault -1: 'publisherUpdate: unknown method name'>

[rosmaster.master][INFO] 2017-10-09 12:20:13,487: publisherUpdate[/rosout] -> http://ip-172-31-19-100:39968/
[rosmaster.master][INFO] 2017-10-09 12:20:13,491: -SERVICE [/rosapi/message_details] /rosapi rosrpc://ip-172-31-19-100:40731
[rosmaster.threadpool][ERROR] 2017-10-09 12:20:13,495: Traceback (most recent call last):
  File "/opt/ros/indigo/lib/python2.7/dist-packages/rosmaster/threadpool.py", line 218, in run
    result = cmd(*args)
  File "/opt/ros/indigo/lib/python2.7/dist-packages/rosmaster/master_api.py", line 208, in publisher_update_task
    xmlrpcapi(api).publisherUpdate('/master', topic, pub_uris)
  File "/usr/lib/python2.7/xmlrpclib.py", line 1233, in __call__
    return self.__send(self.__name, args)
  File "/usr/lib/python2.7/xmlrpclib.py", line 1587, in __request
    verbose=self.__verbose
  File "/usr/lib/python2.7/xmlrpclib.py", line 1273, in request
    return self.single_request(host, handler, request_body, verbose)
  File "/usr/lib/python2.7/xmlrpclib.py", line 1301, in single_request
    self.send_content(h, request_body)
  File "/usr/lib/python2.7/xmlrpclib.py", line 1448, in send_content
    connection.endheaders(request_body)
  File "/usr/lib/python2.7/httplib.py", line 975, in endheaders
    self._send_output(message_body)
  File "/usr/lib/python2.7/httplib.py", line 835, in _send_output
    self.send(msg)
  File "/usr/lib/python2.7/httplib.py", line 797, in send
    self.connect()
  File "/usr/lib/python2.7/httplib.py", line 778, in connect
    self.timeout, self.source_address)
  File "/usr/lib/python2.7/socket.py", line 571, in create_connection
    raise err
error: [Errno 111] Connection refused

[rosmaster.master][INFO] 2017-10-09 12:20:13,497: publisherUpdate[/tf] -> http://ip-172-31-19-100:58507/
[rosmaster.threadpool][ERROR] 2017-10-09 12:20:13,507: Traceback (most recent call last):
  File "/opt/ros/indigo/lib/python2.7/dist-packages/rosmaster/threadpool.py", line 218, in run
    result = cmd(*args)
  File "/opt/ros/indigo/lib/python2.7/dist-packages/rosmaster/master_api.py", line 208, in publisher_update_task
    xmlrpcapi(api).publisherUpdate('/master', topic, pub_uris)
  File "/usr/lib/python2.7/xmlrpclib.py", line 1233, in __call__
    return self.__send(self.__name, args)
  File "/usr/lib/python2.7/xmlrpclib.py", line 1587, in __request
    verbose=self.__verbose
  File "/usr/lib/python2.7/xmlrpclib.py", line 1273, in request
    return self.single_request(host, handler, request_body, verbose)
  File "/usr/lib/python2.7/xmlrpclib.py", line 1306, in single_request
    return self.parse_response(response)
  File "/usr/lib/python2.7/xmlrpclib.py", line 1482, in parse_response
    return u.close()
  File "/usr/lib/python2.7/xmlrpclib.py", line 794, in close
    raise Fault(**self._stack[0])
Fault: <Fault -1: 'publisherUpdate: unknown method name'>

[rosmaster.master][INFO] 2017-10-09 12:20:13,521: publisherUpdate[/tf] -> http://ip-172-31-19-100:58507/
[rosmaster.master][INFO] 2017-10-09 12:20:13,515: publisherUpdate[/rosout] -> http://ip-172-31-19-100:39968/
[rosmaster.threadpool][ERROR] 2017-10-09 12:20:13,519: Traceback (most recent call last):
  File "/opt/ros/indigo/lib/python2.7/dist-packages/rosmaster/threadpool.py", line 218, in run
    result = cmd(*args)
  File "/opt/ros/indigo/lib/python2.7/dist-packages/rosmaster/master_api.py", line 208, in publisher_update_task
    xmlrpcapi(api).publisherUpdate('/master', topic, pub_uris)
  File "/usr/lib/python2.7/xmlrpclib.py", line 1233, in __call__
    return self.__send(self.__name, args)
  File "/usr/lib/python2.7/xmlrpclib.py", line 1587, in __request
    verbose=self.__verbose
  File "/usr/lib/python2.7/xmlrpclib.py", line 1273, in request
    return self.single_request(host, handler, request_body, verbose)
  File "/usr/lib/python2.7/xmlrpclib.py", line 1301, in single_request
    self.send_content(h, request_body)
  File "/usr/lib/python2.7/xmlrpclib.py", line 1448, in send_content
    connection.endheaders(request_body)
  File "/usr/lib/python2.7/httplib.py", line 975, in endheaders
    self._send_output(message_body)
  File "/usr/lib/python2.7/httplib.py", line 835, in _send_output
    self.send(msg)
  File "/usr/lib/python2.7/httplib.py", line 797, in send
    self.connect()
  File "/usr/lib/python2.7/httplib.py", line 778, in connect
    self.timeout, self.source_address)
  File "/usr/lib/python2.7/socket.py", line 571, in create_connection
    raise err
error: [Errno 111] Connection refused

[rosmaster.master][INFO] 2017-10-09 12:20:13,541: publisherUpdate[/rosout] -> http://ip-172-31-19-100:39968/
[rosmaster.threadpool][ERROR] 2017-10-09 12:20:13,534: Traceback (most recent call last):
  File "/opt/ros/indigo/lib/python2.7/dist-packages/rosmaster/threadpool.py", line 218, in run
    result = cmd(*args)
  File "/opt/ros/indigo/lib/python2.7/dist-packages/rosmaster/master_api.py", line 208, in publisher_update_task
    xmlrpcapi(api).publisherUpdate('/master', topic, pub_uris)
  File "/usr/lib/python2.7/xmlrpclib.py", line 1233, in __call__
    return self.__send(self.__name, args)
  File "/usr/lib/python2.7/xmlrpclib.py", line 1587, in __request
    verbose=self.__verbose
  File "/usr/lib/python2.7/xmlrpclib.py", line 1273, in request
    return self.single_request(host, handler, request_body, verbose)
  File "/usr/lib/python2.7/xmlrpclib.py", line 1301, in single_request
    self.send_content(h, request_body)
  File "/usr/lib/python2.7/xmlrpclib.py", line 1448, in send_content
    connection.endheaders(request_body)
  File "/usr/lib/python2.7/httplib.py", line 975, in endheaders
    self._send_output(message_body)
  File "/usr/lib/python2.7/httplib.py", line 835, in _send_output
    self.send(msg)
  File "/usr/lib/python2.7/httplib.py", line 797, in send
    self.connect()
  File "/usr/lib/python2.7/httplib.py", line 778, in connect
    self.timeout, self.source_address)
  File "/usr/lib/python2.7/socket.py", line 571, in create_connection
    raise err
error: [Errno 111] Connection refused

[rosmaster.master][INFO] 2017-10-09 12:20:13,548: publisherUpdate[/rosout] -> http://ip-172-31-19-100:39968/
[rosmaster.threadpool][ERROR] 2017-10-09 12:20:13,552: Traceback (most recent call last):
  File "/opt/ros/indigo/lib/python2.7/dist-packages/rosmaster/threadpool.py", line 218, in run
    result = cmd(*args)
  File "/opt/ros/indigo/lib/python2.7/dist-packages/rosmaster/master_api.py", line 208, in publisher_update_task
    xmlrpcapi(api).publisherUpdate('/master', topic, pub_uris)
  File "/usr/lib/python2.7/xmlrpclib.py", line 1233, in __call__
    return self.__send(self.__name, args)
  File "/usr/lib/python2.7/xmlrpclib.py", line 1587, in __request
    verbose=self.__verbose
  File "/usr/lib/python2.7/xmlrpclib.py", line 1273, in request
    return self.single_request(host, handler, request_body, verbose)
  File "/usr/lib/python2.7/xmlrpclib.py", line 1306, in single_request
    return self.parse_response(response)
  File "/usr/lib/python2.7/xmlrpclib.py", line 1482, in parse_response
    return u.close()
  File "/usr/lib/python2.7/xmlrpclib.py", line 794, in close
    raise Fault(**self._stack[0])
Fault: <Fault -1: 'publisherUpdate: unknown method name'>

[rosmaster.master][INFO] 2017-10-09 12:20:13,556: publisherUpdate[/tf] -> http://ip-172-31-19-100:58507/
[rosmaster.threadpool][ERROR] 2017-10-09 12:20:13,538: Traceback (most recent call last):
  File "/opt/ros/indigo/lib/python2.7/dist-packages/rosmaster/threadpool.py", line 218, in run
    result = cmd(*args)
  File "/opt/ros/indigo/lib/python2.7/dist-packages/rosmaster/master_api.py", line 208, in publisher_update_task
    xmlrpcapi(api).publisherUpdate('/master', topic, pub_uris)
  File "/usr/lib/python2.7/xmlrpclib.py", line 1233, in __call__
    return self.__send(self.__name, args)
  File "/usr/lib/python2.7/xmlrpclib.py", line 1587, in __request
    verbose=self.__verbose
  File "/usr/lib/python2.7/xmlrpclib.py", line 1273, in request
    return self.single_request(host, handler, request_body, verbose)
  File "/usr/lib/python2.7/xmlrpclib.py", line 1306, in single_request
    return self.parse_response(response)
  File "/usr/lib/python2.7/xmlrpclib.py", line 1482, in parse_response
    return u.close()
  File "/usr/lib/python2.7/xmlrpclib.py", line 794, in close
    raise Fault(**self._stack[0])
Fault: <Fault -1: 'publisherUpdate: unknown method name'>

[rosmaster.master][INFO] 2017-10-09 12:20:13,563: publisherUpdate[/rosout] -> http://ip-172-31-19-100:39968/
[rosmaster.threadpool][ERROR] 2017-10-09 12:20:13,545: Traceback (most recent call last):
  File "/opt/ros/indigo/lib/python2.7/dist-packages/rosmaster/threadpool.py", line 218, in run
    result = cmd(*args)
  File "/opt/ros/indigo/lib/python2.7/dist-packages/rosmaster/master_api.py", line 208, in publisher_update_task
    xmlrpcapi(api).publisherUpdate('/master', topic, pub_uris)
  File "/usr/lib/python2.7/xmlrpclib.py", line 1233, in __call__
    return self.__send(self.__name, args)
  File "/usr/lib/python2.7/xmlrpclib.py", line 1587, in __request
    verbose=self.__verbose
  File "/usr/lib/python2.7/xmlrpclib.py", line 1273, in request
    return self.single_request(host, handler, request_body, verbose)
  File "/usr/lib/python2.7/xmlrpclib.py", line 1306, in single_request
    return self.parse_response(response)
  File "/usr/lib/python2.7/xmlrpclib.py", line 1482, in parse_response
    return u.close()
  File "/usr/lib/python2.7/xmlrpclib.py", line 794, in close
    raise Fault(**self._stack[0])
Fault: <Fault -1: 'publisherUpdate: unknown method name'>

[rosmaster.threadpool][ERROR] 2017-10-09 12:20:13,560: Traceback (most recent call last):
  File "/opt/ros/indigo/lib/python2.7/dist-packages/rosmaster/threadpool.py", line 218, in run
    result = cmd(*args)
  File "/opt/ros/indigo/lib/python2.7/dist-packages/rosmaster/master_api.py", line 208, in publisher_update_task
    xmlrpcapi(api).publisherUpdate('/master', topic, pub_uris)
  File "/usr/lib/python2.7/xmlrpclib.py", line 1233, in __call__
    return self.__send(self.__name, args)
  File "/usr/lib/python2.7/xmlrpclib.py", line 1587, in __request
    verbose=self.__verbose
  File "/usr/lib/python2.7/xmlrpclib.py", line 1273, in request
    return self.single_request(host, handler, request_body, verbose)
  File "/usr/lib/python2.7/xmlrpclib.py", line 1301, in single_request
    self.send_content(h, request_body)
  File "/usr/lib/python2.7/xmlrpclib.py", line 1448, in send_content
    connection.endheaders(request_body)
  File "/usr/lib/python2.7/httplib.py", line 975, in endheaders
    self._send_output(message_body)
  File "/usr/lib/python2.7/httplib.py", line 835, in _send_output
    self.send(msg)
  File "/usr/lib/python2.7/httplib.py", line 797, in send
    self.connect()
  File "/usr/lib/python2.7/httplib.py", line 778, in connect
    self.timeout, self.source_address)
  File "/usr/lib/python2.7/socket.py", line 571, in create_connection
    raise err
error: [Errno 111] Connection refused

[rosmaster.master][INFO] 2017-10-09 12:20:13,579: publisherUpdate[/rosout] -> http://ip-172-31-19-100:39968/
[rosmaster.threadpool][ERROR] 2017-10-09 12:20:13,567: Traceback (most recent call last):
  File "/opt/ros/indigo/lib/python2.7/dist-packages/rosmaster/threadpool.py", line 218, in run
    result = cmd(*args)
  File "/opt/ros/indigo/lib/python2.7/dist-packages/rosmaster/master_api.py", line 208, in publisher_update_task
    xmlrpcapi(api).publisherUpdate('/master', topic, pub_uris)
  File "/usr/lib/python2.7/xmlrpclib.py", line 1233, in __call__
    return self.__send(self.__name, args)
  File "/usr/lib/python2.7/xmlrpclib.py", line 1587, in __request
    verbose=self.__verbose
  File "/usr/lib/python2.7/xmlrpclib.py", line 1273, in request
    return self.single_request(host, handler, request_body, verbose)
  File "/usr/lib/python2.7/xmlrpclib.py", line 1306, in single_request
    return self.parse_response(response)
  File "/usr/lib/python2.7/xmlrpclib.py", line 1482, in parse_response
    return u.close()
  File "/usr/lib/python2.7/xmlrpclib.py", line 794, in close
    raise Fault(**self._stack[0])
Fault: <Fault -1: 'publisherUpdate: unknown method name'>

[rosmaster.master][INFO] 2017-10-09 12:20:13,570: publisherUpdate[/tf] -> http://ip-172-31-19-100:58507/
[rosmaster.master][INFO] 2017-10-09 12:20:13,511: -SERVICE [/rosout/set_logger_level] /rosout rosrpc://ip-172-31-19-100:60386
[rosmaster.threadpool][ERROR] 2017-10-09 12:20:13,586: Traceback (most recent call last):
  File "/opt/ros/indigo/lib/python2.7/dist-packages/rosmaster/threadpool.py", line 218, in run
    result = cmd(*args)
  File "/opt/ros/indigo/lib/python2.7/dist-packages/rosmaster/master_api.py", line 208, in publisher_update_task
    xmlrpcapi(api).publisherUpdate('/master', topic, pub_uris)
  File "/usr/lib/python2.7/xmlrpclib.py", line 1233, in __call__
    return self.__send(self.__name, args)
  File "/usr/lib/python2.7/xmlrpclib.py", line 1587, in __request
    verbose=self.__verbose
  File "/usr/lib/python2.7/xmlrpclib.py", line 1273, in request
    return self.single_request(host, handler, request_body, verbose)
  File "/usr/lib/python2.7/xmlrpclib.py", line 1306, in single_request
    return self.parse_response(response)
  File "/usr/lib/python2.7/xmlrpclib.py", line 1482, in parse_response
    return u.close()
  File "/usr/lib/python2.7/xmlrpclib.py", line 794, in close
    raise Fault(**self._stack[0])
Fault: <Fault -1: 'publisherUpdate: unknown method name'>

[rosmaster.master][INFO] 2017-10-09 12:20:13,590: publisherUpdate[/rosout] -> http://ip-172-31-19-100:39968/
[rosmaster.threadpool][ERROR] 2017-10-09 12:20:13,594: Traceback (most recent call last):
  File "/opt/ros/indigo/lib/python2.7/dist-packages/rosmaster/threadpool.py", line 218, in run
    result = cmd(*args)
  File "/opt/ros/indigo/lib/python2.7/dist-packages/rosmaster/master_api.py", line 208, in publisher_update_task
    xmlrpcapi(api).publisherUpdate('/master', topic, pub_uris)
  File "/usr/lib/python2.7/xmlrpclib.py", line 1233, in __call__
    return self.__send(self.__name, args)
  File "/usr/lib/python2.7/xmlrpclib.py", line 1587, in __request
    verbose=self.__verbose
  File "/usr/lib/python2.7/xmlrpclib.py", line 1273, in request
    return self.single_request(host, handler, request_body, verbose)
  File "/usr/lib/python2.7/xmlrpclib.py", line 1301, in single_request
    self.send_content(h, request_body)
  File "/usr/lib/python2.7/xmlrpclib.py", line 1448, in send_content
    connection.endheaders(request_body)
  File "/usr/lib/python2.7/httplib.py", line 975, in endheaders
    self._send_output(message_body)
  File "/usr/lib/python2.7/httplib.py", line 835, in _send_output
    self.send(msg)
  File "/usr/lib/python2.7/httplib.py", line 797, in send
    self.connect()
  File "/usr/lib/python2.7/httplib.py", line 778, in connect
    self.timeout, self.source_address)
  File "/usr/lib/python2.7/socket.py", line 571, in create_connection
    raise err
error: [Errno 111] Connection refused

[rosmaster.master][INFO] 2017-10-09 12:20:13,598: -SERVICE [/rosapi/services] /rosapi rosrpc://ip-172-31-19-100:40731
[rosmaster.master][INFO] 2017-10-09 12:20:13,621: -SERVICE [/rosapi/service_node] /rosapi rosrpc://ip-172-31-19-100:40731
[rosmaster.threadpool][ERROR] 2017-10-09 12:20:13,606: Traceback (most recent call last):
  File "/opt/ros/indigo/lib/python2.7/dist-packages/rosmaster/threadpool.py", line 218, in run
    result = cmd(*args)
  File "/opt/ros/indigo/lib/python2.7/dist-packages/rosmaster/master_api.py", line 208, in publisher_update_task
    xmlrpcapi(api).publisherUpdate('/master', topic, pub_uris)
  File "/usr/lib/python2.7/xmlrpclib.py", line 1233, in __call__
    return self.__send(self.__name, args)
  File "/usr/lib/python2.7/xmlrpclib.py", line 1587, in __request
    verbose=self.__verbose
  File "/usr/lib/python2.7/xmlrpclib.py", line 1273, in request
    return self.single_request(host, handler, request_body, verbose)
  File "/usr/lib/python2.7/xmlrpclib.py", line 1306, in single_request
    return self.parse_response(response)
  File "/usr/lib/python2.7/xmlrpclib.py", line 1482, in parse_response
    return u.close()
  File "/usr/lib/python2.7/xmlrpclib.py", line 794, in close
    raise Fault(**self._stack[0])
Fault: <Fault -1: 'publisherUpdate: unknown method name'>

[rosmaster.master][INFO] 2017-10-09 12:20:13,618: publisherUpdate[/rosout] -> http://ip-172-31-19-100:39968/
[rosmaster.master][INFO] 2017-10-09 12:20:13,601: publisherUpdate[/tf] -> http://ip-172-31-19-100:58507/
[rosmaster.master][INFO] 2017-10-09 12:20:13,626: -SERVICE [/rosapi/services_for_type] /rosapi rosrpc://ip-172-31-19-100:40731
[rosmaster.master][INFO] 2017-10-09 12:20:13,649: -SERVICE [/rosapi/nodes] /rosapi rosrpc://ip-172-31-19-100:40731
[rosmaster.master][INFO] 2017-10-09 12:20:13,652: -SERVICE [/rosapi/node_details] /rosapi rosrpc://ip-172-31-19-100:40731
[rosmaster.master][INFO] 2017-10-09 12:20:13,656: -SERVICE [/rosapi/service_providers] /rosapi rosrpc://ip-172-31-19-100:40731
[rosmaster.master][INFO] 2017-10-09 12:20:13,659: -SERVICE [/rosapi/get_param] /rosapi rosrpc://ip-172-31-19-100:40731
[rosmaster.master][INFO] 2017-10-09 12:20:13,663: -SERVICE [/rosapi/topics_for_type] /rosapi rosrpc://ip-172-31-19-100:40731
[rosmaster.master][INFO] 2017-10-09 12:20:13,666: -SERVICE [/rosapi/set_param] /rosapi rosrpc://ip-172-31-19-100:40731
[rosmaster.master][INFO] 2017-10-09 12:20:13,670: -SERVICE [/rosapi/service_request_details] /rosapi rosrpc://ip-172-31-19-100:40731
[rosmaster.master][INFO] 2017-10-09 12:20:13,673: -SERVICE [/rosapi/service_type] /rosapi rosrpc://ip-172-31-19-100:40731
[rosmaster.threadpool][ERROR] 2017-10-09 12:20:13,642: Traceback (most recent call last):
  File "/opt/ros/indigo/lib/python2.7/dist-packages/rosmaster/threadpool.py", line 218, in run
    result = cmd(*args)
  File "/opt/ros/indigo/lib/python2.7/dist-packages/rosmaster/master_api.py", line 208, in publisher_update_task
    xmlrpcapi(api).publisherUpdate('/master', topic, pub_uris)
  File "/usr/lib/python2.7/xmlrpclib.py", line 1233, in __call__
    return self.__send(self.__name, args)
  File "/usr/lib/python2.7/xmlrpclib.py", line 1587, in __request
    verbose=self.__verbose
  File "/usr/lib/python2.7/xmlrpclib.py", line 1273, in request
    return self.single_request(host, handler, request_body, verbose)
  File "/usr/lib/python2.7/xmlrpclib.py", line 1306, in single_request
    return self.parse_response(response)
  File "/usr/lib/python2.7/xmlrpclib.py", line 1482, in parse_response
    return u.close()
  File "/usr/lib/python2.7/xmlrpclib.py", line 794, in close
    raise Fault(**self._stack[0])
Fault: <Fault -1: 'publisherUpdate: unknown method name'>

[rosmaster.master][INFO] 2017-10-09 12:20:13,688: publisherUpdate[/tf] -> http://ip-172-31-19-100:58507/
[rosmaster.threadpool][ERROR] 2017-10-09 12:20:13,646: Traceback (most recent call last):
  File "/opt/ros/indigo/lib/python2.7/dist-packages/rosmaster/threadpool.py", line 218, in run
    result = cmd(*args)
  File "/opt/ros/indigo/lib/python2.7/dist-packages/rosmaster/master_api.py", line 208, in publisher_update_task
    xmlrpcapi(api).publisherUpdate('/master', topic, pub_uris)
  File "/usr/lib/python2.7/xmlrpclib.py", line 1233, in __call__
    return self.__send(self.__name, args)
  File "/usr/lib/python2.7/xmlrpclib.py", line 1587, in __request
    verbose=self.__verbose
  File "/usr/lib/python2.7/xmlrpclib.py", line 1273, in request
    return self.single_request(host, handler, request_body, verbose)
  File "/usr/lib/python2.7/xmlrpclib.py", line 1301, in single_request
    self.send_content(h, request_body)
  File "/usr/lib/python2.7/xmlrpclib.py", line 1448, in send_content
    connection.endheaders(request_body)
  File "/usr/lib/python2.7/httplib.py", line 975, in endheaders
    self._send_output(message_body)
  File "/usr/lib/python2.7/httplib.py", line 835, in _send_output
    self.send(msg)
  File "/usr/lib/python2.7/httplib.py", line 797, in send
    self.connect()
  File "/usr/lib/python2.7/httplib.py", line 778, in connect
    self.timeout, self.source_address)
  File "/usr/lib/python2.7/socket.py", line 571, in create_connection
    raise err
error: [Errno 111] Connection refused

[rosmaster.master][INFO] 2017-10-09 12:20:13,696: publisherUpdate[/tf] -> http://ip-172-31-19-100:58507/
[rosmaster.threadpool][ERROR] 2017-10-09 12:20:13,693: Traceback (most recent call last):
  File "/opt/ros/indigo/lib/python2.7/dist-packages/rosmaster/threadpool.py", line 218, in run
    result = cmd(*args)
  File "/opt/ros/indigo/lib/python2.7/dist-packages/rosmaster/master_api.py", line 208, in publisher_update_task
    xmlrpcapi(api).publisherUpdate('/master', topic, pub_uris)
  File "/usr/lib/python2.7/xmlrpclib.py", line 1233, in __call__
    return self.__send(self.__name, args)
  File "/usr/lib/python2.7/xmlrpclib.py", line 1587, in __request
    verbose=self.__verbose
  File "/usr/lib/python2.7/xmlrpclib.py", line 1273, in request
    return self.single_request(host, handler, request_body, verbose)
  File "/usr/lib/python2.7/xmlrpclib.py", line 1301, in single_request
    self.send_content(h, request_body)
  File "/usr/lib/python2.7/xmlrpclib.py", line 1448, in send_content
    connection.endheaders(request_body)
  File "/usr/lib/python2.7/httplib.py", line 975, in endheaders
    self._send_output(message_body)
  File "/usr/lib/python2.7/httplib.py", line 835, in _send_output
    self.send(msg)
  File "/usr/lib/python2.7/httplib.py", line 797, in send
    self.connect()
  File "/usr/lib/python2.7/httplib.py", line 778, in connect
    self.timeout, self.source_address)
  File "/usr/lib/python2.7/socket.py", line 571, in create_connection
    raise err
error: [Errno 111] Connection refused

[rosmaster.master][INFO] 2017-10-09 12:20:13,704: publisherUpdate[/rosout] -> http://ip-172-31-19-100:39968/
[rosmaster.threadpool][ERROR] 2017-10-09 12:20:13,700: Traceback (most recent call last):
  File "/opt/ros/indigo/lib/python2.7/dist-packages/rosmaster/threadpool.py", line 218, in run
    result = cmd(*args)
  File "/opt/ros/indigo/lib/python2.7/dist-packages/rosmaster/master_api.py", line 208, in publisher_update_task
    xmlrpcapi(api).publisherUpdate('/master', topic, pub_uris)
  File "/usr/lib/python2.7/xmlrpclib.py", line 1233, in __call__
    return self.__send(self.__name, args)
  File "/usr/lib/python2.7/xmlrpclib.py", line 1587, in __request
    verbose=self.__verbose
  File "/usr/lib/python2.7/xmlrpclib.py", line 1273, in request
    return self.single_request(host, handler, request_body, verbose)
  File "/usr/lib/python2.7/xmlrpclib.py", line 1301, in single_request
    self.send_content(h, request_body)
  File "/usr/lib/python2.7/xmlrpclib.py", line 1448, in send_content
    connection.endheaders(request_body)
  File "/usr/lib/python2.7/httplib.py", line 975, in endheaders
    self._send_output(message_body)
  File "/usr/lib/python2.7/httplib.py", line 835, in _send_output
    self.send(msg)
  File "/usr/lib/python2.7/httplib.py", line 797, in send
    self.connect()
  File "/usr/lib/python2.7/httplib.py", line 778, in connect
    self.timeout, self.source_address)
  File "/usr/lib/python2.7/socket.py", line 571, in create_connection
    raise err
error: [Errno 111] Connection refused

[rosmaster.threadpool][ERROR] 2017-10-09 12:20:13,708: Traceback (most recent call last):
  File "/opt/ros/indigo/lib/python2.7/dist-packages/rosmaster/threadpool.py", line 218, in run
    result = cmd(*args)
  File "/opt/ros/indigo/lib/python2.7/dist-packages/rosmaster/master_api.py", line 208, in publisher_update_task
    xmlrpcapi(api).publisherUpdate('/master', topic, pub_uris)
  File "/usr/lib/python2.7/xmlrpclib.py", line 1233, in __call__
    return self.__send(self.__name, args)
  File "/usr/lib/python2.7/xmlrpclib.py", line 1587, in __request
    verbose=self.__verbose
  File "/usr/lib/python2.7/xmlrpclib.py", line 1273, in request
    return self.single_request(host, handler, request_body, verbose)
  File "/usr/lib/python2.7/xmlrpclib.py", line 1306, in single_request
    return self.parse_response(response)
  File "/usr/lib/python2.7/xmlrpclib.py", line 1482, in parse_response
    return u.close()
  File "/usr/lib/python2.7/xmlrpclib.py", line 794, in close
    raise Fault(**self._stack[0])
Fault: <Fault -1: 'publisherUpdate: unknown method name'>

[rosmaster.master][INFO] 2017-10-09 12:20:13,714: publisherUpdate[/rosout] -> http://ip-172-31-19-100:39968/
[rosmaster.master][INFO] 2017-10-09 12:20:13,711: publisherUpdate[/tf] -> http://ip-172-31-19-100:58507/
[rosmaster.threadpool][ERROR] 2017-10-09 12:20:13,719: Traceback (most recent call last):
  File "/opt/ros/indigo/lib/python2.7/dist-packages/rosmaster/threadpool.py", line 218, in run
    result = cmd(*args)
  File "/opt/ros/indigo/lib/python2.7/dist-packages/rosmaster/master_api.py", line 208, in publisher_update_task
    xmlrpcapi(api).publisherUpdate('/master', topic, pub_uris)
  File "/usr/lib/python2.7/xmlrpclib.py", line 1233, in __call__
    return self.__send(self.__name, args)
  File "/usr/lib/python2.7/xmlrpclib.py", line 1587, in __request
    verbose=self.__verbose
  File "/usr/lib/python2.7/xmlrpclib.py", line 1273, in request
    return self.single_request(host, handler, request_body, verbose)
  File "/usr/lib/python2.7/xmlrpclib.py", line 1301, in single_request
    self.send_content(h, request_body)
  File "/usr/lib/python2.7/xmlrpclib.py", line 1448, in send_content
    connection.endheaders(request_body)
  File "/usr/lib/python2.7/httplib.py", line 975, in endheaders
    self._send_output(message_body)
  File "/usr/lib/python2.7/httplib.py", line 835, in _send_output
    self.send(msg)
  File "/usr/lib/python2.7/httplib.py", line 797, in send
    self.connect()
  File "/usr/lib/python2.7/httplib.py", line 778, in connect
    self.timeout, self.source_address)
  File "/usr/lib/python2.7/socket.py", line 571, in create_connection
    raise err
error: [Errno 111] Connection refused

[rosmaster.threadpool][ERROR] 2017-10-09 12:20:13,722: Traceback (most recent call last):
  File "/opt/ros/indigo/lib/python2.7/dist-packages/rosmaster/threadpool.py", line 218, in run
    result = cmd(*args)
  File "/opt/ros/indigo/lib/python2.7/dist-packages/rosmaster/master_api.py", line 208, in publisher_update_task
    xmlrpcapi(api).publisherUpdate('/master', topic, pub_uris)
  File "/usr/lib/python2.7/xmlrpclib.py", line 1233, in __call__
    return self.__send(self.__name, args)
  File "/usr/lib/python2.7/xmlrpclib.py", line 1587, in __request
    verbose=self.__verbose
  File "/usr/lib/python2.7/xmlrpclib.py", line 1273, in request
    return self.single_request(host, handler, request_body, verbose)
  File "/usr/lib/python2.7/xmlrpclib.py", line 1301, in single_request
    self.send_content(h, request_body)
  File "/usr/lib/python2.7/xmlrpclib.py", line 1448, in send_content
    connection.endheaders(request_body)
  File "/usr/lib/python2.7/httplib.py", line 975, in endheaders
    self._send_output(message_body)
  File "/usr/lib/python2.7/httplib.py", line 835, in _send_output
    self.send(msg)
  File "/usr/lib/python2.7/httplib.py", line 797, in send
    self.connect()
  File "/usr/lib/python2.7/httplib.py", line 778, in connect
    self.timeout, self.source_address)
  File "/usr/lib/python2.7/socket.py", line 571, in create_connection
    raise err
error: [Errno 111] Connection refused

[rosmaster.master][INFO] 2017-10-09 12:20:13,726: publisherUpdate[/tf] -> http://ip-172-31-19-100:58507/
[rosmaster.master][INFO] 2017-10-09 12:20:13,730: publisherUpdate[/rosout] -> http://ip-172-31-19-100:39968/
[rosmaster.threadpool][ERROR] 2017-10-09 12:20:13,772: Traceback (most recent call last):
  File "/opt/ros/indigo/lib/python2.7/dist-packages/rosmaster/threadpool.py", line 218, in run
    result = cmd(*args)
  File "/opt/ros/indigo/lib/python2.7/dist-packages/rosmaster/master_api.py", line 208, in publisher_update_task
    xmlrpcapi(api).publisherUpdate('/master', topic, pub_uris)
  File "/usr/lib/python2.7/xmlrpclib.py", line 1233, in __call__
    return self.__send(self.__name, args)
  File "/usr/lib/python2.7/xmlrpclib.py", line 1587, in __request
    verbose=self.__verbose
  File "/usr/lib/python2.7/xmlrpclib.py", line 1273, in request
    return self.single_request(host, handler, request_body, verbose)
  File "/usr/lib/python2.7/xmlrpclib.py", line 1301, in single_request
    self.send_content(h, request_body)
  File "/usr/lib/python2.7/xmlrpclib.py", line 1448, in send_content
    connection.endheaders(request_body)
  File "/usr/lib/python2.7/httplib.py", line 975, in endheaders
    self._send_output(message_body)
  File "/usr/lib/python2.7/httplib.py", line 835, in _send_output
    self.send(msg)
  File "/usr/lib/python2.7/httplib.py", line 797, in send
    self.connect()
  File "/usr/lib/python2.7/httplib.py", line 778, in connect
    self.timeout, self.source_address)
  File "/usr/lib/python2.7/socket.py", line 571, in create_connection
    raise err
error: [Errno 111] Connection refused

[rosmaster.main][INFO] 2017-10-09 12:20:13,772: keyboard interrupt, will exit
[rosmaster.threadpool][ERROR] 2017-10-09 12:20:13,776: Traceback (most recent call last):
  File "/opt/ros/indigo/lib/python2.7/dist-packages/rosmaster/threadpool.py", line 218, in run
    result = cmd(*args)
  File "/opt/ros/indigo/lib/python2.7/dist-packages/rosmaster/master_api.py", line 208, in publisher_update_task
    xmlrpcapi(api).publisherUpdate('/master', topic, pub_uris)
  File "/usr/lib/python2.7/xmlrpclib.py", line 1233, in __call__
    return self.__send(self.__name, args)
  File "/usr/lib/python2.7/xmlrpclib.py", line 1587, in __request
    verbose=self.__verbose
  File "/usr/lib/python2.7/xmlrpclib.py", line 1273, in request
    return self.single_request(host, handler, request_body, verbose)
  File "/usr/lib/python2.7/xmlrpclib.py", line 1301, in single_request
    self.send_content(h, request_body)
  File "/usr/lib/python2.7/xmlrpclib.py", line 1448, in send_content
    connection.endheaders(request_body)
  File "/usr/lib/python2.7/httplib.py", line 975, in endheaders
    self._send_output(message_body)
  File "/usr/lib/python2.7/httplib.py", line 835, in _send_output
    self.send(msg)
  File "/usr/lib/python2.7/httplib.py", line 797, in send
    self.connect()
  File "/usr/lib/python2.7/httplib.py", line 778, in connect
    self.timeout, self.source_address)
  File "/usr/lib/python2.7/socket.py", line 571, in create_connection
    raise err
error: [Errno 111] Connection refused

[rosmaster.master][INFO] 2017-10-09 12:20:13,779: publisherUpdate[/tf] -> http://ip-172-31-19-100:58507/
[rosmaster.main][INFO] 2017-10-09 12:20:13,782: stopping master...
[rosmaster.master][INFO] 2017-10-09 12:20:13,786: publisherUpdate[/rosout] -> http://ip-172-31-19-100:39968/
[rosmaster.threadpool][ERROR] 2017-10-09 12:20:13,797: Traceback (most recent call last):
  File "/opt/ros/indigo/lib/python2.7/dist-packages/rosmaster/threadpool.py", line 218, in run
    result = cmd(*args)
  File "/opt/ros/indigo/lib/python2.7/dist-packages/rosmaster/master_api.py", line 208, in publisher_update_task
    xmlrpcapi(api).publisherUpdate('/master', topic, pub_uris)
  File "/usr/lib/python2.7/xmlrpclib.py", line 1233, in __call__
    return self.__send(self.__name, args)
  File "/usr/lib/python2.7/xmlrpclib.py", line 1587, in __request
    verbose=self.__verbose
  File "/usr/lib/python2.7/xmlrpclib.py", line 1273, in request
    return self.single_request(host, handler, request_body, verbose)
  File "/usr/lib/python2.7/xmlrpclib.py", line 1301, in single_request
    self.send_content(h, request_body)
  File "/usr/lib/python2.7/xmlrpclib.py", line 1448, in send_content
    connection.endheaders(request_body)
  File "/usr/lib/python2.7/httplib.py", line 975, in endheaders
    self._send_output(message_body)
  File "/usr/lib/python2.7/httplib.py", line 835, in _send_output
    self.send(msg)
  File "/usr/lib/python2.7/httplib.py", line 797, in send
    self.connect()
  File "/usr/lib/python2.7/httplib.py", line 778, in connect
    self.timeout, self.source_address)
  File "/usr/lib/python2.7/socket.py", line 571, in create_connection
    raise err
error: [Errno 111] Connection refused

[rospy.core][INFO] 2017-10-09 12:20:13,800: signal_shutdown [atexit]
[rosmaster.threadpool][ERROR] 2017-10-09 12:20:13,804: Traceback (most recent call last):
  File "/opt/ros/indigo/lib/python2.7/dist-packages/rosmaster/threadpool.py", line 218, in run
    result = cmd(*args)
  File "/opt/ros/indigo/lib/python2.7/dist-packages/rosmaster/master_api.py", line 208, in publisher_update_task
    xmlrpcapi(api).publisherUpdate('/master', topic, pub_uris)
  File "/usr/lib/python2.7/xmlrpclib.py", line 1233, in __call__
    return self.__send(self.__name, args)
  File "/usr/lib/python2.7/xmlrpclib.py", line 1587, in __request
    verbose=self.__verbose
  File "/usr/lib/python2.7/xmlrpclib.py", line 1273, in request
    return self.single_request(host, handler, request_body, verbose)
  File "/usr/lib/python2.7/xmlrpclib.py", line 1301, in single_request
    self.send_content(h, request_body)
  File "/usr/lib/python2.7/xmlrpclib.py", line 1448, in send_content
    connection.endheaders(request_body)
  File "/usr/lib/python2.7/httplib.py", line 975, in endheaders
    self._send_output(message_body)
  File "/usr/lib/python2.7/httplib.py", line 835, in _send_output
    self.send(msg)
  File "/usr/lib/python2.7/httplib.py", line 797, in send
    self.connect()
  File "/usr/lib/python2.7/httplib.py", line 778, in connect
    self.timeout, self.source_address)
  File "/usr/lib/python2.7/socket.py", line 571, in create_connection
    raise err
error: [Errno 111] Connection refused

