[roslaunch][INFO] 2017-10-09 14:53:13,444: Checking log directory for disk usage. This may take awhile.
Press Ctrl-C to interrupt
[roslaunch][INFO] 2017-10-09 14:53:13,517: Done checking log file disk usage. Usage is <1GB.
[roslaunch][INFO] 2017-10-09 14:53:13,517: roslaunch starting with args ['/opt/ros/indigo/bin/roslaunch', 'rosbridge_server', 'rosbridge_websocket.launch', 'port:=42335']
[roslaunch][INFO] 2017-10-09 14:53:13,553: roslaunch env is {'ROS_DISTRO': 'indigo', 'ASNLIB': '/home/ccc_v1_s80115__49396/asn17210_Project_2_/asn17211_Project_2/asnlib.0', 'LIB': '/home/ccc_v1_s80115__49396/lib', 'PKG_CONFIG_PATH': '/opt/ros/indigo/lib/pkgconfig:/opt/ros/indigo/lib/x86_64-linux-gnu/pkgconfig', 'SSH_CLIENT': '172.31.43.31 53214 22', 'CPATH': '/opt/ros/indigo/include', 'LOGNAME': 'ccc_v1_w_NDU1M_86698', 'USER': 'ccc_v1_w_NDU1M_86698', 'ROS_NODE_PORT': '44986', 'HOME': '/home/ccc_v1_w_NDU1M_86698/asn17210_Project_2_/asn17211_Project_2/work', 'PATH': '/opt/ros/indigo/bin:/usr/local/sbin:/usr/local/bin:/usr/sbin:/usr/bin:/sbin:/bin:/usr/games:/usr/local/games:/home/local/bin:/home/ccc_v1_s80115__49396/lib:/home/ccc_v1_s80115__49396/asn17210_Project_2_/asn17211_Project_2/asnlib.0:/home/vlibs:.', 'CMAKE_PREFIX_PATH': '/opt/ros/indigo', 'LD_LIBRARY_PATH': '/opt/ros/indigo/lib:/opt/ros/indigo/lib/x86_64-linux-gnu:/home/ccc_v1_s80115__49396/lib:/home/ccc_v1_s80115__49396/asn17210_Project_2_/asn17211_Project_2/asnlib.0:/home/vlibs', 'LANG': 'en_US.UTF-8', 'TERM': 'xterm-256color', 'SHELL': '/bin/bash', 'HISTFILE': '/home/ccc_v1_w_NDU1M_86698/.bash_history', 'SHLVL': '2', 'VOC_WORKAREA': '/home/ccc_v1_w_NDU1M_86698/asn17210_Project_2_/asn17211_Project_2/work', 'ROS_LOG_FILENAME': '/home/ccc_v1_w_NDU1M_86698/asn17210_Project_2_/asn17211_Project_2/work/.ros/log/3e3d4d78-ad3c-11e7-96d5-06f360e4abc1/roslaunch-ip-172-31-19-100-22996.log', 'PART1': '/home/ccc_v1_s80115__49396/asn17210_Project_2_/asn17211_Project_2', 'ROS_ETC_DIR': '/opt/ros/indigo/etc/ros', 'XDG_RUNTIME_DIR': '/run/user/86698', 'PYTHONPATH': '/opt/ros/indigo/lib/python2.7/dist-packages:/home/vlibs/python', 'VOC_PROXY_WRAPPER_PORT': '5100', 'VOC_XFER_TOKEN': '1762612724298812988117211059dbefbf85f190.79319268', 'ROS_ROOT': '/opt/ros/indigo/share/ros', 'OLD_HOME': '/home/ccc_v1_w_NDU1M_86698', 'VOC_PROXY_TOKEN': '19299330322988129881172110159dbefbf8c9af9.71066608', 'ROS_PACKAGE_PATH': '/opt/ros/indigo/share:/opt/ros/indigo/stacks', 'XDG_SESSION_ID': '127583', '_': '/usr/bin/stdbuf', 'LD_PRELOAD': '/usr/lib/coreutils/libstdbuf.so', '_STDBUF_O': 'L', 'SSH_TTY': '/dev/pts/0', 'OLDPWD': '/home/ccc_v1_w_NDU1M_86698', 'ROSLISP_PACKAGE_DIRECTORIES': '', 'VLIB': '/home/vlibs', 'PWD': '/home/ccc_v1_w_NDU1M_86698/asn17210_Project_2_/asn17211_Project_2/work', 'VOC_PROXY_ID': '29881_29881_17211_0_1', 'ROS_MASTER_URI': 'http://localhost:44986', 'MAIL': '/var/mail/ccc_v1_w_NDU1M_86698', 'SSH_CONNECTION': '172.31.43.31 53214 172.31.19.100 22'}
[roslaunch][INFO] 2017-10-09 14:53:13,570: starting in server mode
[roslaunch.parent][INFO] 2017-10-09 14:53:13,595: starting roslaunch parent run
[roslaunch][INFO] 2017-10-09 14:53:13,612: loading roscore config file /opt/ros/indigo/etc/ros/roscore.xml
[roslaunch][INFO] 2017-10-09 14:53:13,745: Added core node of type [rosout/rosout] in namespace [/]
[roslaunch.config][INFO] 2017-10-09 14:53:13,746: loading config file /opt/ros/indigo/share/rosbridge_server/launch/rosbridge_websocket.launch
[roslaunch][INFO] 2017-10-09 14:53:13,752: Added node of type [rosbridge_server/rosbridge_websocket] in namespace [/]
[roslaunch][INFO] 2017-10-09 14:53:13,757: Added node of type [rosapi/rosapi_node] in namespace [/]
[roslaunch][INFO] 2017-10-09 14:53:13,760: ... selected machine [] for node of type [rosbridge_server/rosbridge_websocket]
[roslaunch][INFO] 2017-10-09 14:53:13,764: ... selected machine [] for node of type [rosapi/rosapi_node]
[roslaunch.pmon][INFO] 2017-10-09 14:53:13,768: start_process_monitor: creating ProcessMonitor
[roslaunch.pmon][INFO] 2017-10-09 14:53:13,772: created process monitor <ProcessMonitor(ProcessMonitor-1, initial daemon)>
[roslaunch.pmon][INFO] 2017-10-09 14:53:13,775: start_process_monitor: ProcessMonitor started
[roslaunch.parent][INFO] 2017-10-09 14:53:13,779: starting parent XML-RPC server
[roslaunch.server][INFO] 2017-10-09 14:53:13,783: starting roslaunch XML-RPC server
[roslaunch.server][INFO] 2017-10-09 14:53:13,786: waiting for roslaunch XML-RPC server to initialize
[xmlrpc][INFO] 2017-10-09 14:53:13,786: XML-RPC server binding to 0.0.0.0:0
[xmlrpc][INFO] 2017-10-09 14:53:13,800: Started XML-RPC server [http://ip-172-31-19-100:55198/]
[xmlrpc][INFO] 2017-10-09 14:53:13,803: xml rpc node: starting XML-RPC server
[roslaunch][INFO] 2017-10-09 14:53:13,811: started roslaunch server http://ip-172-31-19-100:55198/
[roslaunch.parent][INFO] 2017-10-09 14:53:13,823: ... parent XML-RPC server started
[roslaunch][INFO] 2017-10-09 14:53:13,827: master.is_running[http://localhost:44986]
[roslaunch][INFO] 2017-10-09 14:53:13,831: master.is_running[http://localhost:44986]
[roslaunch][INFO] 2017-10-09 14:53:13,836: ROS_MASTER_URI=http://localhost:44986
[roslaunch][INFO] 2017-10-09 14:53:13,841: setting /roslaunch/uris/host_ip_172_31_19_100__55198' to http://ip-172-31-19-100:55198/
[roslaunch][INFO] 2017-10-09 14:53:13,846: load_parameters starting ...
[roslaunch][INFO] 2017-10-09 14:53:13,885: ... load_parameters complete
[roslaunch][INFO] 2017-10-09 14:53:13,890: launch_nodes: launching local nodes ...
[roslaunch][INFO] 2017-10-09 14:53:13,894: ... preparing to launch node of type [rosbridge_server/rosbridge_websocket]
[roslaunch][INFO] 2017-10-09 14:53:13,904: create_node_process: package[rosbridge_server] type[rosbridge_websocket] machine[Machine(name[] env_loader[None] address[localhost] ssh_port[22] user[None] assignable[True] timeout[10.0])] master_uri[http://localhost:44986]
[roslaunch][INFO] 2017-10-09 14:53:13,908: process[rosbridge_websocket-1]: env[{'ROS_DISTRO': 'indigo', 'ASNLIB': '/home/ccc_v1_s80115__49396/asn17210_Project_2_/asn17211_Project_2/asnlib.0', 'LIB': '/home/ccc_v1_s80115__49396/lib', 'VOC_PROXY_TOKEN': '19299330322988129881172110159dbefbf8c9af9.71066608', 'SSH_CLIENT': '172.31.43.31 53214 22', 'CPATH': '/opt/ros/indigo/include', 'LOGNAME': 'ccc_v1_w_NDU1M_86698', 'USER': 'ccc_v1_w_NDU1M_86698', 'ROS_NODE_PORT': '44986', 'HOME': '/home/ccc_v1_w_NDU1M_86698/asn17210_Project_2_/asn17211_Project_2/work', 'PATH': '/opt/ros/indigo/bin:/usr/local/sbin:/usr/local/bin:/usr/sbin:/usr/bin:/sbin:/bin:/usr/games:/usr/local/games:/home/local/bin:/home/ccc_v1_s80115__49396/lib:/home/ccc_v1_s80115__49396/asn17210_Project_2_/asn17211_Project_2/asnlib.0:/home/vlibs:.', 'CMAKE_PREFIX_PATH': '/opt/ros/indigo', 'ROS_LOG_FILENAME': '/home/ccc_v1_w_NDU1M_86698/asn17210_Project_2_/asn17211_Project_2/work/.ros/log/3e3d4d78-ad3c-11e7-96d5-06f360e4abc1/roslaunch-ip-172-31-19-100-22996.log', 'LANG': 'en_US.UTF-8', 'TERM': 'xterm-256color', 'SHELL': '/bin/bash', 'HISTFILE': '/home/ccc_v1_w_NDU1M_86698/.bash_history', 'SHLVL': '2', 'VOC_WORKAREA': '/home/ccc_v1_w_NDU1M_86698/asn17210_Project_2_/asn17211_Project_2/work', 'LD_LIBRARY_PATH': '/opt/ros/indigo/lib:/opt/ros/indigo/lib/x86_64-linux-gnu:/home/ccc_v1_s80115__49396/lib:/home/ccc_v1_s80115__49396/asn17210_Project_2_/asn17211_Project_2/asnlib.0:/home/vlibs', 'PART1': '/home/ccc_v1_s80115__49396/asn17210_Project_2_/asn17211_Project_2', 'ROS_MASTER_URI': 'http://localhost:44986', 'XDG_RUNTIME_DIR': '/run/user/86698', 'PYTHONPATH': '/opt/ros/indigo/lib/python2.7/dist-packages:/home/vlibs/python', 'VOC_PROXY_WRAPPER_PORT': '5100', 'VOC_XFER_TOKEN': '1762612724298812988117211059dbefbf85f190.79319268', 'ROS_ROOT': '/opt/ros/indigo/share/ros', 'OLD_HOME': '/home/ccc_v1_w_NDU1M_86698', 'PKG_CONFIG_PATH': '/opt/ros/indigo/lib/pkgconfig:/opt/ros/indigo/lib/x86_64-linux-gnu/pkgconfig', 'ROS_PACKAGE_PATH': '/opt/ros/indigo/share:/opt/ros/indigo/stacks', 'XDG_SESSION_ID': '127583', '_': '/usr/bin/stdbuf', 'LD_PRELOAD': '/usr/lib/coreutils/libstdbuf.so', '_STDBUF_O': 'L', 'SSH_TTY': '/dev/pts/0', 'OLDPWD': '/home/ccc_v1_w_NDU1M_86698', 'ROSLISP_PACKAGE_DIRECTORIES': '', 'VLIB': '/home/vlibs', 'PWD': '/home/ccc_v1_w_NDU1M_86698/asn17210_Project_2_/asn17211_Project_2/work', 'VOC_PROXY_ID': '29881_29881_17211_0_1', 'ROS_ETC_DIR': '/opt/ros/indigo/etc/ros', 'MAIL': '/var/mail/ccc_v1_w_NDU1M_86698', 'SSH_CONNECTION': '172.31.43.31 53214 172.31.19.100 22'}]
[roslaunch][INFO] 2017-10-09 14:53:13,938: process[rosbridge_websocket-1]: args[[u'/opt/ros/indigo/lib/rosbridge_server/rosbridge_websocket', u'__name:=rosbridge_websocket']]
[roslaunch][INFO] 2017-10-09 14:53:13,948: ... created process [rosbridge_websocket-1]
[roslaunch.pmon][INFO] 2017-10-09 14:53:13,952: ProcessMonitor.register[rosbridge_websocket-1]
[roslaunch.pmon][INFO] 2017-10-09 14:53:13,955: ProcessMonitor.register[rosbridge_websocket-1] complete
[roslaunch][INFO] 2017-10-09 14:53:13,962: ... registered process [rosbridge_websocket-1]
[roslaunch][INFO] 2017-10-09 14:53:13,965: process[rosbridge_websocket-1]: starting os process
[roslaunch][INFO] 2017-10-09 14:53:13,969: process[rosbridge_websocket-1]: start w/ args [[u'/opt/ros/indigo/lib/rosbridge_server/rosbridge_websocket', u'__name:=rosbridge_websocket', u'__log:=/home/ccc_v1_w_NDU1M_86698/asn17210_Project_2_/asn17211_Project_2/work/.ros/log/3e3d4d78-ad3c-11e7-96d5-06f360e4abc1/rosbridge_websocket-1.log']]
[roslaunch][INFO] 2017-10-09 14:53:13,973: process[rosbridge_websocket-1]: cwd will be [/home/ccc_v1_w_NDU1M_86698/asn17210_Project_2_/asn17211_Project_2/work/.ros]
[roslaunch][INFO] 2017-10-09 14:53:13,981: process[rosbridge_websocket-1]: started with pid [23071]
[roslaunch][INFO] 2017-10-09 14:53:13,982: ... successfully launched [rosbridge_websocket-1]
[roslaunch][INFO] 2017-10-09 14:53:13,985: ... preparing to launch node of type [rosapi/rosapi_node]
[roslaunch][INFO] 2017-10-09 14:53:13,989: create_node_process: package[rosapi] type[rosapi_node] machine[Machine(name[] env_loader[None] address[localhost] ssh_port[22] user[None] assignable[True] timeout[10.0])] master_uri[http://localhost:44986]
[roslaunch][INFO] 2017-10-09 14:53:13,993: process[rosapi-2]: env[{'ROS_DISTRO': 'indigo', 'ASNLIB': '/home/ccc_v1_s80115__49396/asn17210_Project_2_/asn17211_Project_2/asnlib.0', 'LIB': '/home/ccc_v1_s80115__49396/lib', 'VOC_PROXY_TOKEN': '19299330322988129881172110159dbefbf8c9af9.71066608', 'SSH_CLIENT': '172.31.43.31 53214 22', 'CPATH': '/opt/ros/indigo/include', 'LOGNAME': 'ccc_v1_w_NDU1M_86698', 'USER': 'ccc_v1_w_NDU1M_86698', 'ROS_NODE_PORT': '44986', 'HOME': '/home/ccc_v1_w_NDU1M_86698/asn17210_Project_2_/asn17211_Project_2/work', 'PATH': '/opt/ros/indigo/bin:/usr/local/sbin:/usr/local/bin:/usr/sbin:/usr/bin:/sbin:/bin:/usr/games:/usr/local/games:/home/local/bin:/home/ccc_v1_s80115__49396/lib:/home/ccc_v1_s80115__49396/asn17210_Project_2_/asn17211_Project_2/asnlib.0:/home/vlibs:.', 'CMAKE_PREFIX_PATH': '/opt/ros/indigo', 'ROS_LOG_FILENAME': '/home/ccc_v1_w_NDU1M_86698/asn17210_Project_2_/asn17211_Project_2/work/.ros/log/3e3d4d78-ad3c-11e7-96d5-06f360e4abc1/roslaunch-ip-172-31-19-100-22996.log', 'LANG': 'en_US.UTF-8', 'TERM': 'xterm-256color', 'SHELL': '/bin/bash', 'HISTFILE': '/home/ccc_v1_w_NDU1M_86698/.bash_history', 'SHLVL': '2', 'VOC_WORKAREA': '/home/ccc_v1_w_NDU1M_86698/asn17210_Project_2_/asn17211_Project_2/work', 'LD_LIBRARY_PATH': '/opt/ros/indigo/lib:/opt/ros/indigo/lib/x86_64-linux-gnu:/home/ccc_v1_s80115__49396/lib:/home/ccc_v1_s80115__49396/asn17210_Project_2_/asn17211_Project_2/asnlib.0:/home/vlibs', 'PART1': '/home/ccc_v1_s80115__49396/asn17210_Project_2_/asn17211_Project_2', 'ROS_MASTER_URI': 'http://localhost:44986', 'XDG_RUNTIME_DIR': '/run/user/86698', 'PYTHONPATH': '/opt/ros/indigo/lib/python2.7/dist-packages:/home/vlibs/python', 'VOC_PROXY_WRAPPER_PORT': '5100', 'VOC_XFER_TOKEN': '1762612724298812988117211059dbefbf85f190.79319268', 'ROS_ROOT': '/opt/ros/indigo/share/ros', 'OLD_HOME': '/home/ccc_v1_w_NDU1M_86698', 'PKG_CONFIG_PATH': '/opt/ros/indigo/lib/pkgconfig:/opt/ros/indigo/lib/x86_64-linux-gnu/pkgconfig', 'ROS_PACKAGE_PATH': '/opt/ros/indigo/share:/opt/ros/indigo/stacks', 'XDG_SESSION_ID': '127583', '_': '/usr/bin/stdbuf', 'LD_PRELOAD': '/usr/lib/coreutils/libstdbuf.so', '_STDBUF_O': 'L', 'SSH_TTY': '/dev/pts/0', 'OLDPWD': '/home/ccc_v1_w_NDU1M_86698', 'ROSLISP_PACKAGE_DIRECTORIES': '', 'VLIB': '/home/vlibs', 'PWD': '/home/ccc_v1_w_NDU1M_86698/asn17210_Project_2_/asn17211_Project_2/work', 'VOC_PROXY_ID': '29881_29881_17211_0_1', 'ROS_ETC_DIR': '/opt/ros/indigo/etc/ros', 'MAIL': '/var/mail/ccc_v1_w_NDU1M_86698', 'SSH_CONNECTION': '172.31.43.31 53214 172.31.19.100 22'}]
[roslaunch][INFO] 2017-10-09 14:53:13,997: process[rosapi-2]: args[[u'/opt/ros/indigo/lib/rosapi/rosapi_node', u'__name:=rosapi']]
[roslaunch][INFO] 2017-10-09 14:53:14,001: ... created process [rosapi-2]
[roslaunch.pmon][INFO] 2017-10-09 14:53:14,005: ProcessMonitor.register[rosapi-2]
[roslaunch.pmon][INFO] 2017-10-09 14:53:14,009: ProcessMonitor.register[rosapi-2] complete
[roslaunch][INFO] 2017-10-09 14:53:14,015: ... registered process [rosapi-2]
[roslaunch][INFO] 2017-10-09 14:53:14,019: process[rosapi-2]: starting os process
[roslaunch][INFO] 2017-10-09 14:53:14,025: process[rosapi-2]: start w/ args [[u'/opt/ros/indigo/lib/rosapi/rosapi_node', u'__name:=rosapi', u'__log:=/home/ccc_v1_w_NDU1M_86698/asn17210_Project_2_/asn17211_Project_2/work/.ros/log/3e3d4d78-ad3c-11e7-96d5-06f360e4abc1/rosapi-2.log']]
[roslaunch][INFO] 2017-10-09 14:53:14,033: process[rosapi-2]: cwd will be [/home/ccc_v1_w_NDU1M_86698/asn17210_Project_2_/asn17211_Project_2/work/.ros]
[roslaunch][INFO] 2017-10-09 14:53:14,041: process[rosapi-2]: started with pid [23072]
[roslaunch][INFO] 2017-10-09 14:53:14,042: ... successfully launched [rosapi-2]
[roslaunch][INFO] 2017-10-09 14:53:14,055: ... launch_nodes complete
[roslaunch.pmon][INFO] 2017-10-09 14:53:14,059: registrations completed <ProcessMonitor(ProcessMonitor-1, started daemon 139700791465728)>
[roslaunch.parent][INFO] 2017-10-09 14:53:14,062: ... roslaunch parent running, waiting for process exit
[roslaunch][INFO] 2017-10-09 14:53:14,066: spin
