[roslaunch][INFO] 2017-10-09 14:53:11,236: Checking log directory for disk usage. This may take awhile.
Press Ctrl-C to interrupt
[roslaunch][INFO] 2017-10-09 14:53:11,336: Done checking log file disk usage. Usage is <1GB.
[roslaunch][INFO] 2017-10-09 14:53:11,336: roslaunch starting with args ['roscore', '--core', '-p', '44986']
[roslaunch][INFO] 2017-10-09 14:53:11,340: roslaunch env is {'ROS_DISTRO': 'indigo', 'ASNLIB': '/home/ccc_v1_s80115__49396/asn17210_Project_2_/asn17211_Project_2/asnlib.0', 'LIB': '/home/ccc_v1_s80115__49396/lib', 'PKG_CONFIG_PATH': '/opt/ros/indigo/lib/pkgconfig:/opt/ros/indigo/lib/x86_64-linux-gnu/pkgconfig', 'SSH_CLIENT': '172.31.43.31 53214 22', 'CPATH': '/opt/ros/indigo/include', 'LOGNAME': 'ccc_v1_w_NDU1M_86698', 'USER': 'ccc_v1_w_NDU1M_86698', 'ROS_NODE_PORT': '44986', 'HOME': '/home/ccc_v1_w_NDU1M_86698/asn17210_Project_2_/asn17211_Project_2/work', 'PATH': '/opt/ros/indigo/bin:/usr/local/sbin:/usr/local/bin:/usr/sbin:/usr/bin:/sbin:/bin:/usr/games:/usr/local/games:/home/local/bin:/home/ccc_v1_s80115__49396/lib:/home/ccc_v1_s80115__49396/asn17210_Project_2_/asn17211_Project_2/asnlib.0:/home/vlibs:.', 'CMAKE_PREFIX_PATH': '/opt/ros/indigo', 'LD_LIBRARY_PATH': '/opt/ros/indigo/lib:/opt/ros/indigo/lib/x86_64-linux-gnu:/home/ccc_v1_s80115__49396/lib:/home/ccc_v1_s80115__49396/asn17210_Project_2_/asn17211_Project_2/asnlib.0:/home/vlibs', 'LANG': 'en_US.UTF-8', 'TERM': 'xterm-256color', 'SHELL': '/bin/bash', 'HISTFILE': '/home/ccc_v1_w_NDU1M_86698/.bash_history', 'SHLVL': '2', 'VOC_WORKAREA': '/home/ccc_v1_w_NDU1M_86698/asn17210_Project_2_/asn17211_Project_2/work', 'ROS_LOG_FILENAME': '/home/ccc_v1_w_NDU1M_86698/asn17210_Project_2_/asn17211_Project_2/work/.ros/log/3e3d4d78-ad3c-11e7-96d5-06f360e4abc1/roslaunch-ip-172-31-19-100-22890.log', 'PART1': '/home/ccc_v1_s80115__49396/asn17210_Project_2_/asn17211_Project_2', 'ROS_ETC_DIR': '/opt/ros/indigo/etc/ros', 'XDG_RUNTIME_DIR': '/run/user/86698', 'PYTHONPATH': '/opt/ros/indigo/lib/python2.7/dist-packages:/home/vlibs/python', 'VOC_PROXY_WRAPPER_PORT': '5100', 'VOC_XFER_TOKEN': '1762612724298812988117211059dbefbf85f190.79319268', 'ROS_ROOT': '/opt/ros/indigo/share/ros', 'OLD_HOME': '/home/ccc_v1_w_NDU1M_86698', 'VOC_PROXY_TOKEN': '19299330322988129881172110159dbefbf8c9af9.71066608', 'ROS_PACKAGE_PATH': '/opt/ros/indigo/share:/opt/ros/indigo/stacks', 'XDG_SESSION_ID': '127583', '_': '/usr/bin/stdbuf', 'LD_PRELOAD': '/usr/lib/coreutils/libstdbuf.so', '_STDBUF_O': 'L', 'SSH_TTY': '/dev/pts/0', 'OLDPWD': '/home/ccc_v1_w_NDU1M_86698', 'ROSLISP_PACKAGE_DIRECTORIES': '', 'VLIB': '/home/vlibs', 'PWD': '/home/ccc_v1_w_NDU1M_86698/asn17210_Project_2_/asn17211_Project_2/work', 'VOC_PROXY_ID': '29881_29881_17211_0_1', 'ROS_MASTER_URI': 'http://localhost:44986', 'MAIL': '/var/mail/ccc_v1_w_NDU1M_86698', 'SSH_CONNECTION': '172.31.43.31 53214 172.31.19.100 22'}
[roslaunch][INFO] 2017-10-09 14:53:11,343: starting in server mode
[roslaunch.parent][INFO] 2017-10-09 14:53:11,346: starting roslaunch parent run
[roslaunch][INFO] 2017-10-09 14:53:11,350: loading roscore config file /opt/ros/indigo/etc/ros/roscore.xml
[roslaunch][INFO] 2017-10-09 14:53:11,464: Added core node of type [rosout/rosout] in namespace [/]
[roslaunch.pmon][INFO] 2017-10-09 14:53:11,465: start_process_monitor: creating ProcessMonitor
[roslaunch.pmon][INFO] 2017-10-09 14:53:11,469: created process monitor <ProcessMonitor(ProcessMonitor-1, initial daemon)>
[roslaunch.pmon][INFO] 2017-10-09 14:53:11,479: start_process_monitor: ProcessMonitor started
[roslaunch.parent][INFO] 2017-10-09 14:53:11,484: starting parent XML-RPC server
[roslaunch.server][INFO] 2017-10-09 14:53:11,487: starting roslaunch XML-RPC server
[roslaunch.server][INFO] 2017-10-09 14:53:11,491: waiting for roslaunch XML-RPC server to initialize
[xmlrpc][INFO] 2017-10-09 14:53:11,491: XML-RPC server binding to 0.0.0.0:0
[xmlrpc][INFO] 2017-10-09 14:53:11,551: Started XML-RPC server [http://ip-172-31-19-100:44876/]
[xmlrpc][INFO] 2017-10-09 14:53:11,556: xml rpc node: starting XML-RPC server
[roslaunch][INFO] 2017-10-09 14:53:11,577: started roslaunch server http://ip-172-31-19-100:44876/
[roslaunch.parent][INFO] 2017-10-09 14:53:11,587: ... parent XML-RPC server started
[roslaunch][INFO] 2017-10-09 14:53:11,592: master.is_running[http://ip-172-31-19-100:44986/]
[roslaunch][INFO] 2017-10-09 14:53:11,597: auto-starting new master
[roslaunch][INFO] 2017-10-09 14:53:11,607: create_master_process: rosmaster, /opt/ros/indigo/share/ros, 44986, 3, None
[roslaunch][INFO] 2017-10-09 14:53:11,611: process[master]: launching with args [['rosmaster', '--core', '-p', '44986', '-w', '3']]
[roslaunch.pmon][INFO] 2017-10-09 14:53:11,614: ProcessMonitor.register[master]
[roslaunch.pmon][INFO] 2017-10-09 14:53:11,618: ProcessMonitor.register[master] complete
[roslaunch][INFO] 2017-10-09 14:53:11,623: process[master]: starting os process
[roslaunch][INFO] 2017-10-09 14:53:11,627: process[master]: start w/ args [['rosmaster', '--core', '-p', '44986', '-w', '3', '__log:=/home/ccc_v1_w_NDU1M_86698/asn17210_Project_2_/asn17211_Project_2/work/.ros/log/3e3d4d78-ad3c-11e7-96d5-06f360e4abc1/master.log']]
[roslaunch][INFO] 2017-10-09 14:53:11,630: process[master]: cwd will be [/home/ccc_v1_w_NDU1M_86698/asn17210_Project_2_/asn17211_Project_2/work/.ros]
[roslaunch][INFO] 2017-10-09 14:53:11,644: process[master]: started with pid [22906]
[roslaunch][INFO] 2017-10-09 14:53:11,645: master.is_running[http://ip-172-31-19-100:44986/]
[roslaunch][INFO] 2017-10-09 14:53:11,749: master.is_running[http://ip-172-31-19-100:44986/]
[roslaunch][INFO] 2017-10-09 14:53:11,862: master.is_running[http://ip-172-31-19-100:44986/]
[roslaunch][INFO] 2017-10-09 14:53:11,874: master.is_running[http://ip-172-31-19-100:44986/]
[roslaunch][INFO] 2017-10-09 14:53:11,878: ROS_MASTER_URI=http://ip-172-31-19-100:44986/
[roslaunch][INFO] 2017-10-09 14:53:11,883: setting /run_id to 3e3d4d78-ad3c-11e7-96d5-06f360e4abc1
[roslaunch][INFO] 2017-10-09 14:53:11,890: setting /roslaunch/uris/host_ip_172_31_19_100__44876' to http://ip-172-31-19-100:44876/
[roslaunch][INFO] 2017-10-09 14:53:11,899: ... preparing to launch node of type [rosout/rosout]
[roslaunch][INFO] 2017-10-09 14:53:11,909: create_node_process: package[rosout] type[rosout] machine[Machine(name[] env_loader[None] address[localhost] ssh_port[22] user[None] assignable[True] timeout[10.0])] master_uri[http://ip-172-31-19-100:44986/]
[roslaunch][INFO] 2017-10-09 14:53:11,912: process[rosout-1]: env[{'ROS_DISTRO': 'indigo', 'ASNLIB': '/home/ccc_v1_s80115__49396/asn17210_Project_2_/asn17211_Project_2/asnlib.0', 'LIB': '/home/ccc_v1_s80115__49396/lib', 'VOC_PROXY_TOKEN': '19299330322988129881172110159dbefbf8c9af9.71066608', 'SSH_CLIENT': '172.31.43.31 53214 22', 'CPATH': '/opt/ros/indigo/include', 'LOGNAME': 'ccc_v1_w_NDU1M_86698', 'USER': 'ccc_v1_w_NDU1M_86698', 'ROS_NODE_PORT': '44986', 'HOME': '/home/ccc_v1_w_NDU1M_86698/asn17210_Project_2_/asn17211_Project_2/work', 'PATH': '/opt/ros/indigo/bin:/usr/local/sbin:/usr/local/bin:/usr/sbin:/usr/bin:/sbin:/bin:/usr/games:/usr/local/games:/home/local/bin:/home/ccc_v1_s80115__49396/lib:/home/ccc_v1_s80115__49396/asn17210_Project_2_/asn17211_Project_2/asnlib.0:/home/vlibs:.', 'CMAKE_PREFIX_PATH': '/opt/ros/indigo', 'ROS_LOG_FILENAME': '/home/ccc_v1_w_NDU1M_86698/asn17210_Project_2_/asn17211_Project_2/work/.ros/log/3e3d4d78-ad3c-11e7-96d5-06f360e4abc1/roslaunch-ip-172-31-19-100-22890.log', 'LANG': 'en_US.UTF-8', 'TERM': 'xterm-256color', 'SHELL': '/bin/bash', 'HISTFILE': '/home/ccc_v1_w_NDU1M_86698/.bash_history', 'SHLVL': '2', 'VOC_WORKAREA': '/home/ccc_v1_w_NDU1M_86698/asn17210_Project_2_/asn17211_Project_2/work', 'LD_LIBRARY_PATH': '/opt/ros/indigo/lib:/opt/ros/indigo/lib/x86_64-linux-gnu:/home/ccc_v1_s80115__49396/lib:/home/ccc_v1_s80115__49396/asn17210_Project_2_/asn17211_Project_2/asnlib.0:/home/vlibs', 'PART1': '/home/ccc_v1_s80115__49396/asn17210_Project_2_/asn17211_Project_2', 'ROS_MASTER_URI': 'http://ip-172-31-19-100:44986/', 'XDG_RUNTIME_DIR': '/run/user/86698', 'PYTHONPATH': '/opt/ros/indigo/lib/python2.7/dist-packages:/home/vlibs/python', 'VOC_PROXY_WRAPPER_PORT': '5100', 'VOC_XFER_TOKEN': '1762612724298812988117211059dbefbf85f190.79319268', 'ROS_ROOT': '/opt/ros/indigo/share/ros', 'OLD_HOME': '/home/ccc_v1_w_NDU1M_86698', 'PKG_CONFIG_PATH': '/opt/ros/indigo/lib/pkgconfig:/opt/ros/indigo/lib/x86_64-linux-gnu/pkgconfig', 'ROS_PACKAGE_PATH': '/opt/ros/indigo/share:/opt/ros/indigo/stacks', 'XDG_SESSION_ID': '127583', '_': '/usr/bin/stdbuf', 'LD_PRELOAD': '/usr/lib/coreutils/libstdbuf.so', '_STDBUF_O': 'L', 'SSH_TTY': '/dev/pts/0', 'OLDPWD': '/home/ccc_v1_w_NDU1M_86698', 'ROSLISP_PACKAGE_DIRECTORIES': '', 'VLIB': '/home/vlibs', 'PWD': '/home/ccc_v1_w_NDU1M_86698/asn17210_Project_2_/asn17211_Project_2/work', 'VOC_PROXY_ID': '29881_29881_17211_0_1', 'ROS_ETC_DIR': '/opt/ros/indigo/etc/ros', 'MAIL': '/var/mail/ccc_v1_w_NDU1M_86698', 'SSH_CONNECTION': '172.31.43.31 53214 172.31.19.100 22'}]
[roslaunch][INFO] 2017-10-09 14:53:11,949: process[rosout-1]: args[[u'/opt/ros/indigo/lib/rosout/rosout', u'__name:=rosout']]
[roslaunch][INFO] 2017-10-09 14:53:11,955: ... created process [rosout-1]
[roslaunch.pmon][INFO] 2017-10-09 14:53:11,981: ProcessMonitor.register[rosout-1]
[roslaunch.pmon][INFO] 2017-10-09 14:53:11,985: ProcessMonitor.register[rosout-1] complete
[roslaunch][INFO] 2017-10-09 14:53:11,989: ... registered process [rosout-1]
[roslaunch][INFO] 2017-10-09 14:53:11,992: process[rosout-1]: starting os process
[roslaunch][INFO] 2017-10-09 14:53:11,997: process[rosout-1]: start w/ args [[u'/opt/ros/indigo/lib/rosout/rosout', u'__name:=rosout', u'__log:=/home/ccc_v1_w_NDU1M_86698/asn17210_Project_2_/asn17211_Project_2/work/.ros/log/3e3d4d78-ad3c-11e7-96d5-06f360e4abc1/rosout-1.log']]
[roslaunch][INFO] 2017-10-09 14:53:12,001: process[rosout-1]: cwd will be [/home/ccc_v1_w_NDU1M_86698/asn17210_Project_2_/asn17211_Project_2/work/.ros]
[roslaunch][INFO] 2017-10-09 14:53:12,018: process[rosout-1]: started with pid [22919]
[roslaunch][INFO] 2017-10-09 14:53:12,019: ... successfully launched [rosout-1]
[roslaunch][INFO] 2017-10-09 14:53:12,029: load_parameters starting ...
[roslaunch][INFO] 2017-10-09 14:53:12,049: ... load_parameters complete
[roslaunch][INFO] 2017-10-09 14:53:12,054: launch_nodes: launching local nodes ...
[roslaunch][INFO] 2017-10-09 14:53:12,059: ... launch_nodes complete
[roslaunch.pmon][INFO] 2017-10-09 14:53:12,065: registrations completed <ProcessMonitor(ProcessMonitor-1, started daemon 139669535483648)>
[roslaunch.parent][INFO] 2017-10-09 14:53:12,096: ... roslaunch parent running, waiting for process exit
[roslaunch][INFO] 2017-10-09 14:53:12,100: spin
