[rospy.client][INFO] 2017-10-09 14:07:39,998: init_node, name[/rosbridge_websocket], pid[29445]
[xmlrpc][INFO] 2017-10-09 14:07:39,999: XML-RPC server binding to 0.0.0.0:0
[xmlrpc][INFO] 2017-10-09 14:07:40,003: Started XML-RPC server [http://ip-172-31-19-100:54181/]
[rospy.init][INFO] 2017-10-09 14:07:40,003: ROS Slave URI: [http://ip-172-31-19-100:54181/]
[rospy.impl.masterslave][INFO] 2017-10-09 14:07:40,007: _ready: http://ip-172-31-19-100:54181/
[xmlrpc][INFO] 2017-10-09 14:07:40,015: xml rpc node: starting XML-RPC server
[rospy.registration][INFO] 2017-10-09 14:07:40,015: Registering with master node http://localhost:34027
[rospy.init][INFO] 2017-10-09 14:07:40,111: registered with master
[rospy.rosout][INFO] 2017-10-09 14:07:40,115: initializing /rosout core topic
[rospy.rosout][INFO] 2017-10-09 14:07:40,129: connected to core topic /rosout
[rospy.simtime][INFO] 2017-10-09 14:07:40,134: /use_sim_time is not set, will not subscribe to simulated time [/clock] topic
[rosout][INFO] 2017-10-09 14:07:40,159: Rosbridge WebSocket server started on port 51923
[rospy.internal][INFO] 2017-10-09 14:07:40,374: topic[/rosout] adding connection to [/rosout], count 0
[rosout][INFO] 2017-10-09 14:08:48,831: Client connected.  1 clients total.
[rosout][INFO] 2017-10-09 14:08:49,187: [Client 0] Subscribed to /tf2_web_republisher/feedback
[rosout][INFO] 2017-10-09 14:08:49,198: [Client 0] Subscribed to /visualization_marker
[rospy.internal][INFO] 2017-10-09 14:08:49,240: topic[/tf2_web_republisher/feedback] adding connection to [http://ip-172-31-19-100:41726/], count 0
[rospy.internal][INFO] 2017-10-09 14:08:49,240: topic[/visualization_marker] adding connection to [http://ip-172-31-19-100:46231/], count 0
[rospy.internal][INFO] 2017-10-09 14:08:49,442: topic[/tf2_web_republisher/cancel] adding connection to [/tf2_web_republisher], count 0
[rospy.internal][INFO] 2017-10-09 14:08:49,448: topic[/tf2_web_republisher/goal] adding connection to [/tf2_web_republisher], count 0
[rospy.internal][INFO] 2017-10-09 14:14:09,733: topic impl's ref count is zero, deleting topic /tf2_web_republisher/cancel...
[rospy.internal][INFO] 2017-10-09 14:14:09,734: topic[/tf2_web_republisher/cancel] removing connection to /tf2_web_republisher
[rospy.internal][INFO] 2017-10-09 14:14:09,746: topic impl's ref count is zero, deleting topic /tf2_web_republisher/goal...
[rospy.internal][INFO] 2017-10-09 14:14:09,750: topic[/tf2_web_republisher/goal] removing connection to /tf2_web_republisher
[rospy.internal][INFO] 2017-10-09 14:14:09,758: topic impl's ref count is zero, deleting topic /tf2_web_republisher/feedback...
[rospy.internal][INFO] 2017-10-09 14:14:09,766: topic[/tf2_web_republisher/feedback] removing connection to http://ip-172-31-19-100:41726/
[rospy.internal][INFO] 2017-10-09 14:14:09,775: topic impl's ref count is zero, deleting topic /visualization_marker...
[rospy.internal][INFO] 2017-10-09 14:14:09,779: topic[/visualization_marker] removing connection to http://ip-172-31-19-100:46231/
[rosout][INFO] 2017-10-09 14:14:09,787: Client disconnected. 0 clients total.
[rospy.core][INFO] 2017-10-09 14:14:09,878: signal_shutdown [signal-2]
[rospy.internal][INFO] 2017-10-09 14:14:09,915: topic[/rosout] removing connection to /rosout
[rospy.impl.masterslave][INFO] 2017-10-09 14:14:09,918: signal-2
[rospy.core][INFO] 2017-10-09 14:14:10,537: signal_shutdown [atexit]
