[roslaunch][INFO] 2017-10-09 14:07:36,719: Checking log directory for disk usage. This may take awhile.
Press Ctrl-C to interrupt
[roslaunch][INFO] 2017-10-09 14:07:36,774: Done checking log file disk usage. Usage is <1GB.
[roslaunch][INFO] 2017-10-09 14:07:36,774: roslaunch starting with args ['roscore', '--core', '-p', '34027']
[roslaunch][INFO] 2017-10-09 14:07:36,785: roslaunch env is {'ROS_DISTRO': 'indigo', 'ASNLIB': '/home/ccc_v1_s80115__49396/asn17210_Project_2_/asn17211_Project_2/asnlib.0', 'LIB': '/home/ccc_v1_s80115__49396/lib', 'PKG_CONFIG_PATH': '/opt/ros/indigo/lib/pkgconfig:/opt/ros/indigo/lib/x86_64-linux-gnu/pkgconfig', 'SSH_CLIENT': '172.31.43.31 47028 22', 'CPATH': '/opt/ros/indigo/include', 'LOGNAME': 'ccc_v1_w_NDU1M_86698', 'USER': 'ccc_v1_w_NDU1M_86698', 'ROS_NODE_PORT': '34027', 'HOME': '/home/ccc_v1_w_NDU1M_86698/asn17210_Project_2_/asn17211_Project_2/work', 'PATH': '/opt/ros/indigo/bin:/usr/local/sbin:/usr/local/bin:/usr/sbin:/usr/bin:/sbin:/bin:/usr/games:/usr/local/games:/home/local/bin:/home/ccc_v1_s80115__49396/lib:/home/ccc_v1_s80115__49396/asn17210_Project_2_/asn17211_Project_2/asnlib.0:/home/vlibs:.', 'CMAKE_PREFIX_PATH': '/opt/ros/indigo', 'LD_LIBRARY_PATH': '/opt/ros/indigo/lib:/opt/ros/indigo/lib/x86_64-linux-gnu:/home/ccc_v1_s80115__49396/lib:/home/ccc_v1_s80115__49396/asn17210_Project_2_/asn17211_Project_2/asnlib.0:/home/vlibs', 'LANG': 'en_US.UTF-8', 'TERM': 'xterm-256color', 'SHELL': '/bin/bash', 'HISTFILE': '/home/ccc_v1_w_NDU1M_86698/.bash_history', 'SHLVL': '2', 'VOC_WORKAREA': '/home/ccc_v1_w_NDU1M_86698/asn17210_Project_2_/asn17211_Project_2/work', 'ROS_LOG_FILENAME': '/home/ccc_v1_w_NDU1M_86698/asn17210_Project_2_/asn17211_Project_2/work/.ros/log/e05665b0-ad35-11e7-9749-06f360e4abc1/roslaunch-ip-172-31-19-100-29279.log', 'PART1': '/home/ccc_v1_s80115__49396/asn17210_Project_2_/asn17211_Project_2', 'ROS_ETC_DIR': '/opt/ros/indigo/etc/ros', 'XDG_RUNTIME_DIR': '/run/user/86698', 'PYTHONPATH': '/opt/ros/indigo/lib/python2.7/dist-packages:/home/vlibs/python', 'VOC_PROXY_WRAPPER_PORT': '5100', 'VOC_XFER_TOKEN': '716500627298812988117211059dbe4f925bf30.87841561', 'ROS_ROOT': '/opt/ros/indigo/share/ros', 'OLD_HOME': '/home/ccc_v1_w_NDU1M_86698', 'VOC_PROXY_TOKEN': '17201261242988129881172110159dbe4f92b7419.58002840', 'ROS_PACKAGE_PATH': '/opt/ros/indigo/share:/opt/ros/indigo/stacks', 'XDG_SESSION_ID': '127317', '_': '/usr/bin/stdbuf', 'LD_PRELOAD': '/usr/lib/coreutils/libstdbuf.so', '_STDBUF_O': 'L', 'SSH_TTY': '/dev/pts/0', 'OLDPWD': '/home/ccc_v1_w_NDU1M_86698', 'ROSLISP_PACKAGE_DIRECTORIES': '', 'VLIB': '/home/vlibs', 'PWD': '/home/ccc_v1_w_NDU1M_86698/asn17210_Project_2_/asn17211_Project_2/work', 'VOC_PROXY_ID': '29881_29881_17211_0_1', 'ROS_MASTER_URI': 'http://localhost:34027', 'MAIL': '/var/mail/ccc_v1_w_NDU1M_86698', 'SSH_CONNECTION': '172.31.43.31 47028 172.31.19.100 22'}
[roslaunch][INFO] 2017-10-09 14:07:36,789: starting in server mode
[roslaunch.parent][INFO] 2017-10-09 14:07:36,792: starting roslaunch parent run
[roslaunch][INFO] 2017-10-09 14:07:36,796: loading roscore config file /opt/ros/indigo/etc/ros/roscore.xml
[roslaunch][INFO] 2017-10-09 14:07:36,907: Added core node of type [rosout/rosout] in namespace [/]
[roslaunch.pmon][INFO] 2017-10-09 14:07:36,908: start_process_monitor: creating ProcessMonitor
[roslaunch.pmon][INFO] 2017-10-09 14:07:36,912: created process monitor <ProcessMonitor(ProcessMonitor-1, initial daemon)>
[roslaunch.pmon][INFO] 2017-10-09 14:07:36,916: start_process_monitor: ProcessMonitor started
[roslaunch.parent][INFO] 2017-10-09 14:07:36,920: starting parent XML-RPC server
[roslaunch.server][INFO] 2017-10-09 14:07:36,923: starting roslaunch XML-RPC server
[roslaunch.server][INFO] 2017-10-09 14:07:36,927: waiting for roslaunch XML-RPC server to initialize
[xmlrpc][INFO] 2017-10-09 14:07:36,927: XML-RPC server binding to 0.0.0.0:0
[xmlrpc][INFO] 2017-10-09 14:07:36,934: Started XML-RPC server [http://ip-172-31-19-100:48537/]
[xmlrpc][INFO] 2017-10-09 14:07:36,938: xml rpc node: starting XML-RPC server
[roslaunch][INFO] 2017-10-09 14:07:36,970: started roslaunch server http://ip-172-31-19-100:48537/
[roslaunch.parent][INFO] 2017-10-09 14:07:36,977: ... parent XML-RPC server started
[roslaunch][INFO] 2017-10-09 14:07:36,980: master.is_running[http://ip-172-31-19-100:34027/]
[roslaunch][INFO] 2017-10-09 14:07:36,985: auto-starting new master
[roslaunch][INFO] 2017-10-09 14:07:36,989: create_master_process: rosmaster, /opt/ros/indigo/share/ros, 34027, 3, None
[roslaunch][INFO] 2017-10-09 14:07:36,997: process[master]: launching with args [['rosmaster', '--core', '-p', '34027', '-w', '3']]
[roslaunch.pmon][INFO] 2017-10-09 14:07:37,000: ProcessMonitor.register[master]
[roslaunch.pmon][INFO] 2017-10-09 14:07:37,004: ProcessMonitor.register[master] complete
[roslaunch][INFO] 2017-10-09 14:07:37,007: process[master]: starting os process
[roslaunch][INFO] 2017-10-09 14:07:37,012: process[master]: start w/ args [['rosmaster', '--core', '-p', '34027', '-w', '3', '__log:=/home/ccc_v1_w_NDU1M_86698/asn17210_Project_2_/asn17211_Project_2/work/.ros/log/e05665b0-ad35-11e7-9749-06f360e4abc1/master.log']]
[roslaunch][INFO] 2017-10-09 14:07:37,015: process[master]: cwd will be [/home/ccc_v1_w_NDU1M_86698/asn17210_Project_2_/asn17211_Project_2/work/.ros]
[roslaunch][INFO] 2017-10-09 14:07:37,024: process[master]: started with pid [29294]
[roslaunch][INFO] 2017-10-09 14:07:37,025: master.is_running[http://ip-172-31-19-100:34027/]
[roslaunch][INFO] 2017-10-09 14:07:37,130: master.is_running[http://ip-172-31-19-100:34027/]
[roslaunch][INFO] 2017-10-09 14:07:37,235: master.is_running[http://ip-172-31-19-100:34027/]
[roslaunch][INFO] 2017-10-09 14:07:37,240: master.is_running[http://ip-172-31-19-100:34027/]
[roslaunch][INFO] 2017-10-09 14:07:37,246: ROS_MASTER_URI=http://ip-172-31-19-100:34027/
[roslaunch][INFO] 2017-10-09 14:07:37,251: setting /run_id to e05665b0-ad35-11e7-9749-06f360e4abc1
[roslaunch][INFO] 2017-10-09 14:07:37,260: setting /roslaunch/uris/host_ip_172_31_19_100__48537' to http://ip-172-31-19-100:48537/
[roslaunch][INFO] 2017-10-09 14:07:37,277: ... preparing to launch node of type [rosout/rosout]
[roslaunch][INFO] 2017-10-09 14:07:37,281: create_node_process: package[rosout] type[rosout] machine[Machine(name[] env_loader[None] address[localhost] ssh_port[22] user[None] assignable[True] timeout[10.0])] master_uri[http://ip-172-31-19-100:34027/]
[roslaunch][INFO] 2017-10-09 14:07:37,285: process[rosout-1]: env[{'ROS_DISTRO': 'indigo', 'ASNLIB': '/home/ccc_v1_s80115__49396/asn17210_Project_2_/asn17211_Project_2/asnlib.0', 'LIB': '/home/ccc_v1_s80115__49396/lib', 'VOC_PROXY_TOKEN': '17201261242988129881172110159dbe4f92b7419.58002840', 'SSH_CLIENT': '172.31.43.31 47028 22', 'CPATH': '/opt/ros/indigo/include', 'LOGNAME': 'ccc_v1_w_NDU1M_86698', 'USER': 'ccc_v1_w_NDU1M_86698', 'ROS_NODE_PORT': '34027', 'HOME': '/home/ccc_v1_w_NDU1M_86698/asn17210_Project_2_/asn17211_Project_2/work', 'PATH': '/opt/ros/indigo/bin:/usr/local/sbin:/usr/local/bin:/usr/sbin:/usr/bin:/sbin:/bin:/usr/games:/usr/local/games:/home/local/bin:/home/ccc_v1_s80115__49396/lib:/home/ccc_v1_s80115__49396/asn17210_Project_2_/asn17211_Project_2/asnlib.0:/home/vlibs:.', 'CMAKE_PREFIX_PATH': '/opt/ros/indigo', 'ROS_LOG_FILENAME': '/home/ccc_v1_w_NDU1M_86698/asn17210_Project_2_/asn17211_Project_2/work/.ros/log/e05665b0-ad35-11e7-9749-06f360e4abc1/roslaunch-ip-172-31-19-100-29279.log', 'LANG': 'en_US.UTF-8', 'TERM': 'xterm-256color', 'SHELL': '/bin/bash', 'HISTFILE': '/home/ccc_v1_w_NDU1M_86698/.bash_history', 'SHLVL': '2', 'VOC_WORKAREA': '/home/ccc_v1_w_NDU1M_86698/asn17210_Project_2_/asn17211_Project_2/work', 'LD_LIBRARY_PATH': '/opt/ros/indigo/lib:/opt/ros/indigo/lib/x86_64-linux-gnu:/home/ccc_v1_s80115__49396/lib:/home/ccc_v1_s80115__49396/asn17210_Project_2_/asn17211_Project_2/asnlib.0:/home/vlibs', 'PART1': '/home/ccc_v1_s80115__49396/asn17210_Project_2_/asn17211_Project_2', 'ROS_MASTER_URI': 'http://ip-172-31-19-100:34027/', 'XDG_RUNTIME_DIR': '/run/user/86698', 'PYTHONPATH': '/opt/ros/indigo/lib/python2.7/dist-packages:/home/vlibs/python', 'VOC_PROXY_WRAPPER_PORT': '5100', 'VOC_XFER_TOKEN': '716500627298812988117211059dbe4f925bf30.87841561', 'ROS_ROOT': '/opt/ros/indigo/share/ros', 'OLD_HOME': '/home/ccc_v1_w_NDU1M_86698', 'PKG_CONFIG_PATH': '/opt/ros/indigo/lib/pkgconfig:/opt/ros/indigo/lib/x86_64-linux-gnu/pkgconfig', 'ROS_PACKAGE_PATH': '/opt/ros/indigo/share:/opt/ros/indigo/stacks', 'XDG_SESSION_ID': '127317', '_': '/usr/bin/stdbuf', 'LD_PRELOAD': '/usr/lib/coreutils/libstdbuf.so', '_STDBUF_O': 'L', 'SSH_TTY': '/dev/pts/0', 'OLDPWD': '/home/ccc_v1_w_NDU1M_86698', 'ROSLISP_PACKAGE_DIRECTORIES': '', 'VLIB': '/home/vlibs', 'PWD': '/home/ccc_v1_w_NDU1M_86698/asn17210_Project_2_/asn17211_Project_2/work', 'VOC_PROXY_ID': '29881_29881_17211_0_1', 'ROS_ETC_DIR': '/opt/ros/indigo/etc/ros', 'MAIL': '/var/mail/ccc_v1_w_NDU1M_86698', 'SSH_CONNECTION': '172.31.43.31 47028 172.31.19.100 22'}]
[roslaunch][INFO] 2017-10-09 14:07:37,320: process[rosout-1]: args[[u'/opt/ros/indigo/lib/rosout/rosout', u'__name:=rosout']]
[roslaunch][INFO] 2017-10-09 14:07:37,361: ... created process [rosout-1]
[roslaunch.pmon][INFO] 2017-10-09 14:07:37,383: ProcessMonitor.register[rosout-1]
[roslaunch.pmon][INFO] 2017-10-09 14:07:37,390: ProcessMonitor.register[rosout-1] complete
[roslaunch][INFO] 2017-10-09 14:07:37,404: ... registered process [rosout-1]
[roslaunch][INFO] 2017-10-09 14:07:37,418: process[rosout-1]: starting os process
[roslaunch][INFO] 2017-10-09 14:07:37,442: process[rosout-1]: start w/ args [[u'/opt/ros/indigo/lib/rosout/rosout', u'__name:=rosout', u'__log:=/home/ccc_v1_w_NDU1M_86698/asn17210_Project_2_/asn17211_Project_2/work/.ros/log/e05665b0-ad35-11e7-9749-06f360e4abc1/rosout-1.log']]
[roslaunch][INFO] 2017-10-09 14:07:37,449: process[rosout-1]: cwd will be [/home/ccc_v1_w_NDU1M_86698/asn17210_Project_2_/asn17211_Project_2/work/.ros]
[roslaunch][INFO] 2017-10-09 14:07:37,463: process[rosout-1]: started with pid [29308]
[roslaunch][INFO] 2017-10-09 14:07:37,468: ... successfully launched [rosout-1]
[roslaunch][INFO] 2017-10-09 14:07:37,480: load_parameters starting ...
[roslaunch][INFO] 2017-10-09 14:07:37,540: ... load_parameters complete
[roslaunch][INFO] 2017-10-09 14:07:37,544: launch_nodes: launching local nodes ...
[roslaunch][INFO] 2017-10-09 14:07:37,548: ... launch_nodes complete
[roslaunch.pmon][INFO] 2017-10-09 14:07:37,552: registrations completed <ProcessMonitor(ProcessMonitor-1, started daemon 140620103223040)>
[roslaunch.parent][INFO] 2017-10-09 14:07:37,555: ... roslaunch parent running, waiting for process exit
[roslaunch][INFO] 2017-10-09 14:07:37,560: spin
[roslaunch.pmon][INFO] 2017-10-09 14:14:09,794: ProcessMonitor.shutdown <ProcessMonitor(ProcessMonitor-1, started daemon 140620103223040)>
[roslaunch.pmon][INFO] 2017-10-09 14:14:09,796: ProcessMonitor._post_run <ProcessMonitor(ProcessMonitor-1, started daemon 140620103223040)>
[roslaunch.pmon][INFO] 2017-10-09 14:14:09,800: ProcessMonitor._post_run <ProcessMonitor(ProcessMonitor-1, started daemon 140620103223040)>: remaining procs are [<roslaunch.nodeprocess.LocalProcess object at 0x7fe4ab4f8750>, <roslaunch.nodeprocess.LocalProcess object at 0x7fe4ab4f8e90>]
[roslaunch.pmon][INFO] 2017-10-09 14:14:09,804: ProcessMonitor exit: killing rosout-1
[roslaunch][INFO] 2017-10-09 14:14:09,808: [rosout-1] killing on exit
[roslaunch][INFO] 2017-10-09 14:14:09,812: process[rosout-1]: killing os process with pid[29308] pgid[29308]
[roslaunch][INFO] 2017-10-09 14:14:09,824: [rosout-1] sending SIGINT to pgid [29308]
[roslaunch][INFO] 2017-10-09 14:14:09,829: [rosout-1] sent SIGINT to pgid [29308]
[roslaunch][INFO] 2017-10-09 14:14:10,133: process[rosout-1]: SIGINT killed with return value 0
[roslaunch.pmon][INFO] 2017-10-09 14:14:10,144: ProcessMonitor exit: killing master
[roslaunch][INFO] 2017-10-09 14:14:10,157: [master] killing on exit
[roslaunch][INFO] 2017-10-09 14:14:10,170: process[master]: killing os process with pid[29294] pgid[29294]
[roslaunch][INFO] 2017-10-09 14:14:10,180: [master] sending SIGINT to pgid [29294]
[roslaunch][INFO] 2017-10-09 14:14:10,190: [master] sent SIGINT to pgid [29294]
[roslaunch][INFO] 2017-10-09 14:14:10,396: process[master]: SIGINT killed with return value 0
[roslaunch.pmon][INFO] 2017-10-09 14:14:10,405: ProcessMonitor exit: cleaning up data structures and signals
[roslaunch.pmon][INFO] 2017-10-09 14:14:10,409: ProcessMonitor exit: pmon has shutdown
[roslaunch][INFO] 2017-10-09 14:14:10,461: process monitor is done spinning, initiating full shutdown
[roslaunch][INFO] 2017-10-09 14:14:10,491: runner.stop()
[roslaunch][INFO] 2017-10-09 14:14:10,495: shutting down processing monitor...
[roslaunch][INFO] 2017-10-09 14:14:10,498: shutting down processing monitor <ProcessMonitor(ProcessMonitor-1, stopped daemon 140620103223040)>
[roslaunch.pmon][INFO] 2017-10-09 14:14:10,502: ProcessMonitor.shutdown <ProcessMonitor(ProcessMonitor-1, stopped daemon 140620103223040)>
[roslaunch][INFO] 2017-10-09 14:14:10,505: ... shutting down processing monitor complete
[roslaunch][INFO] 2017-10-09 14:14:10,508: done
[roslaunch.pmon][INFO] 2017-10-09 14:14:10,512: ProcessMonitor.shutdown <ProcessMonitor(ProcessMonitor-1, stopped daemon 140620103223040)>
[rospy.core][INFO] 2017-10-09 14:14:10,516: signal_shutdown [atexit]
