[rospy.client][INFO] 2017-10-09 14:43:27,870: init_node, name[/rosbridge_websocket], pid[15548]
[xmlrpc][INFO] 2017-10-09 14:43:27,871: XML-RPC server binding to 0.0.0.0:0
[xmlrpc][INFO] 2017-10-09 14:43:27,876: Started XML-RPC server [http://ip-172-31-19-100:44240/]
[rospy.init][INFO] 2017-10-09 14:43:27,876: ROS Slave URI: [http://ip-172-31-19-100:44240/]
[rospy.impl.masterslave][INFO] 2017-10-09 14:43:27,879: _ready: http://ip-172-31-19-100:44240/
[xmlrpc][INFO] 2017-10-09 14:43:27,887: xml rpc node: starting XML-RPC server
[rospy.registration][INFO] 2017-10-09 14:43:27,887: Registering with master node http://localhost:49845
[rospy.init][INFO] 2017-10-09 14:43:27,983: registered with master
[rospy.rosout][INFO] 2017-10-09 14:43:27,987: initializing /rosout core topic
[rospy.rosout][INFO] 2017-10-09 14:43:27,997: connected to core topic /rosout
[rospy.simtime][INFO] 2017-10-09 14:43:28,003: /use_sim_time is not set, will not subscribe to simulated time [/clock] topic
[rosout][INFO] 2017-10-09 14:43:28,032: Rosbridge WebSocket server started on port 60139
[rospy.internal][INFO] 2017-10-09 14:43:28,243: topic[/rosout] adding connection to [/rosout], count 0
[rosout][INFO] 2017-10-09 14:44:18,503: Client connected.  1 clients total.
[rosout][INFO] 2017-10-09 14:44:18,847: [Client 0] Subscribed to /tf2_web_republisher/feedback
[rosout][INFO] 2017-10-09 14:44:18,860: [Client 0] Subscribed to /visualization_marker
[rospy.internal][INFO] 2017-10-09 14:44:18,866: topic[/tf2_web_republisher/feedback] adding connection to [http://ip-172-31-19-100:52145/], count 0
[rospy.internal][INFO] 2017-10-09 14:44:18,867: topic[/visualization_marker] adding connection to [http://ip-172-31-19-100:40357/], count 0
[rospy.internal][INFO] 2017-10-09 14:44:18,967: topic[/tf2_web_republisher/cancel] adding connection to [/tf2_web_republisher], count 0
[rospy.internal][INFO] 2017-10-09 14:44:18,972: topic[/tf2_web_republisher/goal] adding connection to [/tf2_web_republisher], count 0
[rospy.internal][INFO] 2017-10-09 14:51:30,315: topic impl's ref count is zero, deleting topic /tf2_web_republisher/cancel...
[rospy.internal][INFO] 2017-10-09 14:51:30,316: topic[/tf2_web_republisher/cancel] removing connection to /tf2_web_republisher
[rospy.internal][INFO] 2017-10-09 14:51:30,326: topic impl's ref count is zero, deleting topic /tf2_web_republisher/goal...
[rospy.internal][INFO] 2017-10-09 14:51:30,330: topic[/tf2_web_republisher/goal] removing connection to /tf2_web_republisher
[rospy.internal][INFO] 2017-10-09 14:51:30,338: topic impl's ref count is zero, deleting topic /tf2_web_republisher/feedback...
[rospy.internal][INFO] 2017-10-09 14:51:30,342: topic[/tf2_web_republisher/feedback] removing connection to http://ip-172-31-19-100:52145/
[rospy.internal][INFO] 2017-10-09 14:51:30,350: topic impl's ref count is zero, deleting topic /visualization_marker...
[rospy.internal][INFO] 2017-10-09 14:51:30,354: topic[/visualization_marker] removing connection to http://ip-172-31-19-100:40357/
[rosout][INFO] 2017-10-09 14:51:30,361: Client disconnected. 0 clients total.
