[roslaunch][INFO] 2017-10-09 14:43:24,804: Checking log directory for disk usage. This may take awhile.
Press Ctrl-C to interrupt
[roslaunch][INFO] 2017-10-09 14:43:24,881: Done checking log file disk usage. Usage is <1GB.
[roslaunch][INFO] 2017-10-09 14:43:24,881: roslaunch starting with args ['roscore', '--core', '-p', '49845']
[roslaunch][INFO] 2017-10-09 14:43:24,885: roslaunch env is {'ROS_DISTRO': 'indigo', 'ASNLIB': '/home/ccc_v1_s80115__49396/asn17210_Project_2_/asn17211_Project_2/asnlib.0', 'LIB': '/home/ccc_v1_s80115__49396/lib', 'PKG_CONFIG_PATH': '/opt/ros/indigo/lib/pkgconfig:/opt/ros/indigo/lib/x86_64-linux-gnu/pkgconfig', 'SSH_CLIENT': '172.31.43.31 47416 22', 'CPATH': '/opt/ros/indigo/include', 'LOGNAME': 'ccc_v1_w_NDU1M_86698', 'USER': 'ccc_v1_w_NDU1M_86698', 'ROS_NODE_PORT': '49845', 'HOME': '/home/ccc_v1_w_NDU1M_86698/asn17210_Project_2_/asn17211_Project_2/work', 'PATH': '/opt/ros/indigo/bin:/usr/local/sbin:/usr/local/bin:/usr/sbin:/usr/bin:/sbin:/bin:/usr/games:/usr/local/games:/home/local/bin:/home/ccc_v1_s80115__49396/lib:/home/ccc_v1_s80115__49396/asn17210_Project_2_/asn17211_Project_2/asnlib.0:/home/vlibs:.', 'CMAKE_PREFIX_PATH': '/opt/ros/indigo', 'LD_LIBRARY_PATH': '/opt/ros/indigo/lib:/opt/ros/indigo/lib/x86_64-linux-gnu:/home/ccc_v1_s80115__49396/lib:/home/ccc_v1_s80115__49396/asn17210_Project_2_/asn17211_Project_2/asnlib.0:/home/vlibs', 'LANG': 'en_US.UTF-8', 'TERM': 'xterm-256color', 'SHELL': '/bin/bash', 'HISTFILE': '/home/ccc_v1_w_NDU1M_86698/.bash_history', 'SHLVL': '2', 'VOC_WORKAREA': '/home/ccc_v1_w_NDU1M_86698/asn17210_Project_2_/asn17211_Project_2/work', 'ROS_LOG_FILENAME': '/home/ccc_v1_w_NDU1M_86698/asn17210_Project_2_/asn17211_Project_2/work/.ros/log/e0b2aabe-ad3a-11e7-b146-06f360e4abc1/roslaunch-ip-172-31-19-100-15373.log', 'PART1': '/home/ccc_v1_s80115__49396/asn17210_Project_2_/asn17211_Project_2', 'ROS_ETC_DIR': '/opt/ros/indigo/etc/ros', 'XDG_RUNTIME_DIR': '/run/user/86698', 'PYTHONPATH': '/opt/ros/indigo/lib/python2.7/dist-packages:/home/vlibs/python', 'VOC_PROXY_WRAPPER_PORT': '5100', 'VOC_XFER_TOKEN': '1699084222298812988117211059dbed1c38b5b1.31371568', 'ROS_ROOT': '/opt/ros/indigo/share/ros', 'OLD_HOME': '/home/ccc_v1_w_NDU1M_86698', 'VOC_PROXY_TOKEN': '21457310852988129881172110159dbed1c419076.42172676', 'ROS_PACKAGE_PATH': '/opt/ros/indigo/share:/opt/ros/indigo/stacks', 'XDG_SESSION_ID': '127501', '_': '/usr/bin/stdbuf', 'LD_PRELOAD': '/usr/lib/coreutils/libstdbuf.so', '_STDBUF_O': 'L', 'SSH_TTY': '/dev/pts/0', 'OLDPWD': '/home/ccc_v1_w_NDU1M_86698', 'ROSLISP_PACKAGE_DIRECTORIES': '', 'VLIB': '/home/vlibs', 'PWD': '/home/ccc_v1_w_NDU1M_86698/asn17210_Project_2_/asn17211_Project_2/work', 'VOC_PROXY_ID': '29881_29881_17211_0_1', 'ROS_MASTER_URI': 'http://localhost:49845', 'MAIL': '/var/mail/ccc_v1_w_NDU1M_86698', 'SSH_CONNECTION': '172.31.43.31 47416 172.31.19.100 22'}
[roslaunch][INFO] 2017-10-09 14:43:24,888: starting in server mode
[roslaunch.parent][INFO] 2017-10-09 14:43:24,892: starting roslaunch parent run
[roslaunch][INFO] 2017-10-09 14:43:24,900: loading roscore config file /opt/ros/indigo/etc/ros/roscore.xml
[roslaunch][INFO] 2017-10-09 14:43:25,006: Added core node of type [rosout/rosout] in namespace [/]
[roslaunch.pmon][INFO] 2017-10-09 14:43:25,007: start_process_monitor: creating ProcessMonitor
[roslaunch.pmon][INFO] 2017-10-09 14:43:25,011: created process monitor <ProcessMonitor(ProcessMonitor-1, initial daemon)>
[roslaunch.pmon][INFO] 2017-10-09 14:43:25,014: start_process_monitor: ProcessMonitor started
[roslaunch.parent][INFO] 2017-10-09 14:43:25,018: starting parent XML-RPC server
[roslaunch.server][INFO] 2017-10-09 14:43:25,021: starting roslaunch XML-RPC server
[roslaunch.server][INFO] 2017-10-09 14:43:25,025: waiting for roslaunch XML-RPC server to initialize
[xmlrpc][INFO] 2017-10-09 14:43:25,025: XML-RPC server binding to 0.0.0.0:0
[xmlrpc][INFO] 2017-10-09 14:43:25,032: Started XML-RPC server [http://ip-172-31-19-100:37598/]
[xmlrpc][INFO] 2017-10-09 14:43:25,035: xml rpc node: starting XML-RPC server
[roslaunch][INFO] 2017-10-09 14:43:25,043: started roslaunch server http://ip-172-31-19-100:37598/
[roslaunch.parent][INFO] 2017-10-09 14:43:25,046: ... parent XML-RPC server started
[roslaunch][INFO] 2017-10-09 14:43:25,050: master.is_running[http://ip-172-31-19-100:49845/]
[roslaunch][INFO] 2017-10-09 14:43:25,054: auto-starting new master
[roslaunch][INFO] 2017-10-09 14:43:25,064: create_master_process: rosmaster, /opt/ros/indigo/share/ros, 49845, 3, None
[roslaunch][INFO] 2017-10-09 14:43:25,069: process[master]: launching with args [['rosmaster', '--core', '-p', '49845', '-w', '3']]
[roslaunch.pmon][INFO] 2017-10-09 14:43:25,073: ProcessMonitor.register[master]
[roslaunch.pmon][INFO] 2017-10-09 14:43:25,076: ProcessMonitor.register[master] complete
[roslaunch][INFO] 2017-10-09 14:43:25,079: process[master]: starting os process
[roslaunch][INFO] 2017-10-09 14:43:25,084: process[master]: start w/ args [['rosmaster', '--core', '-p', '49845', '-w', '3', '__log:=/home/ccc_v1_w_NDU1M_86698/asn17210_Project_2_/asn17211_Project_2/work/.ros/log/e0b2aabe-ad3a-11e7-b146-06f360e4abc1/master.log']]
[roslaunch][INFO] 2017-10-09 14:43:25,087: process[master]: cwd will be [/home/ccc_v1_w_NDU1M_86698/asn17210_Project_2_/asn17211_Project_2/work/.ros]
[roslaunch][INFO] 2017-10-09 14:43:25,095: process[master]: started with pid [15388]
[roslaunch][INFO] 2017-10-09 14:43:25,096: master.is_running[http://ip-172-31-19-100:49845/]
[roslaunch][INFO] 2017-10-09 14:43:25,200: master.is_running[http://ip-172-31-19-100:49845/]
[roslaunch][INFO] 2017-10-09 14:43:25,304: master.is_running[http://ip-172-31-19-100:49845/]
[roslaunch][INFO] 2017-10-09 14:43:25,310: master.is_running[http://ip-172-31-19-100:49845/]
[roslaunch][INFO] 2017-10-09 14:43:25,314: ROS_MASTER_URI=http://ip-172-31-19-100:49845/
[roslaunch][INFO] 2017-10-09 14:43:25,318: setting /run_id to e0b2aabe-ad3a-11e7-b146-06f360e4abc1
[roslaunch][INFO] 2017-10-09 14:43:25,331: setting /roslaunch/uris/host_ip_172_31_19_100__37598' to http://ip-172-31-19-100:37598/
[roslaunch][INFO] 2017-10-09 14:43:25,341: ... preparing to launch node of type [rosout/rosout]
[roslaunch][INFO] 2017-10-09 14:43:25,344: create_node_process: package[rosout] type[rosout] machine[Machine(name[] env_loader[None] address[localhost] ssh_port[22] user[None] assignable[True] timeout[10.0])] master_uri[http://ip-172-31-19-100:49845/]
[roslaunch][INFO] 2017-10-09 14:43:25,355: process[rosout-1]: env[{'ROS_DISTRO': 'indigo', 'ASNLIB': '/home/ccc_v1_s80115__49396/asn17210_Project_2_/asn17211_Project_2/asnlib.0', 'LIB': '/home/ccc_v1_s80115__49396/lib', 'VOC_PROXY_TOKEN': '21457310852988129881172110159dbed1c419076.42172676', 'SSH_CLIENT': '172.31.43.31 47416 22', 'CPATH': '/opt/ros/indigo/include', 'LOGNAME': 'ccc_v1_w_NDU1M_86698', 'USER': 'ccc_v1_w_NDU1M_86698', 'ROS_NODE_PORT': '49845', 'HOME': '/home/ccc_v1_w_NDU1M_86698/asn17210_Project_2_/asn17211_Project_2/work', 'PATH': '/opt/ros/indigo/bin:/usr/local/sbin:/usr/local/bin:/usr/sbin:/usr/bin:/sbin:/bin:/usr/games:/usr/local/games:/home/local/bin:/home/ccc_v1_s80115__49396/lib:/home/ccc_v1_s80115__49396/asn17210_Project_2_/asn17211_Project_2/asnlib.0:/home/vlibs:.', 'CMAKE_PREFIX_PATH': '/opt/ros/indigo', 'ROS_LOG_FILENAME': '/home/ccc_v1_w_NDU1M_86698/asn17210_Project_2_/asn17211_Project_2/work/.ros/log/e0b2aabe-ad3a-11e7-b146-06f360e4abc1/roslaunch-ip-172-31-19-100-15373.log', 'LANG': 'en_US.UTF-8', 'TERM': 'xterm-256color', 'SHELL': '/bin/bash', 'HISTFILE': '/home/ccc_v1_w_NDU1M_86698/.bash_history', 'SHLVL': '2', 'VOC_WORKAREA': '/home/ccc_v1_w_NDU1M_86698/asn17210_Project_2_/asn17211_Project_2/work', 'LD_LIBRARY_PATH': '/opt/ros/indigo/lib:/opt/ros/indigo/lib/x86_64-linux-gnu:/home/ccc_v1_s80115__49396/lib:/home/ccc_v1_s80115__49396/asn17210_Project_2_/asn17211_Project_2/asnlib.0:/home/vlibs', 'PART1': '/home/ccc_v1_s80115__49396/asn17210_Project_2_/asn17211_Project_2', 'ROS_MASTER_URI': 'http://ip-172-31-19-100:49845/', 'XDG_RUNTIME_DIR': '/run/user/86698', 'PYTHONPATH': '/opt/ros/indigo/lib/python2.7/dist-packages:/home/vlibs/python', 'VOC_PROXY_WRAPPER_PORT': '5100', 'VOC_XFER_TOKEN': '1699084222298812988117211059dbed1c38b5b1.31371568', 'ROS_ROOT': '/opt/ros/indigo/share/ros', 'OLD_HOME': '/home/ccc_v1_w_NDU1M_86698', 'PKG_CONFIG_PATH': '/opt/ros/indigo/lib/pkgconfig:/opt/ros/indigo/lib/x86_64-linux-gnu/pkgconfig', 'ROS_PACKAGE_PATH': '/opt/ros/indigo/share:/opt/ros/indigo/stacks', 'XDG_SESSION_ID': '127501', '_': '/usr/bin/stdbuf', 'LD_PRELOAD': '/usr/lib/coreutils/libstdbuf.so', '_STDBUF_O': 'L', 'SSH_TTY': '/dev/pts/0', 'OLDPWD': '/home/ccc_v1_w_NDU1M_86698', 'ROSLISP_PACKAGE_DIRECTORIES': '', 'VLIB': '/home/vlibs', 'PWD': '/home/ccc_v1_w_NDU1M_86698/asn17210_Project_2_/asn17211_Project_2/work', 'VOC_PROXY_ID': '29881_29881_17211_0_1', 'ROS_ETC_DIR': '/opt/ros/indigo/etc/ros', 'MAIL': '/var/mail/ccc_v1_w_NDU1M_86698', 'SSH_CONNECTION': '172.31.43.31 47416 172.31.19.100 22'}]
[roslaunch][INFO] 2017-10-09 14:43:25,384: process[rosout-1]: args[[u'/opt/ros/indigo/lib/rosout/rosout', u'__name:=rosout']]
[roslaunch][INFO] 2017-10-09 14:43:25,388: ... created process [rosout-1]
[roslaunch.pmon][INFO] 2017-10-09 14:43:25,391: ProcessMonitor.register[rosout-1]
[roslaunch.pmon][INFO] 2017-10-09 14:43:25,395: ProcessMonitor.register[rosout-1] complete
[roslaunch][INFO] 2017-10-09 14:43:25,398: ... registered process [rosout-1]
[roslaunch][INFO] 2017-10-09 14:43:25,401: process[rosout-1]: starting os process
[roslaunch][INFO] 2017-10-09 14:43:25,406: process[rosout-1]: start w/ args [[u'/opt/ros/indigo/lib/rosout/rosout', u'__name:=rosout', u'__log:=/home/ccc_v1_w_NDU1M_86698/asn17210_Project_2_/asn17211_Project_2/work/.ros/log/e0b2aabe-ad3a-11e7-b146-06f360e4abc1/rosout-1.log']]
[roslaunch][INFO] 2017-10-09 14:43:25,410: process[rosout-1]: cwd will be [/home/ccc_v1_w_NDU1M_86698/asn17210_Project_2_/asn17211_Project_2/work/.ros]
[roslaunch][INFO] 2017-10-09 14:43:25,418: process[rosout-1]: started with pid [15403]
[roslaunch][INFO] 2017-10-09 14:43:25,419: ... successfully launched [rosout-1]
[roslaunch][INFO] 2017-10-09 14:43:25,423: load_parameters starting ...
[roslaunch][INFO] 2017-10-09 14:43:25,454: ... load_parameters complete
[roslaunch][INFO] 2017-10-09 14:43:25,457: launch_nodes: launching local nodes ...
[roslaunch][INFO] 2017-10-09 14:43:25,460: ... launch_nodes complete
[roslaunch.pmon][INFO] 2017-10-09 14:43:25,464: registrations completed <ProcessMonitor(ProcessMonitor-1, started daemon 139958521902848)>
[roslaunch.parent][INFO] 2017-10-09 14:43:25,467: ... roslaunch parent running, waiting for process exit
[roslaunch][INFO] 2017-10-09 14:43:25,471: spin
