[rospy.client][INFO] 2017-10-09 16:20:19,210: init_node, name[/rosbridge_websocket], pid[10384]
[xmlrpc][INFO] 2017-10-09 16:20:19,211: XML-RPC server binding to 0.0.0.0:0
[xmlrpc][INFO] 2017-10-09 16:20:19,215: Started XML-RPC server [http://ip-172-31-19-100:41752/]
[rospy.init][INFO] 2017-10-09 16:20:19,215: ROS Slave URI: [http://ip-172-31-19-100:41752/]
[rospy.impl.masterslave][INFO] 2017-10-09 16:20:19,219: _ready: http://ip-172-31-19-100:41752/
[xmlrpc][INFO] 2017-10-09 16:20:19,226: xml rpc node: starting XML-RPC server
[rospy.registration][INFO] 2017-10-09 16:20:19,226: Registering with master node http://localhost:38395
[rospy.init][INFO] 2017-10-09 16:20:19,322: registered with master
[rospy.rosout][INFO] 2017-10-09 16:20:19,326: initializing /rosout core topic
[rospy.rosout][INFO] 2017-10-09 16:20:19,335: connected to core topic /rosout
[rospy.simtime][INFO] 2017-10-09 16:20:19,340: /use_sim_time is not set, will not subscribe to simulated time [/clock] topic
[rosout][INFO] 2017-10-09 16:20:19,363: Rosbridge WebSocket server started on port 41565
[rospy.internal][INFO] 2017-10-09 16:20:19,474: topic[/rosout] adding connection to [/rosout], count 0
[rosout][INFO] 2017-10-09 16:20:27,829: Client connected.  1 clients total.
[rosout][INFO] 2017-10-09 16:20:28,157: [Client 0] Subscribed to /tf2_web_republisher/feedback
[rosout][INFO] 2017-10-09 16:20:28,168: [Client 0] Subscribed to /visualization_marker
[rospy.internal][INFO] 2017-10-09 16:20:28,191: topic[/visualization_marker] adding connection to [http://ip-172-31-19-100:59877/], count 0
[rospy.internal][INFO] 2017-10-09 16:20:28,192: topic[/tf2_web_republisher/feedback] adding connection to [http://ip-172-31-19-100:33108/], count 0
[rospy.internal][INFO] 2017-10-09 16:20:28,398: topic[/tf2_web_republisher/cancel] adding connection to [/tf2_web_republisher], count 0
[rospy.internal][INFO] 2017-10-09 16:20:28,402: topic[/tf2_web_republisher/goal] adding connection to [/tf2_web_republisher], count 0
[rospy.internal][INFO] 2017-10-09 16:21:37,888: topic impl's ref count is zero, deleting topic /tf2_web_republisher/cancel...
[rospy.internal][INFO] 2017-10-09 16:21:37,889: topic[/tf2_web_republisher/cancel] removing connection to /tf2_web_republisher
[rospy.internal][INFO] 2017-10-09 16:21:37,895: topic impl's ref count is zero, deleting topic /tf2_web_republisher/goal...
[rospy.internal][INFO] 2017-10-09 16:21:37,900: topic[/tf2_web_republisher/goal] removing connection to /tf2_web_republisher
[rospy.internal][INFO] 2017-10-09 16:21:37,907: topic impl's ref count is zero, deleting topic /tf2_web_republisher/feedback...
[rospy.internal][INFO] 2017-10-09 16:21:37,911: topic[/tf2_web_republisher/feedback] removing connection to http://ip-172-31-19-100:33108/
[rospy.internal][INFO] 2017-10-09 16:21:37,930: topic impl's ref count is zero, deleting topic /visualization_marker...
[rospy.internal][INFO] 2017-10-09 16:21:37,934: topic[/visualization_marker] removing connection to http://ip-172-31-19-100:59877/
[rosout][INFO] 2017-10-09 16:21:37,942: Client disconnected. 0 clients total.
[tornado.application][ERROR] 2017-10-09 16:21:37,945: Exception in callback <functools.partial object at 0x7f62e91deba8>
Traceback (most recent call last):
  File "/opt/ros/indigo/lib/python2.7/dist-packages/tornado/ioloop.py", line 565, in _run_callback
    ret = callback()
  File "/opt/ros/indigo/lib/python2.7/dist-packages/tornado/stack_context.py", line 275, in null_wrapper
    return fn(*args, **kwargs)
  File "/opt/ros/indigo/lib/python2.7/dist-packages/tornado/websocket.py", line 198, in write_message
    raise WebSocketClosedError()
WebSocketClosedError
