[roslaunch][INFO] 2017-10-09 16:20:16,236: Checking log directory for disk usage. This may take awhile.
Press Ctrl-C to interrupt
[roslaunch][INFO] 2017-10-09 16:20:16,491: Done checking log file disk usage. Usage is <1GB.
[roslaunch][INFO] 2017-10-09 16:20:16,491: roslaunch starting with args ['roscore', '--core', '-p', '38395']
[roslaunch][INFO] 2017-10-09 16:20:16,495: roslaunch env is {'ROS_DISTRO': 'indigo', 'ASNLIB': '/home/ccc_v1_s80115__49396/asn17210_Project_2_/asn17211_Project_2/asnlib.0', 'LIB': '/home/ccc_v1_s80115__49396/lib', 'PKG_CONFIG_PATH': '/opt/ros/indigo/lib/pkgconfig:/opt/ros/indigo/lib/x86_64-linux-gnu/pkgconfig', 'SSH_CLIENT': '172.31.43.31 36678 22', 'CPATH': '/opt/ros/indigo/include', 'LOGNAME': 'ccc_v1_w_NDU1M_86698', 'USER': 'ccc_v1_w_NDU1M_86698', 'ROS_NODE_PORT': '38395', 'HOME': '/home/ccc_v1_w_NDU1M_86698/asn17210_Project_2_/asn17211_Project_2/work', 'PATH': '/opt/ros/indigo/bin:/usr/local/sbin:/usr/local/bin:/usr/sbin:/usr/bin:/sbin:/bin:/usr/games:/usr/local/games:/home/local/bin:/home/ccc_v1_s80115__49396/lib:/home/ccc_v1_s80115__49396/asn17210_Project_2_/asn17211_Project_2/asnlib.0:/home/vlibs:.', 'CMAKE_PREFIX_PATH': '/opt/ros/indigo', 'LD_LIBRARY_PATH': '/opt/ros/indigo/lib:/opt/ros/indigo/lib/x86_64-linux-gnu:/home/ccc_v1_s80115__49396/lib:/home/ccc_v1_s80115__49396/asn17210_Project_2_/asn17211_Project_2/asnlib.0:/home/vlibs', 'LANG': 'en_US.UTF-8', 'TERM': 'xterm-256color', 'SHELL': '/bin/bash', 'HISTFILE': '/home/ccc_v1_w_NDU1M_86698/.bash_history', 'SHLVL': '2', 'VOC_WORKAREA': '/home/ccc_v1_w_NDU1M_86698/asn17210_Project_2_/asn17211_Project_2/work', 'ROS_LOG_FILENAME': '/home/ccc_v1_w_NDU1M_86698/asn17210_Project_2_/asn17211_Project_2/work/.ros/log/68913880-ad48-11e7-a9f0-06f360e4abc1/roslaunch-ip-172-31-19-100-10174.log', 'PART1': '/home/ccc_v1_s80115__49396/asn17210_Project_2_/asn17211_Project_2', 'ROS_ETC_DIR': '/opt/ros/indigo/etc/ros', 'XDG_RUNTIME_DIR': '/run/user/86698', 'PYTHONPATH': '/opt/ros/indigo/lib/python2.7/dist-packages:/home/vlibs/python', 'VOC_PROXY_WRAPPER_PORT': '5100', 'VOC_XFER_TOKEN': '1986201566298812988117211059dc04292ffb55.01263903', 'ROS_ROOT': '/opt/ros/indigo/share/ros', 'OLD_HOME': '/home/ccc_v1_w_NDU1M_86698', 'VOC_PROXY_TOKEN': '13078699222988129881172110159dc042935a128.86867695', 'ROS_PACKAGE_PATH': '/opt/ros/indigo/share:/opt/ros/indigo/stacks', 'XDG_SESSION_ID': '128247', '_': '/usr/bin/stdbuf', 'LD_PRELOAD': '/usr/lib/coreutils/libstdbuf.so', '_STDBUF_O': 'L', 'SSH_TTY': '/dev/pts/3', 'OLDPWD': '/home/ccc_v1_w_NDU1M_86698', 'ROSLISP_PACKAGE_DIRECTORIES': '', 'VLIB': '/home/vlibs', 'PWD': '/home/ccc_v1_w_NDU1M_86698/asn17210_Project_2_/asn17211_Project_2/work', 'VOC_PROXY_ID': '29881_29881_17211_0_1', 'ROS_MASTER_URI': 'http://localhost:38395', 'MAIL': '/var/mail/ccc_v1_w_NDU1M_86698', 'SSH_CONNECTION': '172.31.43.31 36678 172.31.19.100 22'}
[roslaunch][INFO] 2017-10-09 16:20:16,499: starting in server mode
[roslaunch.parent][INFO] 2017-10-09 16:20:16,503: starting roslaunch parent run
[roslaunch][INFO] 2017-10-09 16:20:16,507: loading roscore config file /opt/ros/indigo/etc/ros/roscore.xml
[roslaunch][INFO] 2017-10-09 16:20:16,619: Added core node of type [rosout/rosout] in namespace [/]
[roslaunch.pmon][INFO] 2017-10-09 16:20:16,620: start_process_monitor: creating ProcessMonitor
[roslaunch.pmon][INFO] 2017-10-09 16:20:16,624: created process monitor <ProcessMonitor(ProcessMonitor-1, initial daemon)>
[roslaunch.pmon][INFO] 2017-10-09 16:20:16,628: start_process_monitor: ProcessMonitor started
[roslaunch.parent][INFO] 2017-10-09 16:20:16,631: starting parent XML-RPC server
[roslaunch.server][INFO] 2017-10-09 16:20:16,635: starting roslaunch XML-RPC server
[roslaunch.server][INFO] 2017-10-09 16:20:16,647: waiting for roslaunch XML-RPC server to initialize
[xmlrpc][INFO] 2017-10-09 16:20:16,647: XML-RPC server binding to 0.0.0.0:0
[xmlrpc][INFO] 2017-10-09 16:20:16,665: Started XML-RPC server [http://ip-172-31-19-100:48374/]
[xmlrpc][INFO] 2017-10-09 16:20:16,669: xml rpc node: starting XML-RPC server
[roslaunch][INFO] 2017-10-09 16:20:16,676: started roslaunch server http://ip-172-31-19-100:48374/
[roslaunch.parent][INFO] 2017-10-09 16:20:16,679: ... parent XML-RPC server started
[roslaunch][INFO] 2017-10-09 16:20:16,683: master.is_running[http://ip-172-31-19-100:38395/]
[roslaunch][INFO] 2017-10-09 16:20:16,687: auto-starting new master
[roslaunch][INFO] 2017-10-09 16:20:16,691: create_master_process: rosmaster, /opt/ros/indigo/share/ros, 38395, 3, None
[roslaunch][INFO] 2017-10-09 16:20:16,694: process[master]: launching with args [['rosmaster', '--core', '-p', '38395', '-w', '3']]
[roslaunch.pmon][INFO] 2017-10-09 16:20:16,698: ProcessMonitor.register[master]
[roslaunch.pmon][INFO] 2017-10-09 16:20:16,701: ProcessMonitor.register[master] complete
[roslaunch][INFO] 2017-10-09 16:20:16,705: process[master]: starting os process
[roslaunch][INFO] 2017-10-09 16:20:16,710: process[master]: start w/ args [['rosmaster', '--core', '-p', '38395', '-w', '3', '__log:=/home/ccc_v1_w_NDU1M_86698/asn17210_Project_2_/asn17211_Project_2/work/.ros/log/68913880-ad48-11e7-a9f0-06f360e4abc1/master.log']]
[roslaunch][INFO] 2017-10-09 16:20:16,713: process[master]: cwd will be [/home/ccc_v1_w_NDU1M_86698/asn17210_Project_2_/asn17211_Project_2/work/.ros]
[roslaunch][INFO] 2017-10-09 16:20:16,721: process[master]: started with pid [10230]
[roslaunch][INFO] 2017-10-09 16:20:16,722: master.is_running[http://ip-172-31-19-100:38395/]
[roslaunch][INFO] 2017-10-09 16:20:16,826: master.is_running[http://ip-172-31-19-100:38395/]
[roslaunch][INFO] 2017-10-09 16:20:16,931: master.is_running[http://ip-172-31-19-100:38395/]
[roslaunch][INFO] 2017-10-09 16:20:16,936: master.is_running[http://ip-172-31-19-100:38395/]
[roslaunch][INFO] 2017-10-09 16:20:16,941: ROS_MASTER_URI=http://ip-172-31-19-100:38395/
[roslaunch][INFO] 2017-10-09 16:20:16,945: setting /run_id to 68913880-ad48-11e7-a9f0-06f360e4abc1
[roslaunch][INFO] 2017-10-09 16:20:16,959: setting /roslaunch/uris/host_ip_172_31_19_100__48374' to http://ip-172-31-19-100:48374/
[roslaunch][INFO] 2017-10-09 16:20:16,977: ... preparing to launch node of type [rosout/rosout]
[roslaunch][INFO] 2017-10-09 16:20:16,981: create_node_process: package[rosout] type[rosout] machine[Machine(name[] env_loader[None] address[localhost] ssh_port[22] user[None] assignable[True] timeout[10.0])] master_uri[http://ip-172-31-19-100:38395/]
[roslaunch][INFO] 2017-10-09 16:20:16,985: process[rosout-1]: env[{'ROS_DISTRO': 'indigo', 'ASNLIB': '/home/ccc_v1_s80115__49396/asn17210_Project_2_/asn17211_Project_2/asnlib.0', 'LIB': '/home/ccc_v1_s80115__49396/lib', 'VOC_PROXY_TOKEN': '13078699222988129881172110159dc042935a128.86867695', 'SSH_CLIENT': '172.31.43.31 36678 22', 'CPATH': '/opt/ros/indigo/include', 'LOGNAME': 'ccc_v1_w_NDU1M_86698', 'USER': 'ccc_v1_w_NDU1M_86698', 'ROS_NODE_PORT': '38395', 'HOME': '/home/ccc_v1_w_NDU1M_86698/asn17210_Project_2_/asn17211_Project_2/work', 'PATH': '/opt/ros/indigo/bin:/usr/local/sbin:/usr/local/bin:/usr/sbin:/usr/bin:/sbin:/bin:/usr/games:/usr/local/games:/home/local/bin:/home/ccc_v1_s80115__49396/lib:/home/ccc_v1_s80115__49396/asn17210_Project_2_/asn17211_Project_2/asnlib.0:/home/vlibs:.', 'CMAKE_PREFIX_PATH': '/opt/ros/indigo', 'ROS_LOG_FILENAME': '/home/ccc_v1_w_NDU1M_86698/asn17210_Project_2_/asn17211_Project_2/work/.ros/log/68913880-ad48-11e7-a9f0-06f360e4abc1/roslaunch-ip-172-31-19-100-10174.log', 'LANG': 'en_US.UTF-8', 'TERM': 'xterm-256color', 'SHELL': '/bin/bash', 'HISTFILE': '/home/ccc_v1_w_NDU1M_86698/.bash_history', 'SHLVL': '2', 'VOC_WORKAREA': '/home/ccc_v1_w_NDU1M_86698/asn17210_Project_2_/asn17211_Project_2/work', 'LD_LIBRARY_PATH': '/opt/ros/indigo/lib:/opt/ros/indigo/lib/x86_64-linux-gnu:/home/ccc_v1_s80115__49396/lib:/home/ccc_v1_s80115__49396/asn17210_Project_2_/asn17211_Project_2/asnlib.0:/home/vlibs', 'PART1': '/home/ccc_v1_s80115__49396/asn17210_Project_2_/asn17211_Project_2', 'ROS_MASTER_URI': 'http://ip-172-31-19-100:38395/', 'XDG_RUNTIME_DIR': '/run/user/86698', 'PYTHONPATH': '/opt/ros/indigo/lib/python2.7/dist-packages:/home/vlibs/python', 'VOC_PROXY_WRAPPER_PORT': '5100', 'VOC_XFER_TOKEN': '1986201566298812988117211059dc04292ffb55.01263903', 'ROS_ROOT': '/opt/ros/indigo/share/ros', 'OLD_HOME': '/home/ccc_v1_w_NDU1M_86698', 'PKG_CONFIG_PATH': '/opt/ros/indigo/lib/pkgconfig:/opt/ros/indigo/lib/x86_64-linux-gnu/pkgconfig', 'ROS_PACKAGE_PATH': '/opt/ros/indigo/share:/opt/ros/indigo/stacks', 'XDG_SESSION_ID': '128247', '_': '/usr/bin/stdbuf', 'LD_PRELOAD': '/usr/lib/coreutils/libstdbuf.so', '_STDBUF_O': 'L', 'SSH_TTY': '/dev/pts/3', 'OLDPWD': '/home/ccc_v1_w_NDU1M_86698', 'ROSLISP_PACKAGE_DIRECTORIES': '', 'VLIB': '/home/vlibs', 'PWD': '/home/ccc_v1_w_NDU1M_86698/asn17210_Project_2_/asn17211_Project_2/work', 'VOC_PROXY_ID': '29881_29881_17211_0_1', 'ROS_ETC_DIR': '/opt/ros/indigo/etc/ros', 'MAIL': '/var/mail/ccc_v1_w_NDU1M_86698', 'SSH_CONNECTION': '172.31.43.31 36678 172.31.19.100 22'}]
[roslaunch][INFO] 2017-10-09 16:20:17,016: process[rosout-1]: args[[u'/opt/ros/indigo/lib/rosout/rosout', u'__name:=rosout']]
[roslaunch][INFO] 2017-10-09 16:20:17,020: ... created process [rosout-1]
[roslaunch.pmon][INFO] 2017-10-09 16:20:17,023: ProcessMonitor.register[rosout-1]
[roslaunch.pmon][INFO] 2017-10-09 16:20:17,027: ProcessMonitor.register[rosout-1] complete
[roslaunch][INFO] 2017-10-09 16:20:17,037: ... registered process [rosout-1]
[roslaunch][INFO] 2017-10-09 16:20:17,040: process[rosout-1]: starting os process
[roslaunch][INFO] 2017-10-09 16:20:17,045: process[rosout-1]: start w/ args [[u'/opt/ros/indigo/lib/rosout/rosout', u'__name:=rosout', u'__log:=/home/ccc_v1_w_NDU1M_86698/asn17210_Project_2_/asn17211_Project_2/work/.ros/log/68913880-ad48-11e7-a9f0-06f360e4abc1/rosout-1.log']]
[roslaunch][INFO] 2017-10-09 16:20:17,049: process[rosout-1]: cwd will be [/home/ccc_v1_w_NDU1M_86698/asn17210_Project_2_/asn17211_Project_2/work/.ros]
[roslaunch][INFO] 2017-10-09 16:20:17,063: process[rosout-1]: started with pid [10246]
[roslaunch][INFO] 2017-10-09 16:20:17,064: ... successfully launched [rosout-1]
[roslaunch][INFO] 2017-10-09 16:20:17,068: load_parameters starting ...
[roslaunch][INFO] 2017-10-09 16:20:17,087: ... load_parameters complete
[roslaunch][INFO] 2017-10-09 16:20:17,091: launch_nodes: launching local nodes ...
[roslaunch][INFO] 2017-10-09 16:20:17,095: ... launch_nodes complete
[roslaunch.pmon][INFO] 2017-10-09 16:20:17,099: registrations completed <ProcessMonitor(ProcessMonitor-1, started daemon 139802753701632)>
[roslaunch.parent][INFO] 2017-10-09 16:20:17,103: ... roslaunch parent running, waiting for process exit
[roslaunch][INFO] 2017-10-09 16:20:17,107: spin
