[roslaunch][INFO] 2017-10-09 14:50:46,818: Checking log directory for disk usage. This may take awhile.
Press Ctrl-C to interrupt
[roslaunch][INFO] 2017-10-09 14:50:46,904: Done checking log file disk usage. Usage is <1GB.
[roslaunch][INFO] 2017-10-09 14:50:46,904: roslaunch starting with args ['roscore', '--core', '-p', '47388']
[roslaunch][INFO] 2017-10-09 14:50:46,909: roslaunch env is {'ROS_DISTRO': 'indigo', 'ASNLIB': '/home/ccc_v1_s80115__49396/asn17210_Project_2_/asn17211_Project_2/asnlib.0', 'LIB': '/home/ccc_v1_s80115__49396/lib', 'PKG_CONFIG_PATH': '/opt/ros/indigo/lib/x86_64-linux-gnu/pkgconfig:/home/ccc_v1_w_NDU1M_86698/asn17210_Project_2_/asn17211_Project_2/work/catkin_ws/devel/lib/pkgconfig:/opt/ros/indigo/lib/pkgconfig', 'SSH_CLIENT': '172.31.43.31 47416 22', 'CPATH': '/opt/ros/indigo/include', 'LOGNAME': 'ccc_v1_w_NDU1M_86698', 'USER': 'ccc_v1_w_NDU1M_86698', 'ROS_NODE_PORT': '47388', 'HOME': '/home/ccc_v1_w_NDU1M_86698/asn17210_Project_2_/asn17211_Project_2/work', 'PATH': '/opt/ros/indigo/bin:/usr/local/sbin:/usr/local/bin:/usr/sbin:/usr/bin:/sbin:/bin:/usr/games:/usr/local/games:/home/local/bin:/home/ccc_v1_s80115__49396/lib:/home/ccc_v1_s80115__49396/asn17210_Project_2_/asn17211_Project_2/asnlib.0:/home/vlibs:.', 'CMAKE_PREFIX_PATH': '/opt/ros/indigo', 'LD_LIBRARY_PATH': '/opt/ros/indigo/lib/x86_64-linux-gnu:/home/ccc_v1_w_NDU1M_86698/asn17210_Project_2_/asn17211_Project_2/work/catkin_ws/devel/lib:/opt/ros/indigo/lib:/home/ccc_v1_s80115__49396/lib:/home/ccc_v1_s80115__49396/asn17210_Project_2_/asn17211_Project_2/asnlib.0:/home/vlibs', 'LANG': 'en_US.UTF-8', 'TERM': 'xterm-256color', 'SHELL': '/bin/bash', 'HISTFILE': '/home/ccc_v1_w_NDU1M_86698/.bash_history', 'SHLVL': '2', 'VOC_WORKAREA': '/home/ccc_v1_w_NDU1M_86698/asn17210_Project_2_/asn17211_Project_2/work', 'ROS_LOG_FILENAME': '/home/ccc_v1_w_NDU1M_86698/asn17210_Project_2_/asn17211_Project_2/work/.ros/log/e8284c76-ad3b-11e7-b8bb-06f360e4abc1/roslaunch-ip-172-31-19-100-20918.log', 'PART1': '/home/ccc_v1_s80115__49396/asn17210_Project_2_/asn17211_Project_2', 'ROS_ETC_DIR': '/opt/ros/indigo/etc/ros', 'XDG_RUNTIME_DIR': '/run/user/86698', 'PYTHONPATH': '/opt/ros/indigo/lib/python2.7/dist-packages:/home/vlibs/python', 'VOC_PROXY_WRAPPER_PORT': '5100', 'VOC_XFER_TOKEN': '1699084222298812988117211059dbed1c38b5b1.31371568', 'ROS_ROOT': '/opt/ros/indigo/share/ros', 'OLD_HOME': '/home/ccc_v1_w_NDU1M_86698', 'VOC_PROXY_TOKEN': '21457310852988129881172110159dbed1c419076.42172676', 'ROS_PACKAGE_PATH': '/opt/ros/indigo/share:/opt/ros/indigo/stacks', 'XDG_SESSION_ID': '127501', '_': '/usr/bin/stdbuf', 'LD_PRELOAD': '/usr/lib/coreutils/libstdbuf.so', '_STDBUF_O': 'L', 'SSH_TTY': '/dev/pts/0', 'OLDPWD': '/home/ccc_v1_w_NDU1M_86698/asn17210_Project_2_/asn17211_Project_2/work/catkin_ws', 'ROSLISP_PACKAGE_DIRECTORIES': '', 'VLIB': '/home/vlibs', 'PWD': '/home/ccc_v1_w_NDU1M_86698/asn17210_Project_2_/asn17211_Project_2/work', 'VOC_PROXY_ID': '29881_29881_17211_0_1', 'ROS_MASTER_URI': 'http://localhost:47388', 'MAIL': '/var/mail/ccc_v1_w_NDU1M_86698', 'SSH_CONNECTION': '172.31.43.31 47416 172.31.19.100 22'}
[roslaunch][INFO] 2017-10-09 14:50:46,913: starting in server mode
[roslaunch.parent][INFO] 2017-10-09 14:50:46,917: starting roslaunch parent run
[roslaunch][INFO] 2017-10-09 14:50:46,920: loading roscore config file /opt/ros/indigo/etc/ros/roscore.xml
[roslaunch][INFO] 2017-10-09 14:50:47,032: Added core node of type [rosout/rosout] in namespace [/]
[roslaunch.pmon][INFO] 2017-10-09 14:50:47,033: start_process_monitor: creating ProcessMonitor
[roslaunch.pmon][INFO] 2017-10-09 14:50:47,037: created process monitor <ProcessMonitor(ProcessMonitor-1, initial daemon)>
[roslaunch.pmon][INFO] 2017-10-09 14:50:47,040: start_process_monitor: ProcessMonitor started
[roslaunch.parent][INFO] 2017-10-09 14:50:47,044: starting parent XML-RPC server
[roslaunch.server][INFO] 2017-10-09 14:50:47,047: starting roslaunch XML-RPC server
[roslaunch.server][INFO] 2017-10-09 14:50:47,062: waiting for roslaunch XML-RPC server to initialize
[xmlrpc][INFO] 2017-10-09 14:50:47,062: XML-RPC server binding to 0.0.0.0:0
[xmlrpc][INFO] 2017-10-09 14:50:47,069: Started XML-RPC server [http://ip-172-31-19-100:33165/]
[xmlrpc][INFO] 2017-10-09 14:50:47,073: xml rpc node: starting XML-RPC server
[roslaunch][INFO] 2017-10-09 14:50:47,082: started roslaunch server http://ip-172-31-19-100:33165/
[roslaunch.parent][INFO] 2017-10-09 14:50:47,087: ... parent XML-RPC server started
[roslaunch][INFO] 2017-10-09 14:50:47,091: master.is_running[http://ip-172-31-19-100:47388/]
[roslaunch][INFO] 2017-10-09 14:50:47,095: auto-starting new master
[roslaunch][INFO] 2017-10-09 14:50:47,099: create_master_process: rosmaster, /opt/ros/indigo/share/ros, 47388, 3, None
[roslaunch][INFO] 2017-10-09 14:50:47,102: process[master]: launching with args [['rosmaster', '--core', '-p', '47388', '-w', '3']]
[roslaunch.pmon][INFO] 2017-10-09 14:50:47,106: ProcessMonitor.register[master]
[roslaunch.pmon][INFO] 2017-10-09 14:50:47,109: ProcessMonitor.register[master] complete
[roslaunch][INFO] 2017-10-09 14:50:47,113: process[master]: starting os process
[roslaunch][INFO] 2017-10-09 14:50:47,117: process[master]: start w/ args [['rosmaster', '--core', '-p', '47388', '-w', '3', '__log:=/home/ccc_v1_w_NDU1M_86698/asn17210_Project_2_/asn17211_Project_2/work/.ros/log/e8284c76-ad3b-11e7-b8bb-06f360e4abc1/master.log']]
[roslaunch][INFO] 2017-10-09 14:50:47,121: process[master]: cwd will be [/home/ccc_v1_w_NDU1M_86698/asn17210_Project_2_/asn17211_Project_2/work/.ros]
[roslaunch][INFO] 2017-10-09 14:50:47,129: process[master]: started with pid [20933]
[roslaunch][INFO] 2017-10-09 14:50:47,129: master.is_running[http://ip-172-31-19-100:47388/]
[roslaunch][INFO] 2017-10-09 14:50:47,234: master.is_running[http://ip-172-31-19-100:47388/]
[roslaunch][INFO] 2017-10-09 14:50:47,338: master.is_running[http://ip-172-31-19-100:47388/]
[roslaunch][INFO] 2017-10-09 14:50:47,344: master.is_running[http://ip-172-31-19-100:47388/]
[roslaunch][INFO] 2017-10-09 14:50:47,349: ROS_MASTER_URI=http://ip-172-31-19-100:47388/
[roslaunch][INFO] 2017-10-09 14:50:47,354: setting /run_id to e8284c76-ad3b-11e7-b8bb-06f360e4abc1
[roslaunch][INFO] 2017-10-09 14:50:47,362: setting /roslaunch/uris/host_ip_172_31_19_100__33165' to http://ip-172-31-19-100:33165/
[roslaunch][INFO] 2017-10-09 14:50:47,371: ... preparing to launch node of type [rosout/rosout]
[roslaunch][INFO] 2017-10-09 14:50:47,374: create_node_process: package[rosout] type[rosout] machine[Machine(name[] env_loader[None] address[localhost] ssh_port[22] user[None] assignable[True] timeout[10.0])] master_uri[http://ip-172-31-19-100:47388/]
[roslaunch][INFO] 2017-10-09 14:50:47,385: process[rosout-1]: env[{'ROS_DISTRO': 'indigo', 'ASNLIB': '/home/ccc_v1_s80115__49396/asn17210_Project_2_/asn17211_Project_2/asnlib.0', 'LIB': '/home/ccc_v1_s80115__49396/lib', 'VOC_PROXY_TOKEN': '21457310852988129881172110159dbed1c419076.42172676', 'SSH_CLIENT': '172.31.43.31 47416 22', 'CPATH': '/opt/ros/indigo/include', 'LOGNAME': 'ccc_v1_w_NDU1M_86698', 'USER': 'ccc_v1_w_NDU1M_86698', 'ROS_NODE_PORT': '47388', 'HOME': '/home/ccc_v1_w_NDU1M_86698/asn17210_Project_2_/asn17211_Project_2/work', 'PATH': '/opt/ros/indigo/bin:/usr/local/sbin:/usr/local/bin:/usr/sbin:/usr/bin:/sbin:/bin:/usr/games:/usr/local/games:/home/local/bin:/home/ccc_v1_s80115__49396/lib:/home/ccc_v1_s80115__49396/asn17210_Project_2_/asn17211_Project_2/asnlib.0:/home/vlibs:.', 'CMAKE_PREFIX_PATH': '/opt/ros/indigo', 'ROS_LOG_FILENAME': '/home/ccc_v1_w_NDU1M_86698/asn17210_Project_2_/asn17211_Project_2/work/.ros/log/e8284c76-ad3b-11e7-b8bb-06f360e4abc1/roslaunch-ip-172-31-19-100-20918.log', 'LANG': 'en_US.UTF-8', 'TERM': 'xterm-256color', 'SHELL': '/bin/bash', 'HISTFILE': '/home/ccc_v1_w_NDU1M_86698/.bash_history', 'SHLVL': '2', 'VOC_WORKAREA': '/home/ccc_v1_w_NDU1M_86698/asn17210_Project_2_/asn17211_Project_2/work', 'LD_LIBRARY_PATH': '/opt/ros/indigo/lib/x86_64-linux-gnu:/home/ccc_v1_w_NDU1M_86698/asn17210_Project_2_/asn17211_Project_2/work/catkin_ws/devel/lib:/opt/ros/indigo/lib:/home/ccc_v1_s80115__49396/lib:/home/ccc_v1_s80115__49396/asn17210_Project_2_/asn17211_Project_2/asnlib.0:/home/vlibs', 'PART1': '/home/ccc_v1_s80115__49396/asn17210_Project_2_/asn17211_Project_2', 'ROS_MASTER_URI': 'http://ip-172-31-19-100:47388/', 'XDG_RUNTIME_DIR': '/run/user/86698', 'PYTHONPATH': '/opt/ros/indigo/lib/python2.7/dist-packages:/home/vlibs/python', 'VOC_PROXY_WRAPPER_PORT': '5100', 'VOC_XFER_TOKEN': '1699084222298812988117211059dbed1c38b5b1.31371568', 'ROS_ROOT': '/opt/ros/indigo/share/ros', 'OLD_HOME': '/home/ccc_v1_w_NDU1M_86698', 'PKG_CONFIG_PATH': '/opt/ros/indigo/lib/x86_64-linux-gnu/pkgconfig:/home/ccc_v1_w_NDU1M_86698/asn17210_Project_2_/asn17211_Project_2/work/catkin_ws/devel/lib/pkgconfig:/opt/ros/indigo/lib/pkgconfig', 'ROS_PACKAGE_PATH': '/opt/ros/indigo/share:/opt/ros/indigo/stacks', 'XDG_SESSION_ID': '127501', '_': '/usr/bin/stdbuf', 'LD_PRELOAD': '/usr/lib/coreutils/libstdbuf.so', '_STDBUF_O': 'L', 'SSH_TTY': '/dev/pts/0', 'OLDPWD': '/home/ccc_v1_w_NDU1M_86698/asn17210_Project_2_/asn17211_Project_2/work/catkin_ws', 'ROSLISP_PACKAGE_DIRECTORIES': '', 'VLIB': '/home/vlibs', 'PWD': '/home/ccc_v1_w_NDU1M_86698/asn17210_Project_2_/asn17211_Project_2/work', 'VOC_PROXY_ID': '29881_29881_17211_0_1', 'ROS_ETC_DIR': '/opt/ros/indigo/etc/ros', 'MAIL': '/var/mail/ccc_v1_w_NDU1M_86698', 'SSH_CONNECTION': '172.31.43.31 47416 172.31.19.100 22'}]
[roslaunch][INFO] 2017-10-09 14:50:47,415: process[rosout-1]: args[[u'/opt/ros/indigo/lib/rosout/rosout', u'__name:=rosout']]
[roslaunch][INFO] 2017-10-09 14:50:47,419: ... created process [rosout-1]
[roslaunch.pmon][INFO] 2017-10-09 14:50:47,422: ProcessMonitor.register[rosout-1]
[roslaunch.pmon][INFO] 2017-10-09 14:50:47,426: ProcessMonitor.register[rosout-1] complete
[roslaunch][INFO] 2017-10-09 14:50:47,429: ... registered process [rosout-1]
[roslaunch][INFO] 2017-10-09 14:50:47,432: process[rosout-1]: starting os process
[roslaunch][INFO] 2017-10-09 14:50:47,437: process[rosout-1]: start w/ args [[u'/opt/ros/indigo/lib/rosout/rosout', u'__name:=rosout', u'__log:=/home/ccc_v1_w_NDU1M_86698/asn17210_Project_2_/asn17211_Project_2/work/.ros/log/e8284c76-ad3b-11e7-b8bb-06f360e4abc1/rosout-1.log']]
[roslaunch][INFO] 2017-10-09 14:50:47,447: process[rosout-1]: cwd will be [/home/ccc_v1_w_NDU1M_86698/asn17210_Project_2_/asn17211_Project_2/work/.ros]
[roslaunch][INFO] 2017-10-09 14:50:47,455: process[rosout-1]: started with pid [20946]
[roslaunch][INFO] 2017-10-09 14:50:47,456: ... successfully launched [rosout-1]
[roslaunch][INFO] 2017-10-09 14:50:47,460: load_parameters starting ...
[roslaunch][INFO] 2017-10-09 14:50:47,473: ... load_parameters complete
[roslaunch][INFO] 2017-10-09 14:50:47,476: launch_nodes: launching local nodes ...
[roslaunch][INFO] 2017-10-09 14:50:47,480: ... launch_nodes complete
[roslaunch.pmon][INFO] 2017-10-09 14:50:47,483: registrations completed <ProcessMonitor(ProcessMonitor-1, started daemon 140271656109824)>
[roslaunch.parent][INFO] 2017-10-09 14:50:47,486: ... roslaunch parent running, waiting for process exit
[roslaunch][INFO] 2017-10-09 14:50:47,494: spin
