[rosmaster.main][INFO] 2017-10-09 13:36:20,048: initialization complete, waiting for shutdown
[rosmaster.main][INFO] 2017-10-09 13:36:20,048: Starting ROS Master Node
[xmlrpc][INFO] 2017-10-09 13:36:20,053: XML-RPC server binding to 0.0.0.0:54216
[xmlrpc][INFO] 2017-10-09 13:36:20,056: Started XML-RPC server [http://ip-172-31-19-100:54216/]
[rosmaster.master][INFO] 2017-10-09 13:36:20,056: Master initialized: port[54216], uri[http://ip-172-31-19-100:54216/]
[xmlrpc][INFO] 2017-10-09 13:36:20,060: xml rpc node: starting XML-RPC server
[rosmaster.master][INFO] 2017-10-09 13:36:20,149: +PARAM [/run_id] by /roslaunch
[rosmaster.master][INFO] 2017-10-09 13:36:20,160: +PARAM [/roslaunch/uris/host_ip_172_31_19_100__37263] by /roslaunch
[rosmaster.master][INFO] 2017-10-09 13:36:20,294: +PARAM [/rosversion] by /roslaunch
[rosmaster.master][INFO] 2017-10-09 13:36:20,298: +PARAM [/rosdistro] by /roslaunch
[rosmaster.master][INFO] 2017-10-09 13:36:20,307: +SERVICE [/rosout/get_loggers] /rosout http://ip-172-31-19-100:50973/
[rosmaster.master][INFO] 2017-10-09 13:36:20,313: +SERVICE [/rosout/set_logger_level] /rosout http://ip-172-31-19-100:50973/
[rosmaster.master][INFO] 2017-10-09 13:36:20,321: +PUB [/rosout_agg] /rosout http://ip-172-31-19-100:50973/
[rosmaster.master][INFO] 2017-10-09 13:36:20,330: +SUB [/rosout] /rosout http://ip-172-31-19-100:50973/
[rosmaster.master][INFO] 2017-10-09 13:36:20,560: +PUB [/rosout] /tf2_web_republisher http://ip-172-31-19-100:40876/
[rosmaster.master][INFO] 2017-10-09 13:36:20,564: +SERVICE [/tf2_web_republisher/get_loggers] /tf2_web_republisher http://ip-172-31-19-100:40876/
[rosmaster.master][INFO] 2017-10-09 13:36:20,572: +SERVICE [/tf2_web_republisher/set_logger_level] /tf2_web_republisher http://ip-172-31-19-100:40876/
[rosmaster.master][INFO] 2017-10-09 13:36:20,581: +SUB [/tf] /tf2_web_republisher http://ip-172-31-19-100:40876/
[rosmaster.master][INFO] 2017-10-09 13:36:20,589: +SUB [/tf_static] /tf2_web_republisher http://ip-172-31-19-100:40876/
[rosmaster.master][INFO] 2017-10-09 13:36:20,596: +SERVICE [/republish_tfs] /tf2_web_republisher http://ip-172-31-19-100:40876/
[rosmaster.master][INFO] 2017-10-09 13:36:20,602: +PUB [/tf2_web_republisher/result] /tf2_web_republisher http://ip-172-31-19-100:40876/
[rosmaster.master][INFO] 2017-10-09 13:36:20,606: +PUB [/tf2_web_republisher/feedback] /tf2_web_republisher http://ip-172-31-19-100:40876/
[rosmaster.master][INFO] 2017-10-09 13:36:20,617: +PUB [/tf2_web_republisher/status] /tf2_web_republisher http://ip-172-31-19-100:40876/
[rosmaster.master][INFO] 2017-10-09 13:36:20,626: +SUB [/tf2_web_republisher/goal] /tf2_web_republisher http://ip-172-31-19-100:40876/
[rosmaster.master][INFO] 2017-10-09 13:36:20,634: +SUB [/tf2_web_republisher/cancel] /tf2_web_republisher http://ip-172-31-19-100:40876/
[rosmaster.master][INFO] 2017-10-09 13:36:20,654: publisherUpdate[/rosout] -> http://ip-172-31-19-100:50973/
[rosmaster.master][INFO] 2017-10-09 13:36:22,050: +PARAM [/roslaunch/uris/host_ip_172_31_19_100__39710] by /roslaunch
[rosmaster.master][INFO] 2017-10-09 13:36:22,064: +PARAM [/rosbridge_websocket/port] by /roslaunch
[rosmaster.master][INFO] 2017-10-09 13:36:22,068: +PARAM [/rosdistro] by /roslaunch
[rosmaster.master][INFO] 2017-10-09 13:36:22,073: +PARAM [/rosbridge_websocket/fragment_timeout] by /roslaunch
[rosmaster.master][INFO] 2017-10-09 13:36:22,077: +PARAM [/rosbridge_websocket/delay_between_messages] by /roslaunch
[rosmaster.master][INFO] 2017-10-09 13:36:22,080: +PARAM [/rosversion] by /roslaunch
[rosmaster.master][INFO] 2017-10-09 13:36:22,083: +PARAM [/rosbridge_websocket/authenticate] by /roslaunch
[rosmaster.master][INFO] 2017-10-09 13:36:22,087: +PARAM [/rosbridge_websocket/retry_startup_delay] by /roslaunch
[rosmaster.master][INFO] 2017-10-09 13:36:22,093: +PARAM [/rosbridge_websocket/address] by /roslaunch
[rosmaster.master][INFO] 2017-10-09 13:36:22,096: +PARAM [/rosbridge_websocket/max_message_size] by /roslaunch
[rosmaster.master][INFO] 2017-10-09 13:36:22,519: +PUB [/rosout] /marker_publisher http://ip-172-31-19-100:37924/
[rosmaster.master][INFO] 2017-10-09 13:36:22,524: +SERVICE [/marker_publisher/get_loggers] /marker_publisher http://ip-172-31-19-100:37924/
[rosmaster.master][INFO] 2017-10-09 13:36:22,528: +SERVICE [/marker_publisher/set_logger_level] /marker_publisher http://ip-172-31-19-100:37924/
[rosmaster.master][INFO] 2017-10-09 13:36:22,534: +PUB [/visualization_marker] /marker_publisher http://ip-172-31-19-100:37924/
[rosmaster.master][INFO] 2017-10-09 13:36:22,557: publisherUpdate[/rosout] -> http://ip-172-31-19-100:50973/
[rosmaster.master][INFO] 2017-10-09 13:36:22,776: +PUB [/rosout] /rosbridge_websocket http://ip-172-31-19-100:50013/
[rosmaster.master][INFO] 2017-10-09 13:36:22,789: +SERVICE [/rosbridge_websocket/get_loggers] /rosbridge_websocket http://ip-172-31-19-100:50013/
[rosmaster.master][INFO] 2017-10-09 13:36:22,793: +SERVICE [/rosbridge_websocket/set_logger_level] /rosbridge_websocket http://ip-172-31-19-100:50013/
[rosmaster.master][INFO] 2017-10-09 13:36:22,820: +PUB [/rosout] /rosapi http://ip-172-31-19-100:42670/
[rosmaster.master][INFO] 2017-10-09 13:36:22,835: +SERVICE [/rosapi/get_loggers] /rosapi http://ip-172-31-19-100:42670/
[rosmaster.master][INFO] 2017-10-09 13:36:22,840: +SERVICE [/rosapi/set_logger_level] /rosapi http://ip-172-31-19-100:42670/
[rosmaster.master][INFO] 2017-10-09 13:36:22,845: +SERVICE [/rosapi/topics] /rosapi http://ip-172-31-19-100:42670/
[rosmaster.master][INFO] 2017-10-09 13:36:22,849: +SERVICE [/rosapi/topics_for_type] /rosapi http://ip-172-31-19-100:42670/
[rosmaster.master][INFO] 2017-10-09 13:36:22,855: +SERVICE [/rosapi/services] /rosapi http://ip-172-31-19-100:42670/
[rosmaster.master][INFO] 2017-10-09 13:36:22,858: publisherUpdate[/rosout] -> http://ip-172-31-19-100:50973/
[rosmaster.master][INFO] 2017-10-09 13:36:22,866: +SERVICE [/rosapi/services_for_type] /rosapi http://ip-172-31-19-100:42670/
[rosmaster.master][INFO] 2017-10-09 13:36:22,869: publisherUpdate[/rosout] -> http://ip-172-31-19-100:50973/
[rosmaster.master][INFO] 2017-10-09 13:36:22,874: +SERVICE [/rosapi/nodes] /rosapi http://ip-172-31-19-100:42670/
[rosmaster.master][INFO] 2017-10-09 13:36:22,881: +SERVICE [/rosapi/node_details] /rosapi http://ip-172-31-19-100:42670/
[rosmaster.master][INFO] 2017-10-09 13:36:22,886: +SERVICE [/rosapi/topic_type] /rosapi http://ip-172-31-19-100:42670/
[rosmaster.master][INFO] 2017-10-09 13:36:22,891: +SERVICE [/rosapi/service_type] /rosapi http://ip-172-31-19-100:42670/
[rosmaster.master][INFO] 2017-10-09 13:36:22,896: +SERVICE [/rosapi/publishers] /rosapi http://ip-172-31-19-100:42670/
[rosmaster.master][INFO] 2017-10-09 13:36:22,901: +SERVICE [/rosapi/subscribers] /rosapi http://ip-172-31-19-100:42670/
[rosmaster.master][INFO] 2017-10-09 13:36:22,912: +SERVICE [/rosapi/service_providers] /rosapi http://ip-172-31-19-100:42670/
[rosmaster.master][INFO] 2017-10-09 13:36:22,916: +SERVICE [/rosapi/service_node] /rosapi http://ip-172-31-19-100:42670/
[rosmaster.master][INFO] 2017-10-09 13:36:22,920: +SERVICE [/rosapi/service_host] /rosapi http://ip-172-31-19-100:42670/
[rosmaster.master][INFO] 2017-10-09 13:36:22,925: +SERVICE [/rosapi/message_details] /rosapi http://ip-172-31-19-100:42670/
[rosmaster.master][INFO] 2017-10-09 13:36:22,929: +SERVICE [/rosapi/service_request_details] /rosapi http://ip-172-31-19-100:42670/
[rosmaster.master][INFO] 2017-10-09 13:36:22,934: +SERVICE [/rosapi/service_response_details] /rosapi http://ip-172-31-19-100:42670/
[rosmaster.master][INFO] 2017-10-09 13:36:22,939: +SERVICE [/rosapi/set_param] /rosapi http://ip-172-31-19-100:42670/
[rosmaster.master][INFO] 2017-10-09 13:36:22,943: +SERVICE [/rosapi/get_param] /rosapi http://ip-172-31-19-100:42670/
[rosmaster.master][INFO] 2017-10-09 13:36:22,948: +SERVICE [/rosapi/has_param] /rosapi http://ip-172-31-19-100:42670/
[rosmaster.master][INFO] 2017-10-09 13:36:22,953: +SERVICE [/rosapi/search_param] /rosapi http://ip-172-31-19-100:42670/
[rosmaster.master][INFO] 2017-10-09 13:36:22,958: +SERVICE [/rosapi/delete_param] /rosapi http://ip-172-31-19-100:42670/
[rosmaster.master][INFO] 2017-10-09 13:36:22,970: +SERVICE [/rosapi/get_param_names] /rosapi http://ip-172-31-19-100:42670/
[rosmaster.master][INFO] 2017-10-09 13:36:22,979: +SERVICE [/rosapi/get_time] /rosapi http://ip-172-31-19-100:42670/
[rosmaster.master][INFO] 2017-10-09 13:36:30,527: +PUB [/rosout] /project2_solution http://ip-172-31-19-100:36742/
[rosmaster.master][INFO] 2017-10-09 13:36:30,542: +SERVICE [/project2_solution/get_loggers] /project2_solution http://ip-172-31-19-100:36742/
[rosmaster.master][INFO] 2017-10-09 13:36:30,547: +SERVICE [/project2_solution/set_logger_level] /project2_solution http://ip-172-31-19-100:36742/
[rosmaster.master][INFO] 2017-10-09 13:36:30,554: +PUB [/tf] /project2_solution http://ip-172-31-19-100:36742/
[rosmaster.master][INFO] 2017-10-09 13:36:30,575: publisherUpdate[/rosout] -> http://ip-172-31-19-100:50973/
[rosmaster.master][INFO] 2017-10-09 13:36:30,580: publisherUpdate[/tf] -> http://ip-172-31-19-100:40876/
[rosmaster.master][INFO] 2017-10-09 13:37:10,537: -PUB [/rosout] /project2_solution http://ip-172-31-19-100:36742/
[rosmaster.master][INFO] 2017-10-09 13:37:10,539: -PUB [/tf] /project2_solution http://ip-172-31-19-100:36742/
[rosmaster.master][INFO] 2017-10-09 13:37:10,546: -SERVICE [/project2_solution/get_loggers] /project2_solution rosrpc://ip-172-31-19-100:46011
[rosmaster.master][INFO] 2017-10-09 13:37:10,548: publisherUpdate[/rosout] -> http://ip-172-31-19-100:50973/
[rosmaster.master][INFO] 2017-10-09 13:37:10,550: -SERVICE [/project2_solution/set_logger_level] /project2_solution rosrpc://ip-172-31-19-100:46011
[rosmaster.master][INFO] 2017-10-09 13:37:10,555: publisherUpdate[/tf] -> http://ip-172-31-19-100:40876/
[rosmaster.master][INFO] 2017-10-09 13:37:14,812: +PUB [/rosout] /project2_solution http://ip-172-31-19-100:44129/
[rosmaster.master][INFO] 2017-10-09 13:37:14,824: +SERVICE [/project2_solution/get_loggers] /project2_solution http://ip-172-31-19-100:44129/
[rosmaster.master][INFO] 2017-10-09 13:37:14,829: +SERVICE [/project2_solution/set_logger_level] /project2_solution http://ip-172-31-19-100:44129/
[rosmaster.master][INFO] 2017-10-09 13:37:14,834: +PUB [/tf] /project2_solution http://ip-172-31-19-100:44129/
[rosmaster.master][INFO] 2017-10-09 13:37:14,862: publisherUpdate[/rosout] -> http://ip-172-31-19-100:50973/
[rosmaster.master][INFO] 2017-10-09 13:37:14,866: publisherUpdate[/tf] -> http://ip-172-31-19-100:40876/
[rosmaster.master][INFO] 2017-10-09 13:39:19,833: -PUB [/rosout] /project2_solution http://ip-172-31-19-100:44129/
[rosmaster.master][INFO] 2017-10-09 13:39:19,834: -PUB [/tf] /project2_solution http://ip-172-31-19-100:44129/
[rosmaster.master][INFO] 2017-10-09 13:39:19,838: -SERVICE [/project2_solution/get_loggers] /project2_solution rosrpc://ip-172-31-19-100:43737
[rosmaster.master][INFO] 2017-10-09 13:39:19,842: -SERVICE [/project2_solution/set_logger_level] /project2_solution rosrpc://ip-172-31-19-100:43737
[rosmaster.master][INFO] 2017-10-09 13:39:19,878: publisherUpdate[/rosout] -> http://ip-172-31-19-100:50973/
[rosmaster.master][INFO] 2017-10-09 13:39:19,878: publisherUpdate[/tf] -> http://ip-172-31-19-100:40876/
[rosmaster.master][INFO] 2017-10-09 13:40:52,556: +PUB [/rosout] /project2_solution http://ip-172-31-19-100:56078/
[rosmaster.master][INFO] 2017-10-09 13:40:52,567: +SERVICE [/project2_solution/get_loggers] /project2_solution http://ip-172-31-19-100:56078/
[rosmaster.master][INFO] 2017-10-09 13:40:52,572: +SERVICE [/project2_solution/set_logger_level] /project2_solution http://ip-172-31-19-100:56078/
[rosmaster.master][INFO] 2017-10-09 13:40:52,585: +PUB [/tf] /project2_solution http://ip-172-31-19-100:56078/
[rosmaster.master][INFO] 2017-10-09 13:40:52,631: publisherUpdate[/rosout] -> http://ip-172-31-19-100:50973/
[rosmaster.master][INFO] 2017-10-09 13:40:52,634: publisherUpdate[/tf] -> http://ip-172-31-19-100:40876/
[rosmaster.master][INFO] 2017-10-09 13:45:27,641: -PUB [/rosout] /project2_solution http://ip-172-31-19-100:56078/
[rosmaster.master][INFO] 2017-10-09 13:45:27,641: -PUB [/tf] /project2_solution http://ip-172-31-19-100:56078/
[rosmaster.master][INFO] 2017-10-09 13:45:27,646: -SERVICE [/project2_solution/get_loggers] /project2_solution rosrpc://ip-172-31-19-100:60236
[rosmaster.master][INFO] 2017-10-09 13:45:27,649: -SERVICE [/project2_solution/set_logger_level] /project2_solution rosrpc://ip-172-31-19-100:60236
[rosmaster.master][INFO] 2017-10-09 13:45:27,699: publisherUpdate[/rosout] -> http://ip-172-31-19-100:50973/
[rosmaster.master][INFO] 2017-10-09 13:45:27,699: publisherUpdate[/tf] -> http://ip-172-31-19-100:40876/
[rosmaster.master][INFO] 2017-10-09 13:45:32,984: +PUB [/rosout] /project2_solution http://ip-172-31-19-100:45631/
[rosmaster.master][INFO] 2017-10-09 13:45:32,997: +SERVICE [/project2_solution/get_loggers] /project2_solution http://ip-172-31-19-100:45631/
[rosmaster.master][INFO] 2017-10-09 13:45:33,002: +SERVICE [/project2_solution/set_logger_level] /project2_solution http://ip-172-31-19-100:45631/
[rosmaster.master][INFO] 2017-10-09 13:45:33,006: +PUB [/tf] /project2_solution http://ip-172-31-19-100:45631/
[rosmaster.master][INFO] 2017-10-09 13:45:33,009: publisherUpdate[/rosout] -> http://ip-172-31-19-100:50973/
[rosmaster.master][INFO] 2017-10-09 13:45:33,012: publisherUpdate[/tf] -> http://ip-172-31-19-100:40876/
[rosmaster.master][INFO] 2017-10-09 13:45:33,523: -PUB [/rosout] /project2_solution http://ip-172-31-19-100:45631/
[rosmaster.master][INFO] 2017-10-09 13:45:33,526: -PUB [/tf] /project2_solution http://ip-172-31-19-100:45631/
[rosmaster.master][INFO] 2017-10-09 13:45:33,530: -SERVICE [/project2_solution/get_loggers] /project2_solution rosrpc://ip-172-31-19-100:37234
[rosmaster.master][INFO] 2017-10-09 13:45:33,530: publisherUpdate[/rosout] -> http://ip-172-31-19-100:50973/
[rosmaster.master][INFO] 2017-10-09 13:45:33,533: -SERVICE [/project2_solution/set_logger_level] /project2_solution rosrpc://ip-172-31-19-100:37234
[rosmaster.master][INFO] 2017-10-09 13:45:33,534: publisherUpdate[/tf] -> http://ip-172-31-19-100:40876/
[rosmaster.master][INFO] 2017-10-09 13:46:21,179: +PUB [/rosout] /project2_solution http://ip-172-31-19-100:50440/
[rosmaster.master][INFO] 2017-10-09 13:46:21,196: +SERVICE [/project2_solution/get_loggers] /project2_solution http://ip-172-31-19-100:50440/
[rosmaster.master][INFO] 2017-10-09 13:46:21,201: +SERVICE [/project2_solution/set_logger_level] /project2_solution http://ip-172-31-19-100:50440/
[rosmaster.master][INFO] 2017-10-09 13:46:21,201: publisherUpdate[/rosout] -> http://ip-172-31-19-100:50973/
[rosmaster.master][INFO] 2017-10-09 13:46:21,206: +PUB [/tf] /project2_solution http://ip-172-31-19-100:50440/
[rosmaster.master][INFO] 2017-10-09 13:46:21,209: publisherUpdate[/tf] -> http://ip-172-31-19-100:40876/
[rosmaster.master][INFO] 2017-10-09 13:46:21,726: -PUB [/rosout] /project2_solution http://ip-172-31-19-100:50440/
[rosmaster.master][INFO] 2017-10-09 13:46:21,728: publisherUpdate[/rosout] -> http://ip-172-31-19-100:50973/
[rosmaster.master][INFO] 2017-10-09 13:46:21,730: -PUB [/tf] /project2_solution http://ip-172-31-19-100:50440/
[rosmaster.master][INFO] 2017-10-09 13:46:21,734: publisherUpdate[/tf] -> http://ip-172-31-19-100:40876/
[rosmaster.master][INFO] 2017-10-09 13:46:21,738: -SERVICE [/project2_solution/get_loggers] /project2_solution rosrpc://ip-172-31-19-100:42662
[rosmaster.master][INFO] 2017-10-09 13:46:21,752: -SERVICE [/project2_solution/set_logger_level] /project2_solution rosrpc://ip-172-31-19-100:42662
[rosmaster.master][INFO] 2017-10-09 13:46:38,643: +PUB [/rosout] /project2_solution http://ip-172-31-19-100:35801/
[rosmaster.master][INFO] 2017-10-09 13:46:38,644: publisherUpdate[/rosout] -> http://ip-172-31-19-100:50973/
[rosmaster.master][INFO] 2017-10-09 13:46:38,658: +SERVICE [/project2_solution/get_loggers] /project2_solution http://ip-172-31-19-100:35801/
[rosmaster.master][INFO] 2017-10-09 13:46:38,662: +SERVICE [/project2_solution/set_logger_level] /project2_solution http://ip-172-31-19-100:35801/
[rosmaster.master][INFO] 2017-10-09 13:46:38,668: +PUB [/tf] /project2_solution http://ip-172-31-19-100:35801/
[rosmaster.master][INFO] 2017-10-09 13:46:38,677: publisherUpdate[/tf] -> http://ip-172-31-19-100:40876/
[rosmaster.master][INFO] 2017-10-09 13:46:39,180: -PUB [/rosout] /project2_solution http://ip-172-31-19-100:35801/
[rosmaster.master][INFO] 2017-10-09 13:46:39,182: publisherUpdate[/rosout] -> http://ip-172-31-19-100:50973/
[rosmaster.master][INFO] 2017-10-09 13:46:39,184: -PUB [/tf] /project2_solution http://ip-172-31-19-100:35801/
[rosmaster.master][INFO] 2017-10-09 13:46:39,188: publisherUpdate[/tf] -> http://ip-172-31-19-100:40876/
[rosmaster.master][INFO] 2017-10-09 13:46:39,191: -SERVICE [/project2_solution/get_loggers] /project2_solution rosrpc://ip-172-31-19-100:54007
[rosmaster.master][INFO] 2017-10-09 13:46:39,198: -SERVICE [/project2_solution/set_logger_level] /project2_solution rosrpc://ip-172-31-19-100:54007
[rosmaster.master][INFO] 2017-10-09 13:47:30,027: +PUB [/rosout] /project2_solution http://ip-172-31-19-100:55501/
[rosmaster.master][INFO] 2017-10-09 13:47:30,037: publisherUpdate[/rosout] -> http://ip-172-31-19-100:50973/
[rosmaster.master][INFO] 2017-10-09 13:47:30,038: +SERVICE [/project2_solution/get_loggers] /project2_solution http://ip-172-31-19-100:55501/
[rosmaster.master][INFO] 2017-10-09 13:47:30,059: +SERVICE [/project2_solution/set_logger_level] /project2_solution http://ip-172-31-19-100:55501/
[rosmaster.master][INFO] 2017-10-09 13:47:30,063: +PUB [/tf] /project2_solution http://ip-172-31-19-100:55501/
[rosmaster.master][INFO] 2017-10-09 13:47:30,079: publisherUpdate[/tf] -> http://ip-172-31-19-100:40876/
[rosmaster.master][INFO] 2017-10-09 13:47:30,575: -PUB [/rosout] /project2_solution http://ip-172-31-19-100:55501/
[rosmaster.master][INFO] 2017-10-09 13:47:30,584: -PUB [/tf] /project2_solution http://ip-172-31-19-100:55501/
[rosmaster.master][INFO] 2017-10-09 13:47:30,587: publisherUpdate[/rosout] -> http://ip-172-31-19-100:50973/
[rosmaster.master][INFO] 2017-10-09 13:47:30,594: -SERVICE [/project2_solution/get_loggers] /project2_solution rosrpc://ip-172-31-19-100:50847
[rosmaster.master][INFO] 2017-10-09 13:47:30,598: publisherUpdate[/tf] -> http://ip-172-31-19-100:40876/
[rosmaster.master][INFO] 2017-10-09 13:47:30,601: -SERVICE [/project2_solution/set_logger_level] /project2_solution rosrpc://ip-172-31-19-100:50847
[rosmaster.master][INFO] 2017-10-09 13:49:00,492: +PUB [/rosout] /project2_solution http://ip-172-31-19-100:53702/
[rosmaster.master][INFO] 2017-10-09 13:49:00,502: +SERVICE [/project2_solution/get_loggers] /project2_solution http://ip-172-31-19-100:53702/
[rosmaster.master][INFO] 2017-10-09 13:49:00,503: publisherUpdate[/rosout] -> http://ip-172-31-19-100:50973/
[rosmaster.master][INFO] 2017-10-09 13:49:00,507: +SERVICE [/project2_solution/set_logger_level] /project2_solution http://ip-172-31-19-100:53702/
[rosmaster.master][INFO] 2017-10-09 13:49:00,519: +PUB [/tf] /project2_solution http://ip-172-31-19-100:53702/
[rosmaster.master][INFO] 2017-10-09 13:49:00,556: publisherUpdate[/tf] -> http://ip-172-31-19-100:40876/
[rosmaster.master][INFO] 2017-10-09 13:49:01,032: -PUB [/rosout] /project2_solution http://ip-172-31-19-100:53702/
[rosmaster.master][INFO] 2017-10-09 13:49:01,040: -PUB [/tf] /project2_solution http://ip-172-31-19-100:53702/
[rosmaster.master][INFO] 2017-10-09 13:49:01,044: -SERVICE [/project2_solution/get_loggers] /project2_solution rosrpc://ip-172-31-19-100:44517
[rosmaster.master][INFO] 2017-10-09 13:49:01,048: -SERVICE [/project2_solution/set_logger_level] /project2_solution rosrpc://ip-172-31-19-100:44517
[rosmaster.master][INFO] 2017-10-09 13:49:01,067: publisherUpdate[/rosout] -> http://ip-172-31-19-100:50973/
[rosmaster.master][INFO] 2017-10-09 13:49:01,071: publisherUpdate[/tf] -> http://ip-172-31-19-100:40876/
[rosmaster.master][INFO] 2017-10-09 13:50:42,053: +PUB [/rosout] /project2_solution http://ip-172-31-19-100:57618/
[rosmaster.master][INFO] 2017-10-09 13:50:42,054: publisherUpdate[/rosout] -> http://ip-172-31-19-100:50973/
[rosmaster.master][INFO] 2017-10-09 13:50:42,063: +SERVICE [/project2_solution/get_loggers] /project2_solution http://ip-172-31-19-100:57618/
[rosmaster.master][INFO] 2017-10-09 13:50:42,068: +SERVICE [/project2_solution/set_logger_level] /project2_solution http://ip-172-31-19-100:57618/
[rosmaster.master][INFO] 2017-10-09 13:50:42,072: +PUB [/tf] /project2_solution http://ip-172-31-19-100:57618/
[rosmaster.master][INFO] 2017-10-09 13:50:42,083: publisherUpdate[/tf] -> http://ip-172-31-19-100:40876/
[rosmaster.master][INFO] 2017-10-09 13:50:42,589: -PUB [/rosout] /project2_solution http://ip-172-31-19-100:57618/
[rosmaster.master][INFO] 2017-10-09 13:50:42,630: -PUB [/tf] /project2_solution http://ip-172-31-19-100:57618/
[rosmaster.master][INFO] 2017-10-09 13:50:42,658: publisherUpdate[/rosout] -> http://ip-172-31-19-100:50973/
[rosmaster.master][INFO] 2017-10-09 13:50:42,660: publisherUpdate[/tf] -> http://ip-172-31-19-100:40876/
[rosmaster.master][INFO] 2017-10-09 13:50:42,672: -SERVICE [/project2_solution/get_loggers] /project2_solution rosrpc://ip-172-31-19-100:39437
[rosmaster.master][INFO] 2017-10-09 13:50:42,703: -SERVICE [/project2_solution/set_logger_level] /project2_solution rosrpc://ip-172-31-19-100:39437
[rosmaster.master][INFO] 2017-10-09 13:51:33,309: +PUB [/rosout] /project2_solution http://ip-172-31-19-100:56909/
[rosmaster.master][INFO] 2017-10-09 13:51:33,319: +SERVICE [/project2_solution/get_loggers] /project2_solution http://ip-172-31-19-100:56909/
[rosmaster.master][INFO] 2017-10-09 13:51:33,333: +SERVICE [/project2_solution/set_logger_level] /project2_solution http://ip-172-31-19-100:56909/
[rosmaster.master][INFO] 2017-10-09 13:51:33,337: +PUB [/tf] /project2_solution http://ip-172-31-19-100:56909/
[rosmaster.master][INFO] 2017-10-09 13:51:33,370: publisherUpdate[/rosout] -> http://ip-172-31-19-100:50973/
[rosmaster.master][INFO] 2017-10-09 13:51:33,371: publisherUpdate[/tf] -> http://ip-172-31-19-100:40876/
[rosmaster.master][INFO] 2017-10-09 13:51:33,848: -PUB [/rosout] /project2_solution http://ip-172-31-19-100:56909/
[rosmaster.master][INFO] 2017-10-09 13:51:33,855: -PUB [/tf] /project2_solution http://ip-172-31-19-100:56909/
[rosmaster.master][INFO] 2017-10-09 13:51:33,860: -SERVICE [/project2_solution/get_loggers] /project2_solution rosrpc://ip-172-31-19-100:35221
[rosmaster.master][INFO] 2017-10-09 13:51:33,869: -SERVICE [/project2_solution/set_logger_level] /project2_solution rosrpc://ip-172-31-19-100:35221
[rosmaster.master][INFO] 2017-10-09 13:51:33,875: publisherUpdate[/rosout] -> http://ip-172-31-19-100:50973/
[rosmaster.master][INFO] 2017-10-09 13:51:33,878: publisherUpdate[/tf] -> http://ip-172-31-19-100:40876/
[rosmaster.master][INFO] 2017-10-09 13:55:21,167: +PUB [/rosout] /project2_solution http://ip-172-31-19-100:55753/
[rosmaster.master][INFO] 2017-10-09 13:55:21,182: +SERVICE [/project2_solution/get_loggers] /project2_solution http://ip-172-31-19-100:55753/
[rosmaster.master][INFO] 2017-10-09 13:55:21,186: +SERVICE [/project2_solution/set_logger_level] /project2_solution http://ip-172-31-19-100:55753/
[rosmaster.master][INFO] 2017-10-09 13:55:21,191: +PUB [/tf] /project2_solution http://ip-172-31-19-100:55753/
[rosmaster.master][INFO] 2017-10-09 13:55:21,264: publisherUpdate[/rosout] -> http://ip-172-31-19-100:50973/
[rosmaster.master][INFO] 2017-10-09 13:55:21,264: publisherUpdate[/tf] -> http://ip-172-31-19-100:40876/
[rosmaster.master][INFO] 2017-10-09 13:55:21,703: -PUB [/rosout] /project2_solution http://ip-172-31-19-100:55753/
[rosmaster.master][INFO] 2017-10-09 13:55:21,707: -PUB [/tf] /project2_solution http://ip-172-31-19-100:55753/
[rosmaster.master][INFO] 2017-10-09 13:55:21,711: -SERVICE [/project2_solution/get_loggers] /project2_solution rosrpc://ip-172-31-19-100:47592
[rosmaster.master][INFO] 2017-10-09 13:55:21,714: -SERVICE [/project2_solution/set_logger_level] /project2_solution rosrpc://ip-172-31-19-100:47592
[rosmaster.master][INFO] 2017-10-09 13:55:21,765: publisherUpdate[/rosout] -> http://ip-172-31-19-100:50973/
[rosmaster.master][INFO] 2017-10-09 13:55:21,770: publisherUpdate[/tf] -> http://ip-172-31-19-100:40876/
[rosmaster.master][INFO] 2017-10-09 13:55:51,623: +PUB [/rosout] /project2_solution http://ip-172-31-19-100:42815/
[rosmaster.master][INFO] 2017-10-09 13:55:51,624: publisherUpdate[/rosout] -> http://ip-172-31-19-100:50973/
[rosmaster.master][INFO] 2017-10-09 13:55:51,745: +SERVICE [/project2_solution/get_loggers] /project2_solution http://ip-172-31-19-100:42815/
[rosmaster.master][INFO] 2017-10-09 13:55:51,765: +SERVICE [/project2_solution/set_logger_level] /project2_solution http://ip-172-31-19-100:42815/
[rosmaster.master][INFO] 2017-10-09 13:55:51,779: +PUB [/tf] /project2_solution http://ip-172-31-19-100:42815/
[rosmaster.master][INFO] 2017-10-09 13:55:51,811: publisherUpdate[/tf] -> http://ip-172-31-19-100:40876/
[rosmaster.master][INFO] 2017-10-09 13:55:52,291: -PUB [/rosout] /project2_solution http://ip-172-31-19-100:42815/
[rosmaster.master][INFO] 2017-10-09 13:55:52,295: -PUB [/tf] /project2_solution http://ip-172-31-19-100:42815/
[rosmaster.master][INFO] 2017-10-09 13:55:52,299: -SERVICE [/project2_solution/get_loggers] /project2_solution rosrpc://ip-172-31-19-100:44627
[rosmaster.master][INFO] 2017-10-09 13:55:52,302: -SERVICE [/project2_solution/set_logger_level] /project2_solution rosrpc://ip-172-31-19-100:44627
[rosmaster.master][INFO] 2017-10-09 13:55:52,321: publisherUpdate[/rosout] -> http://ip-172-31-19-100:50973/
[rosmaster.master][INFO] 2017-10-09 13:55:52,323: publisherUpdate[/tf] -> http://ip-172-31-19-100:40876/
[rosmaster.master][INFO] 2017-10-09 13:56:21,472: +PUB [/rosout] /project2_solution http://ip-172-31-19-100:48391/
[rosmaster.master][INFO] 2017-10-09 13:56:21,473: publisherUpdate[/rosout] -> http://ip-172-31-19-100:50973/
[rosmaster.master][INFO] 2017-10-09 13:56:21,482: +SERVICE [/project2_solution/get_loggers] /project2_solution http://ip-172-31-19-100:48391/
[rosmaster.master][INFO] 2017-10-09 13:56:21,487: +SERVICE [/project2_solution/set_logger_level] /project2_solution http://ip-172-31-19-100:48391/
[rosmaster.master][INFO] 2017-10-09 13:56:21,496: +PUB [/tf] /project2_solution http://ip-172-31-19-100:48391/
[rosmaster.master][INFO] 2017-10-09 13:56:21,574: publisherUpdate[/tf] -> http://ip-172-31-19-100:40876/
[rosmaster.master][INFO] 2017-10-09 13:56:22,010: -PUB [/rosout] /project2_solution http://ip-172-31-19-100:48391/
[rosmaster.master][INFO] 2017-10-09 13:56:22,017: -PUB [/tf] /project2_solution http://ip-172-31-19-100:48391/
[rosmaster.master][INFO] 2017-10-09 13:56:22,030: -SERVICE [/project2_solution/get_loggers] /project2_solution rosrpc://ip-172-31-19-100:53011
[rosmaster.master][INFO] 2017-10-09 13:56:22,040: -SERVICE [/project2_solution/set_logger_level] /project2_solution rosrpc://ip-172-31-19-100:53011
[rosmaster.master][INFO] 2017-10-09 13:56:22,077: publisherUpdate[/rosout] -> http://ip-172-31-19-100:50973/
[rosmaster.master][INFO] 2017-10-09 13:56:22,079: publisherUpdate[/tf] -> http://ip-172-31-19-100:40876/
[rosmaster.master][INFO] 2017-10-09 13:57:02,659: +PUB [/rosout] /project2_solution http://ip-172-31-19-100:34599/
[rosmaster.master][INFO] 2017-10-09 13:57:02,671: publisherUpdate[/rosout] -> http://ip-172-31-19-100:50973/
[rosmaster.master][INFO] 2017-10-09 13:57:02,672: +SERVICE [/project2_solution/get_loggers] /project2_solution http://ip-172-31-19-100:34599/
[rosmaster.master][INFO] 2017-10-09 13:57:02,684: +SERVICE [/project2_solution/set_logger_level] /project2_solution http://ip-172-31-19-100:34599/
[rosmaster.master][INFO] 2017-10-09 13:57:02,689: +PUB [/tf] /project2_solution http://ip-172-31-19-100:34599/
[rosmaster.master][INFO] 2017-10-09 13:57:02,697: publisherUpdate[/tf] -> http://ip-172-31-19-100:40876/
[rosmaster.master][INFO] 2017-10-09 13:57:03,201: -PUB [/rosout] /project2_solution http://ip-172-31-19-100:34599/
[rosmaster.master][INFO] 2017-10-09 13:57:03,202: publisherUpdate[/rosout] -> http://ip-172-31-19-100:50973/
[rosmaster.master][INFO] 2017-10-09 13:57:03,205: -PUB [/tf] /project2_solution http://ip-172-31-19-100:34599/
[rosmaster.master][INFO] 2017-10-09 13:57:03,209: publisherUpdate[/tf] -> http://ip-172-31-19-100:40876/
[rosmaster.master][INFO] 2017-10-09 13:57:03,216: -SERVICE [/project2_solution/get_loggers] /project2_solution rosrpc://ip-172-31-19-100:47246
[rosmaster.master][INFO] 2017-10-09 13:57:03,223: -SERVICE [/project2_solution/set_logger_level] /project2_solution rosrpc://ip-172-31-19-100:47246
[rosmaster.master][INFO] 2017-10-09 13:57:16,071: +PUB [/rosout] /project2_solution http://ip-172-31-19-100:44477/
[rosmaster.master][INFO] 2017-10-09 13:57:16,075: publisherUpdate[/rosout] -> http://ip-172-31-19-100:50973/
[rosmaster.master][INFO] 2017-10-09 13:57:16,084: +SERVICE [/project2_solution/get_loggers] /project2_solution http://ip-172-31-19-100:44477/
[rosmaster.master][INFO] 2017-10-09 13:57:16,088: +SERVICE [/project2_solution/set_logger_level] /project2_solution http://ip-172-31-19-100:44477/
[rosmaster.master][INFO] 2017-10-09 13:57:16,093: +PUB [/tf] /project2_solution http://ip-172-31-19-100:44477/
[rosmaster.master][INFO] 2017-10-09 13:57:16,099: publisherUpdate[/tf] -> http://ip-172-31-19-100:40876/
[rosmaster.master][INFO] 2017-10-09 13:57:16,606: -PUB [/rosout] /project2_solution http://ip-172-31-19-100:44477/
[rosmaster.master][INFO] 2017-10-09 13:57:16,610: -PUB [/tf] /project2_solution http://ip-172-31-19-100:44477/
[rosmaster.master][INFO] 2017-10-09 13:57:16,613: -SERVICE [/project2_solution/get_loggers] /project2_solution rosrpc://ip-172-31-19-100:36799
[rosmaster.master][INFO] 2017-10-09 13:57:16,616: -SERVICE [/project2_solution/set_logger_level] /project2_solution rosrpc://ip-172-31-19-100:36799
[rosmaster.master][INFO] 2017-10-09 13:57:16,643: publisherUpdate[/rosout] -> http://ip-172-31-19-100:50973/
[rosmaster.master][INFO] 2017-10-09 13:57:16,646: publisherUpdate[/tf] -> http://ip-172-31-19-100:40876/
[rosmaster.master][INFO] 2017-10-09 14:01:02,945: +PUB [/rosout] /project2_solution http://ip-172-31-19-100:46994/
[rosmaster.master][INFO] 2017-10-09 14:01:02,956: +SERVICE [/project2_solution/get_loggers] /project2_solution http://ip-172-31-19-100:46994/
[rosmaster.master][INFO] 2017-10-09 14:01:02,961: +SERVICE [/project2_solution/set_logger_level] /project2_solution http://ip-172-31-19-100:46994/
[rosmaster.master][INFO] 2017-10-09 14:01:02,966: +PUB [/tf] /project2_solution http://ip-172-31-19-100:46994/
[rosmaster.master][INFO] 2017-10-09 14:01:02,966: publisherUpdate[/rosout] -> http://ip-172-31-19-100:50973/
[rosmaster.master][INFO] 2017-10-09 14:01:02,974: publisherUpdate[/tf] -> http://ip-172-31-19-100:40876/
[rosmaster.master][INFO] 2017-10-09 14:01:03,479: -PUB [/rosout] /project2_solution http://ip-172-31-19-100:46994/
[rosmaster.master][INFO] 2017-10-09 14:01:03,479: publisherUpdate[/rosout] -> http://ip-172-31-19-100:50973/
[rosmaster.master][INFO] 2017-10-09 14:01:03,482: -PUB [/tf] /project2_solution http://ip-172-31-19-100:46994/
[rosmaster.master][INFO] 2017-10-09 14:01:03,486: publisherUpdate[/tf] -> http://ip-172-31-19-100:40876/
[rosmaster.master][INFO] 2017-10-09 14:01:03,489: -SERVICE [/project2_solution/get_loggers] /project2_solution rosrpc://ip-172-31-19-100:58723
[rosmaster.master][INFO] 2017-10-09 14:01:03,496: -SERVICE [/project2_solution/set_logger_level] /project2_solution rosrpc://ip-172-31-19-100:58723
[rosmaster.master][INFO] 2017-10-09 14:05:41,735: +PUB [/rosout] /project2_solution http://ip-172-31-19-100:39520/
[rosmaster.master][INFO] 2017-10-09 14:05:41,741: publisherUpdate[/rosout] -> http://ip-172-31-19-100:50973/
[rosmaster.master][INFO] 2017-10-09 14:05:41,754: +SERVICE [/project2_solution/get_loggers] /project2_solution http://ip-172-31-19-100:39520/
[rosmaster.master][INFO] 2017-10-09 14:05:41,759: +SERVICE [/project2_solution/set_logger_level] /project2_solution http://ip-172-31-19-100:39520/
[rosmaster.master][INFO] 2017-10-09 14:05:41,764: +PUB [/tf] /project2_solution http://ip-172-31-19-100:39520/
[rosmaster.master][INFO] 2017-10-09 14:05:41,800: publisherUpdate[/tf] -> http://ip-172-31-19-100:40876/
[rosmaster.master][INFO] 2017-10-09 14:05:42,284: -PUB [/rosout] /project2_solution http://ip-172-31-19-100:39520/
[rosmaster.master][INFO] 2017-10-09 14:05:42,304: -PUB [/tf] /project2_solution http://ip-172-31-19-100:39520/
[rosmaster.master][INFO] 2017-10-09 14:05:42,307: publisherUpdate[/rosout] -> http://ip-172-31-19-100:50973/
[rosmaster.master][INFO] 2017-10-09 14:05:42,310: -SERVICE [/project2_solution/get_loggers] /project2_solution rosrpc://ip-172-31-19-100:34183
[rosmaster.master][INFO] 2017-10-09 14:05:42,348: publisherUpdate[/tf] -> http://ip-172-31-19-100:40876/
[rosmaster.master][INFO] 2017-10-09 14:05:42,352: -SERVICE [/project2_solution/set_logger_level] /project2_solution rosrpc://ip-172-31-19-100:34183
[rosmaster.master][INFO] 2017-10-09 14:06:09,547: +PUB [/rosout] /project2_solution http://ip-172-31-19-100:35508/
[rosmaster.master][INFO] 2017-10-09 14:06:09,574: +SERVICE [/project2_solution/get_loggers] /project2_solution http://ip-172-31-19-100:35508/
[rosmaster.master][INFO] 2017-10-09 14:06:09,579: +SERVICE [/project2_solution/set_logger_level] /project2_solution http://ip-172-31-19-100:35508/
[rosmaster.master][INFO] 2017-10-09 14:06:09,584: +PUB [/tf] /project2_solution http://ip-172-31-19-100:35508/
[rosmaster.master][INFO] 2017-10-09 14:06:09,598: publisherUpdate[/rosout] -> http://ip-172-31-19-100:50973/
[rosmaster.master][INFO] 2017-10-09 14:06:09,599: publisherUpdate[/tf] -> http://ip-172-31-19-100:40876/
[rosmaster.master][INFO] 2017-10-09 14:06:10,101: -PUB [/rosout] /project2_solution http://ip-172-31-19-100:35508/
[rosmaster.master][INFO] 2017-10-09 14:06:10,104: publisherUpdate[/rosout] -> http://ip-172-31-19-100:50973/
[rosmaster.master][INFO] 2017-10-09 14:06:10,105: -PUB [/tf] /project2_solution http://ip-172-31-19-100:35508/
[rosmaster.master][INFO] 2017-10-09 14:06:10,108: publisherUpdate[/tf] -> http://ip-172-31-19-100:40876/
[rosmaster.master][INFO] 2017-10-09 14:06:10,122: -SERVICE [/project2_solution/get_loggers] /project2_solution rosrpc://ip-172-31-19-100:36877
[rosmaster.master][INFO] 2017-10-09 14:06:10,137: -SERVICE [/project2_solution/set_logger_level] /project2_solution rosrpc://ip-172-31-19-100:36877
