[roslaunch][INFO] 2017-10-09 13:36:19,603: Checking log directory for disk usage. This may take awhile.
Press Ctrl-C to interrupt
[roslaunch][INFO] 2017-10-09 13:36:19,638: Done checking log file disk usage. Usage is <1GB.
[roslaunch][INFO] 2017-10-09 13:36:19,638: roslaunch starting with args ['roscore', '--core', '-p', '54216']
[roslaunch][INFO] 2017-10-09 13:36:19,643: roslaunch env is {'ROS_DISTRO': 'indigo', 'ASNLIB': '/home/ccc_v1_s80115__49396/asn17210_Project_2_/asn17211_Project_2/asnlib.0', 'LIB': '/home/ccc_v1_s80115__49396/lib', 'PKG_CONFIG_PATH': '/opt/ros/indigo/lib/pkgconfig:/opt/ros/indigo/lib/x86_64-linux-gnu/pkgconfig', 'SSH_CLIENT': '172.31.43.31 43058 22', 'CPATH': '/opt/ros/indigo/include', 'LOGNAME': 'ccc_v1_w_NDU1M_86698', 'USER': 'ccc_v1_w_NDU1M_86698', 'ROS_NODE_PORT': '54216', 'HOME': '/home/ccc_v1_w_NDU1M_86698/asn17210_Project_2_/asn17211_Project_2/work', 'PATH': '/opt/ros/indigo/bin:/usr/local/sbin:/usr/local/bin:/usr/sbin:/usr/bin:/sbin:/bin:/usr/games:/usr/local/games:/home/local/bin:/home/ccc_v1_s80115__49396/lib:/home/ccc_v1_s80115__49396/asn17210_Project_2_/asn17211_Project_2/asnlib.0:/home/vlibs:.', 'CMAKE_PREFIX_PATH': '/opt/ros/indigo', 'LD_LIBRARY_PATH': '/opt/ros/indigo/lib:/opt/ros/indigo/lib/x86_64-linux-gnu:/home/ccc_v1_s80115__49396/lib:/home/ccc_v1_s80115__49396/asn17210_Project_2_/asn17211_Project_2/asnlib.0:/home/vlibs', 'LANG': 'en_US.UTF-8', 'TERM': 'xterm-256color', 'SHELL': '/bin/bash', 'HISTFILE': '/home/ccc_v1_w_NDU1M_86698/.bash_history', 'SHLVL': '2', 'VOC_WORKAREA': '/home/ccc_v1_w_NDU1M_86698/asn17210_Project_2_/asn17211_Project_2/work', 'ROS_LOG_FILENAME': '/home/ccc_v1_w_NDU1M_86698/asn17210_Project_2_/asn17211_Project_2/work/.ros/log/817c04ae-ad31-11e7-b0d7-06f360e4abc1/roslaunch-ip-172-31-19-100-10364.log', 'PART1': '/home/ccc_v1_s80115__49396/asn17210_Project_2_/asn17211_Project_2', 'ROS_ETC_DIR': '/opt/ros/indigo/etc/ros', 'XDG_RUNTIME_DIR': '/run/user/86698', 'PYTHONPATH': '/opt/ros/indigo/lib/python2.7/dist-packages:/home/vlibs/python', 'VOC_PROXY_WRAPPER_PORT': '5100', 'VOC_XFER_TOKEN': '680368631298812988117211059dbdd92a31967.02187313', 'ROS_ROOT': '/opt/ros/indigo/share/ros', 'OLD_HOME': '/home/ccc_v1_w_NDU1M_86698', 'VOC_PROXY_TOKEN': '8733924902988129881172110159dbdd92ae6c69.82892807', 'ROS_PACKAGE_PATH': '/opt/ros/indigo/share:/opt/ros/indigo/stacks', 'XDG_SESSION_ID': '127147', '_': '/usr/bin/stdbuf', 'LD_PRELOAD': '/usr/lib/coreutils/libstdbuf.so', '_STDBUF_O': 'L', 'SSH_TTY': '/dev/pts/0', 'OLDPWD': '/home/ccc_v1_w_NDU1M_86698', 'ROSLISP_PACKAGE_DIRECTORIES': '', 'VLIB': '/home/vlibs', 'PWD': '/home/ccc_v1_w_NDU1M_86698/asn17210_Project_2_/asn17211_Project_2/work', 'VOC_PROXY_ID': '29881_29881_17211_0_1', 'ROS_MASTER_URI': 'http://localhost:54216', 'MAIL': '/var/mail/ccc_v1_w_NDU1M_86698', 'SSH_CONNECTION': '172.31.43.31 43058 172.31.19.100 22'}
[roslaunch][INFO] 2017-10-09 13:36:19,646: starting in server mode
[roslaunch.parent][INFO] 2017-10-09 13:36:19,650: starting roslaunch parent run
[roslaunch][INFO] 2017-10-09 13:36:19,653: loading roscore config file /opt/ros/indigo/etc/ros/roscore.xml
[roslaunch][INFO] 2017-10-09 13:36:19,771: Added core node of type [rosout/rosout] in namespace [/]
[roslaunch.pmon][INFO] 2017-10-09 13:36:19,772: start_process_monitor: creating ProcessMonitor
[roslaunch.pmon][INFO] 2017-10-09 13:36:19,776: created process monitor <ProcessMonitor(ProcessMonitor-1, initial daemon)>
[roslaunch.pmon][INFO] 2017-10-09 13:36:19,781: start_process_monitor: ProcessMonitor started
[roslaunch.parent][INFO] 2017-10-09 13:36:19,795: starting parent XML-RPC server
[roslaunch.server][INFO] 2017-10-09 13:36:19,799: starting roslaunch XML-RPC server
[roslaunch.server][INFO] 2017-10-09 13:36:19,804: waiting for roslaunch XML-RPC server to initialize
[xmlrpc][INFO] 2017-10-09 13:36:19,804: XML-RPC server binding to 0.0.0.0:0
[xmlrpc][INFO] 2017-10-09 13:36:19,812: Started XML-RPC server [http://ip-172-31-19-100:37263/]
[xmlrpc][INFO] 2017-10-09 13:36:19,818: xml rpc node: starting XML-RPC server
[roslaunch][INFO] 2017-10-09 13:36:19,832: started roslaunch server http://ip-172-31-19-100:37263/
[roslaunch.parent][INFO] 2017-10-09 13:36:19,835: ... parent XML-RPC server started
[roslaunch][INFO] 2017-10-09 13:36:19,842: master.is_running[http://ip-172-31-19-100:54216/]
[roslaunch][INFO] 2017-10-09 13:36:19,848: auto-starting new master
[roslaunch][INFO] 2017-10-09 13:36:19,852: create_master_process: rosmaster, /opt/ros/indigo/share/ros, 54216, 3, None
[roslaunch][INFO] 2017-10-09 13:36:19,861: process[master]: launching with args [['rosmaster', '--core', '-p', '54216', '-w', '3']]
[roslaunch.pmon][INFO] 2017-10-09 13:36:19,866: ProcessMonitor.register[master]
[roslaunch.pmon][INFO] 2017-10-09 13:36:19,871: ProcessMonitor.register[master] complete
[roslaunch][INFO] 2017-10-09 13:36:19,875: process[master]: starting os process
[roslaunch][INFO] 2017-10-09 13:36:19,883: process[master]: start w/ args [['rosmaster', '--core', '-p', '54216', '-w', '3', '__log:=/home/ccc_v1_w_NDU1M_86698/asn17210_Project_2_/asn17211_Project_2/work/.ros/log/817c04ae-ad31-11e7-b0d7-06f360e4abc1/master.log']]
[roslaunch][INFO] 2017-10-09 13:36:19,888: process[master]: cwd will be [/home/ccc_v1_w_NDU1M_86698/asn17210_Project_2_/asn17211_Project_2/work/.ros]
[roslaunch][INFO] 2017-10-09 13:36:19,906: process[master]: started with pid [10423]
[roslaunch][INFO] 2017-10-09 13:36:19,907: master.is_running[http://ip-172-31-19-100:54216/]
[roslaunch][INFO] 2017-10-09 13:36:20,013: master.is_running[http://ip-172-31-19-100:54216/]
[roslaunch][INFO] 2017-10-09 13:36:20,119: master.is_running[http://ip-172-31-19-100:54216/]
[roslaunch][INFO] 2017-10-09 13:36:20,132: master.is_running[http://ip-172-31-19-100:54216/]
[roslaunch][INFO] 2017-10-09 13:36:20,137: ROS_MASTER_URI=http://ip-172-31-19-100:54216/
[roslaunch][INFO] 2017-10-09 13:36:20,142: setting /run_id to 817c04ae-ad31-11e7-b0d7-06f360e4abc1
[roslaunch][INFO] 2017-10-09 13:36:20,155: setting /roslaunch/uris/host_ip_172_31_19_100__37263' to http://ip-172-31-19-100:37263/
[roslaunch][INFO] 2017-10-09 13:36:20,165: ... preparing to launch node of type [rosout/rosout]
[roslaunch][INFO] 2017-10-09 13:36:20,169: create_node_process: package[rosout] type[rosout] machine[Machine(name[] env_loader[None] address[localhost] ssh_port[22] user[None] assignable[True] timeout[10.0])] master_uri[http://ip-172-31-19-100:54216/]
[roslaunch][INFO] 2017-10-09 13:36:20,175: process[rosout-1]: env[{'ROS_DISTRO': 'indigo', 'ASNLIB': '/home/ccc_v1_s80115__49396/asn17210_Project_2_/asn17211_Project_2/asnlib.0', 'LIB': '/home/ccc_v1_s80115__49396/lib', 'VOC_PROXY_TOKEN': '8733924902988129881172110159dbdd92ae6c69.82892807', 'SSH_CLIENT': '172.31.43.31 43058 22', 'CPATH': '/opt/ros/indigo/include', 'LOGNAME': 'ccc_v1_w_NDU1M_86698', 'USER': 'ccc_v1_w_NDU1M_86698', 'ROS_NODE_PORT': '54216', 'HOME': '/home/ccc_v1_w_NDU1M_86698/asn17210_Project_2_/asn17211_Project_2/work', 'PATH': '/opt/ros/indigo/bin:/usr/local/sbin:/usr/local/bin:/usr/sbin:/usr/bin:/sbin:/bin:/usr/games:/usr/local/games:/home/local/bin:/home/ccc_v1_s80115__49396/lib:/home/ccc_v1_s80115__49396/asn17210_Project_2_/asn17211_Project_2/asnlib.0:/home/vlibs:.', 'CMAKE_PREFIX_PATH': '/opt/ros/indigo', 'ROS_LOG_FILENAME': '/home/ccc_v1_w_NDU1M_86698/asn17210_Project_2_/asn17211_Project_2/work/.ros/log/817c04ae-ad31-11e7-b0d7-06f360e4abc1/roslaunch-ip-172-31-19-100-10364.log', 'LANG': 'en_US.UTF-8', 'TERM': 'xterm-256color', 'SHELL': '/bin/bash', 'HISTFILE': '/home/ccc_v1_w_NDU1M_86698/.bash_history', 'SHLVL': '2', 'VOC_WORKAREA': '/home/ccc_v1_w_NDU1M_86698/asn17210_Project_2_/asn17211_Project_2/work', 'LD_LIBRARY_PATH': '/opt/ros/indigo/lib:/opt/ros/indigo/lib/x86_64-linux-gnu:/home/ccc_v1_s80115__49396/lib:/home/ccc_v1_s80115__49396/asn17210_Project_2_/asn17211_Project_2/asnlib.0:/home/vlibs', 'PART1': '/home/ccc_v1_s80115__49396/asn17210_Project_2_/asn17211_Project_2', 'ROS_MASTER_URI': 'http://ip-172-31-19-100:54216/', 'XDG_RUNTIME_DIR': '/run/user/86698', 'PYTHONPATH': '/opt/ros/indigo/lib/python2.7/dist-packages:/home/vlibs/python', 'VOC_PROXY_WRAPPER_PORT': '5100', 'VOC_XFER_TOKEN': '680368631298812988117211059dbdd92a31967.02187313', 'ROS_ROOT': '/opt/ros/indigo/share/ros', 'OLD_HOME': '/home/ccc_v1_w_NDU1M_86698', 'PKG_CONFIG_PATH': '/opt/ros/indigo/lib/pkgconfig:/opt/ros/indigo/lib/x86_64-linux-gnu/pkgconfig', 'ROS_PACKAGE_PATH': '/opt/ros/indigo/share:/opt/ros/indigo/stacks', 'XDG_SESSION_ID': '127147', '_': '/usr/bin/stdbuf', 'LD_PRELOAD': '/usr/lib/coreutils/libstdbuf.so', '_STDBUF_O': 'L', 'SSH_TTY': '/dev/pts/0', 'OLDPWD': '/home/ccc_v1_w_NDU1M_86698', 'ROSLISP_PACKAGE_DIRECTORIES': '', 'VLIB': '/home/vlibs', 'PWD': '/home/ccc_v1_w_NDU1M_86698/asn17210_Project_2_/asn17211_Project_2/work', 'VOC_PROXY_ID': '29881_29881_17211_0_1', 'ROS_ETC_DIR': '/opt/ros/indigo/etc/ros', 'MAIL': '/var/mail/ccc_v1_w_NDU1M_86698', 'SSH_CONNECTION': '172.31.43.31 43058 172.31.19.100 22'}]
[roslaunch][INFO] 2017-10-09 13:36:20,230: process[rosout-1]: args[[u'/opt/ros/indigo/lib/rosout/rosout', u'__name:=rosout']]
[roslaunch][INFO] 2017-10-09 13:36:20,235: ... created process [rosout-1]
[roslaunch.pmon][INFO] 2017-10-09 13:36:20,239: ProcessMonitor.register[rosout-1]
[roslaunch.pmon][INFO] 2017-10-09 13:36:20,243: ProcessMonitor.register[rosout-1] complete
[roslaunch][INFO] 2017-10-09 13:36:20,252: ... registered process [rosout-1]
[roslaunch][INFO] 2017-10-09 13:36:20,258: process[rosout-1]: starting os process
[roslaunch][INFO] 2017-10-09 13:36:20,264: process[rosout-1]: start w/ args [[u'/opt/ros/indigo/lib/rosout/rosout', u'__name:=rosout', u'__log:=/home/ccc_v1_w_NDU1M_86698/asn17210_Project_2_/asn17211_Project_2/work/.ros/log/817c04ae-ad31-11e7-b0d7-06f360e4abc1/rosout-1.log']]
[roslaunch][INFO] 2017-10-09 13:36:20,268: process[rosout-1]: cwd will be [/home/ccc_v1_w_NDU1M_86698/asn17210_Project_2_/asn17211_Project_2/work/.ros]
[roslaunch][INFO] 2017-10-09 13:36:20,281: process[rosout-1]: started with pid [10457]
[roslaunch][INFO] 2017-10-09 13:36:20,282: ... successfully launched [rosout-1]
[roslaunch][INFO] 2017-10-09 13:36:20,287: load_parameters starting ...
[roslaunch][INFO] 2017-10-09 13:36:20,303: ... load_parameters complete
[roslaunch][INFO] 2017-10-09 13:36:20,308: launch_nodes: launching local nodes ...
[roslaunch][INFO] 2017-10-09 13:36:20,312: ... launch_nodes complete
[roslaunch.pmon][INFO] 2017-10-09 13:36:20,316: registrations completed <ProcessMonitor(ProcessMonitor-1, started daemon 140239552812800)>
[roslaunch.parent][INFO] 2017-10-09 13:36:20,321: ... roslaunch parent running, waiting for process exit
[roslaunch][INFO] 2017-10-09 13:36:20,331: spin
