[rospy.client][INFO] 2017-10-09 14:58:31,281: init_node, name[/rosbridge_websocket], pid[25272]
[xmlrpc][INFO] 2017-10-09 14:58:31,282: XML-RPC server binding to 0.0.0.0:0
[xmlrpc][INFO] 2017-10-09 14:58:31,286: Started XML-RPC server [http://ip-172-31-19-100:40208/]
[rospy.init][INFO] 2017-10-09 14:58:31,286: ROS Slave URI: [http://ip-172-31-19-100:40208/]
[rospy.impl.masterslave][INFO] 2017-10-09 14:58:31,289: _ready: http://ip-172-31-19-100:40208/
[xmlrpc][INFO] 2017-10-09 14:58:31,297: xml rpc node: starting XML-RPC server
[rospy.registration][INFO] 2017-10-09 14:58:31,297: Registering with master node http://localhost:41707
[rospy.init][INFO] 2017-10-09 14:58:31,393: registered with master
[rospy.rosout][INFO] 2017-10-09 14:58:31,409: initializing /rosout core topic
[rospy.rosout][INFO] 2017-10-09 14:58:31,419: connected to core topic /rosout
[rospy.simtime][INFO] 2017-10-09 14:58:31,424: /use_sim_time is not set, will not subscribe to simulated time [/clock] topic
[rosout][INFO] 2017-10-09 14:58:31,450: Rosbridge WebSocket server started on port 45379
[rospy.internal][INFO] 2017-10-09 14:58:31,707: topic[/rosout] adding connection to [/rosout], count 0
[rosout][INFO] 2017-10-09 14:58:40,300: Client connected.  1 clients total.
[rosout][INFO] 2017-10-09 14:58:40,647: [Client 0] Subscribed to /tf2_web_republisher/feedback
[rosout][INFO] 2017-10-09 14:58:40,658: [Client 0] Subscribed to /visualization_marker
[rospy.internal][INFO] 2017-10-09 14:58:40,664: topic[/tf2_web_republisher/feedback] adding connection to [http://ip-172-31-19-100:60276/], count 0
[rospy.internal][INFO] 2017-10-09 14:58:40,664: topic[/visualization_marker] adding connection to [http://ip-172-31-19-100:43937/], count 0
[rospy.internal][INFO] 2017-10-09 14:58:40,866: topic[/tf2_web_republisher/cancel] adding connection to [/tf2_web_republisher], count 0
[rospy.internal][INFO] 2017-10-09 14:58:40,870: topic[/tf2_web_republisher/goal] adding connection to [/tf2_web_republisher], count 0
[rospy.internal][INFO] 2017-10-09 15:01:12,352: topic impl's ref count is zero, deleting topic /tf2_web_republisher/cancel...
[rospy.internal][INFO] 2017-10-09 15:01:12,376: topic[/tf2_web_republisher/cancel] removing connection to /tf2_web_republisher
[rospy.internal][INFO] 2017-10-09 15:01:12,387: topic impl's ref count is zero, deleting topic /tf2_web_republisher/goal...
[rospy.internal][INFO] 2017-10-09 15:01:12,391: topic[/tf2_web_republisher/goal] removing connection to /tf2_web_republisher
[rospy.internal][INFO] 2017-10-09 15:01:12,400: topic impl's ref count is zero, deleting topic /tf2_web_republisher/feedback...
[rospy.internal][INFO] 2017-10-09 15:01:12,405: topic[/tf2_web_republisher/feedback] removing connection to http://ip-172-31-19-100:60276/
[rospy.internal][INFO] 2017-10-09 15:01:12,421: topic impl's ref count is zero, deleting topic /visualization_marker...
[rospy.internal][INFO] 2017-10-09 15:01:12,424: topic[/visualization_marker] removing connection to http://ip-172-31-19-100:43937/
[rosout][INFO] 2017-10-09 15:01:12,434: Client disconnected. 0 clients total.
