[roslaunch][INFO] 2017-10-09 14:58:28,256: Checking log directory for disk usage. This may take awhile.
Press Ctrl-C to interrupt
[roslaunch][INFO] 2017-10-09 14:58:28,359: Done checking log file disk usage. Usage is <1GB.
[roslaunch][INFO] 2017-10-09 14:58:28,359: roslaunch starting with args ['roscore', '--core', '-p', '41707']
[roslaunch][INFO] 2017-10-09 14:58:28,366: roslaunch env is {'ROS_DISTRO': 'indigo', 'ASNLIB': '/home/ccc_v1_s80115__49396/asn17210_Project_2_/asn17211_Project_2/asnlib.0', 'LIB': '/home/ccc_v1_s80115__49396/lib', 'PKG_CONFIG_PATH': '/opt/ros/indigo/lib/pkgconfig:/opt/ros/indigo/lib/x86_64-linux-gnu/pkgconfig', 'SSH_CLIENT': '172.31.43.31 57544 22', 'CPATH': '/opt/ros/indigo/include', 'LOGNAME': 'ccc_v1_w_NDU1M_86698', 'USER': 'ccc_v1_w_NDU1M_86698', 'ROS_NODE_PORT': '41707', 'HOME': '/home/ccc_v1_w_NDU1M_86698/asn17210_Project_2_/asn17211_Project_2/work', 'PATH': '/opt/ros/indigo/bin:/usr/local/sbin:/usr/local/bin:/usr/sbin:/usr/bin:/sbin:/bin:/usr/games:/usr/local/games:/home/local/bin:/home/ccc_v1_s80115__49396/lib:/home/ccc_v1_s80115__49396/asn17210_Project_2_/asn17211_Project_2/asnlib.0:/home/vlibs:.', 'CMAKE_PREFIX_PATH': '/opt/ros/indigo', 'LD_LIBRARY_PATH': '/opt/ros/indigo/lib:/opt/ros/indigo/lib/x86_64-linux-gnu:/home/ccc_v1_s80115__49396/lib:/home/ccc_v1_s80115__49396/asn17210_Project_2_/asn17211_Project_2/asnlib.0:/home/vlibs', 'LANG': 'en_US.UTF-8', 'TERM': 'xterm-256color', 'SHELL': '/bin/bash', 'HISTFILE': '/home/ccc_v1_w_NDU1M_86698/.bash_history', 'SHLVL': '2', 'VOC_WORKAREA': '/home/ccc_v1_w_NDU1M_86698/asn17210_Project_2_/asn17211_Project_2/work', 'ROS_LOG_FILENAME': '/home/ccc_v1_w_NDU1M_86698/asn17210_Project_2_/asn17211_Project_2/work/.ros/log/fb32abf8-ad3c-11e7-ba91-06f360e4abc1/roslaunch-ip-172-31-19-100-25045.log', 'PART1': '/home/ccc_v1_s80115__49396/asn17210_Project_2_/asn17211_Project_2', 'ROS_ETC_DIR': '/opt/ros/indigo/etc/ros', 'XDG_RUNTIME_DIR': '/run/user/86698', 'PYTHONPATH': '/opt/ros/indigo/lib/python2.7/dist-packages:/home/vlibs/python', 'VOC_PROXY_WRAPPER_PORT': '5100', 'VOC_XFER_TOKEN': '1419764711298812988117211059dbf0fc9302b0.42083712', 'ROS_ROOT': '/opt/ros/indigo/share/ros', 'OLD_HOME': '/home/ccc_v1_w_NDU1M_86698', 'VOC_PROXY_TOKEN': '2569020902988129881172110159dbf0fc9dc6c5.76122259', 'ROS_PACKAGE_PATH': '/opt/ros/indigo/share:/opt/ros/indigo/stacks', 'XDG_SESSION_ID': '127605', '_': '/usr/bin/stdbuf', 'LD_PRELOAD': '/usr/lib/coreutils/libstdbuf.so', '_STDBUF_O': 'L', 'SSH_TTY': '/dev/pts/0', 'OLDPWD': '/home/ccc_v1_w_NDU1M_86698', 'ROSLISP_PACKAGE_DIRECTORIES': '', 'VLIB': '/home/vlibs', 'PWD': '/home/ccc_v1_w_NDU1M_86698/asn17210_Project_2_/asn17211_Project_2/work', 'VOC_PROXY_ID': '29881_29881_17211_0_1', 'ROS_MASTER_URI': 'http://localhost:41707', 'MAIL': '/var/mail/ccc_v1_w_NDU1M_86698', 'SSH_CONNECTION': '172.31.43.31 57544 172.31.19.100 22'}
[roslaunch][INFO] 2017-10-09 14:58:28,370: starting in server mode
[roslaunch.parent][INFO] 2017-10-09 14:58:28,373: starting roslaunch parent run
[roslaunch][INFO] 2017-10-09 14:58:28,377: loading roscore config file /opt/ros/indigo/etc/ros/roscore.xml
[roslaunch][INFO] 2017-10-09 14:58:28,494: Added core node of type [rosout/rosout] in namespace [/]
[roslaunch.pmon][INFO] 2017-10-09 14:58:28,495: start_process_monitor: creating ProcessMonitor
[roslaunch.pmon][INFO] 2017-10-09 14:58:28,498: created process monitor <ProcessMonitor(ProcessMonitor-1, initial daemon)>
[roslaunch.pmon][INFO] 2017-10-09 14:58:28,502: start_process_monitor: ProcessMonitor started
[roslaunch.parent][INFO] 2017-10-09 14:58:28,505: starting parent XML-RPC server
[roslaunch.server][INFO] 2017-10-09 14:58:28,509: starting roslaunch XML-RPC server
[roslaunch.server][INFO] 2017-10-09 14:58:28,512: waiting for roslaunch XML-RPC server to initialize
[xmlrpc][INFO] 2017-10-09 14:58:28,512: XML-RPC server binding to 0.0.0.0:0
[xmlrpc][INFO] 2017-10-09 14:58:28,528: Started XML-RPC server [http://ip-172-31-19-100:59394/]
[xmlrpc][INFO] 2017-10-09 14:58:28,532: xml rpc node: starting XML-RPC server
[roslaunch][INFO] 2017-10-09 14:58:28,574: started roslaunch server http://ip-172-31-19-100:59394/
[roslaunch.parent][INFO] 2017-10-09 14:58:28,578: ... parent XML-RPC server started
[roslaunch][INFO] 2017-10-09 14:58:28,581: master.is_running[http://ip-172-31-19-100:41707/]
[roslaunch][INFO] 2017-10-09 14:58:28,586: auto-starting new master
[roslaunch][INFO] 2017-10-09 14:58:28,589: create_master_process: rosmaster, /opt/ros/indigo/share/ros, 41707, 3, None
[roslaunch][INFO] 2017-10-09 14:58:28,600: process[master]: launching with args [['rosmaster', '--core', '-p', '41707', '-w', '3']]
[roslaunch.pmon][INFO] 2017-10-09 14:58:28,607: ProcessMonitor.register[master]
[roslaunch.pmon][INFO] 2017-10-09 14:58:28,611: ProcessMonitor.register[master] complete
[roslaunch][INFO] 2017-10-09 14:58:28,616: process[master]: starting os process
[roslaunch][INFO] 2017-10-09 14:58:28,624: process[master]: start w/ args [['rosmaster', '--core', '-p', '41707', '-w', '3', '__log:=/home/ccc_v1_w_NDU1M_86698/asn17210_Project_2_/asn17211_Project_2/work/.ros/log/fb32abf8-ad3c-11e7-ba91-06f360e4abc1/master.log']]
[roslaunch][INFO] 2017-10-09 14:58:28,627: process[master]: cwd will be [/home/ccc_v1_w_NDU1M_86698/asn17210_Project_2_/asn17211_Project_2/work/.ros]
[roslaunch][INFO] 2017-10-09 14:58:28,645: process[master]: started with pid [25061]
[roslaunch][INFO] 2017-10-09 14:58:28,646: master.is_running[http://ip-172-31-19-100:41707/]
[roslaunch][INFO] 2017-10-09 14:58:28,759: master.is_running[http://ip-172-31-19-100:41707/]
[roslaunch][INFO] 2017-10-09 14:58:28,864: master.is_running[http://ip-172-31-19-100:41707/]
[roslaunch][INFO] 2017-10-09 14:58:28,870: master.is_running[http://ip-172-31-19-100:41707/]
[roslaunch][INFO] 2017-10-09 14:58:28,875: ROS_MASTER_URI=http://ip-172-31-19-100:41707/
[roslaunch][INFO] 2017-10-09 14:58:28,888: setting /run_id to fb32abf8-ad3c-11e7-ba91-06f360e4abc1
[roslaunch][INFO] 2017-10-09 14:58:28,897: setting /roslaunch/uris/host_ip_172_31_19_100__59394' to http://ip-172-31-19-100:59394/
[roslaunch][INFO] 2017-10-09 14:58:28,906: ... preparing to launch node of type [rosout/rosout]
[roslaunch][INFO] 2017-10-09 14:58:28,910: create_node_process: package[rosout] type[rosout] machine[Machine(name[] env_loader[None] address[localhost] ssh_port[22] user[None] assignable[True] timeout[10.0])] master_uri[http://ip-172-31-19-100:41707/]
[roslaunch][INFO] 2017-10-09 14:58:28,918: process[rosout-1]: env[{'ROS_DISTRO': 'indigo', 'ASNLIB': '/home/ccc_v1_s80115__49396/asn17210_Project_2_/asn17211_Project_2/asnlib.0', 'LIB': '/home/ccc_v1_s80115__49396/lib', 'VOC_PROXY_TOKEN': '2569020902988129881172110159dbf0fc9dc6c5.76122259', 'SSH_CLIENT': '172.31.43.31 57544 22', 'CPATH': '/opt/ros/indigo/include', 'LOGNAME': 'ccc_v1_w_NDU1M_86698', 'USER': 'ccc_v1_w_NDU1M_86698', 'ROS_NODE_PORT': '41707', 'HOME': '/home/ccc_v1_w_NDU1M_86698/asn17210_Project_2_/asn17211_Project_2/work', 'PATH': '/opt/ros/indigo/bin:/usr/local/sbin:/usr/local/bin:/usr/sbin:/usr/bin:/sbin:/bin:/usr/games:/usr/local/games:/home/local/bin:/home/ccc_v1_s80115__49396/lib:/home/ccc_v1_s80115__49396/asn17210_Project_2_/asn17211_Project_2/asnlib.0:/home/vlibs:.', 'CMAKE_PREFIX_PATH': '/opt/ros/indigo', 'ROS_LOG_FILENAME': '/home/ccc_v1_w_NDU1M_86698/asn17210_Project_2_/asn17211_Project_2/work/.ros/log/fb32abf8-ad3c-11e7-ba91-06f360e4abc1/roslaunch-ip-172-31-19-100-25045.log', 'LANG': 'en_US.UTF-8', 'TERM': 'xterm-256color', 'SHELL': '/bin/bash', 'HISTFILE': '/home/ccc_v1_w_NDU1M_86698/.bash_history', 'SHLVL': '2', 'VOC_WORKAREA': '/home/ccc_v1_w_NDU1M_86698/asn17210_Project_2_/asn17211_Project_2/work', 'LD_LIBRARY_PATH': '/opt/ros/indigo/lib:/opt/ros/indigo/lib/x86_64-linux-gnu:/home/ccc_v1_s80115__49396/lib:/home/ccc_v1_s80115__49396/asn17210_Project_2_/asn17211_Project_2/asnlib.0:/home/vlibs', 'PART1': '/home/ccc_v1_s80115__49396/asn17210_Project_2_/asn17211_Project_2', 'ROS_MASTER_URI': 'http://ip-172-31-19-100:41707/', 'XDG_RUNTIME_DIR': '/run/user/86698', 'PYTHONPATH': '/opt/ros/indigo/lib/python2.7/dist-packages:/home/vlibs/python', 'VOC_PROXY_WRAPPER_PORT': '5100', 'VOC_XFER_TOKEN': '1419764711298812988117211059dbf0fc9302b0.42083712', 'ROS_ROOT': '/opt/ros/indigo/share/ros', 'OLD_HOME': '/home/ccc_v1_w_NDU1M_86698', 'PKG_CONFIG_PATH': '/opt/ros/indigo/lib/pkgconfig:/opt/ros/indigo/lib/x86_64-linux-gnu/pkgconfig', 'ROS_PACKAGE_PATH': '/opt/ros/indigo/share:/opt/ros/indigo/stacks', 'XDG_SESSION_ID': '127605', '_': '/usr/bin/stdbuf', 'LD_PRELOAD': '/usr/lib/coreutils/libstdbuf.so', '_STDBUF_O': 'L', 'SSH_TTY': '/dev/pts/0', 'OLDPWD': '/home/ccc_v1_w_NDU1M_86698', 'ROSLISP_PACKAGE_DIRECTORIES': '', 'VLIB': '/home/vlibs', 'PWD': '/home/ccc_v1_w_NDU1M_86698/asn17210_Project_2_/asn17211_Project_2/work', 'VOC_PROXY_ID': '29881_29881_17211_0_1', 'ROS_ETC_DIR': '/opt/ros/indigo/etc/ros', 'MAIL': '/var/mail/ccc_v1_w_NDU1M_86698', 'SSH_CONNECTION': '172.31.43.31 57544 172.31.19.100 22'}]
[roslaunch][INFO] 2017-10-09 14:58:28,946: process[rosout-1]: args[[u'/opt/ros/indigo/lib/rosout/rosout', u'__name:=rosout']]
[roslaunch][INFO] 2017-10-09 14:58:28,950: ... created process [rosout-1]
[roslaunch.pmon][INFO] 2017-10-09 14:58:28,953: ProcessMonitor.register[rosout-1]
[roslaunch.pmon][INFO] 2017-10-09 14:58:28,962: ProcessMonitor.register[rosout-1] complete
[roslaunch][INFO] 2017-10-09 14:58:28,966: ... registered process [rosout-1]
[roslaunch][INFO] 2017-10-09 14:58:28,972: process[rosout-1]: starting os process
[roslaunch][INFO] 2017-10-09 14:58:28,976: process[rosout-1]: start w/ args [[u'/opt/ros/indigo/lib/rosout/rosout', u'__name:=rosout', u'__log:=/home/ccc_v1_w_NDU1M_86698/asn17210_Project_2_/asn17211_Project_2/work/.ros/log/fb32abf8-ad3c-11e7-ba91-06f360e4abc1/rosout-1.log']]
[roslaunch][INFO] 2017-10-09 14:58:28,980: process[rosout-1]: cwd will be [/home/ccc_v1_w_NDU1M_86698/asn17210_Project_2_/asn17211_Project_2/work/.ros]
[roslaunch][INFO] 2017-10-09 14:58:28,996: process[rosout-1]: started with pid [25075]
[roslaunch][INFO] 2017-10-09 14:58:28,997: ... successfully launched [rosout-1]
[roslaunch][INFO] 2017-10-09 14:58:29,001: load_parameters starting ...
[roslaunch][INFO] 2017-10-09 14:58:29,013: ... load_parameters complete
[roslaunch][INFO] 2017-10-09 14:58:29,017: launch_nodes: launching local nodes ...
[roslaunch][INFO] 2017-10-09 14:58:29,021: ... launch_nodes complete
[roslaunch.pmon][INFO] 2017-10-09 14:58:29,023: registrations completed <ProcessMonitor(ProcessMonitor-1, started daemon 139904873891584)>
[roslaunch.parent][INFO] 2017-10-09 14:58:29,027: ... roslaunch parent running, waiting for process exit
[roslaunch][INFO] 2017-10-09 14:58:29,030: spin
