[rospy.client][INFO] 2017-10-09 16:27:04,819: init_node, name[/rosbridge_websocket], pid[21615]
[xmlrpc][INFO] 2017-10-09 16:27:04,819: XML-RPC server binding to 0.0.0.0:0
[xmlrpc][INFO] 2017-10-09 16:27:04,827: Started XML-RPC server [http://ip-172-31-19-100:42107/]
[rospy.init][INFO] 2017-10-09 16:27:04,827: ROS Slave URI: [http://ip-172-31-19-100:42107/]
[rospy.impl.masterslave][INFO] 2017-10-09 16:27:04,839: _ready: http://ip-172-31-19-100:42107/
[xmlrpc][INFO] 2017-10-09 16:27:04,847: xml rpc node: starting XML-RPC server
[rospy.registration][INFO] 2017-10-09 16:27:04,847: Registering with master node http://localhost:32958
[rospy.init][INFO] 2017-10-09 16:27:04,943: registered with master
[rospy.rosout][INFO] 2017-10-09 16:27:04,947: initializing /rosout core topic
[rospy.rosout][INFO] 2017-10-09 16:27:04,957: connected to core topic /rosout
[rospy.simtime][INFO] 2017-10-09 16:27:04,961: /use_sim_time is not set, will not subscribe to simulated time [/clock] topic
[rosout][INFO] 2017-10-09 16:27:04,991: Rosbridge WebSocket server started on port 46226
[rospy.internal][INFO] 2017-10-09 16:27:05,091: topic[/rosout] adding connection to [/rosout], count 0
[rosout][INFO] 2017-10-09 16:27:10,209: Client connected.  1 clients total.
[rosout][INFO] 2017-10-09 16:27:10,616: [Client 0] Subscribed to /tf2_web_republisher/feedback
[rosout][INFO] 2017-10-09 16:27:10,627: [Client 0] Subscribed to /visualization_marker
[rospy.internal][INFO] 2017-10-09 16:27:10,641: topic[/tf2_web_republisher/feedback] adding connection to [http://ip-172-31-19-100:55807/], count 0
[rospy.internal][INFO] 2017-10-09 16:27:10,641: topic[/visualization_marker] adding connection to [http://ip-172-31-19-100:58495/], count 0
[rospy.internal][INFO] 2017-10-09 16:27:10,742: topic[/tf2_web_republisher/cancel] adding connection to [/tf2_web_republisher], count 0
[rospy.internal][INFO] 2017-10-09 16:27:10,746: topic[/tf2_web_republisher/goal] adding connection to [/tf2_web_republisher], count 0
[rospy.internal][INFO] 2017-10-09 16:29:34,906: topic impl's ref count is zero, deleting topic /tf2_web_republisher/cancel...
[rospy.internal][INFO] 2017-10-09 16:29:34,906: topic[/tf2_web_republisher/cancel] removing connection to /tf2_web_republisher
[rospy.internal][INFO] 2017-10-09 16:29:34,928: topic impl's ref count is zero, deleting topic /tf2_web_republisher/goal...
[rospy.internal][INFO] 2017-10-09 16:29:34,931: topic[/tf2_web_republisher/goal] removing connection to /tf2_web_republisher
[rospy.internal][INFO] 2017-10-09 16:29:34,943: topic impl's ref count is zero, deleting topic /tf2_web_republisher/feedback...
[rospy.internal][INFO] 2017-10-09 16:29:34,947: topic[/tf2_web_republisher/feedback] removing connection to http://ip-172-31-19-100:55807/
[rospy.internal][WARNING] 2017-10-09 16:29:34,948: Unknown error initiating TCP/IP socket to ip-172-31-19-100:51301 (http://ip-172-31-19-100:55807/): Traceback (most recent call last):
  File "/opt/ros/indigo/lib/python2.7/dist-packages/rospy/impl/tcpros_base.py", line 558, in connect
    self.local_endpoint = self.socket.getsockname()
AttributeError: 'NoneType' object has no attribute 'getsockname'

[rospy.internal][INFO] 2017-10-09 16:29:34,955: topic impl's ref count is zero, deleting topic /visualization_marker...
[rospy.internal][INFO] 2017-10-09 16:29:34,965: topic[/visualization_marker] removing connection to http://ip-172-31-19-100:58495/
[rosout][INFO] 2017-10-09 16:29:34,974: Client disconnected. 0 clients total.
