[roslaunch][INFO] 2017-10-09 16:10:50,703: Checking log directory for disk usage. This may take awhile.
Press Ctrl-C to interrupt
[roslaunch][INFO] 2017-10-09 16:10:50,929: Done checking log file disk usage. Usage is <1GB.
[roslaunch][INFO] 2017-10-09 16:10:50,929: roslaunch starting with args ['roscore', '--core', '-p', '59287']
[roslaunch][INFO] 2017-10-09 16:10:50,933: roslaunch env is {'ROS_DISTRO': 'indigo', 'ASNLIB': '/home/ccc_v1_s80115__49396/asn17210_Project_2_/asn17211_Project_2/asnlib.0', 'LIB': '/home/ccc_v1_s80115__49396/lib', 'PKG_CONFIG_PATH': '/opt/ros/indigo/lib/pkgconfig:/opt/ros/indigo/lib/x86_64-linux-gnu/pkgconfig', 'SSH_CLIENT': '172.31.43.31 57192 22', 'CPATH': '/opt/ros/indigo/include', 'LOGNAME': 'ccc_v1_w_NDU1M_86698', 'USER': 'ccc_v1_w_NDU1M_86698', 'ROS_NODE_PORT': '59287', 'HOME': '/home/ccc_v1_w_NDU1M_86698/asn17210_Project_2_/asn17211_Project_2/work', 'PATH': '/opt/ros/indigo/bin:/usr/local/sbin:/usr/local/bin:/usr/sbin:/usr/bin:/sbin:/bin:/usr/games:/usr/local/games:/home/local/bin:/home/ccc_v1_s80115__49396/lib:/home/ccc_v1_s80115__49396/asn17210_Project_2_/asn17211_Project_2/asnlib.0:/home/vlibs:.', 'CMAKE_PREFIX_PATH': '/opt/ros/indigo', 'LD_LIBRARY_PATH': '/opt/ros/indigo/lib:/opt/ros/indigo/lib/x86_64-linux-gnu:/home/ccc_v1_s80115__49396/lib:/home/ccc_v1_s80115__49396/asn17210_Project_2_/asn17211_Project_2/asnlib.0:/home/vlibs', 'LANG': 'en_US.UTF-8', 'TERM': 'xterm-256color', 'SHELL': '/bin/bash', 'HISTFILE': '/home/ccc_v1_w_NDU1M_86698/.bash_history', 'SHLVL': '2', 'VOC_WORKAREA': '/home/ccc_v1_w_NDU1M_86698/asn17210_Project_2_/asn17211_Project_2/work', 'ROS_LOG_FILENAME': '/home/ccc_v1_w_NDU1M_86698/asn17210_Project_2_/asn17211_Project_2/work/.ros/log/177eb87e-ad47-11e7-8abe-06f360e4abc1/roslaunch-ip-172-31-19-100-29249.log', 'PART1': '/home/ccc_v1_s80115__49396/asn17210_Project_2_/asn17211_Project_2', 'ROS_ETC_DIR': '/opt/ros/indigo/etc/ros', 'XDG_RUNTIME_DIR': '/run/user/86698', 'PYTHONPATH': '/opt/ros/indigo/lib/python2.7/dist-packages:/home/vlibs/python', 'VOC_PROXY_WRAPPER_PORT': '5100', 'VOC_XFER_TOKEN': '277999566298812988117211059dc01f2d3cd28.19440435', 'ROS_ROOT': '/opt/ros/indigo/share/ros', 'OLD_HOME': '/home/ccc_v1_w_NDU1M_86698', 'VOC_PROXY_TOKEN': '5286128812988129881172110159dc01f2dc01a5.61408475', 'ROS_PACKAGE_PATH': '/opt/ros/indigo/share:/opt/ros/indigo/stacks', 'XDG_SESSION_ID': '128146', '_': '/usr/bin/stdbuf', 'LD_PRELOAD': '/usr/lib/coreutils/libstdbuf.so', '_STDBUF_O': 'L', 'SSH_TTY': '/dev/pts/3', 'OLDPWD': '/home/ccc_v1_w_NDU1M_86698', 'ROSLISP_PACKAGE_DIRECTORIES': '', 'VLIB': '/home/vlibs', 'PWD': '/home/ccc_v1_w_NDU1M_86698/asn17210_Project_2_/asn17211_Project_2/work', 'VOC_PROXY_ID': '29881_29881_17211_0_1', 'ROS_MASTER_URI': 'http://localhost:59287', 'MAIL': '/var/mail/ccc_v1_w_NDU1M_86698', 'SSH_CONNECTION': '172.31.43.31 57192 172.31.19.100 22'}
[roslaunch][INFO] 2017-10-09 16:10:50,936: starting in server mode
[roslaunch.parent][INFO] 2017-10-09 16:10:50,940: starting roslaunch parent run
[roslaunch][INFO] 2017-10-09 16:10:50,943: loading roscore config file /opt/ros/indigo/etc/ros/roscore.xml
[roslaunch][INFO] 2017-10-09 16:10:51,051: Added core node of type [rosout/rosout] in namespace [/]
[roslaunch.pmon][INFO] 2017-10-09 16:10:51,052: start_process_monitor: creating ProcessMonitor
[roslaunch.pmon][INFO] 2017-10-09 16:10:51,056: created process monitor <ProcessMonitor(ProcessMonitor-1, initial daemon)>
[roslaunch.pmon][INFO] 2017-10-09 16:10:51,065: start_process_monitor: ProcessMonitor started
[roslaunch.parent][INFO] 2017-10-09 16:10:51,069: starting parent XML-RPC server
[roslaunch.server][INFO] 2017-10-09 16:10:51,072: starting roslaunch XML-RPC server
[roslaunch.server][INFO] 2017-10-09 16:10:51,076: waiting for roslaunch XML-RPC server to initialize
[xmlrpc][INFO] 2017-10-09 16:10:51,076: XML-RPC server binding to 0.0.0.0:0
[xmlrpc][INFO] 2017-10-09 16:10:51,083: Started XML-RPC server [http://ip-172-31-19-100:56991/]
[xmlrpc][INFO] 2017-10-09 16:10:51,086: xml rpc node: starting XML-RPC server
[roslaunch][INFO] 2017-10-09 16:10:51,094: started roslaunch server http://ip-172-31-19-100:56991/
[roslaunch.parent][INFO] 2017-10-09 16:10:51,098: ... parent XML-RPC server started
[roslaunch][INFO] 2017-10-09 16:10:51,107: master.is_running[http://ip-172-31-19-100:59287/]
[roslaunch][INFO] 2017-10-09 16:10:51,111: auto-starting new master
[roslaunch][INFO] 2017-10-09 16:10:51,115: create_master_process: rosmaster, /opt/ros/indigo/share/ros, 59287, 3, None
[roslaunch][INFO] 2017-10-09 16:10:51,124: process[master]: launching with args [['rosmaster', '--core', '-p', '59287', '-w', '3']]
[roslaunch.pmon][INFO] 2017-10-09 16:10:51,128: ProcessMonitor.register[master]
[roslaunch.pmon][INFO] 2017-10-09 16:10:51,131: ProcessMonitor.register[master] complete
[roslaunch][INFO] 2017-10-09 16:10:51,135: process[master]: starting os process
[roslaunch][INFO] 2017-10-09 16:10:51,139: process[master]: start w/ args [['rosmaster', '--core', '-p', '59287', '-w', '3', '__log:=/home/ccc_v1_w_NDU1M_86698/asn17210_Project_2_/asn17211_Project_2/work/.ros/log/177eb87e-ad47-11e7-8abe-06f360e4abc1/master.log']]
[roslaunch][INFO] 2017-10-09 16:10:51,142: process[master]: cwd will be [/home/ccc_v1_w_NDU1M_86698/asn17210_Project_2_/asn17211_Project_2/work/.ros]
[roslaunch][INFO] 2017-10-09 16:10:51,160: process[master]: started with pid [29265]
[roslaunch][INFO] 2017-10-09 16:10:51,161: master.is_running[http://ip-172-31-19-100:59287/]
[roslaunch][INFO] 2017-10-09 16:10:51,272: master.is_running[http://ip-172-31-19-100:59287/]
[roslaunch][INFO] 2017-10-09 16:10:51,379: master.is_running[http://ip-172-31-19-100:59287/]
[roslaunch][INFO] 2017-10-09 16:10:51,390: master.is_running[http://ip-172-31-19-100:59287/]
[roslaunch][INFO] 2017-10-09 16:10:51,395: ROS_MASTER_URI=http://ip-172-31-19-100:59287/
[roslaunch][INFO] 2017-10-09 16:10:51,400: setting /run_id to 177eb87e-ad47-11e7-8abe-06f360e4abc1
[roslaunch][INFO] 2017-10-09 16:10:51,408: setting /roslaunch/uris/host_ip_172_31_19_100__56991' to http://ip-172-31-19-100:56991/
[roslaunch][INFO] 2017-10-09 16:10:51,418: ... preparing to launch node of type [rosout/rosout]
[roslaunch][INFO] 2017-10-09 16:10:51,426: create_node_process: package[rosout] type[rosout] machine[Machine(name[] env_loader[None] address[localhost] ssh_port[22] user[None] assignable[True] timeout[10.0])] master_uri[http://ip-172-31-19-100:59287/]
[roslaunch][INFO] 2017-10-09 16:10:51,430: process[rosout-1]: env[{'ROS_DISTRO': 'indigo', 'ASNLIB': '/home/ccc_v1_s80115__49396/asn17210_Project_2_/asn17211_Project_2/asnlib.0', 'LIB': '/home/ccc_v1_s80115__49396/lib', 'VOC_PROXY_TOKEN': '5286128812988129881172110159dc01f2dc01a5.61408475', 'SSH_CLIENT': '172.31.43.31 57192 22', 'CPATH': '/opt/ros/indigo/include', 'LOGNAME': 'ccc_v1_w_NDU1M_86698', 'USER': 'ccc_v1_w_NDU1M_86698', 'ROS_NODE_PORT': '59287', 'HOME': '/home/ccc_v1_w_NDU1M_86698/asn17210_Project_2_/asn17211_Project_2/work', 'PATH': '/opt/ros/indigo/bin:/usr/local/sbin:/usr/local/bin:/usr/sbin:/usr/bin:/sbin:/bin:/usr/games:/usr/local/games:/home/local/bin:/home/ccc_v1_s80115__49396/lib:/home/ccc_v1_s80115__49396/asn17210_Project_2_/asn17211_Project_2/asnlib.0:/home/vlibs:.', 'CMAKE_PREFIX_PATH': '/opt/ros/indigo', 'ROS_LOG_FILENAME': '/home/ccc_v1_w_NDU1M_86698/asn17210_Project_2_/asn17211_Project_2/work/.ros/log/177eb87e-ad47-11e7-8abe-06f360e4abc1/roslaunch-ip-172-31-19-100-29249.log', 'LANG': 'en_US.UTF-8', 'TERM': 'xterm-256color', 'SHELL': '/bin/bash', 'HISTFILE': '/home/ccc_v1_w_NDU1M_86698/.bash_history', 'SHLVL': '2', 'VOC_WORKAREA': '/home/ccc_v1_w_NDU1M_86698/asn17210_Project_2_/asn17211_Project_2/work', 'LD_LIBRARY_PATH': '/opt/ros/indigo/lib:/opt/ros/indigo/lib/x86_64-linux-gnu:/home/ccc_v1_s80115__49396/lib:/home/ccc_v1_s80115__49396/asn17210_Project_2_/asn17211_Project_2/asnlib.0:/home/vlibs', 'PART1': '/home/ccc_v1_s80115__49396/asn17210_Project_2_/asn17211_Project_2', 'ROS_MASTER_URI': 'http://ip-172-31-19-100:59287/', 'XDG_RUNTIME_DIR': '/run/user/86698', 'PYTHONPATH': '/opt/ros/indigo/lib/python2.7/dist-packages:/home/vlibs/python', 'VOC_PROXY_WRAPPER_PORT': '5100', 'VOC_XFER_TOKEN': '277999566298812988117211059dc01f2d3cd28.19440435', 'ROS_ROOT': '/opt/ros/indigo/share/ros', 'OLD_HOME': '/home/ccc_v1_w_NDU1M_86698', 'PKG_CONFIG_PATH': '/opt/ros/indigo/lib/pkgconfig:/opt/ros/indigo/lib/x86_64-linux-gnu/pkgconfig', 'ROS_PACKAGE_PATH': '/opt/ros/indigo/share:/opt/ros/indigo/stacks', 'XDG_SESSION_ID': '128146', '_': '/usr/bin/stdbuf', 'LD_PRELOAD': '/usr/lib/coreutils/libstdbuf.so', '_STDBUF_O': 'L', 'SSH_TTY': '/dev/pts/3', 'OLDPWD': '/home/ccc_v1_w_NDU1M_86698', 'ROSLISP_PACKAGE_DIRECTORIES': '', 'VLIB': '/home/vlibs', 'PWD': '/home/ccc_v1_w_NDU1M_86698/asn17210_Project_2_/asn17211_Project_2/work', 'VOC_PROXY_ID': '29881_29881_17211_0_1', 'ROS_ETC_DIR': '/opt/ros/indigo/etc/ros', 'MAIL': '/var/mail/ccc_v1_w_NDU1M_86698', 'SSH_CONNECTION': '172.31.43.31 57192 172.31.19.100 22'}]
[roslaunch][INFO] 2017-10-09 16:10:51,462: process[rosout-1]: args[[u'/opt/ros/indigo/lib/rosout/rosout', u'__name:=rosout']]
[roslaunch][INFO] 2017-10-09 16:10:51,466: ... created process [rosout-1]
[roslaunch.pmon][INFO] 2017-10-09 16:10:51,469: ProcessMonitor.register[rosout-1]
[roslaunch.pmon][INFO] 2017-10-09 16:10:51,472: ProcessMonitor.register[rosout-1] complete
[roslaunch][INFO] 2017-10-09 16:10:51,475: ... registered process [rosout-1]
[roslaunch][INFO] 2017-10-09 16:10:51,479: process[rosout-1]: starting os process
[roslaunch][INFO] 2017-10-09 16:10:51,484: process[rosout-1]: start w/ args [[u'/opt/ros/indigo/lib/rosout/rosout', u'__name:=rosout', u'__log:=/home/ccc_v1_w_NDU1M_86698/asn17210_Project_2_/asn17211_Project_2/work/.ros/log/177eb87e-ad47-11e7-8abe-06f360e4abc1/rosout-1.log']]
[roslaunch][INFO] 2017-10-09 16:10:51,491: process[rosout-1]: cwd will be [/home/ccc_v1_w_NDU1M_86698/asn17210_Project_2_/asn17211_Project_2/work/.ros]
[roslaunch][INFO] 2017-10-09 16:10:51,500: process[rosout-1]: started with pid [29297]
[roslaunch][INFO] 2017-10-09 16:10:51,500: ... successfully launched [rosout-1]
[roslaunch][INFO] 2017-10-09 16:10:51,504: load_parameters starting ...
[roslaunch][INFO] 2017-10-09 16:10:51,517: ... load_parameters complete
[roslaunch][INFO] 2017-10-09 16:10:51,521: launch_nodes: launching local nodes ...
[roslaunch][INFO] 2017-10-09 16:10:51,524: ... launch_nodes complete
[roslaunch.pmon][INFO] 2017-10-09 16:10:51,532: registrations completed <ProcessMonitor(ProcessMonitor-1, started daemon 140326503159552)>
[roslaunch.parent][INFO] 2017-10-09 16:10:51,536: ... roslaunch parent running, waiting for process exit
[roslaunch][INFO] 2017-10-09 16:10:51,547: spin
