[rospy.client][INFO] 2017-10-09 16:11:54,032: init_node, name[/rosbridge_websocket], pid[30363]
[xmlrpc][INFO] 2017-10-09 16:11:54,032: XML-RPC server binding to 0.0.0.0:0
[xmlrpc][INFO] 2017-10-09 16:11:54,037: Started XML-RPC server [http://ip-172-31-19-100:49071/]
[rospy.init][INFO] 2017-10-09 16:11:54,037: ROS Slave URI: [http://ip-172-31-19-100:49071/]
[rospy.impl.masterslave][INFO] 2017-10-09 16:11:54,041: _ready: http://ip-172-31-19-100:49071/
[xmlrpc][INFO] 2017-10-09 16:11:54,048: xml rpc node: starting XML-RPC server
[rospy.registration][INFO] 2017-10-09 16:11:54,048: Registering with master node http://localhost:44601
[rospy.init][INFO] 2017-10-09 16:11:54,144: registered with master
[rospy.rosout][INFO] 2017-10-09 16:11:54,151: initializing /rosout core topic
[rospy.rosout][INFO] 2017-10-09 16:11:54,162: connected to core topic /rosout
[rospy.simtime][INFO] 2017-10-09 16:11:54,167: /use_sim_time is not set, will not subscribe to simulated time [/clock] topic
[rosout][INFO] 2017-10-09 16:11:54,200: Rosbridge WebSocket server started on port 33007
[rospy.internal][INFO] 2017-10-09 16:11:54,387: topic[/rosout] adding connection to [/rosout], count 0
[rosout][INFO] 2017-10-09 16:11:58,549: Client connected.  1 clients total.
[rosout][INFO] 2017-10-09 16:11:58,886: [Client 0] Subscribed to /tf2_web_republisher/feedback
[rosout][INFO] 2017-10-09 16:11:58,904: [Client 0] Subscribed to /visualization_marker
[rospy.internal][INFO] 2017-10-09 16:11:58,920: topic[/visualization_marker] adding connection to [http://ip-172-31-19-100:51930/], count 0
[rospy.internal][INFO] 2017-10-09 16:11:58,920: topic[/tf2_web_republisher/feedback] adding connection to [http://ip-172-31-19-100:47432/], count 0
[rospy.internal][INFO] 2017-10-09 16:11:59,122: topic[/tf2_web_republisher/cancel] adding connection to [/tf2_web_republisher], count 0
[rospy.internal][INFO] 2017-10-09 16:11:59,137: topic[/tf2_web_republisher/goal] adding connection to [/tf2_web_republisher], count 0
[rospy.internal][INFO] 2017-10-09 16:12:56,108: topic impl's ref count is zero, deleting topic /tf2_web_republisher/cancel...
[rospy.internal][INFO] 2017-10-09 16:12:56,109: topic[/tf2_web_republisher/cancel] removing connection to /tf2_web_republisher
[rospy.internal][INFO] 2017-10-09 16:12:56,118: topic impl's ref count is zero, deleting topic /tf2_web_republisher/goal...
[rospy.internal][INFO] 2017-10-09 16:12:56,121: topic[/tf2_web_republisher/goal] removing connection to /tf2_web_republisher
[rospy.internal][INFO] 2017-10-09 16:12:56,129: topic impl's ref count is zero, deleting topic /tf2_web_republisher/feedback...
[rospy.internal][INFO] 2017-10-09 16:12:56,141: topic[/tf2_web_republisher/feedback] removing connection to http://ip-172-31-19-100:47432/
[rospy.internal][INFO] 2017-10-09 16:12:56,156: topic impl's ref count is zero, deleting topic /visualization_marker...
[rospy.internal][INFO] 2017-10-09 16:12:56,159: topic[/visualization_marker] removing connection to http://ip-172-31-19-100:51930/
[rosout][INFO] 2017-10-09 16:12:56,167: Client disconnected. 0 clients total.
