[roslaunch][INFO] 2017-10-09 16:11:50,635: Checking log directory for disk usage. This may take awhile.
Press Ctrl-C to interrupt
[roslaunch][INFO] 2017-10-09 16:11:50,703: Done checking log file disk usage. Usage is <1GB.
[roslaunch][INFO] 2017-10-09 16:11:50,703: roslaunch starting with args ['roscore', '--core', '-p', '44601']
[roslaunch][INFO] 2017-10-09 16:11:50,707: roslaunch env is {'ROS_DISTRO': 'indigo', 'ASNLIB': '/home/ccc_v1_s80115__49396/asn17210_Project_2_/asn17211_Project_2/asnlib.0', 'LIB': '/home/ccc_v1_s80115__49396/lib', 'PKG_CONFIG_PATH': '/opt/ros/indigo/lib/pkgconfig:/opt/ros/indigo/lib/x86_64-linux-gnu/pkgconfig', 'SSH_CLIENT': '172.31.43.31 57938 22', 'CPATH': '/opt/ros/indigo/include', 'LOGNAME': 'ccc_v1_w_NDU1M_86698', 'USER': 'ccc_v1_w_NDU1M_86698', 'ROS_NODE_PORT': '44601', 'HOME': '/home/ccc_v1_w_NDU1M_86698/asn17210_Project_2_/asn17211_Project_2/work', 'PATH': '/opt/ros/indigo/bin:/usr/local/sbin:/usr/local/bin:/usr/sbin:/usr/bin:/sbin:/bin:/usr/games:/usr/local/games:/home/local/bin:/home/ccc_v1_s80115__49396/lib:/home/ccc_v1_s80115__49396/asn17210_Project_2_/asn17211_Project_2/asnlib.0:/home/vlibs:.', 'CMAKE_PREFIX_PATH': '/opt/ros/indigo', 'LD_LIBRARY_PATH': '/opt/ros/indigo/lib:/opt/ros/indigo/lib/x86_64-linux-gnu:/home/ccc_v1_s80115__49396/lib:/home/ccc_v1_s80115__49396/asn17210_Project_2_/asn17211_Project_2/asnlib.0:/home/vlibs', 'LANG': 'en_US.UTF-8', 'TERM': 'xterm-256color', 'SHELL': '/bin/bash', 'HISTFILE': '/home/ccc_v1_w_NDU1M_86698/.bash_history', 'SHLVL': '2', 'VOC_WORKAREA': '/home/ccc_v1_w_NDU1M_86698/asn17210_Project_2_/asn17211_Project_2/work', 'ROS_LOG_FILENAME': '/home/ccc_v1_w_NDU1M_86698/asn17210_Project_2_/asn17211_Project_2/work/.ros/log/3b37b176-ad47-11e7-a465-06f360e4abc1/roslaunch-ip-172-31-19-100-30182.log', 'PART1': '/home/ccc_v1_s80115__49396/asn17210_Project_2_/asn17211_Project_2', 'ROS_ETC_DIR': '/opt/ros/indigo/etc/ros', 'XDG_RUNTIME_DIR': '/run/user/86698', 'PYTHONPATH': '/opt/ros/indigo/lib/python2.7/dist-packages:/home/vlibs/python', 'VOC_PROXY_WRAPPER_PORT': '5100', 'VOC_XFER_TOKEN': '781133053298812988117211059dc022f176751.09757130', 'ROS_ROOT': '/opt/ros/indigo/share/ros', 'OLD_HOME': '/home/ccc_v1_w_NDU1M_86698', 'VOC_PROXY_TOKEN': '9253259662988129881172110159dc022f201c90.45230421', 'ROS_PACKAGE_PATH': '/opt/ros/indigo/share:/opt/ros/indigo/stacks', 'XDG_SESSION_ID': '128156', '_': '/usr/bin/stdbuf', 'LD_PRELOAD': '/usr/lib/coreutils/libstdbuf.so', '_STDBUF_O': 'L', 'SSH_TTY': '/dev/pts/3', 'OLDPWD': '/home/ccc_v1_w_NDU1M_86698', 'ROSLISP_PACKAGE_DIRECTORIES': '', 'VLIB': '/home/vlibs', 'PWD': '/home/ccc_v1_w_NDU1M_86698/asn17210_Project_2_/asn17211_Project_2/work', 'VOC_PROXY_ID': '29881_29881_17211_0_1', 'ROS_MASTER_URI': 'http://localhost:44601', 'MAIL': '/var/mail/ccc_v1_w_NDU1M_86698', 'SSH_CONNECTION': '172.31.43.31 57938 172.31.19.100 22'}
[roslaunch][INFO] 2017-10-09 16:11:50,710: starting in server mode
[roslaunch.parent][INFO] 2017-10-09 16:11:50,715: starting roslaunch parent run
[roslaunch][INFO] 2017-10-09 16:11:50,718: loading roscore config file /opt/ros/indigo/etc/ros/roscore.xml
[roslaunch][INFO] 2017-10-09 16:11:50,829: Added core node of type [rosout/rosout] in namespace [/]
[roslaunch.pmon][INFO] 2017-10-09 16:11:50,830: start_process_monitor: creating ProcessMonitor
[roslaunch.pmon][INFO] 2017-10-09 16:11:50,842: created process monitor <ProcessMonitor(ProcessMonitor-1, initial daemon)>
[roslaunch.pmon][INFO] 2017-10-09 16:11:50,846: start_process_monitor: ProcessMonitor started
[roslaunch.parent][INFO] 2017-10-09 16:11:50,849: starting parent XML-RPC server
[roslaunch.server][INFO] 2017-10-09 16:11:50,853: starting roslaunch XML-RPC server
[roslaunch.server][INFO] 2017-10-09 16:11:50,857: waiting for roslaunch XML-RPC server to initialize
[xmlrpc][INFO] 2017-10-09 16:11:50,857: XML-RPC server binding to 0.0.0.0:0
[xmlrpc][INFO] 2017-10-09 16:11:50,865: Started XML-RPC server [http://ip-172-31-19-100:35122/]
[xmlrpc][INFO] 2017-10-09 16:11:50,868: xml rpc node: starting XML-RPC server
[roslaunch][INFO] 2017-10-09 16:11:50,888: started roslaunch server http://ip-172-31-19-100:35122/
[roslaunch.parent][INFO] 2017-10-09 16:11:50,891: ... parent XML-RPC server started
[roslaunch][INFO] 2017-10-09 16:11:50,895: master.is_running[http://ip-172-31-19-100:44601/]
[roslaunch][INFO] 2017-10-09 16:11:50,900: auto-starting new master
[roslaunch][INFO] 2017-10-09 16:11:50,904: create_master_process: rosmaster, /opt/ros/indigo/share/ros, 44601, 3, None
[roslaunch][INFO] 2017-10-09 16:11:50,907: process[master]: launching with args [['rosmaster', '--core', '-p', '44601', '-w', '3']]
[roslaunch.pmon][INFO] 2017-10-09 16:11:50,911: ProcessMonitor.register[master]
[roslaunch.pmon][INFO] 2017-10-09 16:11:50,915: ProcessMonitor.register[master] complete
[roslaunch][INFO] 2017-10-09 16:11:50,918: process[master]: starting os process
[roslaunch][INFO] 2017-10-09 16:11:50,930: process[master]: start w/ args [['rosmaster', '--core', '-p', '44601', '-w', '3', '__log:=/home/ccc_v1_w_NDU1M_86698/asn17210_Project_2_/asn17211_Project_2/work/.ros/log/3b37b176-ad47-11e7-a465-06f360e4abc1/master.log']]
[roslaunch][INFO] 2017-10-09 16:11:50,933: process[master]: cwd will be [/home/ccc_v1_w_NDU1M_86698/asn17210_Project_2_/asn17211_Project_2/work/.ros]
[roslaunch][INFO] 2017-10-09 16:11:50,942: process[master]: started with pid [30197]
[roslaunch][INFO] 2017-10-09 16:11:50,943: master.is_running[http://ip-172-31-19-100:44601/]
[roslaunch][INFO] 2017-10-09 16:11:51,047: master.is_running[http://ip-172-31-19-100:44601/]
[roslaunch][INFO] 2017-10-09 16:11:51,151: master.is_running[http://ip-172-31-19-100:44601/]
[roslaunch][INFO] 2017-10-09 16:11:51,157: master.is_running[http://ip-172-31-19-100:44601/]
[roslaunch][INFO] 2017-10-09 16:11:51,161: ROS_MASTER_URI=http://ip-172-31-19-100:44601/
[roslaunch][INFO] 2017-10-09 16:11:51,166: setting /run_id to 3b37b176-ad47-11e7-a465-06f360e4abc1
[roslaunch][INFO] 2017-10-09 16:11:51,175: setting /roslaunch/uris/host_ip_172_31_19_100__35122' to http://ip-172-31-19-100:35122/
[roslaunch][INFO] 2017-10-09 16:11:51,184: ... preparing to launch node of type [rosout/rosout]
[roslaunch][INFO] 2017-10-09 16:11:51,191: create_node_process: package[rosout] type[rosout] machine[Machine(name[] env_loader[None] address[localhost] ssh_port[22] user[None] assignable[True] timeout[10.0])] master_uri[http://ip-172-31-19-100:44601/]
[roslaunch][INFO] 2017-10-09 16:11:51,196: process[rosout-1]: env[{'ROS_DISTRO': 'indigo', 'ASNLIB': '/home/ccc_v1_s80115__49396/asn17210_Project_2_/asn17211_Project_2/asnlib.0', 'LIB': '/home/ccc_v1_s80115__49396/lib', 'VOC_PROXY_TOKEN': '9253259662988129881172110159dc022f201c90.45230421', 'SSH_CLIENT': '172.31.43.31 57938 22', 'CPATH': '/opt/ros/indigo/include', 'LOGNAME': 'ccc_v1_w_NDU1M_86698', 'USER': 'ccc_v1_w_NDU1M_86698', 'ROS_NODE_PORT': '44601', 'HOME': '/home/ccc_v1_w_NDU1M_86698/asn17210_Project_2_/asn17211_Project_2/work', 'PATH': '/opt/ros/indigo/bin:/usr/local/sbin:/usr/local/bin:/usr/sbin:/usr/bin:/sbin:/bin:/usr/games:/usr/local/games:/home/local/bin:/home/ccc_v1_s80115__49396/lib:/home/ccc_v1_s80115__49396/asn17210_Project_2_/asn17211_Project_2/asnlib.0:/home/vlibs:.', 'CMAKE_PREFIX_PATH': '/opt/ros/indigo', 'ROS_LOG_FILENAME': '/home/ccc_v1_w_NDU1M_86698/asn17210_Project_2_/asn17211_Project_2/work/.ros/log/3b37b176-ad47-11e7-a465-06f360e4abc1/roslaunch-ip-172-31-19-100-30182.log', 'LANG': 'en_US.UTF-8', 'TERM': 'xterm-256color', 'SHELL': '/bin/bash', 'HISTFILE': '/home/ccc_v1_w_NDU1M_86698/.bash_history', 'SHLVL': '2', 'VOC_WORKAREA': '/home/ccc_v1_w_NDU1M_86698/asn17210_Project_2_/asn17211_Project_2/work', 'LD_LIBRARY_PATH': '/opt/ros/indigo/lib:/opt/ros/indigo/lib/x86_64-linux-gnu:/home/ccc_v1_s80115__49396/lib:/home/ccc_v1_s80115__49396/asn17210_Project_2_/asn17211_Project_2/asnlib.0:/home/vlibs', 'PART1': '/home/ccc_v1_s80115__49396/asn17210_Project_2_/asn17211_Project_2', 'ROS_MASTER_URI': 'http://ip-172-31-19-100:44601/', 'XDG_RUNTIME_DIR': '/run/user/86698', 'PYTHONPATH': '/opt/ros/indigo/lib/python2.7/dist-packages:/home/vlibs/python', 'VOC_PROXY_WRAPPER_PORT': '5100', 'VOC_XFER_TOKEN': '781133053298812988117211059dc022f176751.09757130', 'ROS_ROOT': '/opt/ros/indigo/share/ros', 'OLD_HOME': '/home/ccc_v1_w_NDU1M_86698', 'PKG_CONFIG_PATH': '/opt/ros/indigo/lib/pkgconfig:/opt/ros/indigo/lib/x86_64-linux-gnu/pkgconfig', 'ROS_PACKAGE_PATH': '/opt/ros/indigo/share:/opt/ros/indigo/stacks', 'XDG_SESSION_ID': '128156', '_': '/usr/bin/stdbuf', 'LD_PRELOAD': '/usr/lib/coreutils/libstdbuf.so', '_STDBUF_O': 'L', 'SSH_TTY': '/dev/pts/3', 'OLDPWD': '/home/ccc_v1_w_NDU1M_86698', 'ROSLISP_PACKAGE_DIRECTORIES': '', 'VLIB': '/home/vlibs', 'PWD': '/home/ccc_v1_w_NDU1M_86698/asn17210_Project_2_/asn17211_Project_2/work', 'VOC_PROXY_ID': '29881_29881_17211_0_1', 'ROS_ETC_DIR': '/opt/ros/indigo/etc/ros', 'MAIL': '/var/mail/ccc_v1_w_NDU1M_86698', 'SSH_CONNECTION': '172.31.43.31 57938 172.31.19.100 22'}]
[roslaunch][INFO] 2017-10-09 16:11:51,229: process[rosout-1]: args[[u'/opt/ros/indigo/lib/rosout/rosout', u'__name:=rosout']]
[roslaunch][INFO] 2017-10-09 16:11:51,233: ... created process [rosout-1]
[roslaunch.pmon][INFO] 2017-10-09 16:11:51,237: ProcessMonitor.register[rosout-1]
[roslaunch.pmon][INFO] 2017-10-09 16:11:51,241: ProcessMonitor.register[rosout-1] complete
[roslaunch][INFO] 2017-10-09 16:11:51,245: ... registered process [rosout-1]
[roslaunch][INFO] 2017-10-09 16:11:51,248: process[rosout-1]: starting os process
[roslaunch][INFO] 2017-10-09 16:11:51,260: process[rosout-1]: start w/ args [[u'/opt/ros/indigo/lib/rosout/rosout', u'__name:=rosout', u'__log:=/home/ccc_v1_w_NDU1M_86698/asn17210_Project_2_/asn17211_Project_2/work/.ros/log/3b37b176-ad47-11e7-a465-06f360e4abc1/rosout-1.log']]
[roslaunch][INFO] 2017-10-09 16:11:51,268: process[rosout-1]: cwd will be [/home/ccc_v1_w_NDU1M_86698/asn17210_Project_2_/asn17211_Project_2/work/.ros]
[roslaunch][INFO] 2017-10-09 16:11:51,276: process[rosout-1]: started with pid [30211]
[roslaunch][INFO] 2017-10-09 16:11:51,277: ... successfully launched [rosout-1]
[roslaunch][INFO] 2017-10-09 16:11:51,280: load_parameters starting ...
[roslaunch][INFO] 2017-10-09 16:11:51,298: ... load_parameters complete
[roslaunch][INFO] 2017-10-09 16:11:51,302: launch_nodes: launching local nodes ...
[roslaunch][INFO] 2017-10-09 16:11:51,308: ... launch_nodes complete
[roslaunch.pmon][INFO] 2017-10-09 16:11:51,312: registrations completed <ProcessMonitor(ProcessMonitor-1, started daemon 140351159727872)>
[roslaunch.parent][INFO] 2017-10-09 16:11:51,316: ... roslaunch parent running, waiting for process exit
[roslaunch][INFO] 2017-10-09 16:11:51,319: spin
