[roslaunch][INFO] 2017-10-02 09:28:41,808: Checking log directory for disk usage. This may take awhile.
Press Ctrl-C to interrupt
[roslaunch][INFO] 2017-10-02 09:28:41,819: Done checking log file disk usage. Usage is <1GB.
[roslaunch][INFO] 2017-10-02 09:28:41,819: roslaunch starting with args ['roscore', '--core', '-p', '47885']
[roslaunch][INFO] 2017-10-02 09:28:41,822: roslaunch env is {'ROS_DISTRO': 'indigo', 'ASNLIB': '/home/ccc_v1_s80115__49396/asn17208_Project_1/asn17209_Project_1/asnlib.0', 'LIB': '/home/ccc_v1_s80115__49396/lib', 'SSH_CLIENT': '172.31.43.31 42002 22', 'CPATH': '/opt/ros/indigo/include', 'LOGNAME': 'ccc_v1_w_NDU1M_86698', 'USER': 'ccc_v1_w_NDU1M_86698', 'ROS_NODE_PORT': '47885', 'HOME': '/home/ccc_v1_w_NDU1M_86698/asn17208_Project_1/asn17209_Project_1/work', 'PATH': '/opt/ros/indigo/bin:/usr/local/sbin:/usr/local/bin:/usr/sbin:/usr/bin:/sbin:/bin:/usr/games:/usr/local/games:/home/local/bin:/home/ccc_v1_s80115__49396/lib:/home/ccc_v1_s80115__49396/asn17208_Project_1/asn17209_Project_1/asnlib.0:/home/vlibs:.', 'CMAKE_PREFIX_PATH': '/opt/ros/indigo', 'LD_LIBRARY_PATH': '/opt/ros/indigo/lib:/opt/ros/indigo/lib/x86_64-linux-gnu:/home/ccc_v1_s80115__49396/lib:/home/ccc_v1_s80115__49396/asn17208_Project_1/asn17209_Project_1/asnlib.0:/home/vlibs', 'LANG': 'en_US.UTF-8', 'TERM': 'xterm-256color', 'SHELL': '/bin/bash', 'HISTFILE': '/home/ccc_v1_w_NDU1M_86698/.bash_history', 'SHLVL': '2', 'VOC_WORKAREA': '/home/ccc_v1_w_NDU1M_86698/asn17208_Project_1/asn17209_Project_1/work', 'ROS_LOG_FILENAME': '/home/ccc_v1_w_NDU1M_86698/asn17208_Project_1/asn17209_Project_1/work/.ros/log/c0a99aae-a78e-11e7-bf34-06f360e4abc1/roslaunch-ip-172-31-19-100-30172.log', 'PART1': '/home/ccc_v1_s80115__49396/asn17208_Project_1/asn17209_Project_1', 'ROS_ETC_DIR': '/opt/ros/indigo/etc/ros', 'XDG_RUNTIME_DIR': '/run/user/86698', 'PYTHONPATH': '/opt/ros/indigo/lib/python2.7/dist-packages:/home/vlibs/python', 'ROS_ROOT': '/opt/ros/indigo/share/ros', 'OLD_HOME': '/home/ccc_v1_w_NDU1M_86698', 'PKG_CONFIG_PATH': '/opt/ros/indigo/lib/pkgconfig:/opt/ros/indigo/lib/x86_64-linux-gnu/pkgconfig', 'ROS_PACKAGE_PATH': '/opt/ros/indigo/share:/opt/ros/indigo/stacks', 'XDG_SESSION_ID': '91672', '_': '/usr/bin/stdbuf', 'LD_PRELOAD': '/usr/lib/coreutils/libstdbuf.so', '_STDBUF_O': 'L', 'SSH_TTY': '/dev/pts/9', 'OLDPWD': '/home/ccc_v1_w_NDU1M_86698', 'ROSLISP_PACKAGE_DIRECTORIES': '', 'VLIB': '/home/vlibs', 'PWD': '/home/ccc_v1_w_NDU1M_86698/asn17208_Project_1/asn17209_Project_1/work', 'ROS_MASTER_URI': 'http://localhost:47885', 'MAIL': '/var/mail/ccc_v1_w_NDU1M_86698', 'SSH_CONNECTION': '172.31.43.31 42002 172.31.19.100 22'}
[roslaunch][INFO] 2017-10-02 09:28:41,826: starting in server mode
[roslaunch.parent][INFO] 2017-10-02 09:28:41,830: starting roslaunch parent run
[roslaunch][INFO] 2017-10-02 09:28:41,857: loading roscore config file /opt/ros/indigo/etc/ros/roscore.xml
[roslaunch][INFO] 2017-10-02 09:28:41,995: Added core node of type [rosout/rosout] in namespace [/]
[roslaunch.pmon][INFO] 2017-10-02 09:28:41,996: start_process_monitor: creating ProcessMonitor
[roslaunch.pmon][INFO] 2017-10-02 09:28:41,999: created process monitor <ProcessMonitor(ProcessMonitor-1, initial daemon)>
[roslaunch.pmon][INFO] 2017-10-02 09:28:42,003: start_process_monitor: ProcessMonitor started
[roslaunch.parent][INFO] 2017-10-02 09:28:42,006: starting parent XML-RPC server
[roslaunch.server][INFO] 2017-10-02 09:28:42,009: starting roslaunch XML-RPC server
[roslaunch.server][INFO] 2017-10-02 09:28:42,013: waiting for roslaunch XML-RPC server to initialize
[xmlrpc][INFO] 2017-10-02 09:28:42,013: XML-RPC server binding to 0.0.0.0:0
[xmlrpc][INFO] 2017-10-02 09:28:42,020: Started XML-RPC server [http://ip-172-31-19-100:56993/]
[xmlrpc][INFO] 2017-10-02 09:28:42,023: xml rpc node: starting XML-RPC server
[roslaunch][INFO] 2017-10-02 09:28:42,031: started roslaunch server http://ip-172-31-19-100:56993/
[roslaunch.parent][INFO] 2017-10-02 09:28:42,034: ... parent XML-RPC server started
[roslaunch][INFO] 2017-10-02 09:28:42,037: master.is_running[http://ip-172-31-19-100:47885/]
[roslaunch][INFO] 2017-10-02 09:28:42,042: auto-starting new master
[roslaunch][INFO] 2017-10-02 09:28:42,053: create_master_process: rosmaster, /opt/ros/indigo/share/ros, 47885, 3, None
[roslaunch][INFO] 2017-10-02 09:28:42,057: process[master]: launching with args [['rosmaster', '--core', '-p', '47885', '-w', '3']]
[roslaunch.pmon][INFO] 2017-10-02 09:28:42,066: ProcessMonitor.register[master]
[roslaunch.pmon][INFO] 2017-10-02 09:28:42,070: ProcessMonitor.register[master] complete
[roslaunch][INFO] 2017-10-02 09:28:42,078: process[master]: starting os process
[roslaunch][INFO] 2017-10-02 09:28:42,084: process[master]: start w/ args [['rosmaster', '--core', '-p', '47885', '-w', '3', '__log:=/home/ccc_v1_w_NDU1M_86698/asn17208_Project_1/asn17209_Project_1/work/.ros/log/c0a99aae-a78e-11e7-bf34-06f360e4abc1/master.log']]
[roslaunch][INFO] 2017-10-02 09:28:42,088: process[master]: cwd will be [/home/ccc_v1_w_NDU1M_86698/asn17208_Project_1/asn17209_Project_1/work/.ros]
[roslaunch][INFO] 2017-10-02 09:28:42,096: process[master]: started with pid [30254]
[roslaunch][INFO] 2017-10-02 09:28:42,097: master.is_running[http://ip-172-31-19-100:47885/]
[roslaunch][INFO] 2017-10-02 09:28:42,207: master.is_running[http://ip-172-31-19-100:47885/]
[roslaunch][INFO] 2017-10-02 09:28:42,311: master.is_running[http://ip-172-31-19-100:47885/]
[roslaunch][INFO] 2017-10-02 09:28:42,317: master.is_running[http://ip-172-31-19-100:47885/]
[roslaunch][INFO] 2017-10-02 09:28:42,322: ROS_MASTER_URI=http://ip-172-31-19-100:47885/
[roslaunch][INFO] 2017-10-02 09:28:42,327: setting /run_id to c0a99aae-a78e-11e7-bf34-06f360e4abc1
[roslaunch][INFO] 2017-10-02 09:28:42,334: setting /roslaunch/uris/host_ip_172_31_19_100__56993' to http://ip-172-31-19-100:56993/
[roslaunch][INFO] 2017-10-02 09:28:42,343: ... preparing to launch node of type [rosout/rosout]
[roslaunch][INFO] 2017-10-02 09:28:42,346: create_node_process: package[rosout] type[rosout] machine[Machine(name[] env_loader[None] address[localhost] ssh_port[22] user[None] assignable[True] timeout[10.0])] master_uri[http://ip-172-31-19-100:47885/]
[roslaunch][INFO] 2017-10-02 09:28:42,351: process[rosout-1]: env[{'ROS_DISTRO': 'indigo', 'ASNLIB': '/home/ccc_v1_s80115__49396/asn17208_Project_1/asn17209_Project_1/asnlib.0', 'LIB': '/home/ccc_v1_s80115__49396/lib', 'SSH_CLIENT': '172.31.43.31 42002 22', 'CPATH': '/opt/ros/indigo/include', 'LOGNAME': 'ccc_v1_w_NDU1M_86698', 'USER': 'ccc_v1_w_NDU1M_86698', 'ROS_NODE_PORT': '47885', 'HOME': '/home/ccc_v1_w_NDU1M_86698/asn17208_Project_1/asn17209_Project_1/work', 'PATH': '/opt/ros/indigo/bin:/usr/local/sbin:/usr/local/bin:/usr/sbin:/usr/bin:/sbin:/bin:/usr/games:/usr/local/games:/home/local/bin:/home/ccc_v1_s80115__49396/lib:/home/ccc_v1_s80115__49396/asn17208_Project_1/asn17209_Project_1/asnlib.0:/home/vlibs:.', 'CMAKE_PREFIX_PATH': '/opt/ros/indigo', 'ROS_LOG_FILENAME': '/home/ccc_v1_w_NDU1M_86698/asn17208_Project_1/asn17209_Project_1/work/.ros/log/c0a99aae-a78e-11e7-bf34-06f360e4abc1/roslaunch-ip-172-31-19-100-30172.log', 'LANG': 'en_US.UTF-8', 'TERM': 'xterm-256color', 'SHELL': '/bin/bash', 'HISTFILE': '/home/ccc_v1_w_NDU1M_86698/.bash_history', 'SHLVL': '2', 'VOC_WORKAREA': '/home/ccc_v1_w_NDU1M_86698/asn17208_Project_1/asn17209_Project_1/work', 'LD_LIBRARY_PATH': '/opt/ros/indigo/lib:/opt/ros/indigo/lib/x86_64-linux-gnu:/home/ccc_v1_s80115__49396/lib:/home/ccc_v1_s80115__49396/asn17208_Project_1/asn17209_Project_1/asnlib.0:/home/vlibs', 'PART1': '/home/ccc_v1_s80115__49396/asn17208_Project_1/asn17209_Project_1', 'ROS_MASTER_URI': 'http://ip-172-31-19-100:47885/', 'XDG_RUNTIME_DIR': '/run/user/86698', 'PYTHONPATH': '/opt/ros/indigo/lib/python2.7/dist-packages:/home/vlibs/python', 'ROS_ROOT': '/opt/ros/indigo/share/ros', 'OLD_HOME': '/home/ccc_v1_w_NDU1M_86698', 'PKG_CONFIG_PATH': '/opt/ros/indigo/lib/pkgconfig:/opt/ros/indigo/lib/x86_64-linux-gnu/pkgconfig', 'ROS_PACKAGE_PATH': '/opt/ros/indigo/share:/opt/ros/indigo/stacks', 'XDG_SESSION_ID': '91672', '_': '/usr/bin/stdbuf', 'LD_PRELOAD': '/usr/lib/coreutils/libstdbuf.so', '_STDBUF_O': 'L', 'SSH_TTY': '/dev/pts/9', 'OLDPWD': '/home/ccc_v1_w_NDU1M_86698', 'ROSLISP_PACKAGE_DIRECTORIES': '', 'VLIB': '/home/vlibs', 'PWD': '/home/ccc_v1_w_NDU1M_86698/asn17208_Project_1/asn17209_Project_1/work', 'ROS_ETC_DIR': '/opt/ros/indigo/etc/ros', 'MAIL': '/var/mail/ccc_v1_w_NDU1M_86698', 'SSH_CONNECTION': '172.31.43.31 42002 172.31.19.100 22'}]
[roslaunch][INFO] 2017-10-02 09:28:42,383: process[rosout-1]: args[[u'/opt/ros/indigo/lib/rosout/rosout', u'__name:=rosout']]
[roslaunch][INFO] 2017-10-02 09:28:42,387: ... created process [rosout-1]
[roslaunch.pmon][INFO] 2017-10-02 09:28:42,391: ProcessMonitor.register[rosout-1]
[roslaunch.pmon][INFO] 2017-10-02 09:28:42,394: ProcessMonitor.register[rosout-1] complete
[roslaunch][INFO] 2017-10-02 09:28:42,398: ... registered process [rosout-1]
[roslaunch][INFO] 2017-10-02 09:28:42,402: process[rosout-1]: starting os process
[roslaunch][INFO] 2017-10-02 09:28:42,407: process[rosout-1]: start w/ args [[u'/opt/ros/indigo/lib/rosout/rosout', u'__name:=rosout', u'__log:=/home/ccc_v1_w_NDU1M_86698/asn17208_Project_1/asn17209_Project_1/work/.ros/log/c0a99aae-a78e-11e7-bf34-06f360e4abc1/rosout-1.log']]
[roslaunch][INFO] 2017-10-02 09:28:42,411: process[rosout-1]: cwd will be [/home/ccc_v1_w_NDU1M_86698/asn17208_Project_1/asn17209_Project_1/work/.ros]
[roslaunch][INFO] 2017-10-02 09:28:42,420: process[rosout-1]: started with pid [30293]
[roslaunch][INFO] 2017-10-02 09:28:42,421: ... successfully launched [rosout-1]
[roslaunch][INFO] 2017-10-02 09:28:42,426: load_parameters starting ...
[roslaunch][INFO] 2017-10-02 09:28:42,446: ... load_parameters complete
[roslaunch][INFO] 2017-10-02 09:28:42,450: launch_nodes: launching local nodes ...
[roslaunch][INFO] 2017-10-02 09:28:42,459: ... launch_nodes complete
[roslaunch.pmon][INFO] 2017-10-02 09:28:42,464: registrations completed <ProcessMonitor(ProcessMonitor-1, started daemon 140011225569024)>
[roslaunch.parent][INFO] 2017-10-02 09:28:42,474: ... roslaunch parent running, waiting for process exit
[roslaunch][INFO] 2017-10-02 09:28:42,484: spin
