[roslaunch][INFO] 2017-10-09 16:06:18,726: Checking log directory for disk usage. This may take awhile.
Press Ctrl-C to interrupt
[roslaunch][INFO] 2017-10-09 16:06:18,926: Done checking log file disk usage. Usage is <1GB.
[roslaunch][INFO] 2017-10-09 16:06:18,926: roslaunch starting with args ['roscore', '--core', '-p', '49983']
[roslaunch][INFO] 2017-10-09 16:06:18,930: roslaunch env is {'ROS_DISTRO': 'indigo', 'ASNLIB': '/home/ccc_v1_s80115__49396/asn17210_Project_2_/asn17211_Project_2/asnlib.0', 'LIB': '/home/ccc_v1_s80115__49396/lib', 'PKG_CONFIG_PATH': '/opt/ros/indigo/lib/pkgconfig:/opt/ros/indigo/lib/x86_64-linux-gnu/pkgconfig', 'SSH_CLIENT': '172.31.43.31 54180 22', 'CPATH': '/opt/ros/indigo/include', 'LOGNAME': 'ccc_v1_w_NDU1M_86698', 'USER': 'ccc_v1_w_NDU1M_86698', 'ROS_NODE_PORT': '49983', 'HOME': '/home/ccc_v1_w_NDU1M_86698/asn17210_Project_2_/asn17211_Project_2/work', 'PATH': '/opt/ros/indigo/bin:/usr/local/sbin:/usr/local/bin:/usr/sbin:/usr/bin:/sbin:/bin:/usr/games:/usr/local/games:/home/local/bin:/home/ccc_v1_s80115__49396/lib:/home/ccc_v1_s80115__49396/asn17210_Project_2_/asn17211_Project_2/asnlib.0:/home/vlibs:.', 'CMAKE_PREFIX_PATH': '/opt/ros/indigo', 'LD_LIBRARY_PATH': '/opt/ros/indigo/lib:/opt/ros/indigo/lib/x86_64-linux-gnu:/home/ccc_v1_s80115__49396/lib:/home/ccc_v1_s80115__49396/asn17210_Project_2_/asn17211_Project_2/asnlib.0:/home/vlibs', 'LANG': 'en_US.UTF-8', 'TERM': 'xterm-256color', 'SHELL': '/bin/bash', 'HISTFILE': '/home/ccc_v1_w_NDU1M_86698/.bash_history', 'SHLVL': '2', 'VOC_WORKAREA': '/home/ccc_v1_w_NDU1M_86698/asn17210_Project_2_/asn17211_Project_2/work', 'ROS_LOG_FILENAME': '/home/ccc_v1_w_NDU1M_86698/asn17210_Project_2_/asn17211_Project_2/work/.ros/log/7562baea-ad46-11e7-be9a-06f360e4abc1/roslaunch-ip-172-31-19-100-22511.log', 'PART1': '/home/ccc_v1_s80115__49396/asn17210_Project_2_/asn17211_Project_2', 'ROS_ETC_DIR': '/opt/ros/indigo/etc/ros', 'XDG_RUNTIME_DIR': '/run/user/86698', 'PYTHONPATH': '/opt/ros/indigo/lib/python2.7/dist-packages:/home/vlibs/python', 'VOC_PROXY_WRAPPER_PORT': '5100', 'VOC_XFER_TOKEN': '1289485397298812988117211059dc00dfd851d3.90983025', 'ROS_ROOT': '/opt/ros/indigo/share/ros', 'OLD_HOME': '/home/ccc_v1_w_NDU1M_86698', 'VOC_PROXY_TOKEN': '11011538252988129881172110159dc00dfe2eb36.86836835', 'ROS_PACKAGE_PATH': '/opt/ros/indigo/share:/opt/ros/indigo/stacks', 'XDG_SESSION_ID': '128098', '_': '/usr/bin/stdbuf', 'LD_PRELOAD': '/usr/lib/coreutils/libstdbuf.so', '_STDBUF_O': 'L', 'SSH_TTY': '/dev/pts/3', 'OLDPWD': '/home/ccc_v1_w_NDU1M_86698', 'ROSLISP_PACKAGE_DIRECTORIES': '', 'VLIB': '/home/vlibs', 'PWD': '/home/ccc_v1_w_NDU1M_86698/asn17210_Project_2_/asn17211_Project_2/work', 'VOC_PROXY_ID': '29881_29881_17211_0_1', 'ROS_MASTER_URI': 'http://localhost:49983', 'MAIL': '/var/mail/ccc_v1_w_NDU1M_86698', 'SSH_CONNECTION': '172.31.43.31 54180 172.31.19.100 22'}
[roslaunch][INFO] 2017-10-09 16:06:18,933: starting in server mode
[roslaunch.parent][INFO] 2017-10-09 16:06:18,937: starting roslaunch parent run
[roslaunch][INFO] 2017-10-09 16:06:18,951: loading roscore config file /opt/ros/indigo/etc/ros/roscore.xml
[roslaunch][INFO] 2017-10-09 16:06:19,059: Added core node of type [rosout/rosout] in namespace [/]
[roslaunch.pmon][INFO] 2017-10-09 16:06:19,060: start_process_monitor: creating ProcessMonitor
[roslaunch.pmon][INFO] 2017-10-09 16:06:19,064: created process monitor <ProcessMonitor(ProcessMonitor-1, initial daemon)>
[roslaunch.pmon][INFO] 2017-10-09 16:06:19,068: start_process_monitor: ProcessMonitor started
[roslaunch.parent][INFO] 2017-10-09 16:06:19,071: starting parent XML-RPC server
[roslaunch.server][INFO] 2017-10-09 16:06:19,075: starting roslaunch XML-RPC server
[roslaunch.server][INFO] 2017-10-09 16:06:19,079: waiting for roslaunch XML-RPC server to initialize
[xmlrpc][INFO] 2017-10-09 16:06:19,079: XML-RPC server binding to 0.0.0.0:0
[xmlrpc][INFO] 2017-10-09 16:06:19,086: Started XML-RPC server [http://ip-172-31-19-100:60701/]
[xmlrpc][INFO] 2017-10-09 16:06:19,090: xml rpc node: starting XML-RPC server
[roslaunch][INFO] 2017-10-09 16:06:19,098: started roslaunch server http://ip-172-31-19-100:60701/
[roslaunch.parent][INFO] 2017-10-09 16:06:19,103: ... parent XML-RPC server started
[roslaunch][INFO] 2017-10-09 16:06:19,107: master.is_running[http://ip-172-31-19-100:49983/]
[roslaunch][INFO] 2017-10-09 16:06:19,114: auto-starting new master
[roslaunch][INFO] 2017-10-09 16:06:19,118: create_master_process: rosmaster, /opt/ros/indigo/share/ros, 49983, 3, None
[roslaunch][INFO] 2017-10-09 16:06:19,121: process[master]: launching with args [['rosmaster', '--core', '-p', '49983', '-w', '3']]
[roslaunch.pmon][INFO] 2017-10-09 16:06:19,125: ProcessMonitor.register[master]
[roslaunch.pmon][INFO] 2017-10-09 16:06:19,128: ProcessMonitor.register[master] complete
[roslaunch][INFO] 2017-10-09 16:06:19,131: process[master]: starting os process
[roslaunch][INFO] 2017-10-09 16:06:19,135: process[master]: start w/ args [['rosmaster', '--core', '-p', '49983', '-w', '3', '__log:=/home/ccc_v1_w_NDU1M_86698/asn17210_Project_2_/asn17211_Project_2/work/.ros/log/7562baea-ad46-11e7-be9a-06f360e4abc1/master.log']]
[roslaunch][INFO] 2017-10-09 16:06:19,139: process[master]: cwd will be [/home/ccc_v1_w_NDU1M_86698/asn17210_Project_2_/asn17211_Project_2/work/.ros]
[roslaunch][INFO] 2017-10-09 16:06:19,147: process[master]: started with pid [22536]
[roslaunch][INFO] 2017-10-09 16:06:19,147: master.is_running[http://ip-172-31-19-100:49983/]
[roslaunch][INFO] 2017-10-09 16:06:19,252: master.is_running[http://ip-172-31-19-100:49983/]
[roslaunch][INFO] 2017-10-09 16:06:19,356: master.is_running[http://ip-172-31-19-100:49983/]
[roslaunch][INFO] 2017-10-09 16:06:19,361: master.is_running[http://ip-172-31-19-100:49983/]
[roslaunch][INFO] 2017-10-09 16:06:19,365: ROS_MASTER_URI=http://ip-172-31-19-100:49983/
[roslaunch][INFO] 2017-10-09 16:06:19,370: setting /run_id to 7562baea-ad46-11e7-be9a-06f360e4abc1
[roslaunch][INFO] 2017-10-09 16:06:19,383: setting /roslaunch/uris/host_ip_172_31_19_100__60701' to http://ip-172-31-19-100:60701/
[roslaunch][INFO] 2017-10-09 16:06:19,392: ... preparing to launch node of type [rosout/rosout]
[roslaunch][INFO] 2017-10-09 16:06:19,396: create_node_process: package[rosout] type[rosout] machine[Machine(name[] env_loader[None] address[localhost] ssh_port[22] user[None] assignable[True] timeout[10.0])] master_uri[http://ip-172-31-19-100:49983/]
[roslaunch][INFO] 2017-10-09 16:06:19,399: process[rosout-1]: env[{'ROS_DISTRO': 'indigo', 'ASNLIB': '/home/ccc_v1_s80115__49396/asn17210_Project_2_/asn17211_Project_2/asnlib.0', 'LIB': '/home/ccc_v1_s80115__49396/lib', 'VOC_PROXY_TOKEN': '11011538252988129881172110159dc00dfe2eb36.86836835', 'SSH_CLIENT': '172.31.43.31 54180 22', 'CPATH': '/opt/ros/indigo/include', 'LOGNAME': 'ccc_v1_w_NDU1M_86698', 'USER': 'ccc_v1_w_NDU1M_86698', 'ROS_NODE_PORT': '49983', 'HOME': '/home/ccc_v1_w_NDU1M_86698/asn17210_Project_2_/asn17211_Project_2/work', 'PATH': '/opt/ros/indigo/bin:/usr/local/sbin:/usr/local/bin:/usr/sbin:/usr/bin:/sbin:/bin:/usr/games:/usr/local/games:/home/local/bin:/home/ccc_v1_s80115__49396/lib:/home/ccc_v1_s80115__49396/asn17210_Project_2_/asn17211_Project_2/asnlib.0:/home/vlibs:.', 'CMAKE_PREFIX_PATH': '/opt/ros/indigo', 'ROS_LOG_FILENAME': '/home/ccc_v1_w_NDU1M_86698/asn17210_Project_2_/asn17211_Project_2/work/.ros/log/7562baea-ad46-11e7-be9a-06f360e4abc1/roslaunch-ip-172-31-19-100-22511.log', 'LANG': 'en_US.UTF-8', 'TERM': 'xterm-256color', 'SHELL': '/bin/bash', 'HISTFILE': '/home/ccc_v1_w_NDU1M_86698/.bash_history', 'SHLVL': '2', 'VOC_WORKAREA': '/home/ccc_v1_w_NDU1M_86698/asn17210_Project_2_/asn17211_Project_2/work', 'LD_LIBRARY_PATH': '/opt/ros/indigo/lib:/opt/ros/indigo/lib/x86_64-linux-gnu:/home/ccc_v1_s80115__49396/lib:/home/ccc_v1_s80115__49396/asn17210_Project_2_/asn17211_Project_2/asnlib.0:/home/vlibs', 'PART1': '/home/ccc_v1_s80115__49396/asn17210_Project_2_/asn17211_Project_2', 'ROS_MASTER_URI': 'http://ip-172-31-19-100:49983/', 'XDG_RUNTIME_DIR': '/run/user/86698', 'PYTHONPATH': '/opt/ros/indigo/lib/python2.7/dist-packages:/home/vlibs/python', 'VOC_PROXY_WRAPPER_PORT': '5100', 'VOC_XFER_TOKEN': '1289485397298812988117211059dc00dfd851d3.90983025', 'ROS_ROOT': '/opt/ros/indigo/share/ros', 'OLD_HOME': '/home/ccc_v1_w_NDU1M_86698', 'PKG_CONFIG_PATH': '/opt/ros/indigo/lib/pkgconfig:/opt/ros/indigo/lib/x86_64-linux-gnu/pkgconfig', 'ROS_PACKAGE_PATH': '/opt/ros/indigo/share:/opt/ros/indigo/stacks', 'XDG_SESSION_ID': '128098', '_': '/usr/bin/stdbuf', 'LD_PRELOAD': '/usr/lib/coreutils/libstdbuf.so', '_STDBUF_O': 'L', 'SSH_TTY': '/dev/pts/3', 'OLDPWD': '/home/ccc_v1_w_NDU1M_86698', 'ROSLISP_PACKAGE_DIRECTORIES': '', 'VLIB': '/home/vlibs', 'PWD': '/home/ccc_v1_w_NDU1M_86698/asn17210_Project_2_/asn17211_Project_2/work', 'VOC_PROXY_ID': '29881_29881_17211_0_1', 'ROS_ETC_DIR': '/opt/ros/indigo/etc/ros', 'MAIL': '/var/mail/ccc_v1_w_NDU1M_86698', 'SSH_CONNECTION': '172.31.43.31 54180 172.31.19.100 22'}]
[roslaunch][INFO] 2017-10-09 16:06:19,429: process[rosout-1]: args[[u'/opt/ros/indigo/lib/rosout/rosout', u'__name:=rosout']]
[roslaunch][INFO] 2017-10-09 16:06:19,433: ... created process [rosout-1]
[roslaunch.pmon][INFO] 2017-10-09 16:06:19,437: ProcessMonitor.register[rosout-1]
[roslaunch.pmon][INFO] 2017-10-09 16:06:19,440: ProcessMonitor.register[rosout-1] complete
[roslaunch][INFO] 2017-10-09 16:06:19,444: ... registered process [rosout-1]
[roslaunch][INFO] 2017-10-09 16:06:19,447: process[rosout-1]: starting os process
[roslaunch][INFO] 2017-10-09 16:06:19,453: process[rosout-1]: start w/ args [[u'/opt/ros/indigo/lib/rosout/rosout', u'__name:=rosout', u'__log:=/home/ccc_v1_w_NDU1M_86698/asn17210_Project_2_/asn17211_Project_2/work/.ros/log/7562baea-ad46-11e7-be9a-06f360e4abc1/rosout-1.log']]
[roslaunch][INFO] 2017-10-09 16:06:19,457: process[rosout-1]: cwd will be [/home/ccc_v1_w_NDU1M_86698/asn17210_Project_2_/asn17211_Project_2/work/.ros]
[roslaunch][INFO] 2017-10-09 16:06:19,468: process[rosout-1]: started with pid [22551]
[roslaunch][INFO] 2017-10-09 16:06:19,469: ... successfully launched [rosout-1]
[roslaunch][INFO] 2017-10-09 16:06:19,472: load_parameters starting ...
[roslaunch][INFO] 2017-10-09 16:06:19,500: ... load_parameters complete
[roslaunch][INFO] 2017-10-09 16:06:19,503: launch_nodes: launching local nodes ...
[roslaunch][INFO] 2017-10-09 16:06:19,506: ... launch_nodes complete
[roslaunch.pmon][INFO] 2017-10-09 16:06:19,517: registrations completed <ProcessMonitor(ProcessMonitor-1, started daemon 140281103881984)>
[roslaunch.parent][INFO] 2017-10-09 16:06:19,520: ... roslaunch parent running, waiting for process exit
[roslaunch][INFO] 2017-10-09 16:06:19,524: spin
