[rospy.client][INFO] 2017-10-09 15:11:48,877: init_node, name[/rosbridge_websocket], pid[8033]
[xmlrpc][INFO] 2017-10-09 15:11:48,877: XML-RPC server binding to 0.0.0.0:0
[xmlrpc][INFO] 2017-10-09 15:11:48,881: Started XML-RPC server [http://ip-172-31-19-100:35210/]
[rospy.init][INFO] 2017-10-09 15:11:48,881: ROS Slave URI: [http://ip-172-31-19-100:35210/]
[rospy.impl.masterslave][INFO] 2017-10-09 15:11:48,885: _ready: http://ip-172-31-19-100:35210/
[xmlrpc][INFO] 2017-10-09 15:11:48,892: xml rpc node: starting XML-RPC server
[rospy.registration][INFO] 2017-10-09 15:11:48,892: Registering with master node http://localhost:56326
[rospy.init][INFO] 2017-10-09 15:11:48,988: registered with master
[rospy.rosout][INFO] 2017-10-09 15:11:48,993: initializing /rosout core topic
[rospy.rosout][INFO] 2017-10-09 15:11:49,006: connected to core topic /rosout
[rospy.simtime][INFO] 2017-10-09 15:11:49,010: /use_sim_time is not set, will not subscribe to simulated time [/clock] topic
[rosout][INFO] 2017-10-09 15:11:49,041: Rosbridge WebSocket server started on port 59158
[rospy.internal][INFO] 2017-10-09 15:11:49,123: topic[/rosout] adding connection to [/rosout], count 0
[rosout][INFO] 2017-10-09 15:11:56,058: Client connected.  1 clients total.
[rosout][INFO] 2017-10-09 15:11:56,391: [Client 0] Subscribed to /tf2_web_republisher/feedback
[rosout][INFO] 2017-10-09 15:11:56,402: [Client 0] Subscribed to /visualization_marker
[rospy.internal][INFO] 2017-10-09 15:11:56,404: topic[/visualization_marker] adding connection to [http://ip-172-31-19-100:56309/], count 0
[rospy.internal][INFO] 2017-10-09 15:11:56,404: topic[/tf2_web_republisher/feedback] adding connection to [http://ip-172-31-19-100:49543/], count 0
[rospy.internal][INFO] 2017-10-09 15:11:56,544: topic[/tf2_web_republisher/cancel] adding connection to [/tf2_web_republisher], count 0
[rospy.internal][INFO] 2017-10-09 15:11:56,548: topic[/tf2_web_republisher/goal] adding connection to [/tf2_web_republisher], count 0
[rospy.internal][INFO] 2017-10-09 15:17:03,284: topic impl's ref count is zero, deleting topic /tf2_web_republisher/cancel...
[rospy.internal][INFO] 2017-10-09 15:17:03,285: topic[/tf2_web_republisher/cancel] removing connection to /tf2_web_republisher
[rospy.internal][INFO] 2017-10-09 15:17:03,294: topic impl's ref count is zero, deleting topic /tf2_web_republisher/goal...
[rospy.internal][INFO] 2017-10-09 15:17:03,298: topic[/tf2_web_republisher/goal] removing connection to /tf2_web_republisher
[rospy.internal][INFO] 2017-10-09 15:17:03,307: topic impl's ref count is zero, deleting topic /tf2_web_republisher/feedback...
[rospy.internal][INFO] 2017-10-09 15:17:03,311: topic[/tf2_web_republisher/feedback] removing connection to http://ip-172-31-19-100:49543/
[rospy.internal][INFO] 2017-10-09 15:17:03,319: topic impl's ref count is zero, deleting topic /visualization_marker...
[rospy.internal][INFO] 2017-10-09 15:17:03,323: topic[/visualization_marker] removing connection to http://ip-172-31-19-100:56309/
[rosout][INFO] 2017-10-09 15:17:03,331: Client disconnected. 0 clients total.
