[roslaunch][INFO] 2017-10-09 15:11:45,811: Checking log directory for disk usage. This may take awhile.
Press Ctrl-C to interrupt
[roslaunch][INFO] 2017-10-09 15:11:45,943: Done checking log file disk usage. Usage is <1GB.
[roslaunch][INFO] 2017-10-09 15:11:45,943: roslaunch starting with args ['roscore', '--core', '-p', '56326']
[roslaunch][INFO] 2017-10-09 15:11:45,947: roslaunch env is {'ROS_DISTRO': 'indigo', 'ASNLIB': '/home/ccc_v1_s80115__49396/asn17210_Project_2_/asn17211_Project_2/asnlib.0', 'LIB': '/home/ccc_v1_s80115__49396/lib', 'PKG_CONFIG_PATH': '/opt/ros/indigo/lib/pkgconfig:/opt/ros/indigo/lib/x86_64-linux-gnu/pkgconfig', 'SSH_CLIENT': '172.31.43.31 39784 22', 'CPATH': '/opt/ros/indigo/include', 'LOGNAME': 'ccc_v1_w_NDU1M_86698', 'USER': 'ccc_v1_w_NDU1M_86698', 'ROS_NODE_PORT': '56326', 'HOME': '/home/ccc_v1_w_NDU1M_86698/asn17210_Project_2_/asn17211_Project_2/work', 'PATH': '/opt/ros/indigo/bin:/usr/local/sbin:/usr/local/bin:/usr/sbin:/usr/bin:/sbin:/bin:/usr/games:/usr/local/games:/home/local/bin:/home/ccc_v1_s80115__49396/lib:/home/ccc_v1_s80115__49396/asn17210_Project_2_/asn17211_Project_2/asnlib.0:/home/vlibs:.', 'CMAKE_PREFIX_PATH': '/opt/ros/indigo', 'LD_LIBRARY_PATH': '/opt/ros/indigo/lib:/opt/ros/indigo/lib/x86_64-linux-gnu:/home/ccc_v1_s80115__49396/lib:/home/ccc_v1_s80115__49396/asn17210_Project_2_/asn17211_Project_2/asnlib.0:/home/vlibs', 'LANG': 'en_US.UTF-8', 'TERM': 'xterm-256color', 'SHELL': '/bin/bash', 'HISTFILE': '/home/ccc_v1_w_NDU1M_86698/.bash_history', 'SHLVL': '2', 'VOC_WORKAREA': '/home/ccc_v1_w_NDU1M_86698/asn17210_Project_2_/asn17211_Project_2/work', 'ROS_LOG_FILENAME': '/home/ccc_v1_w_NDU1M_86698/asn17210_Project_2_/asn17211_Project_2/work/.ros/log/d693bfc4-ad3e-11e7-8a01-06f360e4abc1/roslaunch-ip-172-31-19-100-7863.log', 'PART1': '/home/ccc_v1_s80115__49396/asn17210_Project_2_/asn17211_Project_2', 'ROS_ETC_DIR': '/opt/ros/indigo/etc/ros', 'XDG_RUNTIME_DIR': '/run/user/86698', 'PYTHONPATH': '/opt/ros/indigo/lib/python2.7/dist-packages:/home/vlibs/python', 'VOC_PROXY_WRAPPER_PORT': '5100', 'VOC_XFER_TOKEN': '424726496298812988117211059dbf418b0f755.09729203', 'ROS_ROOT': '/opt/ros/indigo/share/ros', 'OLD_HOME': '/home/ccc_v1_w_NDU1M_86698', 'VOC_PROXY_TOKEN': '5654030832988129881172110159dbf418be6c58.39478085', 'ROS_PACKAGE_PATH': '/opt/ros/indigo/share:/opt/ros/indigo/stacks', 'XDG_SESSION_ID': '127707', '_': '/usr/bin/stdbuf', 'LD_PRELOAD': '/usr/lib/coreutils/libstdbuf.so', '_STDBUF_O': 'L', 'SSH_TTY': '/dev/pts/0', 'OLDPWD': '/home/ccc_v1_w_NDU1M_86698', 'ROSLISP_PACKAGE_DIRECTORIES': '', 'VLIB': '/home/vlibs', 'PWD': '/home/ccc_v1_w_NDU1M_86698/asn17210_Project_2_/asn17211_Project_2/work', 'VOC_PROXY_ID': '29881_29881_17211_0_1', 'ROS_MASTER_URI': 'http://localhost:56326', 'MAIL': '/var/mail/ccc_v1_w_NDU1M_86698', 'SSH_CONNECTION': '172.31.43.31 39784 172.31.19.100 22'}
[roslaunch][INFO] 2017-10-09 15:11:45,950: starting in server mode
[roslaunch.parent][INFO] 2017-10-09 15:11:45,964: starting roslaunch parent run
[roslaunch][INFO] 2017-10-09 15:11:45,975: loading roscore config file /opt/ros/indigo/etc/ros/roscore.xml
[roslaunch][INFO] 2017-10-09 15:11:46,187: Added core node of type [rosout/rosout] in namespace [/]
[roslaunch.pmon][INFO] 2017-10-09 15:11:46,188: start_process_monitor: creating ProcessMonitor
[roslaunch.pmon][INFO] 2017-10-09 15:11:46,196: created process monitor <ProcessMonitor(ProcessMonitor-1, initial daemon)>
[roslaunch.pmon][INFO] 2017-10-09 15:11:46,200: start_process_monitor: ProcessMonitor started
[roslaunch.parent][INFO] 2017-10-09 15:11:46,203: starting parent XML-RPC server
[roslaunch.server][INFO] 2017-10-09 15:11:46,207: starting roslaunch XML-RPC server
[roslaunch.server][INFO] 2017-10-09 15:11:46,210: waiting for roslaunch XML-RPC server to initialize
[xmlrpc][INFO] 2017-10-09 15:11:46,210: XML-RPC server binding to 0.0.0.0:0
[xmlrpc][INFO] 2017-10-09 15:11:46,218: Started XML-RPC server [http://ip-172-31-19-100:54169/]
[xmlrpc][INFO] 2017-10-09 15:11:46,228: xml rpc node: starting XML-RPC server
[roslaunch][INFO] 2017-10-09 15:11:46,234: started roslaunch server http://ip-172-31-19-100:54169/
[roslaunch.parent][INFO] 2017-10-09 15:11:46,237: ... parent XML-RPC server started
[roslaunch][INFO] 2017-10-09 15:11:46,241: master.is_running[http://ip-172-31-19-100:56326/]
[roslaunch][INFO] 2017-10-09 15:11:46,245: auto-starting new master
[roslaunch][INFO] 2017-10-09 15:11:46,250: create_master_process: rosmaster, /opt/ros/indigo/share/ros, 56326, 3, None
[roslaunch][INFO] 2017-10-09 15:11:46,253: process[master]: launching with args [['rosmaster', '--core', '-p', '56326', '-w', '3']]
[roslaunch.pmon][INFO] 2017-10-09 15:11:46,256: ProcessMonitor.register[master]
[roslaunch.pmon][INFO] 2017-10-09 15:11:46,260: ProcessMonitor.register[master] complete
[roslaunch][INFO] 2017-10-09 15:11:46,263: process[master]: starting os process
[roslaunch][INFO] 2017-10-09 15:11:46,267: process[master]: start w/ args [['rosmaster', '--core', '-p', '56326', '-w', '3', '__log:=/home/ccc_v1_w_NDU1M_86698/asn17210_Project_2_/asn17211_Project_2/work/.ros/log/d693bfc4-ad3e-11e7-8a01-06f360e4abc1/master.log']]
[roslaunch][INFO] 2017-10-09 15:11:46,271: process[master]: cwd will be [/home/ccc_v1_w_NDU1M_86698/asn17210_Project_2_/asn17211_Project_2/work/.ros]
[roslaunch][INFO] 2017-10-09 15:11:46,279: process[master]: started with pid [7880]
[roslaunch][INFO] 2017-10-09 15:11:46,280: master.is_running[http://ip-172-31-19-100:56326/]
[roslaunch][INFO] 2017-10-09 15:11:46,384: master.is_running[http://ip-172-31-19-100:56326/]
[roslaunch][INFO] 2017-10-09 15:11:46,488: master.is_running[http://ip-172-31-19-100:56326/]
[roslaunch][INFO] 2017-10-09 15:11:46,494: master.is_running[http://ip-172-31-19-100:56326/]
[roslaunch][INFO] 2017-10-09 15:11:46,499: ROS_MASTER_URI=http://ip-172-31-19-100:56326/
[roslaunch][INFO] 2017-10-09 15:11:46,504: setting /run_id to d693bfc4-ad3e-11e7-8a01-06f360e4abc1
[roslaunch][INFO] 2017-10-09 15:11:46,520: setting /roslaunch/uris/host_ip_172_31_19_100__54169' to http://ip-172-31-19-100:54169/
[roslaunch][INFO] 2017-10-09 15:11:46,529: ... preparing to launch node of type [rosout/rosout]
[roslaunch][INFO] 2017-10-09 15:11:46,532: create_node_process: package[rosout] type[rosout] machine[Machine(name[] env_loader[None] address[localhost] ssh_port[22] user[None] assignable[True] timeout[10.0])] master_uri[http://ip-172-31-19-100:56326/]
[roslaunch][INFO] 2017-10-09 15:11:46,536: process[rosout-1]: env[{'ROS_DISTRO': 'indigo', 'ASNLIB': '/home/ccc_v1_s80115__49396/asn17210_Project_2_/asn17211_Project_2/asnlib.0', 'LIB': '/home/ccc_v1_s80115__49396/lib', 'VOC_PROXY_TOKEN': '5654030832988129881172110159dbf418be6c58.39478085', 'SSH_CLIENT': '172.31.43.31 39784 22', 'CPATH': '/opt/ros/indigo/include', 'LOGNAME': 'ccc_v1_w_NDU1M_86698', 'USER': 'ccc_v1_w_NDU1M_86698', 'ROS_NODE_PORT': '56326', 'HOME': '/home/ccc_v1_w_NDU1M_86698/asn17210_Project_2_/asn17211_Project_2/work', 'PATH': '/opt/ros/indigo/bin:/usr/local/sbin:/usr/local/bin:/usr/sbin:/usr/bin:/sbin:/bin:/usr/games:/usr/local/games:/home/local/bin:/home/ccc_v1_s80115__49396/lib:/home/ccc_v1_s80115__49396/asn17210_Project_2_/asn17211_Project_2/asnlib.0:/home/vlibs:.', 'CMAKE_PREFIX_PATH': '/opt/ros/indigo', 'ROS_LOG_FILENAME': '/home/ccc_v1_w_NDU1M_86698/asn17210_Project_2_/asn17211_Project_2/work/.ros/log/d693bfc4-ad3e-11e7-8a01-06f360e4abc1/roslaunch-ip-172-31-19-100-7863.log', 'LANG': 'en_US.UTF-8', 'TERM': 'xterm-256color', 'SHELL': '/bin/bash', 'HISTFILE': '/home/ccc_v1_w_NDU1M_86698/.bash_history', 'SHLVL': '2', 'VOC_WORKAREA': '/home/ccc_v1_w_NDU1M_86698/asn17210_Project_2_/asn17211_Project_2/work', 'LD_LIBRARY_PATH': '/opt/ros/indigo/lib:/opt/ros/indigo/lib/x86_64-linux-gnu:/home/ccc_v1_s80115__49396/lib:/home/ccc_v1_s80115__49396/asn17210_Project_2_/asn17211_Project_2/asnlib.0:/home/vlibs', 'PART1': '/home/ccc_v1_s80115__49396/asn17210_Project_2_/asn17211_Project_2', 'ROS_MASTER_URI': 'http://ip-172-31-19-100:56326/', 'XDG_RUNTIME_DIR': '/run/user/86698', 'PYTHONPATH': '/opt/ros/indigo/lib/python2.7/dist-packages:/home/vlibs/python', 'VOC_PROXY_WRAPPER_PORT': '5100', 'VOC_XFER_TOKEN': '424726496298812988117211059dbf418b0f755.09729203', 'ROS_ROOT': '/opt/ros/indigo/share/ros', 'OLD_HOME': '/home/ccc_v1_w_NDU1M_86698', 'PKG_CONFIG_PATH': '/opt/ros/indigo/lib/pkgconfig:/opt/ros/indigo/lib/x86_64-linux-gnu/pkgconfig', 'ROS_PACKAGE_PATH': '/opt/ros/indigo/share:/opt/ros/indigo/stacks', 'XDG_SESSION_ID': '127707', '_': '/usr/bin/stdbuf', 'LD_PRELOAD': '/usr/lib/coreutils/libstdbuf.so', '_STDBUF_O': 'L', 'SSH_TTY': '/dev/pts/0', 'OLDPWD': '/home/ccc_v1_w_NDU1M_86698', 'ROSLISP_PACKAGE_DIRECTORIES': '', 'VLIB': '/home/vlibs', 'PWD': '/home/ccc_v1_w_NDU1M_86698/asn17210_Project_2_/asn17211_Project_2/work', 'VOC_PROXY_ID': '29881_29881_17211_0_1', 'ROS_ETC_DIR': '/opt/ros/indigo/etc/ros', 'MAIL': '/var/mail/ccc_v1_w_NDU1M_86698', 'SSH_CONNECTION': '172.31.43.31 39784 172.31.19.100 22'}]
[roslaunch][INFO] 2017-10-09 15:11:46,566: process[rosout-1]: args[[u'/opt/ros/indigo/lib/rosout/rosout', u'__name:=rosout']]
[roslaunch][INFO] 2017-10-09 15:11:46,570: ... created process [rosout-1]
[roslaunch.pmon][INFO] 2017-10-09 15:11:46,573: ProcessMonitor.register[rosout-1]
[roslaunch.pmon][INFO] 2017-10-09 15:11:46,577: ProcessMonitor.register[rosout-1] complete
[roslaunch][INFO] 2017-10-09 15:11:46,580: ... registered process [rosout-1]
[roslaunch][INFO] 2017-10-09 15:11:46,584: process[rosout-1]: starting os process
[roslaunch][INFO] 2017-10-09 15:11:46,589: process[rosout-1]: start w/ args [[u'/opt/ros/indigo/lib/rosout/rosout', u'__name:=rosout', u'__log:=/home/ccc_v1_w_NDU1M_86698/asn17210_Project_2_/asn17211_Project_2/work/.ros/log/d693bfc4-ad3e-11e7-8a01-06f360e4abc1/rosout-1.log']]
[roslaunch][INFO] 2017-10-09 15:11:46,592: process[rosout-1]: cwd will be [/home/ccc_v1_w_NDU1M_86698/asn17210_Project_2_/asn17211_Project_2/work/.ros]
[roslaunch][INFO] 2017-10-09 15:11:46,600: process[rosout-1]: started with pid [7893]
[roslaunch][INFO] 2017-10-09 15:11:46,601: ... successfully launched [rosout-1]
[roslaunch][INFO] 2017-10-09 15:11:46,605: load_parameters starting ...
[roslaunch][INFO] 2017-10-09 15:11:46,626: ... load_parameters complete
[roslaunch][INFO] 2017-10-09 15:11:46,629: launch_nodes: launching local nodes ...
[roslaunch][INFO] 2017-10-09 15:11:46,633: ... launch_nodes complete
[roslaunch.pmon][INFO] 2017-10-09 15:11:46,637: registrations completed <ProcessMonitor(ProcessMonitor-1, started daemon 140468855678720)>
[roslaunch.parent][INFO] 2017-10-09 15:11:46,641: ... roslaunch parent running, waiting for process exit
[roslaunch][INFO] 2017-10-09 15:11:46,644: spin
