[rospy.client][INFO] 2017-10-09 15:30:54,863: init_node, name[/rosbridge_websocket], pid[25576]
[xmlrpc][INFO] 2017-10-09 15:30:54,864: XML-RPC server binding to 0.0.0.0:0
[xmlrpc][INFO] 2017-10-09 15:30:54,868: Started XML-RPC server [http://ip-172-31-19-100:46663/]
[rospy.init][INFO] 2017-10-09 15:30:54,868: ROS Slave URI: [http://ip-172-31-19-100:46663/]
[rospy.impl.masterslave][INFO] 2017-10-09 15:30:54,872: _ready: http://ip-172-31-19-100:46663/
[xmlrpc][INFO] 2017-10-09 15:30:54,880: xml rpc node: starting XML-RPC server
[rospy.registration][INFO] 2017-10-09 15:30:54,880: Registering with master node http://localhost:60753
[rospy.init][INFO] 2017-10-09 15:30:54,976: registered with master
[rospy.rosout][INFO] 2017-10-09 15:30:54,979: initializing /rosout core topic
[rospy.rosout][INFO] 2017-10-09 15:30:54,990: connected to core topic /rosout
[rospy.simtime][INFO] 2017-10-09 15:30:54,995: /use_sim_time is not set, will not subscribe to simulated time [/clock] topic
[rosout][INFO] 2017-10-09 15:30:55,043: Rosbridge WebSocket server started on port 39134
[rospy.internal][INFO] 2017-10-09 15:30:55,260: topic[/rosout] adding connection to [/rosout], count 0
[rosout][INFO] 2017-10-09 15:31:03,491: Client connected.  1 clients total.
[rosout][INFO] 2017-10-09 15:31:03,816: [Client 0] Subscribed to /tf2_web_republisher/feedback
[rosout][INFO] 2017-10-09 15:31:03,828: [Client 0] Subscribed to /visualization_marker
[rospy.internal][INFO] 2017-10-09 15:31:03,847: topic[/tf2_web_republisher/feedback] adding connection to [http://ip-172-31-19-100:50612/], count 0
[rospy.internal][INFO] 2017-10-09 15:31:03,847: topic[/visualization_marker] adding connection to [http://ip-172-31-19-100:50780/], count 0
[rospy.internal][INFO] 2017-10-09 15:31:03,974: topic[/tf2_web_republisher/cancel] adding connection to [/tf2_web_republisher], count 0
[rospy.internal][INFO] 2017-10-09 15:31:03,997: topic[/tf2_web_republisher/goal] adding connection to [/tf2_web_republisher], count 0
[rospy.internal][INFO] 2017-10-09 15:48:45,967: topic impl's ref count is zero, deleting topic /tf2_web_republisher/cancel...
[rospy.internal][INFO] 2017-10-09 15:48:45,968: topic[/tf2_web_republisher/cancel] removing connection to /tf2_web_republisher
[rospy.internal][INFO] 2017-10-09 15:48:45,977: topic impl's ref count is zero, deleting topic /tf2_web_republisher/goal...
[rospy.internal][INFO] 2017-10-09 15:48:45,980: topic[/tf2_web_republisher/goal] removing connection to /tf2_web_republisher
[rospy.internal][INFO] 2017-10-09 15:48:45,988: topic impl's ref count is zero, deleting topic /tf2_web_republisher/feedback...
[rospy.internal][INFO] 2017-10-09 15:48:45,992: topic[/tf2_web_republisher/feedback] removing connection to http://ip-172-31-19-100:50612/
[rospy.internal][INFO] 2017-10-09 15:48:46,007: topic impl's ref count is zero, deleting topic /visualization_marker...
[rospy.internal][INFO] 2017-10-09 15:48:46,010: topic[/visualization_marker] removing connection to http://ip-172-31-19-100:50780/
[rosout][INFO] 2017-10-09 15:48:46,018: Client disconnected. 0 clients total.
