[roslaunch][INFO] 2017-10-09 15:30:51,775: Checking log directory for disk usage. This may take awhile.
Press Ctrl-C to interrupt
[roslaunch][INFO] 2017-10-09 15:30:51,940: Done checking log file disk usage. Usage is <1GB.
[roslaunch][INFO] 2017-10-09 15:30:51,940: roslaunch starting with args ['roscore', '--core', '-p', '60753']
[roslaunch][INFO] 2017-10-09 15:30:51,943: roslaunch env is {'ROS_DISTRO': 'indigo', 'ASNLIB': '/home/ccc_v1_s80115__49396/asn17210_Project_2_/asn17211_Project_2/asnlib.0', 'LIB': '/home/ccc_v1_s80115__49396/lib', 'PKG_CONFIG_PATH': '/opt/ros/indigo/lib/pkgconfig:/opt/ros/indigo/lib/x86_64-linux-gnu/pkgconfig', 'SSH_CLIENT': '172.31.43.31 53198 22', 'CPATH': '/opt/ros/indigo/include', 'LOGNAME': 'ccc_v1_w_NDU1M_86698', 'USER': 'ccc_v1_w_NDU1M_86698', 'ROS_NODE_PORT': '60753', 'HOME': '/home/ccc_v1_w_NDU1M_86698/asn17210_Project_2_/asn17211_Project_2/work', 'PATH': '/opt/ros/indigo/bin:/usr/local/sbin:/usr/local/bin:/usr/sbin:/usr/bin:/sbin:/bin:/usr/games:/usr/local/games:/home/local/bin:/home/ccc_v1_s80115__49396/lib:/home/ccc_v1_s80115__49396/asn17210_Project_2_/asn17211_Project_2/asnlib.0:/home/vlibs:.', 'CMAKE_PREFIX_PATH': '/opt/ros/indigo', 'LD_LIBRARY_PATH': '/opt/ros/indigo/lib:/opt/ros/indigo/lib/x86_64-linux-gnu:/home/ccc_v1_s80115__49396/lib:/home/ccc_v1_s80115__49396/asn17210_Project_2_/asn17211_Project_2/asnlib.0:/home/vlibs', 'LANG': 'en_US.UTF-8', 'TERM': 'xterm-256color', 'SHELL': '/bin/bash', 'HISTFILE': '/home/ccc_v1_w_NDU1M_86698/.bash_history', 'SHLVL': '2', 'VOC_WORKAREA': '/home/ccc_v1_w_NDU1M_86698/asn17210_Project_2_/asn17211_Project_2/work', 'ROS_LOG_FILENAME': '/home/ccc_v1_w_NDU1M_86698/asn17210_Project_2_/asn17211_Project_2/work/.ros/log/819f3a40-ad41-11e7-99a7-06f360e4abc1/roslaunch-ip-172-31-19-100-25289.log', 'PART1': '/home/ccc_v1_s80115__49396/asn17210_Project_2_/asn17211_Project_2', 'ROS_ETC_DIR': '/opt/ros/indigo/etc/ros', 'XDG_RUNTIME_DIR': '/run/user/86698', 'PYTHONPATH': '/opt/ros/indigo/lib/python2.7/dist-packages:/home/vlibs/python', 'VOC_PROXY_WRAPPER_PORT': '5100', 'VOC_XFER_TOKEN': '91197238298812988117211059dbf894810288.95346322', 'ROS_ROOT': '/opt/ros/indigo/share/ros', 'OLD_HOME': '/home/ccc_v1_w_NDU1M_86698', 'VOC_PROXY_TOKEN': '2543372352988129881172110159dbf89486f1b9.37547179', 'ROS_PACKAGE_PATH': '/opt/ros/indigo/share:/opt/ros/indigo/stacks', 'XDG_SESSION_ID': '127854', '_': '/usr/bin/stdbuf', 'LD_PRELOAD': '/usr/lib/coreutils/libstdbuf.so', '_STDBUF_O': 'L', 'SSH_TTY': '/dev/pts/5', 'OLDPWD': '/home/ccc_v1_w_NDU1M_86698', 'ROSLISP_PACKAGE_DIRECTORIES': '', 'VLIB': '/home/vlibs', 'PWD': '/home/ccc_v1_w_NDU1M_86698/asn17210_Project_2_/asn17211_Project_2/work', 'VOC_PROXY_ID': '29881_29881_17211_0_1', 'ROS_MASTER_URI': 'http://localhost:60753', 'MAIL': '/var/mail/ccc_v1_w_NDU1M_86698', 'SSH_CONNECTION': '172.31.43.31 53198 172.31.19.100 22'}
[roslaunch][INFO] 2017-10-09 15:30:51,947: starting in server mode
[roslaunch.parent][INFO] 2017-10-09 15:30:51,953: starting roslaunch parent run
[roslaunch][INFO] 2017-10-09 15:30:51,957: loading roscore config file /opt/ros/indigo/etc/ros/roscore.xml
[roslaunch][INFO] 2017-10-09 15:30:52,068: Added core node of type [rosout/rosout] in namespace [/]
[roslaunch.pmon][INFO] 2017-10-09 15:30:52,069: start_process_monitor: creating ProcessMonitor
[roslaunch.pmon][INFO] 2017-10-09 15:30:52,077: created process monitor <ProcessMonitor(ProcessMonitor-1, initial daemon)>
[roslaunch.pmon][INFO] 2017-10-09 15:30:52,081: start_process_monitor: ProcessMonitor started
[roslaunch.parent][INFO] 2017-10-09 15:30:52,084: starting parent XML-RPC server
[roslaunch.server][INFO] 2017-10-09 15:30:52,088: starting roslaunch XML-RPC server
[roslaunch.server][INFO] 2017-10-09 15:30:52,091: waiting for roslaunch XML-RPC server to initialize
[xmlrpc][INFO] 2017-10-09 15:30:52,092: XML-RPC server binding to 0.0.0.0:0
[xmlrpc][INFO] 2017-10-09 15:30:52,106: Started XML-RPC server [http://ip-172-31-19-100:60746/]
[xmlrpc][INFO] 2017-10-09 15:30:52,110: xml rpc node: starting XML-RPC server
[roslaunch][INFO] 2017-10-09 15:30:52,121: started roslaunch server http://ip-172-31-19-100:60746/
[roslaunch.parent][INFO] 2017-10-09 15:30:52,125: ... parent XML-RPC server started
[roslaunch][INFO] 2017-10-09 15:30:52,135: master.is_running[http://ip-172-31-19-100:60753/]
[roslaunch][INFO] 2017-10-09 15:30:52,141: auto-starting new master
[roslaunch][INFO] 2017-10-09 15:30:52,144: create_master_process: rosmaster, /opt/ros/indigo/share/ros, 60753, 3, None
[roslaunch][INFO] 2017-10-09 15:30:52,148: process[master]: launching with args [['rosmaster', '--core', '-p', '60753', '-w', '3']]
[roslaunch.pmon][INFO] 2017-10-09 15:30:52,151: ProcessMonitor.register[master]
[roslaunch.pmon][INFO] 2017-10-09 15:30:52,154: ProcessMonitor.register[master] complete
[roslaunch][INFO] 2017-10-09 15:30:52,158: process[master]: starting os process
[roslaunch][INFO] 2017-10-09 15:30:52,162: process[master]: start w/ args [['rosmaster', '--core', '-p', '60753', '-w', '3', '__log:=/home/ccc_v1_w_NDU1M_86698/asn17210_Project_2_/asn17211_Project_2/work/.ros/log/819f3a40-ad41-11e7-99a7-06f360e4abc1/master.log']]
[roslaunch][INFO] 2017-10-09 15:30:52,172: process[master]: cwd will be [/home/ccc_v1_w_NDU1M_86698/asn17210_Project_2_/asn17211_Project_2/work/.ros]
[roslaunch][INFO] 2017-10-09 15:30:52,181: process[master]: started with pid [25329]
[roslaunch][INFO] 2017-10-09 15:30:52,181: master.is_running[http://ip-172-31-19-100:60753/]
[roslaunch][INFO] 2017-10-09 15:30:52,288: master.is_running[http://ip-172-31-19-100:60753/]
[roslaunch][INFO] 2017-10-09 15:30:52,393: master.is_running[http://ip-172-31-19-100:60753/]
[roslaunch][INFO] 2017-10-09 15:30:52,399: master.is_running[http://ip-172-31-19-100:60753/]
[roslaunch][INFO] 2017-10-09 15:30:52,404: ROS_MASTER_URI=http://ip-172-31-19-100:60753/
[roslaunch][INFO] 2017-10-09 15:30:52,409: setting /run_id to 819f3a40-ad41-11e7-99a7-06f360e4abc1
[roslaunch][INFO] 2017-10-09 15:30:52,421: setting /roslaunch/uris/host_ip_172_31_19_100__60746' to http://ip-172-31-19-100:60746/
[roslaunch][INFO] 2017-10-09 15:30:52,431: ... preparing to launch node of type [rosout/rosout]
[roslaunch][INFO] 2017-10-09 15:30:52,435: create_node_process: package[rosout] type[rosout] machine[Machine(name[] env_loader[None] address[localhost] ssh_port[22] user[None] assignable[True] timeout[10.0])] master_uri[http://ip-172-31-19-100:60753/]
[roslaunch][INFO] 2017-10-09 15:30:52,438: process[rosout-1]: env[{'ROS_DISTRO': 'indigo', 'ASNLIB': '/home/ccc_v1_s80115__49396/asn17210_Project_2_/asn17211_Project_2/asnlib.0', 'LIB': '/home/ccc_v1_s80115__49396/lib', 'VOC_PROXY_TOKEN': '2543372352988129881172110159dbf89486f1b9.37547179', 'SSH_CLIENT': '172.31.43.31 53198 22', 'CPATH': '/opt/ros/indigo/include', 'LOGNAME': 'ccc_v1_w_NDU1M_86698', 'USER': 'ccc_v1_w_NDU1M_86698', 'ROS_NODE_PORT': '60753', 'HOME': '/home/ccc_v1_w_NDU1M_86698/asn17210_Project_2_/asn17211_Project_2/work', 'PATH': '/opt/ros/indigo/bin:/usr/local/sbin:/usr/local/bin:/usr/sbin:/usr/bin:/sbin:/bin:/usr/games:/usr/local/games:/home/local/bin:/home/ccc_v1_s80115__49396/lib:/home/ccc_v1_s80115__49396/asn17210_Project_2_/asn17211_Project_2/asnlib.0:/home/vlibs:.', 'CMAKE_PREFIX_PATH': '/opt/ros/indigo', 'ROS_LOG_FILENAME': '/home/ccc_v1_w_NDU1M_86698/asn17210_Project_2_/asn17211_Project_2/work/.ros/log/819f3a40-ad41-11e7-99a7-06f360e4abc1/roslaunch-ip-172-31-19-100-25289.log', 'LANG': 'en_US.UTF-8', 'TERM': 'xterm-256color', 'SHELL': '/bin/bash', 'HISTFILE': '/home/ccc_v1_w_NDU1M_86698/.bash_history', 'SHLVL': '2', 'VOC_WORKAREA': '/home/ccc_v1_w_NDU1M_86698/asn17210_Project_2_/asn17211_Project_2/work', 'LD_LIBRARY_PATH': '/opt/ros/indigo/lib:/opt/ros/indigo/lib/x86_64-linux-gnu:/home/ccc_v1_s80115__49396/lib:/home/ccc_v1_s80115__49396/asn17210_Project_2_/asn17211_Project_2/asnlib.0:/home/vlibs', 'PART1': '/home/ccc_v1_s80115__49396/asn17210_Project_2_/asn17211_Project_2', 'ROS_MASTER_URI': 'http://ip-172-31-19-100:60753/', 'XDG_RUNTIME_DIR': '/run/user/86698', 'PYTHONPATH': '/opt/ros/indigo/lib/python2.7/dist-packages:/home/vlibs/python', 'VOC_PROXY_WRAPPER_PORT': '5100', 'VOC_XFER_TOKEN': '91197238298812988117211059dbf894810288.95346322', 'ROS_ROOT': '/opt/ros/indigo/share/ros', 'OLD_HOME': '/home/ccc_v1_w_NDU1M_86698', 'PKG_CONFIG_PATH': '/opt/ros/indigo/lib/pkgconfig:/opt/ros/indigo/lib/x86_64-linux-gnu/pkgconfig', 'ROS_PACKAGE_PATH': '/opt/ros/indigo/share:/opt/ros/indigo/stacks', 'XDG_SESSION_ID': '127854', '_': '/usr/bin/stdbuf', 'LD_PRELOAD': '/usr/lib/coreutils/libstdbuf.so', '_STDBUF_O': 'L', 'SSH_TTY': '/dev/pts/5', 'OLDPWD': '/home/ccc_v1_w_NDU1M_86698', 'ROSLISP_PACKAGE_DIRECTORIES': '', 'VLIB': '/home/vlibs', 'PWD': '/home/ccc_v1_w_NDU1M_86698/asn17210_Project_2_/asn17211_Project_2/work', 'VOC_PROXY_ID': '29881_29881_17211_0_1', 'ROS_ETC_DIR': '/opt/ros/indigo/etc/ros', 'MAIL': '/var/mail/ccc_v1_w_NDU1M_86698', 'SSH_CONNECTION': '172.31.43.31 53198 172.31.19.100 22'}]
[roslaunch][INFO] 2017-10-09 15:30:52,478: process[rosout-1]: args[[u'/opt/ros/indigo/lib/rosout/rosout', u'__name:=rosout']]
[roslaunch][INFO] 2017-10-09 15:30:52,482: ... created process [rosout-1]
[roslaunch.pmon][INFO] 2017-10-09 15:30:52,493: ProcessMonitor.register[rosout-1]
[roslaunch.pmon][INFO] 2017-10-09 15:30:52,497: ProcessMonitor.register[rosout-1] complete
[roslaunch][INFO] 2017-10-09 15:30:52,501: ... registered process [rosout-1]
[roslaunch][INFO] 2017-10-09 15:30:52,504: process[rosout-1]: starting os process
[roslaunch][INFO] 2017-10-09 15:30:52,509: process[rosout-1]: start w/ args [[u'/opt/ros/indigo/lib/rosout/rosout', u'__name:=rosout', u'__log:=/home/ccc_v1_w_NDU1M_86698/asn17210_Project_2_/asn17211_Project_2/work/.ros/log/819f3a40-ad41-11e7-99a7-06f360e4abc1/rosout-1.log']]
[roslaunch][INFO] 2017-10-09 15:30:52,513: process[rosout-1]: cwd will be [/home/ccc_v1_w_NDU1M_86698/asn17210_Project_2_/asn17211_Project_2/work/.ros]
[roslaunch][INFO] 2017-10-09 15:30:52,521: process[rosout-1]: started with pid [25395]
[roslaunch][INFO] 2017-10-09 15:30:52,522: ... successfully launched [rosout-1]
[roslaunch][INFO] 2017-10-09 15:30:52,527: load_parameters starting ...
[roslaunch][INFO] 2017-10-09 15:30:52,542: ... load_parameters complete
[roslaunch][INFO] 2017-10-09 15:30:52,547: launch_nodes: launching local nodes ...
[roslaunch][INFO] 2017-10-09 15:30:52,550: ... launch_nodes complete
[roslaunch.pmon][INFO] 2017-10-09 15:30:52,563: registrations completed <ProcessMonitor(ProcessMonitor-1, started daemon 140431026554624)>
[roslaunch.parent][INFO] 2017-10-09 15:30:52,566: ... roslaunch parent running, waiting for process exit
[roslaunch][INFO] 2017-10-09 15:30:52,570: spin
