[roslaunch][INFO] 2017-10-09 15:30:53,948: Checking log directory for disk usage. This may take awhile.
Press Ctrl-C to interrupt
[roslaunch][INFO] 2017-10-09 15:30:53,989: Done checking log file disk usage. Usage is <1GB.
[roslaunch][INFO] 2017-10-09 15:30:53,989: roslaunch starting with args ['/opt/ros/indigo/bin/roslaunch', 'rosbridge_server', 'rosbridge_websocket.launch', 'port:=39134']
[roslaunch][INFO] 2017-10-09 15:30:53,992: roslaunch env is {'ROS_DISTRO': 'indigo', 'ASNLIB': '/home/ccc_v1_s80115__49396/asn17210_Project_2_/asn17211_Project_2/asnlib.0', 'LIB': '/home/ccc_v1_s80115__49396/lib', 'PKG_CONFIG_PATH': '/opt/ros/indigo/lib/pkgconfig:/opt/ros/indigo/lib/x86_64-linux-gnu/pkgconfig', 'SSH_CLIENT': '172.31.43.31 53198 22', 'CPATH': '/opt/ros/indigo/include', 'LOGNAME': 'ccc_v1_w_NDU1M_86698', 'USER': 'ccc_v1_w_NDU1M_86698', 'ROS_NODE_PORT': '60753', 'HOME': '/home/ccc_v1_w_NDU1M_86698/asn17210_Project_2_/asn17211_Project_2/work', 'PATH': '/opt/ros/indigo/bin:/usr/local/sbin:/usr/local/bin:/usr/sbin:/usr/bin:/sbin:/bin:/usr/games:/usr/local/games:/home/local/bin:/home/ccc_v1_s80115__49396/lib:/home/ccc_v1_s80115__49396/asn17210_Project_2_/asn17211_Project_2/asnlib.0:/home/vlibs:.', 'CMAKE_PREFIX_PATH': '/opt/ros/indigo', 'LD_LIBRARY_PATH': '/opt/ros/indigo/lib:/opt/ros/indigo/lib/x86_64-linux-gnu:/home/ccc_v1_s80115__49396/lib:/home/ccc_v1_s80115__49396/asn17210_Project_2_/asn17211_Project_2/asnlib.0:/home/vlibs', 'LANG': 'en_US.UTF-8', 'TERM': 'xterm-256color', 'SHELL': '/bin/bash', 'HISTFILE': '/home/ccc_v1_w_NDU1M_86698/.bash_history', 'SHLVL': '2', 'VOC_WORKAREA': '/home/ccc_v1_w_NDU1M_86698/asn17210_Project_2_/asn17211_Project_2/work', 'ROS_LOG_FILENAME': '/home/ccc_v1_w_NDU1M_86698/asn17210_Project_2_/asn17211_Project_2/work/.ros/log/819f3a40-ad41-11e7-99a7-06f360e4abc1/roslaunch-ip-172-31-19-100-25516.log', 'PART1': '/home/ccc_v1_s80115__49396/asn17210_Project_2_/asn17211_Project_2', 'ROS_ETC_DIR': '/opt/ros/indigo/etc/ros', 'XDG_RUNTIME_DIR': '/run/user/86698', 'PYTHONPATH': '/opt/ros/indigo/lib/python2.7/dist-packages:/home/vlibs/python', 'VOC_PROXY_WRAPPER_PORT': '5100', 'VOC_XFER_TOKEN': '91197238298812988117211059dbf894810288.95346322', 'ROS_ROOT': '/opt/ros/indigo/share/ros', 'OLD_HOME': '/home/ccc_v1_w_NDU1M_86698', 'VOC_PROXY_TOKEN': '2543372352988129881172110159dbf89486f1b9.37547179', 'ROS_PACKAGE_PATH': '/opt/ros/indigo/share:/opt/ros/indigo/stacks', 'XDG_SESSION_ID': '127854', '_': '/usr/bin/stdbuf', 'LD_PRELOAD': '/usr/lib/coreutils/libstdbuf.so', '_STDBUF_O': 'L', 'SSH_TTY': '/dev/pts/5', 'OLDPWD': '/home/ccc_v1_w_NDU1M_86698', 'ROSLISP_PACKAGE_DIRECTORIES': '', 'VLIB': '/home/vlibs', 'PWD': '/home/ccc_v1_w_NDU1M_86698/asn17210_Project_2_/asn17211_Project_2/work', 'VOC_PROXY_ID': '29881_29881_17211_0_1', 'ROS_MASTER_URI': 'http://localhost:60753', 'MAIL': '/var/mail/ccc_v1_w_NDU1M_86698', 'SSH_CONNECTION': '172.31.43.31 53198 172.31.19.100 22'}
[roslaunch][INFO] 2017-10-09 15:30:53,996: starting in server mode
[roslaunch.parent][INFO] 2017-10-09 15:30:53,999: starting roslaunch parent run
[roslaunch][INFO] 2017-10-09 15:30:54,003: loading roscore config file /opt/ros/indigo/etc/ros/roscore.xml
[roslaunch][INFO] 2017-10-09 15:30:54,116: Added core node of type [rosout/rosout] in namespace [/]
[roslaunch.config][INFO] 2017-10-09 15:30:54,172: loading config file /opt/ros/indigo/share/rosbridge_server/launch/rosbridge_websocket.launch
[roslaunch][INFO] 2017-10-09 15:30:54,179: Added node of type [rosbridge_server/rosbridge_websocket] in namespace [/]
[roslaunch][INFO] 2017-10-09 15:30:54,184: Added node of type [rosapi/rosapi_node] in namespace [/]
[roslaunch][INFO] 2017-10-09 15:30:54,188: ... selected machine [] for node of type [rosbridge_server/rosbridge_websocket]
[roslaunch][INFO] 2017-10-09 15:30:54,194: ... selected machine [] for node of type [rosapi/rosapi_node]
[roslaunch.pmon][INFO] 2017-10-09 15:30:54,198: start_process_monitor: creating ProcessMonitor
[roslaunch.pmon][INFO] 2017-10-09 15:30:54,202: created process monitor <ProcessMonitor(ProcessMonitor-1, initial daemon)>
[roslaunch.pmon][INFO] 2017-10-09 15:30:54,206: start_process_monitor: ProcessMonitor started
[roslaunch.parent][INFO] 2017-10-09 15:30:54,209: starting parent XML-RPC server
[roslaunch.server][INFO] 2017-10-09 15:30:54,213: starting roslaunch XML-RPC server
[roslaunch.server][INFO] 2017-10-09 15:30:54,217: waiting for roslaunch XML-RPC server to initialize
[xmlrpc][INFO] 2017-10-09 15:30:54,217: XML-RPC server binding to 0.0.0.0:0
[xmlrpc][INFO] 2017-10-09 15:30:54,241: Started XML-RPC server [http://ip-172-31-19-100:39898/]
[xmlrpc][INFO] 2017-10-09 15:30:54,244: xml rpc node: starting XML-RPC server
[roslaunch][INFO] 2017-10-09 15:30:54,255: started roslaunch server http://ip-172-31-19-100:39898/
[roslaunch.parent][INFO] 2017-10-09 15:30:54,258: ... parent XML-RPC server started
[roslaunch][INFO] 2017-10-09 15:30:54,262: master.is_running[http://localhost:60753]
[roslaunch][INFO] 2017-10-09 15:30:54,267: master.is_running[http://localhost:60753]
[roslaunch][INFO] 2017-10-09 15:30:54,272: ROS_MASTER_URI=http://localhost:60753
[roslaunch][INFO] 2017-10-09 15:30:54,277: setting /roslaunch/uris/host_ip_172_31_19_100__39898' to http://ip-172-31-19-100:39898/
[roslaunch][INFO] 2017-10-09 15:30:54,283: load_parameters starting ...
[roslaunch][INFO] 2017-10-09 15:30:54,328: ... load_parameters complete
[roslaunch][INFO] 2017-10-09 15:30:54,336: launch_nodes: launching local nodes ...
[roslaunch][INFO] 2017-10-09 15:30:54,340: ... preparing to launch node of type [rosbridge_server/rosbridge_websocket]
[roslaunch][INFO] 2017-10-09 15:30:54,343: create_node_process: package[rosbridge_server] type[rosbridge_websocket] machine[Machine(name[] env_loader[None] address[localhost] ssh_port[22] user[None] assignable[True] timeout[10.0])] master_uri[http://localhost:60753]
[roslaunch][INFO] 2017-10-09 15:30:54,347: process[rosbridge_websocket-1]: env[{'ROS_DISTRO': 'indigo', 'ASNLIB': '/home/ccc_v1_s80115__49396/asn17210_Project_2_/asn17211_Project_2/asnlib.0', 'LIB': '/home/ccc_v1_s80115__49396/lib', 'VOC_PROXY_TOKEN': '2543372352988129881172110159dbf89486f1b9.37547179', 'SSH_CLIENT': '172.31.43.31 53198 22', 'CPATH': '/opt/ros/indigo/include', 'LOGNAME': 'ccc_v1_w_NDU1M_86698', 'USER': 'ccc_v1_w_NDU1M_86698', 'ROS_NODE_PORT': '60753', 'HOME': '/home/ccc_v1_w_NDU1M_86698/asn17210_Project_2_/asn17211_Project_2/work', 'PATH': '/opt/ros/indigo/bin:/usr/local/sbin:/usr/local/bin:/usr/sbin:/usr/bin:/sbin:/bin:/usr/games:/usr/local/games:/home/local/bin:/home/ccc_v1_s80115__49396/lib:/home/ccc_v1_s80115__49396/asn17210_Project_2_/asn17211_Project_2/asnlib.0:/home/vlibs:.', 'CMAKE_PREFIX_PATH': '/opt/ros/indigo', 'ROS_LOG_FILENAME': '/home/ccc_v1_w_NDU1M_86698/asn17210_Project_2_/asn17211_Project_2/work/.ros/log/819f3a40-ad41-11e7-99a7-06f360e4abc1/roslaunch-ip-172-31-19-100-25516.log', 'LANG': 'en_US.UTF-8', 'TERM': 'xterm-256color', 'SHELL': '/bin/bash', 'HISTFILE': '/home/ccc_v1_w_NDU1M_86698/.bash_history', 'SHLVL': '2', 'VOC_WORKAREA': '/home/ccc_v1_w_NDU1M_86698/asn17210_Project_2_/asn17211_Project_2/work', 'LD_LIBRARY_PATH': '/opt/ros/indigo/lib:/opt/ros/indigo/lib/x86_64-linux-gnu:/home/ccc_v1_s80115__49396/lib:/home/ccc_v1_s80115__49396/asn17210_Project_2_/asn17211_Project_2/asnlib.0:/home/vlibs', 'PART1': '/home/ccc_v1_s80115__49396/asn17210_Project_2_/asn17211_Project_2', 'ROS_MASTER_URI': 'http://localhost:60753', 'XDG_RUNTIME_DIR': '/run/user/86698', 'PYTHONPATH': '/opt/ros/indigo/lib/python2.7/dist-packages:/home/vlibs/python', 'VOC_PROXY_WRAPPER_PORT': '5100', 'VOC_XFER_TOKEN': '91197238298812988117211059dbf894810288.95346322', 'ROS_ROOT': '/opt/ros/indigo/share/ros', 'OLD_HOME': '/home/ccc_v1_w_NDU1M_86698', 'PKG_CONFIG_PATH': '/opt/ros/indigo/lib/pkgconfig:/opt/ros/indigo/lib/x86_64-linux-gnu/pkgconfig', 'ROS_PACKAGE_PATH': '/opt/ros/indigo/share:/opt/ros/indigo/stacks', 'XDG_SESSION_ID': '127854', '_': '/usr/bin/stdbuf', 'LD_PRELOAD': '/usr/lib/coreutils/libstdbuf.so', '_STDBUF_O': 'L', 'SSH_TTY': '/dev/pts/5', 'OLDPWD': '/home/ccc_v1_w_NDU1M_86698', 'ROSLISP_PACKAGE_DIRECTORIES': '', 'VLIB': '/home/vlibs', 'PWD': '/home/ccc_v1_w_NDU1M_86698/asn17210_Project_2_/asn17211_Project_2/work', 'VOC_PROXY_ID': '29881_29881_17211_0_1', 'ROS_ETC_DIR': '/opt/ros/indigo/etc/ros', 'MAIL': '/var/mail/ccc_v1_w_NDU1M_86698', 'SSH_CONNECTION': '172.31.43.31 53198 172.31.19.100 22'}]
[roslaunch][INFO] 2017-10-09 15:30:54,378: process[rosbridge_websocket-1]: args[[u'/opt/ros/indigo/lib/rosbridge_server/rosbridge_websocket', u'__name:=rosbridge_websocket']]
[roslaunch][INFO] 2017-10-09 15:30:54,388: ... created process [rosbridge_websocket-1]
[roslaunch.pmon][INFO] 2017-10-09 15:30:54,391: ProcessMonitor.register[rosbridge_websocket-1]
[roslaunch.pmon][INFO] 2017-10-09 15:30:54,395: ProcessMonitor.register[rosbridge_websocket-1] complete
[roslaunch][INFO] 2017-10-09 15:30:54,399: ... registered process [rosbridge_websocket-1]
[roslaunch][INFO] 2017-10-09 15:30:54,402: process[rosbridge_websocket-1]: starting os process
[roslaunch][INFO] 2017-10-09 15:30:54,411: process[rosbridge_websocket-1]: start w/ args [[u'/opt/ros/indigo/lib/rosbridge_server/rosbridge_websocket', u'__name:=rosbridge_websocket', u'__log:=/home/ccc_v1_w_NDU1M_86698/asn17210_Project_2_/asn17211_Project_2/work/.ros/log/819f3a40-ad41-11e7-99a7-06f360e4abc1/rosbridge_websocket-1.log']]
[roslaunch][INFO] 2017-10-09 15:30:54,414: process[rosbridge_websocket-1]: cwd will be [/home/ccc_v1_w_NDU1M_86698/asn17210_Project_2_/asn17211_Project_2/work/.ros]
[roslaunch][INFO] 2017-10-09 15:30:54,423: process[rosbridge_websocket-1]: started with pid [25576]
[roslaunch][INFO] 2017-10-09 15:30:54,424: ... successfully launched [rosbridge_websocket-1]
[roslaunch][INFO] 2017-10-09 15:30:54,428: ... preparing to launch node of type [rosapi/rosapi_node]
[roslaunch][INFO] 2017-10-09 15:30:54,431: create_node_process: package[rosapi] type[rosapi_node] machine[Machine(name[] env_loader[None] address[localhost] ssh_port[22] user[None] assignable[True] timeout[10.0])] master_uri[http://localhost:60753]
[roslaunch][INFO] 2017-10-09 15:30:54,435: process[rosapi-2]: env[{'ROS_DISTRO': 'indigo', 'ASNLIB': '/home/ccc_v1_s80115__49396/asn17210_Project_2_/asn17211_Project_2/asnlib.0', 'LIB': '/home/ccc_v1_s80115__49396/lib', 'VOC_PROXY_TOKEN': '2543372352988129881172110159dbf89486f1b9.37547179', 'SSH_CLIENT': '172.31.43.31 53198 22', 'CPATH': '/opt/ros/indigo/include', 'LOGNAME': 'ccc_v1_w_NDU1M_86698', 'USER': 'ccc_v1_w_NDU1M_86698', 'ROS_NODE_PORT': '60753', 'HOME': '/home/ccc_v1_w_NDU1M_86698/asn17210_Project_2_/asn17211_Project_2/work', 'PATH': '/opt/ros/indigo/bin:/usr/local/sbin:/usr/local/bin:/usr/sbin:/usr/bin:/sbin:/bin:/usr/games:/usr/local/games:/home/local/bin:/home/ccc_v1_s80115__49396/lib:/home/ccc_v1_s80115__49396/asn17210_Project_2_/asn17211_Project_2/asnlib.0:/home/vlibs:.', 'CMAKE_PREFIX_PATH': '/opt/ros/indigo', 'ROS_LOG_FILENAME': '/home/ccc_v1_w_NDU1M_86698/asn17210_Project_2_/asn17211_Project_2/work/.ros/log/819f3a40-ad41-11e7-99a7-06f360e4abc1/roslaunch-ip-172-31-19-100-25516.log', 'LANG': 'en_US.UTF-8', 'TERM': 'xterm-256color', 'SHELL': '/bin/bash', 'HISTFILE': '/home/ccc_v1_w_NDU1M_86698/.bash_history', 'SHLVL': '2', 'VOC_WORKAREA': '/home/ccc_v1_w_NDU1M_86698/asn17210_Project_2_/asn17211_Project_2/work', 'LD_LIBRARY_PATH': '/opt/ros/indigo/lib:/opt/ros/indigo/lib/x86_64-linux-gnu:/home/ccc_v1_s80115__49396/lib:/home/ccc_v1_s80115__49396/asn17210_Project_2_/asn17211_Project_2/asnlib.0:/home/vlibs', 'PART1': '/home/ccc_v1_s80115__49396/asn17210_Project_2_/asn17211_Project_2', 'ROS_MASTER_URI': 'http://localhost:60753', 'XDG_RUNTIME_DIR': '/run/user/86698', 'PYTHONPATH': '/opt/ros/indigo/lib/python2.7/dist-packages:/home/vlibs/python', 'VOC_PROXY_WRAPPER_PORT': '5100', 'VOC_XFER_TOKEN': '91197238298812988117211059dbf894810288.95346322', 'ROS_ROOT': '/opt/ros/indigo/share/ros', 'OLD_HOME': '/home/ccc_v1_w_NDU1M_86698', 'PKG_CONFIG_PATH': '/opt/ros/indigo/lib/pkgconfig:/opt/ros/indigo/lib/x86_64-linux-gnu/pkgconfig', 'ROS_PACKAGE_PATH': '/opt/ros/indigo/share:/opt/ros/indigo/stacks', 'XDG_SESSION_ID': '127854', '_': '/usr/bin/stdbuf', 'LD_PRELOAD': '/usr/lib/coreutils/libstdbuf.so', '_STDBUF_O': 'L', 'SSH_TTY': '/dev/pts/5', 'OLDPWD': '/home/ccc_v1_w_NDU1M_86698', 'ROSLISP_PACKAGE_DIRECTORIES': '', 'VLIB': '/home/vlibs', 'PWD': '/home/ccc_v1_w_NDU1M_86698/asn17210_Project_2_/asn17211_Project_2/work', 'VOC_PROXY_ID': '29881_29881_17211_0_1', 'ROS_ETC_DIR': '/opt/ros/indigo/etc/ros', 'MAIL': '/var/mail/ccc_v1_w_NDU1M_86698', 'SSH_CONNECTION': '172.31.43.31 53198 172.31.19.100 22'}]
[roslaunch][INFO] 2017-10-09 15:30:54,442: process[rosapi-2]: args[[u'/opt/ros/indigo/lib/rosapi/rosapi_node', u'__name:=rosapi']]
[roslaunch][INFO] 2017-10-09 15:30:54,447: ... created process [rosapi-2]
[roslaunch.pmon][INFO] 2017-10-09 15:30:54,450: ProcessMonitor.register[rosapi-2]
[roslaunch.pmon][INFO] 2017-10-09 15:30:54,454: ProcessMonitor.register[rosapi-2] complete
[roslaunch][INFO] 2017-10-09 15:30:54,458: ... registered process [rosapi-2]
[roslaunch][INFO] 2017-10-09 15:30:54,470: process[rosapi-2]: starting os process
[roslaunch][INFO] 2017-10-09 15:30:54,483: process[rosapi-2]: start w/ args [[u'/opt/ros/indigo/lib/rosapi/rosapi_node', u'__name:=rosapi', u'__log:=/home/ccc_v1_w_NDU1M_86698/asn17210_Project_2_/asn17211_Project_2/work/.ros/log/819f3a40-ad41-11e7-99a7-06f360e4abc1/rosapi-2.log']]
[roslaunch][INFO] 2017-10-09 15:30:54,487: process[rosapi-2]: cwd will be [/home/ccc_v1_w_NDU1M_86698/asn17210_Project_2_/asn17211_Project_2/work/.ros]
[roslaunch][INFO] 2017-10-09 15:30:54,498: process[rosapi-2]: started with pid [25581]
[roslaunch][INFO] 2017-10-09 15:30:54,499: ... successfully launched [rosapi-2]
[roslaunch][INFO] 2017-10-09 15:30:54,504: ... launch_nodes complete
[roslaunch.pmon][INFO] 2017-10-09 15:30:54,508: registrations completed <ProcessMonitor(ProcessMonitor-1, started daemon 140098254681856)>
[roslaunch.parent][INFO] 2017-10-09 15:30:54,512: ... roslaunch parent running, waiting for process exit
[roslaunch][INFO] 2017-10-09 15:30:54,516: spin
