[rospy.client][INFO] 2017-10-09 20:21:40,599: init_node, name[/rosbridge_websocket], pid[6258]
[xmlrpc][INFO] 2017-10-09 20:21:40,600: XML-RPC server binding to 0.0.0.0:0
[xmlrpc][INFO] 2017-10-09 20:21:40,604: Started XML-RPC server [http://ip-172-31-19-100:40711/]
[rospy.init][INFO] 2017-10-09 20:21:40,604: ROS Slave URI: [http://ip-172-31-19-100:40711/]
[rospy.impl.masterslave][INFO] 2017-10-09 20:21:40,607: _ready: http://ip-172-31-19-100:40711/
[xmlrpc][INFO] 2017-10-09 20:21:40,614: xml rpc node: starting XML-RPC server
[rospy.registration][INFO] 2017-10-09 20:21:40,615: Registering with master node http://localhost:43237
[rospy.init][INFO] 2017-10-09 20:21:40,711: registered with master
[rospy.rosout][INFO] 2017-10-09 20:21:40,715: initializing /rosout core topic
[rospy.rosout][INFO] 2017-10-09 20:21:40,724: connected to core topic /rosout
[rospy.simtime][INFO] 2017-10-09 20:21:40,728: /use_sim_time is not set, will not subscribe to simulated time [/clock] topic
[rosout][INFO] 2017-10-09 20:21:40,772: Rosbridge WebSocket server started on port 49385
[rospy.internal][INFO] 2017-10-09 20:21:40,931: topic[/rosout] adding connection to [/rosout], count 0
[rosout][INFO] 2017-10-09 20:21:48,128: Client connected.  1 clients total.
[rosout][INFO] 2017-10-09 20:21:48,457: [Client 0] Subscribed to /tf2_web_republisher/feedback
[rosout][INFO] 2017-10-09 20:21:48,470: [Client 0] Subscribed to /visualization_marker
[rospy.internal][INFO] 2017-10-09 20:21:48,489: topic[/tf2_web_republisher/feedback] adding connection to [http://ip-172-31-19-100:51837/], count 0
[rospy.internal][INFO] 2017-10-09 20:21:48,490: topic[/visualization_marker] adding connection to [http://ip-172-31-19-100:55016/], count 0
[rospy.internal][INFO] 2017-10-09 20:21:48,691: topic[/tf2_web_republisher/cancel] adding connection to [/tf2_web_republisher], count 0
[rospy.internal][INFO] 2017-10-09 20:21:48,695: topic[/tf2_web_republisher/goal] adding connection to [/tf2_web_republisher], count 0
[rospy.internal][INFO] 2017-10-09 21:00:27,443: topic impl's ref count is zero, deleting topic /tf2_web_republisher/cancel...
[rospy.internal][INFO] 2017-10-09 21:00:27,444: topic[/tf2_web_republisher/cancel] removing connection to /tf2_web_republisher
[rospy.internal][INFO] 2017-10-09 21:00:27,450: topic impl's ref count is zero, deleting topic /tf2_web_republisher/goal...
[rospy.internal][INFO] 2017-10-09 21:00:27,454: topic[/tf2_web_republisher/goal] removing connection to /tf2_web_republisher
[rospy.internal][INFO] 2017-10-09 21:00:27,463: topic impl's ref count is zero, deleting topic /tf2_web_republisher/feedback...
[rospy.internal][INFO] 2017-10-09 21:00:27,466: topic[/tf2_web_republisher/feedback] removing connection to http://ip-172-31-19-100:51837/
[rospy.internal][INFO] 2017-10-09 21:00:27,474: topic impl's ref count is zero, deleting topic /visualization_marker...
[rospy.internal][INFO] 2017-10-09 21:00:27,477: topic[/visualization_marker] removing connection to http://ip-172-31-19-100:55016/
[rosout][INFO] 2017-10-09 21:00:27,485: Client disconnected. 0 clients total.
