[rospy.client][INFO] 2017-10-09 16:02:34,550: init_node, name[/rosbridge_websocket], pid[17213]
[xmlrpc][INFO] 2017-10-09 16:02:34,551: XML-RPC server binding to 0.0.0.0:0
[xmlrpc][INFO] 2017-10-09 16:02:34,555: Started XML-RPC server [http://ip-172-31-19-100:58198/]
[rospy.init][INFO] 2017-10-09 16:02:34,555: ROS Slave URI: [http://ip-172-31-19-100:58198/]
[rospy.impl.masterslave][INFO] 2017-10-09 16:02:34,559: _ready: http://ip-172-31-19-100:58198/
[xmlrpc][INFO] 2017-10-09 16:02:34,566: xml rpc node: starting XML-RPC server
[rospy.registration][INFO] 2017-10-09 16:02:34,566: Registering with master node http://localhost:57904
[rospy.init][INFO] 2017-10-09 16:02:34,662: registered with master
[rospy.rosout][INFO] 2017-10-09 16:02:34,666: initializing /rosout core topic
[rospy.rosout][INFO] 2017-10-09 16:02:34,676: connected to core topic /rosout
[rospy.simtime][INFO] 2017-10-09 16:02:34,681: /use_sim_time is not set, will not subscribe to simulated time [/clock] topic
[rosout][INFO] 2017-10-09 16:02:34,703: Rosbridge WebSocket server started on port 55087
[rospy.internal][INFO] 2017-10-09 16:02:34,872: topic[/rosout] adding connection to [/rosout], count 0
[rosout][INFO] 2017-10-09 16:02:41,574: Client connected.  1 clients total.
[rosout][INFO] 2017-10-09 16:02:41,978: [Client 0] Subscribed to /tf2_web_republisher/feedback
[rosout][INFO] 2017-10-09 16:02:41,990: [Client 0] Subscribed to /visualization_marker
[rospy.internal][INFO] 2017-10-09 16:02:42,004: topic[/visualization_marker] adding connection to [http://ip-172-31-19-100:43135/], count 0
[rospy.internal][INFO] 2017-10-09 16:02:42,005: topic[/tf2_web_republisher/feedback] adding connection to [http://ip-172-31-19-100:51518/], count 0
[rospy.internal][INFO] 2017-10-09 16:02:42,107: topic[/tf2_web_republisher/cancel] adding connection to [/tf2_web_republisher], count 0
[rospy.internal][INFO] 2017-10-09 16:02:42,111: topic[/tf2_web_republisher/goal] adding connection to [/tf2_web_republisher], count 0
[rospy.internal][INFO] 2017-10-09 16:06:04,088: topic impl's ref count is zero, deleting topic /tf2_web_republisher/cancel...
[rospy.internal][INFO] 2017-10-09 16:06:04,089: topic[/tf2_web_republisher/cancel] removing connection to /tf2_web_republisher
[rospy.internal][INFO] 2017-10-09 16:06:04,099: topic impl's ref count is zero, deleting topic /tf2_web_republisher/goal...
[rospy.internal][INFO] 2017-10-09 16:06:04,103: topic[/tf2_web_republisher/goal] removing connection to /tf2_web_republisher
[rospy.internal][INFO] 2017-10-09 16:06:04,112: topic impl's ref count is zero, deleting topic /tf2_web_republisher/feedback...
[rospy.internal][INFO] 2017-10-09 16:06:04,116: topic[/tf2_web_republisher/feedback] removing connection to http://ip-172-31-19-100:51518/
[rospy.internal][INFO] 2017-10-09 16:06:04,124: topic impl's ref count is zero, deleting topic /visualization_marker...
[rospy.internal][INFO] 2017-10-09 16:06:04,127: topic[/visualization_marker] removing connection to http://ip-172-31-19-100:43135/
[rosout][INFO] 2017-10-09 16:06:04,136: Client disconnected. 0 clients total.
