[roslaunch][INFO] 2017-10-09 16:02:31,455: Checking log directory for disk usage. This may take awhile.
Press Ctrl-C to interrupt
[roslaunch][INFO] 2017-10-09 16:02:31,778: Done checking log file disk usage. Usage is <1GB.
[roslaunch][INFO] 2017-10-09 16:02:31,778: roslaunch starting with args ['roscore', '--core', '-p', '57904']
[roslaunch][INFO] 2017-10-09 16:02:31,782: roslaunch env is {'ROS_DISTRO': 'indigo', 'ASNLIB': '/home/ccc_v1_s80115__49396/asn17210_Project_2_/asn17211_Project_2/asnlib.0', 'LIB': '/home/ccc_v1_s80115__49396/lib', 'PKG_CONFIG_PATH': '/opt/ros/indigo/lib/pkgconfig:/opt/ros/indigo/lib/x86_64-linux-gnu/pkgconfig', 'SSH_CLIENT': '172.31.43.31 51428 22', 'CPATH': '/opt/ros/indigo/include', 'LOGNAME': 'ccc_v1_w_NDU1M_86698', 'USER': 'ccc_v1_w_NDU1M_86698', 'ROS_NODE_PORT': '57904', 'HOME': '/home/ccc_v1_w_NDU1M_86698/asn17210_Project_2_/asn17211_Project_2/work', 'PATH': '/opt/ros/indigo/bin:/usr/local/sbin:/usr/local/bin:/usr/sbin:/usr/bin:/sbin:/bin:/usr/games:/usr/local/games:/home/local/bin:/home/ccc_v1_s80115__49396/lib:/home/ccc_v1_s80115__49396/asn17210_Project_2_/asn17211_Project_2/asnlib.0:/home/vlibs:.', 'CMAKE_PREFIX_PATH': '/opt/ros/indigo', 'LD_LIBRARY_PATH': '/opt/ros/indigo/lib:/opt/ros/indigo/lib/x86_64-linux-gnu:/home/ccc_v1_s80115__49396/lib:/home/ccc_v1_s80115__49396/asn17210_Project_2_/asn17211_Project_2/asnlib.0:/home/vlibs', 'LANG': 'en_US.UTF-8', 'TERM': 'xterm-256color', 'SHELL': '/bin/bash', 'HISTFILE': '/home/ccc_v1_w_NDU1M_86698/.bash_history', 'SHLVL': '2', 'VOC_WORKAREA': '/home/ccc_v1_w_NDU1M_86698/asn17210_Project_2_/asn17211_Project_2/work', 'ROS_LOG_FILENAME': '/home/ccc_v1_w_NDU1M_86698/asn17210_Project_2_/asn17211_Project_2/work/.ros/log/edeba3ce-ad45-11e7-a0cd-06f360e4abc1/roslaunch-ip-172-31-19-100-16986.log', 'PART1': '/home/ccc_v1_s80115__49396/asn17210_Project_2_/asn17211_Project_2', 'ROS_ETC_DIR': '/opt/ros/indigo/etc/ros', 'XDG_RUNTIME_DIR': '/run/user/86698', 'PYTHONPATH': '/opt/ros/indigo/lib/python2.7/dist-packages:/home/vlibs/python', 'VOC_PROXY_WRAPPER_PORT': '5100', 'VOC_XFER_TOKEN': '2018683643298812988117211059dc0001385ea2.48646396', 'ROS_ROOT': '/opt/ros/indigo/share/ros', 'OLD_HOME': '/home/ccc_v1_w_NDU1M_86698', 'VOC_PROXY_TOKEN': '1242235732988129881172110159dc000146bf27.02047128', 'ROS_PACKAGE_PATH': '/opt/ros/indigo/share:/opt/ros/indigo/stacks', 'XDG_SESSION_ID': '128060', '_': '/usr/bin/stdbuf', 'LD_PRELOAD': '/usr/lib/coreutils/libstdbuf.so', '_STDBUF_O': 'L', 'SSH_TTY': '/dev/pts/3', 'OLDPWD': '/home/ccc_v1_w_NDU1M_86698', 'ROSLISP_PACKAGE_DIRECTORIES': '', 'VLIB': '/home/vlibs', 'PWD': '/home/ccc_v1_w_NDU1M_86698/asn17210_Project_2_/asn17211_Project_2/work', 'VOC_PROXY_ID': '29881_29881_17211_0_1', 'ROS_MASTER_URI': 'http://localhost:57904', 'MAIL': '/var/mail/ccc_v1_w_NDU1M_86698', 'SSH_CONNECTION': '172.31.43.31 51428 172.31.19.100 22'}
[roslaunch][INFO] 2017-10-09 16:02:31,792: starting in server mode
[roslaunch.parent][INFO] 2017-10-09 16:02:31,795: starting roslaunch parent run
[roslaunch][INFO] 2017-10-09 16:02:31,799: loading roscore config file /opt/ros/indigo/etc/ros/roscore.xml
[roslaunch][INFO] 2017-10-09 16:02:31,915: Added core node of type [rosout/rosout] in namespace [/]
[roslaunch.pmon][INFO] 2017-10-09 16:02:31,916: start_process_monitor: creating ProcessMonitor
[roslaunch.pmon][INFO] 2017-10-09 16:02:31,919: created process monitor <ProcessMonitor(ProcessMonitor-1, initial daemon)>
[roslaunch.pmon][INFO] 2017-10-09 16:02:31,929: start_process_monitor: ProcessMonitor started
[roslaunch.parent][INFO] 2017-10-09 16:02:31,933: starting parent XML-RPC server
[roslaunch.server][INFO] 2017-10-09 16:02:31,937: starting roslaunch XML-RPC server
[roslaunch.server][INFO] 2017-10-09 16:02:31,941: waiting for roslaunch XML-RPC server to initialize
[xmlrpc][INFO] 2017-10-09 16:02:31,941: XML-RPC server binding to 0.0.0.0:0
[xmlrpc][INFO] 2017-10-09 16:02:31,949: Started XML-RPC server [http://ip-172-31-19-100:42408/]
[xmlrpc][INFO] 2017-10-09 16:02:31,952: xml rpc node: starting XML-RPC server
[roslaunch][INFO] 2017-10-09 16:02:31,961: started roslaunch server http://ip-172-31-19-100:42408/
[roslaunch.parent][INFO] 2017-10-09 16:02:31,964: ... parent XML-RPC server started
[roslaunch][INFO] 2017-10-09 16:02:31,968: master.is_running[http://ip-172-31-19-100:57904/]
[roslaunch][INFO] 2017-10-09 16:02:31,973: auto-starting new master
[roslaunch][INFO] 2017-10-09 16:02:31,977: create_master_process: rosmaster, /opt/ros/indigo/share/ros, 57904, 3, None
[roslaunch][INFO] 2017-10-09 16:02:31,981: process[master]: launching with args [['rosmaster', '--core', '-p', '57904', '-w', '3']]
[roslaunch.pmon][INFO] 2017-10-09 16:02:31,993: ProcessMonitor.register[master]
[roslaunch.pmon][INFO] 2017-10-09 16:02:32,003: ProcessMonitor.register[master] complete
[roslaunch][INFO] 2017-10-09 16:02:32,006: process[master]: starting os process
[roslaunch][INFO] 2017-10-09 16:02:32,011: process[master]: start w/ args [['rosmaster', '--core', '-p', '57904', '-w', '3', '__log:=/home/ccc_v1_w_NDU1M_86698/asn17210_Project_2_/asn17211_Project_2/work/.ros/log/edeba3ce-ad45-11e7-a0cd-06f360e4abc1/master.log']]
[roslaunch][INFO] 2017-10-09 16:02:32,014: process[master]: cwd will be [/home/ccc_v1_w_NDU1M_86698/asn17210_Project_2_/asn17211_Project_2/work/.ros]
[roslaunch][INFO] 2017-10-09 16:02:32,023: process[master]: started with pid [17002]
[roslaunch][INFO] 2017-10-09 16:02:32,024: master.is_running[http://ip-172-31-19-100:57904/]
[roslaunch][INFO] 2017-10-09 16:02:32,128: master.is_running[http://ip-172-31-19-100:57904/]
[roslaunch][INFO] 2017-10-09 16:02:32,232: master.is_running[http://ip-172-31-19-100:57904/]
[roslaunch][INFO] 2017-10-09 16:02:32,238: master.is_running[http://ip-172-31-19-100:57904/]
[roslaunch][INFO] 2017-10-09 16:02:32,243: ROS_MASTER_URI=http://ip-172-31-19-100:57904/
[roslaunch][INFO] 2017-10-09 16:02:32,247: setting /run_id to edeba3ce-ad45-11e7-a0cd-06f360e4abc1
[roslaunch][INFO] 2017-10-09 16:02:32,265: setting /roslaunch/uris/host_ip_172_31_19_100__42408' to http://ip-172-31-19-100:42408/
[roslaunch][INFO] 2017-10-09 16:02:32,274: ... preparing to launch node of type [rosout/rosout]
[roslaunch][INFO] 2017-10-09 16:02:32,278: create_node_process: package[rosout] type[rosout] machine[Machine(name[] env_loader[None] address[localhost] ssh_port[22] user[None] assignable[True] timeout[10.0])] master_uri[http://ip-172-31-19-100:57904/]
[roslaunch][INFO] 2017-10-09 16:02:32,282: process[rosout-1]: env[{'ROS_DISTRO': 'indigo', 'ASNLIB': '/home/ccc_v1_s80115__49396/asn17210_Project_2_/asn17211_Project_2/asnlib.0', 'LIB': '/home/ccc_v1_s80115__49396/lib', 'VOC_PROXY_TOKEN': '1242235732988129881172110159dc000146bf27.02047128', 'SSH_CLIENT': '172.31.43.31 51428 22', 'CPATH': '/opt/ros/indigo/include', 'LOGNAME': 'ccc_v1_w_NDU1M_86698', 'USER': 'ccc_v1_w_NDU1M_86698', 'ROS_NODE_PORT': '57904', 'HOME': '/home/ccc_v1_w_NDU1M_86698/asn17210_Project_2_/asn17211_Project_2/work', 'PATH': '/opt/ros/indigo/bin:/usr/local/sbin:/usr/local/bin:/usr/sbin:/usr/bin:/sbin:/bin:/usr/games:/usr/local/games:/home/local/bin:/home/ccc_v1_s80115__49396/lib:/home/ccc_v1_s80115__49396/asn17210_Project_2_/asn17211_Project_2/asnlib.0:/home/vlibs:.', 'CMAKE_PREFIX_PATH': '/opt/ros/indigo', 'ROS_LOG_FILENAME': '/home/ccc_v1_w_NDU1M_86698/asn17210_Project_2_/asn17211_Project_2/work/.ros/log/edeba3ce-ad45-11e7-a0cd-06f360e4abc1/roslaunch-ip-172-31-19-100-16986.log', 'LANG': 'en_US.UTF-8', 'TERM': 'xterm-256color', 'SHELL': '/bin/bash', 'HISTFILE': '/home/ccc_v1_w_NDU1M_86698/.bash_history', 'SHLVL': '2', 'VOC_WORKAREA': '/home/ccc_v1_w_NDU1M_86698/asn17210_Project_2_/asn17211_Project_2/work', 'LD_LIBRARY_PATH': '/opt/ros/indigo/lib:/opt/ros/indigo/lib/x86_64-linux-gnu:/home/ccc_v1_s80115__49396/lib:/home/ccc_v1_s80115__49396/asn17210_Project_2_/asn17211_Project_2/asnlib.0:/home/vlibs', 'PART1': '/home/ccc_v1_s80115__49396/asn17210_Project_2_/asn17211_Project_2', 'ROS_MASTER_URI': 'http://ip-172-31-19-100:57904/', 'XDG_RUNTIME_DIR': '/run/user/86698', 'PYTHONPATH': '/opt/ros/indigo/lib/python2.7/dist-packages:/home/vlibs/python', 'VOC_PROXY_WRAPPER_PORT': '5100', 'VOC_XFER_TOKEN': '2018683643298812988117211059dc0001385ea2.48646396', 'ROS_ROOT': '/opt/ros/indigo/share/ros', 'OLD_HOME': '/home/ccc_v1_w_NDU1M_86698', 'PKG_CONFIG_PATH': '/opt/ros/indigo/lib/pkgconfig:/opt/ros/indigo/lib/x86_64-linux-gnu/pkgconfig', 'ROS_PACKAGE_PATH': '/opt/ros/indigo/share:/opt/ros/indigo/stacks', 'XDG_SESSION_ID': '128060', '_': '/usr/bin/stdbuf', 'LD_PRELOAD': '/usr/lib/coreutils/libstdbuf.so', '_STDBUF_O': 'L', 'SSH_TTY': '/dev/pts/3', 'OLDPWD': '/home/ccc_v1_w_NDU1M_86698', 'ROSLISP_PACKAGE_DIRECTORIES': '', 'VLIB': '/home/vlibs', 'PWD': '/home/ccc_v1_w_NDU1M_86698/asn17210_Project_2_/asn17211_Project_2/work', 'VOC_PROXY_ID': '29881_29881_17211_0_1', 'ROS_ETC_DIR': '/opt/ros/indigo/etc/ros', 'MAIL': '/var/mail/ccc_v1_w_NDU1M_86698', 'SSH_CONNECTION': '172.31.43.31 51428 172.31.19.100 22'}]
[roslaunch][INFO] 2017-10-09 16:02:32,315: process[rosout-1]: args[[u'/opt/ros/indigo/lib/rosout/rosout', u'__name:=rosout']]
[roslaunch][INFO] 2017-10-09 16:02:32,321: ... created process [rosout-1]
[roslaunch.pmon][INFO] 2017-10-09 16:02:32,325: ProcessMonitor.register[rosout-1]
[roslaunch.pmon][INFO] 2017-10-09 16:02:32,328: ProcessMonitor.register[rosout-1] complete
[roslaunch][INFO] 2017-10-09 16:02:32,332: ... registered process [rosout-1]
[roslaunch][INFO] 2017-10-09 16:02:32,335: process[rosout-1]: starting os process
[roslaunch][INFO] 2017-10-09 16:02:32,350: process[rosout-1]: start w/ args [[u'/opt/ros/indigo/lib/rosout/rosout', u'__name:=rosout', u'__log:=/home/ccc_v1_w_NDU1M_86698/asn17210_Project_2_/asn17211_Project_2/work/.ros/log/edeba3ce-ad45-11e7-a0cd-06f360e4abc1/rosout-1.log']]
[roslaunch][INFO] 2017-10-09 16:02:32,363: process[rosout-1]: cwd will be [/home/ccc_v1_w_NDU1M_86698/asn17210_Project_2_/asn17211_Project_2/work/.ros]
[roslaunch][INFO] 2017-10-09 16:02:32,373: process[rosout-1]: started with pid [17024]
[roslaunch][INFO] 2017-10-09 16:02:32,374: ... successfully launched [rosout-1]
[roslaunch][INFO] 2017-10-09 16:02:32,436: load_parameters starting ...
[roslaunch][INFO] 2017-10-09 16:02:32,452: ... load_parameters complete
[roslaunch][INFO] 2017-10-09 16:02:32,456: launch_nodes: launching local nodes ...
[roslaunch][INFO] 2017-10-09 16:02:32,459: ... launch_nodes complete
[roslaunch.pmon][INFO] 2017-10-09 16:02:32,464: registrations completed <ProcessMonitor(ProcessMonitor-1, started daemon 139866827437824)>
[roslaunch.parent][INFO] 2017-10-09 16:02:32,468: ... roslaunch parent running, waiting for process exit
[roslaunch][INFO] 2017-10-09 16:02:32,471: spin
