[rospy.client][INFO] 2017-10-09 15:56:15,162: init_node, name[/rosbridge_websocket], pid[9684]
[xmlrpc][INFO] 2017-10-09 15:56:15,163: XML-RPC server binding to 0.0.0.0:0
[xmlrpc][INFO] 2017-10-09 15:56:15,172: Started XML-RPC server [http://ip-172-31-19-100:58437/]
[rospy.init][INFO] 2017-10-09 15:56:15,172: ROS Slave URI: [http://ip-172-31-19-100:58437/]
[rospy.impl.masterslave][INFO] 2017-10-09 15:56:15,175: _ready: http://ip-172-31-19-100:58437/
[xmlrpc][INFO] 2017-10-09 15:56:15,183: xml rpc node: starting XML-RPC server
[rospy.registration][INFO] 2017-10-09 15:56:15,183: Registering with master node http://localhost:44183
[rospy.init][INFO] 2017-10-09 15:56:15,279: registered with master
[rospy.rosout][INFO] 2017-10-09 15:56:15,283: initializing /rosout core topic
[rospy.rosout][INFO] 2017-10-09 15:56:15,307: connected to core topic /rosout
[rospy.simtime][INFO] 2017-10-09 15:56:15,312: /use_sim_time is not set, will not subscribe to simulated time [/clock] topic
[rosout][INFO] 2017-10-09 15:56:15,336: Rosbridge WebSocket server started on port 37701
[rospy.internal][INFO] 2017-10-09 15:56:15,593: topic[/rosout] adding connection to [/rosout], count 0
[rosout][INFO] 2017-10-09 15:56:23,162: Client connected.  1 clients total.
[rosout][INFO] 2017-10-09 15:56:23,510: [Client 0] Subscribed to /tf2_web_republisher/feedback
[rosout][INFO] 2017-10-09 15:56:23,522: [Client 0] Subscribed to /visualization_marker
[rospy.internal][INFO] 2017-10-09 15:56:23,539: topic[/tf2_web_republisher/feedback] adding connection to [http://ip-172-31-19-100:38837/], count 0
[rospy.internal][INFO] 2017-10-09 15:56:23,539: topic[/visualization_marker] adding connection to [http://ip-172-31-19-100:51231/], count 0
[rospy.internal][INFO] 2017-10-09 15:56:23,741: topic[/tf2_web_republisher/cancel] adding connection to [/tf2_web_republisher], count 0
[rospy.internal][INFO] 2017-10-09 15:56:23,745: topic[/tf2_web_republisher/goal] adding connection to [/tf2_web_republisher], count 0
[rospy.internal][INFO] 2017-10-09 15:59:29,097: topic impl's ref count is zero, deleting topic /tf2_web_republisher/cancel...
[rospy.internal][INFO] 2017-10-09 15:59:29,097: topic[/tf2_web_republisher/cancel] removing connection to /tf2_web_republisher
[rospy.internal][INFO] 2017-10-09 15:59:29,107: topic impl's ref count is zero, deleting topic /tf2_web_republisher/goal...
[rospy.internal][INFO] 2017-10-09 15:59:29,111: topic[/tf2_web_republisher/goal] removing connection to /tf2_web_republisher
[rospy.internal][INFO] 2017-10-09 15:59:29,127: topic impl's ref count is zero, deleting topic /tf2_web_republisher/feedback...
[rospy.internal][INFO] 2017-10-09 15:59:29,130: topic[/tf2_web_republisher/feedback] removing connection to http://ip-172-31-19-100:38837/
[rospy.internal][INFO] 2017-10-09 15:59:29,139: topic impl's ref count is zero, deleting topic /visualization_marker...
[rospy.internal][INFO] 2017-10-09 15:59:29,142: topic[/visualization_marker] removing connection to http://ip-172-31-19-100:51231/
[rosout][INFO] 2017-10-09 15:59:29,150: Client disconnected. 0 clients total.
