[roslaunch][INFO] 2017-10-09 15:56:12,103: Checking log directory for disk usage. This may take awhile.
Press Ctrl-C to interrupt
[roslaunch][INFO] 2017-10-09 15:56:12,307: Done checking log file disk usage. Usage is <1GB.
[roslaunch][INFO] 2017-10-09 15:56:12,308: roslaunch starting with args ['roscore', '--core', '-p', '44183']
[roslaunch][INFO] 2017-10-09 15:56:12,328: roslaunch env is {'ROS_DISTRO': 'indigo', 'ASNLIB': '/home/ccc_v1_s80115__49396/asn17210_Project_2_/asn17211_Project_2/asnlib.0', 'LIB': '/home/ccc_v1_s80115__49396/lib', 'PKG_CONFIG_PATH': '/opt/ros/indigo/lib/pkgconfig:/opt/ros/indigo/lib/x86_64-linux-gnu/pkgconfig', 'SSH_CLIENT': '172.31.43.31 46492 22', 'CPATH': '/opt/ros/indigo/include', 'LOGNAME': 'ccc_v1_w_NDU1M_86698', 'USER': 'ccc_v1_w_NDU1M_86698', 'ROS_NODE_PORT': '44183', 'HOME': '/home/ccc_v1_w_NDU1M_86698/asn17210_Project_2_/asn17211_Project_2/work', 'PATH': '/opt/ros/indigo/bin:/usr/local/sbin:/usr/local/bin:/usr/sbin:/usr/bin:/sbin:/bin:/usr/games:/usr/local/games:/home/local/bin:/home/ccc_v1_s80115__49396/lib:/home/ccc_v1_s80115__49396/asn17210_Project_2_/asn17211_Project_2/asnlib.0:/home/vlibs:.', 'CMAKE_PREFIX_PATH': '/opt/ros/indigo', 'LD_LIBRARY_PATH': '/opt/ros/indigo/lib:/opt/ros/indigo/lib/x86_64-linux-gnu:/home/ccc_v1_s80115__49396/lib:/home/ccc_v1_s80115__49396/asn17210_Project_2_/asn17211_Project_2/asnlib.0:/home/vlibs', 'LANG': 'en_US.UTF-8', 'TERM': 'xterm-256color', 'SHELL': '/bin/bash', 'HISTFILE': '/home/ccc_v1_w_NDU1M_86698/.bash_history', 'SHLVL': '2', 'VOC_WORKAREA': '/home/ccc_v1_w_NDU1M_86698/asn17210_Project_2_/asn17211_Project_2/work', 'ROS_LOG_FILENAME': '/home/ccc_v1_w_NDU1M_86698/asn17210_Project_2_/asn17211_Project_2/work/.ros/log/0bcfc466-ad45-11e7-a950-06f360e4abc1/roslaunch-ip-172-31-19-100-9444.log', 'PART1': '/home/ccc_v1_s80115__49396/asn17210_Project_2_/asn17211_Project_2', 'ROS_ETC_DIR': '/opt/ros/indigo/etc/ros', 'XDG_RUNTIME_DIR': '/run/user/86698', 'PYTHONPATH': '/opt/ros/indigo/lib/python2.7/dist-packages:/home/vlibs/python', 'VOC_PROXY_WRAPPER_PORT': '5100', 'VOC_XFER_TOKEN': '765715532298812988117211059dbfe84d222c4.07995631', 'ROS_ROOT': '/opt/ros/indigo/share/ros', 'OLD_HOME': '/home/ccc_v1_w_NDU1M_86698', 'VOC_PROXY_TOKEN': '16490101712988129881172110159dbfe84d7e879.41631381', 'ROS_PACKAGE_PATH': '/opt/ros/indigo/share:/opt/ros/indigo/stacks', 'XDG_SESSION_ID': '128009', '_': '/usr/bin/stdbuf', 'LD_PRELOAD': '/usr/lib/coreutils/libstdbuf.so', '_STDBUF_O': 'L', 'SSH_TTY': '/dev/pts/3', 'OLDPWD': '/home/ccc_v1_w_NDU1M_86698', 'ROSLISP_PACKAGE_DIRECTORIES': '', 'VLIB': '/home/vlibs', 'PWD': '/home/ccc_v1_w_NDU1M_86698/asn17210_Project_2_/asn17211_Project_2/work', 'VOC_PROXY_ID': '29881_29881_17211_0_1', 'ROS_MASTER_URI': 'http://localhost:44183', 'MAIL': '/var/mail/ccc_v1_w_NDU1M_86698', 'SSH_CONNECTION': '172.31.43.31 46492 172.31.19.100 22'}
[roslaunch][INFO] 2017-10-09 15:56:12,331: starting in server mode
[roslaunch.parent][INFO] 2017-10-09 15:56:12,336: starting roslaunch parent run
[roslaunch][INFO] 2017-10-09 15:56:12,340: loading roscore config file /opt/ros/indigo/etc/ros/roscore.xml
[roslaunch][INFO] 2017-10-09 15:56:12,456: Added core node of type [rosout/rosout] in namespace [/]
[roslaunch.pmon][INFO] 2017-10-09 15:56:12,457: start_process_monitor: creating ProcessMonitor
[roslaunch.pmon][INFO] 2017-10-09 15:56:12,461: created process monitor <ProcessMonitor(ProcessMonitor-1, initial daemon)>
[roslaunch.pmon][INFO] 2017-10-09 15:56:12,471: start_process_monitor: ProcessMonitor started
[roslaunch.parent][INFO] 2017-10-09 15:56:12,475: starting parent XML-RPC server
[roslaunch.server][INFO] 2017-10-09 15:56:12,478: starting roslaunch XML-RPC server
[roslaunch.server][INFO] 2017-10-09 15:56:12,482: waiting for roslaunch XML-RPC server to initialize
[xmlrpc][INFO] 2017-10-09 15:56:12,482: XML-RPC server binding to 0.0.0.0:0
[xmlrpc][INFO] 2017-10-09 15:56:12,489: Started XML-RPC server [http://ip-172-31-19-100:40879/]
[xmlrpc][INFO] 2017-10-09 15:56:12,492: xml rpc node: starting XML-RPC server
[roslaunch][INFO] 2017-10-09 15:56:12,501: started roslaunch server http://ip-172-31-19-100:40879/
[roslaunch.parent][INFO] 2017-10-09 15:56:12,532: ... parent XML-RPC server started
[roslaunch][INFO] 2017-10-09 15:56:12,536: master.is_running[http://ip-172-31-19-100:44183/]
[roslaunch][INFO] 2017-10-09 15:56:12,541: auto-starting new master
[roslaunch][INFO] 2017-10-09 15:56:12,544: create_master_process: rosmaster, /opt/ros/indigo/share/ros, 44183, 3, None
[roslaunch][INFO] 2017-10-09 15:56:12,589: process[master]: launching with args [['rosmaster', '--core', '-p', '44183', '-w', '3']]
[roslaunch.pmon][INFO] 2017-10-09 15:56:12,593: ProcessMonitor.register[master]
[roslaunch.pmon][INFO] 2017-10-09 15:56:12,596: ProcessMonitor.register[master] complete
[roslaunch][INFO] 2017-10-09 15:56:12,599: process[master]: starting os process
[roslaunch][INFO] 2017-10-09 15:56:12,603: process[master]: start w/ args [['rosmaster', '--core', '-p', '44183', '-w', '3', '__log:=/home/ccc_v1_w_NDU1M_86698/asn17210_Project_2_/asn17211_Project_2/work/.ros/log/0bcfc466-ad45-11e7-a950-06f360e4abc1/master.log']]
[roslaunch][INFO] 2017-10-09 15:56:12,607: process[master]: cwd will be [/home/ccc_v1_w_NDU1M_86698/asn17210_Project_2_/asn17211_Project_2/work/.ros]
[roslaunch][INFO] 2017-10-09 15:56:12,623: process[master]: started with pid [9460]
[roslaunch][INFO] 2017-10-09 15:56:12,627: master.is_running[http://ip-172-31-19-100:44183/]
[roslaunch][INFO] 2017-10-09 15:56:12,737: master.is_running[http://ip-172-31-19-100:44183/]
[roslaunch][INFO] 2017-10-09 15:56:12,841: master.is_running[http://ip-172-31-19-100:44183/]
[roslaunch][INFO] 2017-10-09 15:56:12,847: master.is_running[http://ip-172-31-19-100:44183/]
[roslaunch][INFO] 2017-10-09 15:56:12,851: ROS_MASTER_URI=http://ip-172-31-19-100:44183/
[roslaunch][INFO] 2017-10-09 15:56:12,856: setting /run_id to 0bcfc466-ad45-11e7-a950-06f360e4abc1
[roslaunch][INFO] 2017-10-09 15:56:12,864: setting /roslaunch/uris/host_ip_172_31_19_100__40879' to http://ip-172-31-19-100:40879/
[roslaunch][INFO] 2017-10-09 15:56:12,873: ... preparing to launch node of type [rosout/rosout]
[roslaunch][INFO] 2017-10-09 15:56:12,876: create_node_process: package[rosout] type[rosout] machine[Machine(name[] env_loader[None] address[localhost] ssh_port[22] user[None] assignable[True] timeout[10.0])] master_uri[http://ip-172-31-19-100:44183/]
[roslaunch][INFO] 2017-10-09 15:56:12,880: process[rosout-1]: env[{'ROS_DISTRO': 'indigo', 'ASNLIB': '/home/ccc_v1_s80115__49396/asn17210_Project_2_/asn17211_Project_2/asnlib.0', 'LIB': '/home/ccc_v1_s80115__49396/lib', 'VOC_PROXY_TOKEN': '16490101712988129881172110159dbfe84d7e879.41631381', 'SSH_CLIENT': '172.31.43.31 46492 22', 'CPATH': '/opt/ros/indigo/include', 'LOGNAME': 'ccc_v1_w_NDU1M_86698', 'USER': 'ccc_v1_w_NDU1M_86698', 'ROS_NODE_PORT': '44183', 'HOME': '/home/ccc_v1_w_NDU1M_86698/asn17210_Project_2_/asn17211_Project_2/work', 'PATH': '/opt/ros/indigo/bin:/usr/local/sbin:/usr/local/bin:/usr/sbin:/usr/bin:/sbin:/bin:/usr/games:/usr/local/games:/home/local/bin:/home/ccc_v1_s80115__49396/lib:/home/ccc_v1_s80115__49396/asn17210_Project_2_/asn17211_Project_2/asnlib.0:/home/vlibs:.', 'CMAKE_PREFIX_PATH': '/opt/ros/indigo', 'ROS_LOG_FILENAME': '/home/ccc_v1_w_NDU1M_86698/asn17210_Project_2_/asn17211_Project_2/work/.ros/log/0bcfc466-ad45-11e7-a950-06f360e4abc1/roslaunch-ip-172-31-19-100-9444.log', 'LANG': 'en_US.UTF-8', 'TERM': 'xterm-256color', 'SHELL': '/bin/bash', 'HISTFILE': '/home/ccc_v1_w_NDU1M_86698/.bash_history', 'SHLVL': '2', 'VOC_WORKAREA': '/home/ccc_v1_w_NDU1M_86698/asn17210_Project_2_/asn17211_Project_2/work', 'LD_LIBRARY_PATH': '/opt/ros/indigo/lib:/opt/ros/indigo/lib/x86_64-linux-gnu:/home/ccc_v1_s80115__49396/lib:/home/ccc_v1_s80115__49396/asn17210_Project_2_/asn17211_Project_2/asnlib.0:/home/vlibs', 'PART1': '/home/ccc_v1_s80115__49396/asn17210_Project_2_/asn17211_Project_2', 'ROS_MASTER_URI': 'http://ip-172-31-19-100:44183/', 'XDG_RUNTIME_DIR': '/run/user/86698', 'PYTHONPATH': '/opt/ros/indigo/lib/python2.7/dist-packages:/home/vlibs/python', 'VOC_PROXY_WRAPPER_PORT': '5100', 'VOC_XFER_TOKEN': '765715532298812988117211059dbfe84d222c4.07995631', 'ROS_ROOT': '/opt/ros/indigo/share/ros', 'OLD_HOME': '/home/ccc_v1_w_NDU1M_86698', 'PKG_CONFIG_PATH': '/opt/ros/indigo/lib/pkgconfig:/opt/ros/indigo/lib/x86_64-linux-gnu/pkgconfig', 'ROS_PACKAGE_PATH': '/opt/ros/indigo/share:/opt/ros/indigo/stacks', 'XDG_SESSION_ID': '128009', '_': '/usr/bin/stdbuf', 'LD_PRELOAD': '/usr/lib/coreutils/libstdbuf.so', '_STDBUF_O': 'L', 'SSH_TTY': '/dev/pts/3', 'OLDPWD': '/home/ccc_v1_w_NDU1M_86698', 'ROSLISP_PACKAGE_DIRECTORIES': '', 'VLIB': '/home/vlibs', 'PWD': '/home/ccc_v1_w_NDU1M_86698/asn17210_Project_2_/asn17211_Project_2/work', 'VOC_PROXY_ID': '29881_29881_17211_0_1', 'ROS_ETC_DIR': '/opt/ros/indigo/etc/ros', 'MAIL': '/var/mail/ccc_v1_w_NDU1M_86698', 'SSH_CONNECTION': '172.31.43.31 46492 172.31.19.100 22'}]
[roslaunch][INFO] 2017-10-09 15:56:12,908: process[rosout-1]: args[[u'/opt/ros/indigo/lib/rosout/rosout', u'__name:=rosout']]
[roslaunch][INFO] 2017-10-09 15:56:12,912: ... created process [rosout-1]
[roslaunch.pmon][INFO] 2017-10-09 15:56:12,916: ProcessMonitor.register[rosout-1]
[roslaunch.pmon][INFO] 2017-10-09 15:56:12,920: ProcessMonitor.register[rosout-1] complete
[roslaunch][INFO] 2017-10-09 15:56:12,924: ... registered process [rosout-1]
[roslaunch][INFO] 2017-10-09 15:56:12,928: process[rosout-1]: starting os process
[roslaunch][INFO] 2017-10-09 15:56:12,939: process[rosout-1]: start w/ args [[u'/opt/ros/indigo/lib/rosout/rosout', u'__name:=rosout', u'__log:=/home/ccc_v1_w_NDU1M_86698/asn17210_Project_2_/asn17211_Project_2/work/.ros/log/0bcfc466-ad45-11e7-a950-06f360e4abc1/rosout-1.log']]
[roslaunch][INFO] 2017-10-09 15:56:12,942: process[rosout-1]: cwd will be [/home/ccc_v1_w_NDU1M_86698/asn17210_Project_2_/asn17211_Project_2/work/.ros]
[roslaunch][INFO] 2017-10-09 15:56:12,951: process[rosout-1]: started with pid [9476]
[roslaunch][INFO] 2017-10-09 15:56:12,952: ... successfully launched [rosout-1]
[roslaunch][INFO] 2017-10-09 15:56:12,956: load_parameters starting ...
[roslaunch][INFO] 2017-10-09 15:56:12,969: ... load_parameters complete
[roslaunch][INFO] 2017-10-09 15:56:12,974: launch_nodes: launching local nodes ...
[roslaunch][INFO] 2017-10-09 15:56:12,978: ... launch_nodes complete
[roslaunch.pmon][INFO] 2017-10-09 15:56:12,982: registrations completed <ProcessMonitor(ProcessMonitor-1, started daemon 140171786221312)>
[roslaunch.parent][INFO] 2017-10-09 15:56:12,986: ... roslaunch parent running, waiting for process exit
[roslaunch][INFO] 2017-10-09 15:56:12,989: spin
