ROSCORE: ... logging to /home/ccc_v1_w_NDU1M_86698/asn17210_Project_2_/asn17211_Project_2/work/.ros/log/76b3a6ca-adc3-11e7-aead-06f360e4abc1/roslaunch-ip-172-31-19-100-18850.log
ROSCORE: Checking log directory for disk usage. This may take awhile.
ROSCORE: Press Ctrl-C to interrupt
ROSCORE: Done checking log file disk usage. Usage is <1GB.
ROSCORE: ]2;roscore
ROSCORE: [1mstarted roslaunch server http://ip-172-31-19-100:50030/[0m
ROSCORE: ros_comm version 1.11.20
ROSCORE: 
ROSCORE: 
ROSCORE: SUMMARY
ROSCORE: ========
ROSCORE: 
ROSCORE: PARAMETERS
ROSCORE:  * /rosdistro: indigo
ROSCORE:  * /rosversion: 1.11.20
ROSCORE: 
ROSCORE: NODES
ROSCORE: 
ROSCORE: auto-starting new master
ROSCORE: [1mprocess[master]: started with pid [18866][0m
ROSCORE: [1mROS_MASTER_URI=http://ip-172-31-19-100:54626/[0m
ROSCORE: ]2;roscore http://ip-172-31-19-100:54626/
ROSCORE: [1msetting /run_id to 76b3a6ca-adc3-11e7-aead-06f360e4abc1[0m
ROSCORE: [1mprocess[rosout-1]: started with pid [18879][0m
ROSCORE: started core service [/rosout]
BR: Port for WebSocketServer: 52555
BR: Running cmd: roslaunch rosbridge_server rosbridge_websocket.launch port:=52555
BR: ... logging to /home/ccc_v1_w_NDU1M_86698/asn17210_Project_2_/asn17211_Project_2/work/.ros/log/76b3a6ca-adc3-11e7-aead-06f360e4abc1/roslaunch-ip-172-31-19-100-19013.log
BR: Checking log directory for disk usage. This may take awhile.
BR: Press Ctrl-C to interrupt
BR: Done checking log file disk usage. Usage is <1GB.
BR: ]2;/opt/ros/indigo/share/rosbridge_server/launch/rosbridge_websocket.launch
BR: [1mstarted roslaunch server http://ip-172-31-19-100:51962/[0m
BR: 
BR: SUMMARY
BR: ========
BR: 
BR: PARAMETERS
BR:  * /rosbridge_websocket/address: 
BR:  * /rosbridge_websocket/authenticate: False
BR:  * /rosbridge_websocket/delay_between_messages: 0
BR:  * /rosbridge_websocket/fragment_timeout: 600
BR:  * /rosbridge_websocket/max_message_size: None
BR:  * /rosbridge_websocket/port: 52555
BR:  * /rosbridge_websocket/retry_startup_delay: 5
BR:  * /rosdistro: indigo
BR:  * /rosversion: 1.11.20
BR: 
BR: NODES
BR:   /
BR:     rosapi (rosapi/rosapi_node)
BR:     rosbridge_websocket (rosbridge_server/rosbridge_websocket)
BR: 
BR: [1mROS_MASTER_URI=http://localhost:54626[0m
BR: ]2;/opt/ros/indigo/share/rosbridge_server/launch/rosbridge_websocket.launch http://localhost:54626
BR: core service [/rosout] found
BR: [1mprocess[rosbridge_websocket-1]: started with pid [19050][0m
BR: [1mprocess[rosapi-2]: started with pid [19051][0m
BR: registered capabilities (classes):
BR:  - rosbridge_library.capabilities.call_service.CallService
BR:  - rosbridge_library.capabilities.advertise.Advertise
BR:  - rosbridge_library.capabilities.publish.Publish
BR:  - rosbridge_library.capabilities.subscribe.Subscribe
BR:  - <class 'rosbridge_library.capabilities.defragmentation.Defragment'>
BR:  - rosbridge_library.capabilities.advertise_service.AdvertiseService
BR:  - rosbridge_library.capabilities.service_response.ServiceResponse
BR:  - rosbridge_library.capabilities.unadvertise_service.UnadvertiseService
BR: [INFO] [WallTime: 1507644071.221214] Rosbridge WebSocket server started on port 52555
BR: [INFO] [WallTime: 1507644089.552496] Client connected.  1 clients total.
BR: [INFO] [WallTime: 1507644089.916617] [Client 0] Subscribed to /tf2_web_republisher/feedback
BR: [INFO] [WallTime: 1507644089.927533] [Client 0] Subscribed to /visualization_marker
BR: [INFO] [WallTime: 1507646803.405190] Client disconnected. 0 clients total.
BR: [WARN] [WallTime: 1507646803.494271] Could not process inbound connection: [/rosbridge_websocket] is not a publisher of [/tf2_web_republisher/goal]. Topics are [['/rosout', 'rosgraph_msgs/Log']]{'topic': '/tf2_web_republisher/goal', 'tcp_nodelay': '0', 'md5sum': 'ef8da891ba3ba9b13d97bca8154eaeb5', 'type': 'tf2_web_republisher/TFSubscriptionActionGoal', 'callerid': '/tf2_web_republisher'}
