[rospy.client][INFO] 2017-10-09 15:06:37,713: init_node, name[/rosbridge_websocket], pid[643]
[xmlrpc][INFO] 2017-10-09 15:06:37,713: XML-RPC server binding to 0.0.0.0:0
[xmlrpc][INFO] 2017-10-09 15:06:37,717: Started XML-RPC server [http://ip-172-31-19-100:58516/]
[rospy.init][INFO] 2017-10-09 15:06:37,718: ROS Slave URI: [http://ip-172-31-19-100:58516/]
[rospy.impl.masterslave][INFO] 2017-10-09 15:06:37,721: _ready: http://ip-172-31-19-100:58516/
[xmlrpc][INFO] 2017-10-09 15:06:37,732: xml rpc node: starting XML-RPC server
[rospy.registration][INFO] 2017-10-09 15:06:37,733: Registering with master node http://localhost:40401
[rospy.init][INFO] 2017-10-09 15:06:37,827: registered with master
[rospy.rosout][INFO] 2017-10-09 15:06:37,831: initializing /rosout core topic
[rospy.rosout][INFO] 2017-10-09 15:06:37,844: connected to core topic /rosout
[rospy.simtime][INFO] 2017-10-09 15:06:37,848: /use_sim_time is not set, will not subscribe to simulated time [/clock] topic
[rosout][INFO] 2017-10-09 15:06:37,874: Rosbridge WebSocket server started on port 54694
[rospy.internal][INFO] 2017-10-09 15:06:38,082: topic[/rosout] adding connection to [/rosout], count 0
[rosout][INFO] 2017-10-09 15:06:44,509: Client connected.  1 clients total.
[rosout][INFO] 2017-10-09 15:06:44,930: [Client 0] Subscribed to /tf2_web_republisher/feedback
[rospy.internal][INFO] 2017-10-09 15:06:44,952: topic[/tf2_web_republisher/feedback] adding connection to [http://ip-172-31-19-100:60534/], count 0
[rosout][INFO] 2017-10-09 15:06:44,972: [Client 0] Subscribed to /visualization_marker
[rospy.internal][INFO] 2017-10-09 15:06:44,982: topic[/visualization_marker] adding connection to [http://ip-172-31-19-100:53702/], count 0
[rospy.internal][INFO] 2017-10-09 15:06:45,053: topic[/tf2_web_republisher/cancel] adding connection to [/tf2_web_republisher], count 0
[rospy.internal][INFO] 2017-10-09 15:06:45,058: topic[/tf2_web_republisher/goal] adding connection to [/tf2_web_republisher], count 0
[rospy.internal][INFO] 2017-10-09 15:11:32,989: topic impl's ref count is zero, deleting topic /tf2_web_republisher/cancel...
[rospy.internal][INFO] 2017-10-09 15:11:32,990: topic[/tf2_web_republisher/cancel] removing connection to /tf2_web_republisher
[rospy.internal][INFO] 2017-10-09 15:11:32,999: topic impl's ref count is zero, deleting topic /tf2_web_republisher/goal...
[rospy.internal][INFO] 2017-10-09 15:11:33,002: topic[/tf2_web_republisher/goal] removing connection to /tf2_web_republisher
[rospy.internal][INFO] 2017-10-09 15:11:33,011: topic impl's ref count is zero, deleting topic /tf2_web_republisher/feedback...
[rospy.internal][INFO] 2017-10-09 15:11:33,021: topic[/tf2_web_republisher/feedback] removing connection to http://ip-172-31-19-100:60534/
[rospy.internal][INFO] 2017-10-09 15:11:33,029: topic impl's ref count is zero, deleting topic /visualization_marker...
[rospy.internal][INFO] 2017-10-09 15:11:33,033: topic[/visualization_marker] removing connection to http://ip-172-31-19-100:53702/
[rosout][INFO] 2017-10-09 15:11:33,040: Client disconnected. 0 clients total.
