[roslaunch][INFO] 2017-10-09 15:06:34,605: Checking log directory for disk usage. This may take awhile.
Press Ctrl-C to interrupt
[roslaunch][INFO] 2017-10-09 15:06:34,741: Done checking log file disk usage. Usage is <1GB.
[roslaunch][INFO] 2017-10-09 15:06:34,741: roslaunch starting with args ['roscore', '--core', '-p', '40401']
[roslaunch][INFO] 2017-10-09 15:06:34,753: roslaunch env is {'ROS_DISTRO': 'indigo', 'ASNLIB': '/home/ccc_v1_s80115__49396/asn17210_Project_2_/asn17211_Project_2/asnlib.0', 'LIB': '/home/ccc_v1_s80115__49396/lib', 'PKG_CONFIG_PATH': '/opt/ros/indigo/lib/pkgconfig:/opt/ros/indigo/lib/x86_64-linux-gnu/pkgconfig', 'SSH_CLIENT': '172.31.43.31 35876 22', 'CPATH': '/opt/ros/indigo/include', 'LOGNAME': 'ccc_v1_w_NDU1M_86698', 'USER': 'ccc_v1_w_NDU1M_86698', 'ROS_NODE_PORT': '40401', 'HOME': '/home/ccc_v1_w_NDU1M_86698/asn17210_Project_2_/asn17211_Project_2/work', 'PATH': '/opt/ros/indigo/bin:/usr/local/sbin:/usr/local/bin:/usr/sbin:/usr/bin:/sbin:/bin:/usr/games:/usr/local/games:/home/local/bin:/home/ccc_v1_s80115__49396/lib:/home/ccc_v1_s80115__49396/asn17210_Project_2_/asn17211_Project_2/asnlib.0:/home/vlibs:.', 'CMAKE_PREFIX_PATH': '/opt/ros/indigo', 'LD_LIBRARY_PATH': '/opt/ros/indigo/lib:/opt/ros/indigo/lib/x86_64-linux-gnu:/home/ccc_v1_s80115__49396/lib:/home/ccc_v1_s80115__49396/asn17210_Project_2_/asn17211_Project_2/asnlib.0:/home/vlibs', 'LANG': 'en_US.UTF-8', 'TERM': 'xterm-256color', 'SHELL': '/bin/bash', 'HISTFILE': '/home/ccc_v1_w_NDU1M_86698/.bash_history', 'SHLVL': '2', 'VOC_WORKAREA': '/home/ccc_v1_w_NDU1M_86698/asn17210_Project_2_/asn17211_Project_2/work', 'ROS_LOG_FILENAME': '/home/ccc_v1_w_NDU1M_86698/asn17210_Project_2_/asn17211_Project_2/work/.ros/log/1d154a68-ad3e-11e7-88c8-06f360e4abc1/roslaunch-ip-172-31-19-100-458.log', 'PART1': '/home/ccc_v1_s80115__49396/asn17210_Project_2_/asn17211_Project_2', 'ROS_ETC_DIR': '/opt/ros/indigo/etc/ros', 'XDG_RUNTIME_DIR': '/run/user/86698', 'PYTHONPATH': '/opt/ros/indigo/lib/python2.7/dist-packages:/home/vlibs/python', 'VOC_PROXY_WRAPPER_PORT': '5100', 'VOC_XFER_TOKEN': '371400122298812988117211059dbf2e11ba3c0.71755274', 'ROS_ROOT': '/opt/ros/indigo/share/ros', 'OLD_HOME': '/home/ccc_v1_w_NDU1M_86698', 'VOC_PROXY_TOKEN': '18509824722988129881172110159dbf2e122f5d5.41090387', 'ROS_PACKAGE_PATH': '/opt/ros/indigo/share:/opt/ros/indigo/stacks', 'XDG_SESSION_ID': '127659', '_': '/usr/bin/stdbuf', 'LD_PRELOAD': '/usr/lib/coreutils/libstdbuf.so', '_STDBUF_O': 'L', 'SSH_TTY': '/dev/pts/0', 'OLDPWD': '/home/ccc_v1_w_NDU1M_86698', 'ROSLISP_PACKAGE_DIRECTORIES': '', 'VLIB': '/home/vlibs', 'PWD': '/home/ccc_v1_w_NDU1M_86698/asn17210_Project_2_/asn17211_Project_2/work', 'VOC_PROXY_ID': '29881_29881_17211_0_1', 'ROS_MASTER_URI': 'http://localhost:40401', 'MAIL': '/var/mail/ccc_v1_w_NDU1M_86698', 'SSH_CONNECTION': '172.31.43.31 35876 172.31.19.100 22'}
[roslaunch][INFO] 2017-10-09 15:06:34,756: starting in server mode
[roslaunch.parent][INFO] 2017-10-09 15:06:34,760: starting roslaunch parent run
[roslaunch][INFO] 2017-10-09 15:06:34,763: loading roscore config file /opt/ros/indigo/etc/ros/roscore.xml
[roslaunch][INFO] 2017-10-09 15:06:34,868: Added core node of type [rosout/rosout] in namespace [/]
[roslaunch.pmon][INFO] 2017-10-09 15:06:34,869: start_process_monitor: creating ProcessMonitor
[roslaunch.pmon][INFO] 2017-10-09 15:06:34,873: created process monitor <ProcessMonitor(ProcessMonitor-1, initial daemon)>
[roslaunch.pmon][INFO] 2017-10-09 15:06:34,877: start_process_monitor: ProcessMonitor started
[roslaunch.parent][INFO] 2017-10-09 15:06:34,880: starting parent XML-RPC server
[roslaunch.server][INFO] 2017-10-09 15:06:34,891: starting roslaunch XML-RPC server
[roslaunch.server][INFO] 2017-10-09 15:06:34,894: waiting for roslaunch XML-RPC server to initialize
[xmlrpc][INFO] 2017-10-09 15:06:34,894: XML-RPC server binding to 0.0.0.0:0
[xmlrpc][INFO] 2017-10-09 15:06:34,901: Started XML-RPC server [http://ip-172-31-19-100:45014/]
[xmlrpc][INFO] 2017-10-09 15:06:34,905: xml rpc node: starting XML-RPC server
[roslaunch][INFO] 2017-10-09 15:06:34,937: started roslaunch server http://ip-172-31-19-100:45014/
[roslaunch.parent][INFO] 2017-10-09 15:06:34,941: ... parent XML-RPC server started
[roslaunch][INFO] 2017-10-09 15:06:34,953: master.is_running[http://ip-172-31-19-100:40401/]
[roslaunch][INFO] 2017-10-09 15:06:34,971: auto-starting new master
[roslaunch][INFO] 2017-10-09 15:06:34,975: create_master_process: rosmaster, /opt/ros/indigo/share/ros, 40401, 3, None
[roslaunch][INFO] 2017-10-09 15:06:34,978: process[master]: launching with args [['rosmaster', '--core', '-p', '40401', '-w', '3']]
[roslaunch.pmon][INFO] 2017-10-09 15:06:34,982: ProcessMonitor.register[master]
[roslaunch.pmon][INFO] 2017-10-09 15:06:34,985: ProcessMonitor.register[master] complete
[roslaunch][INFO] 2017-10-09 15:06:34,988: process[master]: starting os process
[roslaunch][INFO] 2017-10-09 15:06:35,003: process[master]: start w/ args [['rosmaster', '--core', '-p', '40401', '-w', '3', '__log:=/home/ccc_v1_w_NDU1M_86698/asn17210_Project_2_/asn17211_Project_2/work/.ros/log/1d154a68-ad3e-11e7-88c8-06f360e4abc1/master.log']]
[roslaunch][INFO] 2017-10-09 15:06:35,014: process[master]: cwd will be [/home/ccc_v1_w_NDU1M_86698/asn17210_Project_2_/asn17211_Project_2/work/.ros]
[roslaunch][INFO] 2017-10-09 15:06:35,028: process[master]: started with pid [474]
[roslaunch][INFO] 2017-10-09 15:06:35,029: master.is_running[http://ip-172-31-19-100:40401/]
[roslaunch][INFO] 2017-10-09 15:06:35,133: master.is_running[http://ip-172-31-19-100:40401/]
[roslaunch][INFO] 2017-10-09 15:06:35,238: master.is_running[http://ip-172-31-19-100:40401/]
[roslaunch][INFO] 2017-10-09 15:06:35,248: master.is_running[http://ip-172-31-19-100:40401/]
[roslaunch][INFO] 2017-10-09 15:06:35,254: ROS_MASTER_URI=http://ip-172-31-19-100:40401/
[roslaunch][INFO] 2017-10-09 15:06:35,261: setting /run_id to 1d154a68-ad3e-11e7-88c8-06f360e4abc1
[roslaunch][INFO] 2017-10-09 15:06:35,273: setting /roslaunch/uris/host_ip_172_31_19_100__45014' to http://ip-172-31-19-100:45014/
[roslaunch][INFO] 2017-10-09 15:06:35,295: ... preparing to launch node of type [rosout/rosout]
[roslaunch][INFO] 2017-10-09 15:06:35,298: create_node_process: package[rosout] type[rosout] machine[Machine(name[] env_loader[None] address[localhost] ssh_port[22] user[None] assignable[True] timeout[10.0])] master_uri[http://ip-172-31-19-100:40401/]
[roslaunch][INFO] 2017-10-09 15:06:35,304: process[rosout-1]: env[{'ROS_DISTRO': 'indigo', 'ASNLIB': '/home/ccc_v1_s80115__49396/asn17210_Project_2_/asn17211_Project_2/asnlib.0', 'LIB': '/home/ccc_v1_s80115__49396/lib', 'VOC_PROXY_TOKEN': '18509824722988129881172110159dbf2e122f5d5.41090387', 'SSH_CLIENT': '172.31.43.31 35876 22', 'CPATH': '/opt/ros/indigo/include', 'LOGNAME': 'ccc_v1_w_NDU1M_86698', 'USER': 'ccc_v1_w_NDU1M_86698', 'ROS_NODE_PORT': '40401', 'HOME': '/home/ccc_v1_w_NDU1M_86698/asn17210_Project_2_/asn17211_Project_2/work', 'PATH': '/opt/ros/indigo/bin:/usr/local/sbin:/usr/local/bin:/usr/sbin:/usr/bin:/sbin:/bin:/usr/games:/usr/local/games:/home/local/bin:/home/ccc_v1_s80115__49396/lib:/home/ccc_v1_s80115__49396/asn17210_Project_2_/asn17211_Project_2/asnlib.0:/home/vlibs:.', 'CMAKE_PREFIX_PATH': '/opt/ros/indigo', 'ROS_LOG_FILENAME': '/home/ccc_v1_w_NDU1M_86698/asn17210_Project_2_/asn17211_Project_2/work/.ros/log/1d154a68-ad3e-11e7-88c8-06f360e4abc1/roslaunch-ip-172-31-19-100-458.log', 'LANG': 'en_US.UTF-8', 'TERM': 'xterm-256color', 'SHELL': '/bin/bash', 'HISTFILE': '/home/ccc_v1_w_NDU1M_86698/.bash_history', 'SHLVL': '2', 'VOC_WORKAREA': '/home/ccc_v1_w_NDU1M_86698/asn17210_Project_2_/asn17211_Project_2/work', 'LD_LIBRARY_PATH': '/opt/ros/indigo/lib:/opt/ros/indigo/lib/x86_64-linux-gnu:/home/ccc_v1_s80115__49396/lib:/home/ccc_v1_s80115__49396/asn17210_Project_2_/asn17211_Project_2/asnlib.0:/home/vlibs', 'PART1': '/home/ccc_v1_s80115__49396/asn17210_Project_2_/asn17211_Project_2', 'ROS_MASTER_URI': 'http://ip-172-31-19-100:40401/', 'XDG_RUNTIME_DIR': '/run/user/86698', 'PYTHONPATH': '/opt/ros/indigo/lib/python2.7/dist-packages:/home/vlibs/python', 'VOC_PROXY_WRAPPER_PORT': '5100', 'VOC_XFER_TOKEN': '371400122298812988117211059dbf2e11ba3c0.71755274', 'ROS_ROOT': '/opt/ros/indigo/share/ros', 'OLD_HOME': '/home/ccc_v1_w_NDU1M_86698', 'PKG_CONFIG_PATH': '/opt/ros/indigo/lib/pkgconfig:/opt/ros/indigo/lib/x86_64-linux-gnu/pkgconfig', 'ROS_PACKAGE_PATH': '/opt/ros/indigo/share:/opt/ros/indigo/stacks', 'XDG_SESSION_ID': '127659', '_': '/usr/bin/stdbuf', 'LD_PRELOAD': '/usr/lib/coreutils/libstdbuf.so', '_STDBUF_O': 'L', 'SSH_TTY': '/dev/pts/0', 'OLDPWD': '/home/ccc_v1_w_NDU1M_86698', 'ROSLISP_PACKAGE_DIRECTORIES': '', 'VLIB': '/home/vlibs', 'PWD': '/home/ccc_v1_w_NDU1M_86698/asn17210_Project_2_/asn17211_Project_2/work', 'VOC_PROXY_ID': '29881_29881_17211_0_1', 'ROS_ETC_DIR': '/opt/ros/indigo/etc/ros', 'MAIL': '/var/mail/ccc_v1_w_NDU1M_86698', 'SSH_CONNECTION': '172.31.43.31 35876 172.31.19.100 22'}]
[roslaunch][INFO] 2017-10-09 15:06:35,333: process[rosout-1]: args[[u'/opt/ros/indigo/lib/rosout/rosout', u'__name:=rosout']]
[roslaunch][INFO] 2017-10-09 15:06:35,344: ... created process [rosout-1]
[roslaunch.pmon][INFO] 2017-10-09 15:06:35,347: ProcessMonitor.register[rosout-1]
[roslaunch.pmon][INFO] 2017-10-09 15:06:35,351: ProcessMonitor.register[rosout-1] complete
[roslaunch][INFO] 2017-10-09 15:06:35,355: ... registered process [rosout-1]
[roslaunch][INFO] 2017-10-09 15:06:35,359: process[rosout-1]: starting os process
[roslaunch][INFO] 2017-10-09 15:06:35,364: process[rosout-1]: start w/ args [[u'/opt/ros/indigo/lib/rosout/rosout', u'__name:=rosout', u'__log:=/home/ccc_v1_w_NDU1M_86698/asn17210_Project_2_/asn17211_Project_2/work/.ros/log/1d154a68-ad3e-11e7-88c8-06f360e4abc1/rosout-1.log']]
[roslaunch][INFO] 2017-10-09 15:06:35,370: process[rosout-1]: cwd will be [/home/ccc_v1_w_NDU1M_86698/asn17210_Project_2_/asn17211_Project_2/work/.ros]
[roslaunch][INFO] 2017-10-09 15:06:35,379: process[rosout-1]: started with pid [487]
[roslaunch][INFO] 2017-10-09 15:06:35,380: ... successfully launched [rosout-1]
[roslaunch][INFO] 2017-10-09 15:06:35,385: load_parameters starting ...
[roslaunch][INFO] 2017-10-09 15:06:35,455: ... load_parameters complete
[roslaunch][INFO] 2017-10-09 15:06:35,460: launch_nodes: launching local nodes ...
[roslaunch][INFO] 2017-10-09 15:06:35,463: ... launch_nodes complete
[roslaunch.pmon][INFO] 2017-10-09 15:06:35,467: registrations completed <ProcessMonitor(ProcessMonitor-1, started daemon 140543896905472)>
[roslaunch.parent][INFO] 2017-10-09 15:06:35,471: ... roslaunch parent running, waiting for process exit
[roslaunch][INFO] 2017-10-09 15:06:35,475: spin
